[ 2018-02-02T09:57:49+08:00 ] 127.0.0.1 /Home/MyClass/addHomework/class_id/1.html
SQL: SHOW COLUMNS FROM `user` [ RunTime:0.0139s ]
SQL: SELECT * FROM `user` WHERE `id` = 1 LIMIT 1   [ RunTime:0.0010s ]
SQL: SHOW COLUMNS FROM `classes` [ RunTime:0.0007s ]
SQL: SELECT * FROM `classes` WHERE ( class_id = 1 ) LIMIT 1   [ RunTime:0.0010s ]
SQL: SHOW COLUMNS FROM `classstudentlist` [ RunTime:0.0009s ]
SQL: SELECT * FROM `classstudentlist` WHERE ( class_id = 1 and user_id = 1 ) LIMIT 1   [ RunTime:0.0005s ]
SQL: SHOW COLUMNS FROM `classstudentlist` [ RunTime:0.0006s ]
SQL: SELECT * FROM `classstudentlist` WHERE ( class_id = 1 )  [ RunTime:0.0003s ]
SQL: SHOW COLUMNS FROM `user` [ RunTime:0.0004s ]
SQL: SELECT * FROM `user` WHERE ( id = 2 ) LIMIT 1   [ RunTime:0.0002s ]
NOTIC: [8] Undefined variable: tenm /Library/WebServer/Documents/Study/Application/Home/Model/ClassstudentlistModel.class.php 第 24 行.
SQL: SHOW COLUMNS FROM `user_funds` [ RunTime:0.0003s ]
SQL: SELECT * FROM `user_funds` WHERE ( user_id = 2 ) LIMIT 1   [ RunTime:0.0002s ]
SQL: SELECT * FROM `user` WHERE ( id = 1 ) LIMIT 1   [ RunTime:0.0002s ]
NOTIC: [8] Undefined variable: tenm /Library/WebServer/Documents/Study/Application/Home/Model/ClassstudentlistModel.class.php 第 24 行.
SQL: SELECT * FROM `user_funds` WHERE ( user_id = 1 ) LIMIT 1   [ RunTime:0.0001s ]
SQL: SELECT * FROM `user` WHERE ( id = 3 ) LIMIT 1   [ RunTime:0.0001s ]
NOTIC: [8] Undefined variable: tenm /Library/WebServer/Documents/Study/Application/Home/Model/ClassstudentlistModel.class.php 第 24 行.
SQL: SELECT * FROM `user_funds` WHERE ( user_id = 3 ) LIMIT 1   [ RunTime:0.0001s ]
SQL: SHOW COLUMNS FROM `book` [ RunTime:0.0004s ]
SQL: SELECT * FROM `book`  [ RunTime:0.0004s ]

[ 2018-02-02T09:57:49+08:00 ] 127.0.0.1 /Home/MyClass/getTextBooks.html
SQL: SHOW COLUMNS FROM `user` [ RunTime:0.0006s ]
SQL: SELECT * FROM `user` WHERE `id` = 1 LIMIT 1   [ RunTime:0.0005s ]
SQL: SHOW COLUMNS FROM `book_res` [ RunTime:0.0009s ]
SQL: SELECT * FROM `book_res` WHERE ( book_id = 4 )  [ RunTime:0.0007s ]

[ 2018-02-02T10:01:04+08:00 ] 127.0.0.1 /Home/MyClass/addHomework/class_id/1.html
SQL: SHOW COLUMNS FROM `user` [ RunTime:0.0006s ]
SQL: SELECT * FROM `user` WHERE `id` = 1 LIMIT 1   [ RunTime:0.0003s ]
SQL: SHOW COLUMNS FROM `classes` [ RunTime:0.0004s ]
SQL: SELECT * FROM `classes` WHERE ( class_id = 1 ) LIMIT 1   [ RunTime:0.0002s ]
SQL: SHOW COLUMNS FROM `classstudentlist` [ RunTime:0.0003s ]
SQL: SELECT * FROM `classstudentlist` WHERE ( class_id = 1 and user_id = 1 ) LIMIT 1   [ RunTime:0.0002s ]
SQL: SHOW COLUMNS FROM `classstudentlist` [ RunTime:0.0004s ]
SQL: SELECT * FROM `classstudentlist` WHERE ( class_id = 1 )  [ RunTime:0.0002s ]
SQL: SHOW COLUMNS FROM `user` [ RunTime:0.0003s ]
SQL: SELECT * FROM `user` WHERE ( id = 2 ) LIMIT 1   [ RunTime:0.0002s ]
NOTIC: [8] Undefined variable: tenm /Library/WebServer/Documents/Study/Application/Home/Model/ClassstudentlistModel.class.php 第 24 行.
SQL: SHOW COLUMNS FROM `user_funds` [ RunTime:0.0003s ]
SQL: SELECT * FROM `user_funds` WHERE ( user_id = 2 ) LIMIT 1   [ RunTime:0.0002s ]
SQL: SELECT * FROM `user` WHERE ( id = 1 ) LIMIT 1   [ RunTime:0.0002s ]
NOTIC: [8] Undefined variable: tenm /Library/WebServer/Documents/Study/Application/Home/Model/ClassstudentlistModel.class.php 第 24 行.
SQL: SELECT * FROM `user_funds` WHERE ( user_id = 1 ) LIMIT 1   [ RunTime:0.0001s ]
SQL: SELECT * FROM `user` WHERE ( id = 3 ) LIMIT 1   [ RunTime:0.0001s ]
NOTIC: [8] Undefined variable: tenm /Library/WebServer/Documents/Study/Application/Home/Model/ClassstudentlistModel.class.php 第 24 行.
SQL: SELECT * FROM `user_funds` WHERE ( user_id = 3 ) LIMIT 1   [ RunTime:0.0001s ]
SQL: SHOW COLUMNS FROM `book` [ RunTime:0.0003s ]
SQL: SELECT * FROM `book`  [ RunTime:0.0001s ]

[ 2018-02-02T10:01:04+08:00 ] 127.0.0.1 /Home/MyClass/getTextBooks.html
SQL: SHOW COLUMNS FROM `user` [ RunTime:0.0005s ]
SQL: SELECT * FROM `user` WHERE `id` = 1 LIMIT 1   [ RunTime:0.0003s ]
SQL: SHOW COLUMNS FROM `book_res` [ RunTime:0.0008s ]
SQL: SELECT * FROM `book_res` WHERE ( book_id = 4 )  [ RunTime:0.0004s ]

[ 2018-02-02T10:04:14+08:00 ] 127.0.0.1 /Home/MyClass/addHomework/class_id/1.html
SQL: SHOW COLUMNS FROM `user` [ RunTime:0.0010s ]
SQL: SELECT * FROM `user` WHERE `id` = 1 LIMIT 1   [ RunTime:0.0004s ]
SQL: SHOW COLUMNS FROM `classes` [ RunTime:0.0004s ]
SQL: SELECT * FROM `classes` WHERE ( class_id = 1 ) LIMIT 1   [ RunTime:0.0002s ]
SQL: SHOW COLUMNS FROM `classstudentlist` [ RunTime:0.0003s ]
SQL: SELECT * FROM `classstudentlist` WHERE ( class_id = 1 and user_id = 1 ) LIMIT 1   [ RunTime:0.0002s ]
SQL: SHOW COLUMNS FROM `classstudentlist` [ RunTime:0.0003s ]
SQL: SELECT * FROM `classstudentlist` WHERE ( class_id = 1 )  [ RunTime:0.0002s ]
SQL: SHOW COLUMNS FROM `user` [ RunTime:0.0003s ]
SQL: SELECT * FROM `user` WHERE ( id = 2 ) LIMIT 1   [ RunTime:0.0002s ]
NOTIC: [8] Undefined variable: tenm /Library/WebServer/Documents/Study/Application/Home/Model/ClassstudentlistModel.class.php 第 24 行.
SQL: SHOW COLUMNS FROM `user_funds` [ RunTime:0.0003s ]
SQL: SELECT * FROM `user_funds` WHERE ( user_id = 2 ) LIMIT 1   [ RunTime:0.0002s ]
SQL: SELECT * FROM `user` WHERE ( id = 1 ) LIMIT 1   [ RunTime:0.0001s ]
NOTIC: [8] Undefined variable: tenm /Library/WebServer/Documents/Study/Application/Home/Model/ClassstudentlistModel.class.php 第 24 行.
SQL: SELECT * FROM `user_funds` WHERE ( user_id = 1 ) LIMIT 1   [ RunTime:0.0001s ]
SQL: SELECT * FROM `user` WHERE ( id = 3 ) LIMIT 1   [ RunTime:0.0001s ]
NOTIC: [8] Undefined variable: tenm /Library/WebServer/Documents/Study/Application/Home/Model/ClassstudentlistModel.class.php 第 24 行.
SQL: SELECT * FROM `user_funds` WHERE ( user_id = 3 ) LIMIT 1   [ RunTime:0.0001s ]
SQL: SHOW COLUMNS FROM `book` [ RunTime:0.0004s ]
SQL: SELECT * FROM `book`  [ RunTime:0.0002s ]

[ 2018-02-02T10:04:15+08:00 ] 127.0.0.1 /Home/MyClass/getTextBooks.html
SQL: SHOW COLUMNS FROM `user` [ RunTime:0.0050s ]
SQL: SELECT * FROM `user` WHERE `id` = 1 LIMIT 1   [ RunTime:0.0004s ]
SQL: SHOW COLUMNS FROM `book_res` [ RunTime:0.0006s ]
SQL: SELECT * FROM `book_res` WHERE ( book_id = 4 )  [ RunTime:0.0004s ]

[ 2018-02-02T10:05:14+08:00 ] 127.0.0.1 /Home/MyClass/addHomework/class_id/1.html
SQL: SHOW COLUMNS FROM `user` [ RunTime:0.0005s ]
SQL: SELECT * FROM `user` WHERE `id` = 1 LIMIT 1   [ RunTime:0.0002s ]
SQL: SHOW COLUMNS FROM `classes` [ RunTime:0.0004s ]
SQL: SELECT * FROM `classes` WHERE ( class_id = 1 ) LIMIT 1   [ RunTime:0.0002s ]
SQL: SHOW COLUMNS FROM `classstudentlist` [ RunTime:0.0005s ]
SQL: SELECT * FROM `classstudentlist` WHERE ( class_id = 1 and user_id = 1 ) LIMIT 1   [ RunTime:0.0002s ]
SQL: SHOW COLUMNS FROM `classstudentlist` [ RunTime:0.0003s ]
SQL: SELECT * FROM `classstudentlist` WHERE ( class_id = 1 )  [ RunTime:0.0002s ]
SQL: SHOW COLUMNS FROM `user` [ RunTime:0.0005s ]
SQL: SELECT * FROM `user` WHERE ( id = 2 ) LIMIT 1   [ RunTime:0.0002s ]
NOTIC: [8] Undefined variable: tenm /Library/WebServer/Documents/Study/Application/Home/Model/ClassstudentlistModel.class.php 第 24 行.
SQL: SHOW COLUMNS FROM `user_funds` [ RunTime:0.0003s ]
SQL: SELECT * FROM `user_funds` WHERE ( user_id = 2 ) LIMIT 1   [ RunTime:0.0002s ]
SQL: SELECT * FROM `user` WHERE ( id = 1 ) LIMIT 1   [ RunTime:0.0002s ]
NOTIC: [8] Undefined variable: tenm /Library/WebServer/Documents/Study/Application/Home/Model/ClassstudentlistModel.class.php 第 24 行.
SQL: SELECT * FROM `user_funds` WHERE ( user_id = 1 ) LIMIT 1   [ RunTime:0.0001s ]
SQL: SELECT * FROM `user` WHERE ( id = 3 ) LIMIT 1   [ RunTime:0.0002s ]
NOTIC: [8] Undefined variable: tenm /Library/WebServer/Documents/Study/Application/Home/Model/ClassstudentlistModel.class.php 第 24 行.
SQL: SELECT * FROM `user_funds` WHERE ( user_id = 3 ) LIMIT 1   [ RunTime:0.0001s ]
SQL: SHOW COLUMNS FROM `book` [ RunTime:0.0004s ]
SQL: SELECT * FROM `book`  [ RunTime:0.0002s ]

[ 2018-02-02T10:05:14+08:00 ] 127.0.0.1 /Home/MyClass/getTextBooks.html
SQL: SHOW COLUMNS FROM `user` [ RunTime:0.0010s ]
SQL: SELECT * FROM `user` WHERE `id` = 1 LIMIT 1   [ RunTime:0.0004s ]
SQL: SHOW COLUMNS FROM `book_res` [ RunTime:0.0007s ]
SQL: SELECT * FROM `book_res` WHERE ( book_id = 4 )  [ RunTime:0.0004s ]

[ 2018-02-02T10:05:37+08:00 ] 127.0.0.1 /Home/MyClass/addHomework/class_id/1.html
SQL: SHOW COLUMNS FROM `user` [ RunTime:0.0005s ]
SQL: SELECT * FROM `user` WHERE `id` = 1 LIMIT 1   [ RunTime:0.0003s ]
SQL: SHOW COLUMNS FROM `classes` [ RunTime:0.0004s ]
SQL: SELECT * FROM `classes` WHERE ( class_id = 1 ) LIMIT 1   [ RunTime:0.0002s ]
SQL: SHOW COLUMNS FROM `classstudentlist` [ RunTime:0.0003s ]
SQL: SELECT * FROM `classstudentlist` WHERE ( class_id = 1 and user_id = 1 ) LIMIT 1   [ RunTime:0.0002s ]
SQL: SHOW COLUMNS FROM `classstudentlist` [ RunTime:0.0003s ]
SQL: SELECT * FROM `classstudentlist` WHERE ( class_id = 1 )  [ RunTime:0.0002s ]
SQL: SHOW COLUMNS FROM `user` [ RunTime:0.0004s ]
SQL: SELECT * FROM `user` WHERE ( id = 2 ) LIMIT 1   [ RunTime:0.0002s ]
NOTIC: [8] Undefined variable: tenm /Library/WebServer/Documents/Study/Application/Home/Model/ClassstudentlistModel.class.php 第 24 行.
SQL: SHOW COLUMNS FROM `user_funds` [ RunTime:0.0004s ]
SQL: SELECT * FROM `user_funds` WHERE ( user_id = 2 ) LIMIT 1   [ RunTime:0.0002s ]
SQL: SELECT * FROM `user` WHERE ( id = 1 ) LIMIT 1   [ RunTime:0.0002s ]
NOTIC: [8] Undefined variable: tenm /Library/WebServer/Documents/Study/Application/Home/Model/ClassstudentlistModel.class.php 第 24 行.
SQL: SELECT * FROM `user_funds` WHERE ( user_id = 1 ) LIMIT 1   [ RunTime:0.0001s ]
SQL: SELECT * FROM `user` WHERE ( id = 3 ) LIMIT 1   [ RunTime:0.0001s ]
NOTIC: [8] Undefined variable: tenm /Library/WebServer/Documents/Study/Application/Home/Model/ClassstudentlistModel.class.php 第 24 行.
SQL: SELECT * FROM `user_funds` WHERE ( user_id = 3 ) LIMIT 1   [ RunTime:0.0001s ]
SQL: SHOW COLUMNS FROM `book` [ RunTime:0.0005s ]
SQL: SELECT * FROM `book`  [ RunTime:0.0002s ]

[ 2018-02-02T10:05:37+08:00 ] 127.0.0.1 /Home/MyClass/getTextBooks.html
SQL: SHOW COLUMNS FROM `user` [ RunTime:0.0005s ]
SQL: SELECT * FROM `user` WHERE `id` = 1 LIMIT 1   [ RunTime:0.0003s ]
SQL: SHOW COLUMNS FROM `book_res` [ RunTime:0.0004s ]
SQL: SELECT * FROM `book_res` WHERE ( book_id = 4 )  [ RunTime:0.0002s ]

[ 2018-02-02T10:05:53+08:00 ] 127.0.0.1 /Home/MyClass/addHomework/class_id/1.html
SQL: SHOW COLUMNS FROM `user` [ RunTime:0.0005s ]
SQL: SELECT * FROM `user` WHERE `id` = 1 LIMIT 1   [ RunTime:0.0003s ]
SQL: SHOW COLUMNS FROM `classes` [ RunTime:0.0004s ]
SQL: SELECT * FROM `classes` WHERE ( class_id = 1 ) LIMIT 1   [ RunTime:0.0002s ]
SQL: SHOW COLUMNS FROM `classstudentlist` [ RunTime:0.0003s ]
SQL: SELECT * FROM `classstudentlist` WHERE ( class_id = 1 and user_id = 1 ) LIMIT 1   [ RunTime:0.0002s ]
SQL: SHOW COLUMNS FROM `classstudentlist` [ RunTime:0.0003s ]
SQL: SELECT * FROM `classstudentlist` WHERE ( class_id = 1 )  [ RunTime:0.0002s ]
SQL: SHOW COLUMNS FROM `user` [ RunTime:0.0004s ]
SQL: SELECT * FROM `user` WHERE ( id = 2 ) LIMIT 1   [ RunTime:0.0002s ]
NOTIC: [8] Undefined variable: tenm /Library/WebServer/Documents/Study/Application/Home/Model/ClassstudentlistModel.class.php 第 24 行.
SQL: SHOW COLUMNS FROM `user_funds` [ RunTime:0.0003s ]
SQL: SELECT * FROM `user_funds` WHERE ( user_id = 2 ) LIMIT 1   [ RunTime:0.0002s ]
SQL: SELECT * FROM `user` WHERE ( id = 1 ) LIMIT 1   [ RunTime:0.0002s ]
NOTIC: [8] Undefined variable: tenm /Library/WebServer/Documents/Study/Application/Home/Model/ClassstudentlistModel.class.php 第 24 行.
SQL: SELECT * FROM `user_funds` WHERE ( user_id = 1 ) LIMIT 1   [ RunTime:0.0001s ]
SQL: SELECT * FROM `user` WHERE ( id = 3 ) LIMIT 1   [ RunTime:0.0002s ]
NOTIC: [8] Undefined variable: tenm /Library/WebServer/Documents/Study/Application/Home/Model/ClassstudentlistModel.class.php 第 24 行.
SQL: SELECT * FROM `user_funds` WHERE ( user_id = 3 ) LIMIT 1   [ RunTime:0.0001s ]
SQL: SHOW COLUMNS FROM `book` [ RunTime:0.0004s ]
SQL: SELECT * FROM `book`  [ RunTime:0.0002s ]

[ 2018-02-02T10:05:54+08:00 ] 127.0.0.1 /Home/MyClass/getTextBooks.html
SQL: SHOW COLUMNS FROM `user` [ RunTime:0.0022s ]
SQL: SELECT * FROM `user` WHERE `id` = 1 LIMIT 1   [ RunTime:0.0005s ]
SQL: SHOW COLUMNS FROM `book_res` [ RunTime:0.0008s ]
SQL: SELECT * FROM `book_res` WHERE ( book_id = 4 )  [ RunTime:0.0005s ]

[ 2018-02-02T10:08:19+08:00 ] 127.0.0.1 /Home/MyClass/addHomework/class_id/1.html
SQL: SHOW COLUMNS FROM `user` [ RunTime:0.0005s ]
SQL: SELECT * FROM `user` WHERE `id` = 1 LIMIT 1   [ RunTime:0.0002s ]
SQL: SHOW COLUMNS FROM `classes` [ RunTime:0.0004s ]
SQL: SELECT * FROM `classes` WHERE ( class_id = 1 ) LIMIT 1   [ RunTime:0.0002s ]
SQL: SHOW COLUMNS FROM `classstudentlist` [ RunTime:0.0003s ]
SQL: SELECT * FROM `classstudentlist` WHERE ( class_id = 1 and user_id = 1 ) LIMIT 1   [ RunTime:0.0002s ]
SQL: SHOW COLUMNS FROM `classstudentlist` [ RunTime:0.0003s ]
SQL: SELECT * FROM `classstudentlist` WHERE ( class_id = 1 )  [ RunTime:0.0002s ]
SQL: SHOW COLUMNS FROM `user` [ RunTime:0.0003s ]
SQL: SELECT * FROM `user` WHERE ( id = 2 ) LIMIT 1   [ RunTime:0.0006s ]
NOTIC: [8] Undefined variable: tenm /Library/WebServer/Documents/Study/Application/Home/Model/ClassstudentlistModel.class.php 第 24 行.
SQL: SHOW COLUMNS FROM `user_funds` [ RunTime:0.0007s ]
SQL: SELECT * FROM `user_funds` WHERE ( user_id = 2 ) LIMIT 1   [ RunTime:0.0003s ]
SQL: SELECT * FROM `user` WHERE ( id = 1 ) LIMIT 1   [ RunTime:0.0002s ]
NOTIC: [8] Undefined variable: tenm /Library/WebServer/Documents/Study/Application/Home/Model/ClassstudentlistModel.class.php 第 24 行.
SQL: SELECT * FROM `user_funds` WHERE ( user_id = 1 ) LIMIT 1   [ RunTime:0.0007s ]
SQL: SELECT * FROM `user` WHERE ( id = 3 ) LIMIT 1   [ RunTime:0.0004s ]
NOTIC: [8] Undefined variable: tenm /Library/WebServer/Documents/Study/Application/Home/Model/ClassstudentlistModel.class.php 第 24 行.
SQL: SELECT * FROM `user_funds` WHERE ( user_id = 3 ) LIMIT 1   [ RunTime:0.0002s ]
SQL: SHOW COLUMNS FROM `book` [ RunTime:0.0004s ]
SQL: SELECT * FROM `book`  [ RunTime:0.0002s ]

[ 2018-02-02T10:08:19+08:00 ] 127.0.0.1 /Home/MyClass/getTextBooks.html
SQL: SHOW COLUMNS FROM `user` [ RunTime:0.0008s ]
SQL: SELECT * FROM `user` WHERE `id` = 1 LIMIT 1   [ RunTime:0.0003s ]
SQL: SHOW COLUMNS FROM `book_res` [ RunTime:0.0005s ]
SQL: SELECT * FROM `book_res` WHERE ( book_id = 4 )  [ RunTime:0.0003s ]

[ 2018-02-02T10:31:59+08:00 ] 127.0.0.1 /Home/MyClass/addHomework/class_id/1.html
SQL: SHOW COLUMNS FROM `user` [ RunTime:0.0009s ]
SQL: SELECT * FROM `user` WHERE `id` = 1 LIMIT 1   [ RunTime:0.0003s ]
SQL: SHOW COLUMNS FROM `classes` [ RunTime:0.0004s ]
SQL: SELECT * FROM `classes` WHERE ( class_id = 1 ) LIMIT 1   [ RunTime:0.0002s ]
SQL: SHOW COLUMNS FROM `classstudentlist` [ RunTime:0.0003s ]
SQL: SELECT * FROM `classstudentlist` WHERE ( class_id = 1 and user_id = 1 ) LIMIT 1   [ RunTime:0.0002s ]
SQL: SHOW COLUMNS FROM `classstudentlist` [ RunTime:0.0003s ]
SQL: SELECT * FROM `classstudentlist` WHERE ( class_id = 1 )  [ RunTime:0.0002s ]
SQL: SHOW COLUMNS FROM `user` [ RunTime:0.0004s ]
SQL: SELECT * FROM `user` WHERE ( id = 2 ) LIMIT 1   [ RunTime:0.0002s ]
NOTIC: [8] Undefined variable: tenm /Library/WebServer/Documents/Study/Application/Home/Model/ClassstudentlistModel.class.php 第 24 行.
SQL: SHOW COLUMNS FROM `user_funds` [ RunTime:0.0003s ]
SQL: SELECT * FROM `user_funds` WHERE ( user_id = 2 ) LIMIT 1   [ RunTime:0.0002s ]
SQL: SELECT * FROM `user` WHERE ( id = 1 ) LIMIT 1   [ RunTime:0.0001s ]
NOTIC: [8] Undefined variable: tenm /Library/WebServer/Documents/Study/Application/Home/Model/ClassstudentlistModel.class.php 第 24 行.
SQL: SELECT * FROM `user_funds` WHERE ( user_id = 1 ) LIMIT 1   [ RunTime:0.0001s ]
SQL: SELECT * FROM `user` WHERE ( id = 3 ) LIMIT 1   [ RunTime:0.0001s ]
NOTIC: [8] Undefined variable: tenm /Library/WebServer/Documents/Study/Application/Home/Model/ClassstudentlistModel.class.php 第 24 行.
SQL: SELECT * FROM `user_funds` WHERE ( user_id = 3 ) LIMIT 1   [ RunTime:0.0001s ]
SQL: SHOW COLUMNS FROM `book` [ RunTime:0.0003s ]
SQL: SELECT * FROM `book`  [ RunTime:0.0002s ]

[ 2018-02-02T10:31:59+08:00 ] 127.0.0.1 /Home/MyClass/getTextBooks.html
SQL: SHOW COLUMNS FROM `user` [ RunTime:0.0005s ]
SQL: SELECT * FROM `user` WHERE `id` = 1 LIMIT 1   [ RunTime:0.0003s ]
SQL: SHOW COLUMNS FROM `book_res` [ RunTime:0.0006s ]
SQL: SELECT * FROM `book_res` WHERE ( book_id = 4 )  [ RunTime:0.0004s ]

[ 2018-02-02T10:38:23+08:00 ] 127.0.0.1 /Home/MyClass/addHomework/class_id/1.html
SQL: SHOW COLUMNS FROM `user` [ RunTime:0.0004s ]
SQL: SELECT * FROM `user` WHERE `id` = 1 LIMIT 1   [ RunTime:0.0002s ]
SQL: SHOW COLUMNS FROM `classes` [ RunTime:0.0003s ]
SQL: SELECT * FROM `classes` WHERE ( class_id = 1 ) LIMIT 1   [ RunTime:0.0002s ]
SQL: SHOW COLUMNS FROM `classstudentlist` [ RunTime:0.0004s ]
SQL: SELECT * FROM `classstudentlist` WHERE ( class_id = 1 and user_id = 1 ) LIMIT 1   [ RunTime:0.0003s ]
SQL: SHOW COLUMNS FROM `classstudentlist` [ RunTime:0.0004s ]
SQL: SELECT * FROM `classstudentlist` WHERE ( class_id = 1 )  [ RunTime:0.0002s ]
SQL: SHOW COLUMNS FROM `user` [ RunTime:0.0003s ]
SQL: SELECT * FROM `user` WHERE ( id = 2 ) LIMIT 1   [ RunTime:0.0003s ]
NOTIC: [8] Undefined variable: tenm /Library/WebServer/Documents/Study/Application/Home/Model/ClassstudentlistModel.class.php 第 24 行.
SQL: SHOW COLUMNS FROM `user_funds` [ RunTime:0.0003s ]
SQL: SELECT * FROM `user_funds` WHERE ( user_id = 2 ) LIMIT 1   [ RunTime:0.0003s ]
SQL: SELECT * FROM `user` WHERE ( id = 1 ) LIMIT 1   [ RunTime:0.0002s ]
NOTIC: [8] Undefined variable: tenm /Library/WebServer/Documents/Study/Application/Home/Model/ClassstudentlistModel.class.php 第 24 行.
SQL: SELECT * FROM `user_funds` WHERE ( user_id = 1 ) LIMIT 1   [ RunTime:0.0001s ]
SQL: SELECT * FROM `user` WHERE ( id = 3 ) LIMIT 1   [ RunTime:0.0001s ]
NOTIC: [8] Undefined variable: tenm /Library/WebServer/Documents/Study/Application/Home/Model/ClassstudentlistModel.class.php 第 24 行.
SQL: SELECT * FROM `user_funds` WHERE ( user_id = 3 ) LIMIT 1   [ RunTime:0.0001s ]
SQL: SHOW COLUMNS FROM `book` [ RunTime:0.0004s ]
SQL: SELECT * FROM `book`  [ RunTime:0.0002s ]

[ 2018-02-02T10:38:23+08:00 ] 127.0.0.1 /Home/MyClass/getTextBooks.html
SQL: SHOW COLUMNS FROM `user` [ RunTime:0.0007s ]
SQL: SELECT * FROM `user` WHERE `id` = 1 LIMIT 1   [ RunTime:0.0007s ]
SQL: SHOW COLUMNS FROM `book_res` [ RunTime:0.0011s ]
SQL: SELECT * FROM `book_res` WHERE ( book_id = 4 )  [ RunTime:0.0003s ]

[ 2018-02-02T10:38:47+08:00 ] 127.0.0.1 /Home/MyClass/addHomework/class_id/1.html
SQL: SHOW COLUMNS FROM `user` [ RunTime:0.0004s ]
SQL: SELECT * FROM `user` WHERE `id` = 1 LIMIT 1   [ RunTime:0.0002s ]
SQL: SHOW COLUMNS FROM `classes` [ RunTime:0.0003s ]
SQL: SELECT * FROM `classes` WHERE ( class_id = 1 ) LIMIT 1   [ RunTime:0.0002s ]
SQL: SHOW COLUMNS FROM `classstudentlist` [ RunTime:0.0003s ]
SQL: SELECT * FROM `classstudentlist` WHERE ( class_id = 1 and user_id = 1 ) LIMIT 1   [ RunTime:0.0001s ]
SQL: SHOW COLUMNS FROM `classstudentlist` [ RunTime:0.0003s ]
SQL: SELECT * FROM `classstudentlist` WHERE ( class_id = 1 )  [ RunTime:0.0002s ]
SQL: SHOW COLUMNS FROM `user` [ RunTime:0.0003s ]
SQL: SELECT * FROM `user` WHERE ( id = 2 ) LIMIT 1   [ RunTime:0.0003s ]
NOTIC: [8] Undefined variable: tenm /Library/WebServer/Documents/Study/Application/Home/Model/ClassstudentlistModel.class.php 第 24 行.
SQL: SHOW COLUMNS FROM `user_funds` [ RunTime:0.0004s ]
SQL: SELECT * FROM `user_funds` WHERE ( user_id = 2 ) LIMIT 1   [ RunTime:0.0002s ]
SQL: SELECT * FROM `user` WHERE ( id = 1 ) LIMIT 1   [ RunTime:0.0002s ]
NOTIC: [8] Undefined variable: tenm /Library/WebServer/Documents/Study/Application/Home/Model/ClassstudentlistModel.class.php 第 24 行.
SQL: SELECT * FROM `user_funds` WHERE ( user_id = 1 ) LIMIT 1   [ RunTime:0.0002s ]
SQL: SELECT * FROM `user` WHERE ( id = 3 ) LIMIT 1   [ RunTime:0.0017s ]
NOTIC: [8] Undefined variable: tenm /Library/WebServer/Documents/Study/Application/Home/Model/ClassstudentlistModel.class.php 第 24 行.
SQL: SELECT * FROM `user_funds` WHERE ( user_id = 3 ) LIMIT 1   [ RunTime:0.0003s ]
SQL: SHOW COLUMNS FROM `book` [ RunTime:0.0004s ]
SQL: SELECT * FROM `book`  [ RunTime:0.0002s ]

[ 2018-02-02T10:38:47+08:00 ] 127.0.0.1 /Home/MyClass/getTextBooks.html
SQL: SHOW COLUMNS FROM `user` [ RunTime:0.0005s ]
SQL: SELECT * FROM `user` WHERE `id` = 1 LIMIT 1   [ RunTime:0.0003s ]
SQL: SHOW COLUMNS FROM `book_res` [ RunTime:0.0004s ]
SQL: SELECT * FROM `book_res` WHERE ( book_id = 4 )  [ RunTime:0.0002s ]

[ 2018-02-02T10:39:58+08:00 ] 127.0.0.1 /Home/MyClass/addHomework/class_id/1.html
SQL: SHOW COLUMNS FROM `user` [ RunTime:0.0005s ]
SQL: SELECT * FROM `user` WHERE `id` = 1 LIMIT 1   [ RunTime:0.0002s ]
SQL: SHOW COLUMNS FROM `classes` [ RunTime:0.0003s ]
SQL: SELECT * FROM `classes` WHERE ( class_id = 1 ) LIMIT 1   [ RunTime:0.0002s ]
SQL: SHOW COLUMNS FROM `classstudentlist` [ RunTime:0.0003s ]
SQL: SELECT * FROM `classstudentlist` WHERE ( class_id = 1 and user_id = 1 ) LIMIT 1   [ RunTime:0.0002s ]
SQL: SHOW COLUMNS FROM `classstudentlist` [ RunTime:0.0003s ]
SQL: SELECT * FROM `classstudentlist` WHERE ( class_id = 1 )  [ RunTime:0.0002s ]
SQL: SHOW COLUMNS FROM `user` [ RunTime:0.0003s ]
SQL: SELECT * FROM `user` WHERE ( id = 2 ) LIMIT 1   [ RunTime:0.0002s ]
NOTIC: [8] Undefined variable: tenm /Library/WebServer/Documents/Study/Application/Home/Model/ClassstudentlistModel.class.php 第 24 行.
SQL: SHOW COLUMNS FROM `user_funds` [ RunTime:0.0003s ]
SQL: SELECT * FROM `user_funds` WHERE ( user_id = 2 ) LIMIT 1   [ RunTime:0.0002s ]
SQL: SELECT * FROM `user` WHERE ( id = 1 ) LIMIT 1   [ RunTime:0.0002s ]
NOTIC: [8] Undefined variable: tenm /Library/WebServer/Documents/Study/Application/Home/Model/ClassstudentlistModel.class.php 第 24 行.
SQL: SELECT * FROM `user_funds` WHERE ( user_id = 1 ) LIMIT 1   [ RunTime:0.0002s ]
SQL: SELECT * FROM `user` WHERE ( id = 3 ) LIMIT 1   [ RunTime:0.0001s ]
NOTIC: [8] Undefined variable: tenm /Library/WebServer/Documents/Study/Application/Home/Model/ClassstudentlistModel.class.php 第 24 行.
SQL: SELECT * FROM `user_funds` WHERE ( user_id = 3 ) LIMIT 1   [ RunTime:0.0001s ]
SQL: SHOW COLUMNS FROM `book` [ RunTime:0.0003s ]
SQL: SELECT * FROM `book`  [ RunTime:0.0001s ]

[ 2018-02-02T10:39:58+08:00 ] 127.0.0.1 /Home/MyClass/getTextBooks.html
SQL: SHOW COLUMNS FROM `user` [ RunTime:0.0013s ]
SQL: SELECT * FROM `user` WHERE `id` = 1 LIMIT 1   [ RunTime:0.0044s ]
SQL: SHOW COLUMNS FROM `book_res` [ RunTime:0.0010s ]
SQL: SELECT * FROM `book_res` WHERE ( book_id = 4 )  [ RunTime:0.0007s ]

[ 2018-02-02T10:53:00+08:00 ] 127.0.0.1 /
SQL: SHOW COLUMNS FROM `user` [ RunTime:0.0006s ]
SQL: SELECT * FROM `user` WHERE `id` = 1 LIMIT 1   [ RunTime:0.0003s ]
SQL: SHOW COLUMNS FROM `activity` [ RunTime:0.0006s ]
SQL: SELECT * FROM `activity` WHERE `status` = 1 AND `platform_id` = 1 LIMIT 3   [ RunTime:0.0004s ]

[ 2018-02-02T19:36:22+08:00 ] 127.0.0.1 /Home/MyClass/addHomework/class_id/1.html
SQL: SHOW COLUMNS FROM `user` [ RunTime:0.0016s ]
SQL: SELECT * FROM `user` WHERE `id` = 1 LIMIT 1   [ RunTime:0.0008s ]
SQL: SHOW COLUMNS FROM `classes` [ RunTime:0.0005s ]
SQL: SELECT * FROM `classes` WHERE ( class_id = 1 ) LIMIT 1   [ RunTime:0.0005s ]
SQL: SHOW COLUMNS FROM `classstudentlist` [ RunTime:0.0006s ]
SQL: SELECT * FROM `classstudentlist` WHERE ( class_id = 1 and user_id = 1 ) LIMIT 1   [ RunTime:0.0005s ]
SQL: SHOW COLUMNS FROM `classstudentlist` [ RunTime:0.0007s ]
SQL: SELECT * FROM `classstudentlist` WHERE ( class_id = 1 )  [ RunTime:0.0003s ]
SQL: SHOW COLUMNS FROM `user` [ RunTime:0.0006s ]
SQL: SELECT * FROM `user` WHERE ( id = 2 ) LIMIT 1   [ RunTime:0.0003s ]
NOTIC: [8] Undefined variable: tenm /Library/WebServer/Documents/Study/Application/Home/Model/ClassstudentlistModel.class.php 第 24 行.
SQL: SHOW COLUMNS FROM `user_funds` [ RunTime:0.0004s ]
SQL: SELECT * FROM `user_funds` WHERE ( user_id = 2 ) LIMIT 1   [ RunTime:0.0003s ]
SQL: SELECT * FROM `user` WHERE ( id = 1 ) LIMIT 1   [ RunTime:0.0003s ]
NOTIC: [8] Undefined variable: tenm /Library/WebServer/Documents/Study/Application/Home/Model/ClassstudentlistModel.class.php 第 24 行.
SQL: SELECT * FROM `user_funds` WHERE ( user_id = 1 ) LIMIT 1   [ RunTime:0.0004s ]
SQL: SELECT * FROM `user` WHERE ( id = 3 ) LIMIT 1   [ RunTime:0.0004s ]
NOTIC: [8] Undefined variable: tenm /Library/WebServer/Documents/Study/Application/Home/Model/ClassstudentlistModel.class.php 第 24 行.
SQL: SELECT * FROM `user_funds` WHERE ( user_id = 3 ) LIMIT 1   [ RunTime:0.0002s ]
SQL: SHOW COLUMNS FROM `book` [ RunTime:0.0005s ]
SQL: SELECT * FROM `book`  [ RunTime:0.0005s ]

[ 2018-02-02T19:37:13+08:00 ] 127.0.0.1 /Home/MyClass/addHomework/class_id/1.html
SQL: SHOW COLUMNS FROM `user` [ RunTime:0.0005s ]
SQL: SELECT * FROM `user` WHERE `id` = 1 LIMIT 1   [ RunTime:0.0002s ]
SQL: SHOW COLUMNS FROM `classes` [ RunTime:0.0004s ]
SQL: SELECT * FROM `classes` WHERE ( class_id = 1 ) LIMIT 1   [ RunTime:0.0002s ]
SQL: SHOW COLUMNS FROM `classstudentlist` [ RunTime:0.0003s ]
SQL: SELECT * FROM `classstudentlist` WHERE ( class_id = 1 and user_id = 1 ) LIMIT 1   [ RunTime:0.0002s ]
SQL: SHOW COLUMNS FROM `classstudentlist` [ RunTime:0.0003s ]
SQL: SELECT * FROM `classstudentlist` WHERE ( class_id = 1 )  [ RunTime:0.0002s ]
SQL: SHOW COLUMNS FROM `user` [ RunTime:0.0003s ]
SQL: SELECT * FROM `user` WHERE ( id = 2 ) LIMIT 1   [ RunTime:0.0002s ]
NOTIC: [8] Undefined variable: tenm /Library/WebServer/Documents/Study/Application/Home/Model/ClassstudentlistModel.class.php 第 24 行.
SQL: SHOW COLUMNS FROM `user_funds` [ RunTime:0.0003s ]
SQL: SELECT * FROM `user_funds` WHERE ( user_id = 2 ) LIMIT 1   [ RunTime:0.0002s ]
SQL: SELECT * FROM `user` WHERE ( id = 1 ) LIMIT 1   [ RunTime:0.0001s ]
NOTIC: [8] Undefined variable: tenm /Library/WebServer/Documents/Study/Application/Home/Model/ClassstudentlistModel.class.php 第 24 行.
SQL: SELECT * FROM `user_funds` WHERE ( user_id = 1 ) LIMIT 1   [ RunTime:0.0001s ]
SQL: SELECT * FROM `user` WHERE ( id = 3 ) LIMIT 1   [ RunTime:0.0001s ]
NOTIC: [8] Undefined variable: tenm /Library/WebServer/Documents/Study/Application/Home/Model/ClassstudentlistModel.class.php 第 24 行.
SQL: SELECT * FROM `user_funds` WHERE ( user_id = 3 ) LIMIT 1   [ RunTime:0.0001s ]
SQL: SHOW COLUMNS FROM `book` [ RunTime:0.0004s ]
SQL: SELECT * FROM `book`  [ RunTime:0.0002s ]

[ 2018-02-02T19:37:13+08:00 ] 127.0.0.1 /Home/MyClass/getTextBooks.html
SQL: SHOW COLUMNS FROM `user` [ RunTime:0.0009s ]
SQL: SELECT * FROM `user` WHERE `id` = 1 LIMIT 1   [ RunTime:0.0005s ]
SQL: SHOW COLUMNS FROM `book_res` [ RunTime:0.0008s ]
SQL: SELECT * FROM `book_res` WHERE ( book_id = 4 )  [ RunTime:0.0027s ]

[ 2018-02-02T19:37:26+08:00 ] 127.0.0.1 /Home/MyClass/addHomeworkFunc.html
SQL: SHOW COLUMNS FROM `user` [ RunTime:0.0005s ]
SQL: SELECT * FROM `user` WHERE `id` = 1 LIMIT 1   [ RunTime:0.0004s ]

[ 2018-02-02T19:37:36+08:00 ] 127.0.0.1 /Home/MyClass/addHomeworkFunc.html
SQL: SHOW COLUMNS FROM `user` [ RunTime:0.0005s ]
SQL: SELECT * FROM `user` WHERE `id` = 1 LIMIT 1   [ RunTime:0.0002s ]

[ 2018-02-02T19:41:18+08:00 ] 127.0.0.1 /Home/MyClass/addHomework/class_id/1.html
SQL: SHOW COLUMNS FROM `user` [ RunTime:0.0005s ]
SQL: SELECT * FROM `user` WHERE `id` = 1 LIMIT 1   [ RunTime:0.0002s ]
SQL: SHOW COLUMNS FROM `classes` [ RunTime:0.0003s ]
SQL: SELECT * FROM `classes` WHERE ( class_id = 1 ) LIMIT 1   [ RunTime:0.0002s ]
SQL: SHOW COLUMNS FROM `classstudentlist` [ RunTime:0.0003s ]
SQL: SELECT * FROM `classstudentlist` WHERE ( class_id = 1 and user_id = 1 ) LIMIT 1   [ RunTime:0.0002s ]
SQL: SHOW COLUMNS FROM `classstudentlist` [ RunTime:0.0004s ]
SQL: SELECT * FROM `classstudentlist` WHERE ( class_id = 1 )  [ RunTime:0.0002s ]
SQL: SHOW COLUMNS FROM `user` [ RunTime:0.0004s ]
SQL: SELECT * FROM `user` WHERE ( id = 2 ) LIMIT 1   [ RunTime:0.0002s ]
NOTIC: [8] Undefined variable: tenm /Library/WebServer/Documents/Study/Application/Home/Model/ClassstudentlistModel.class.php 第 24 行.
SQL: SHOW COLUMNS FROM `user_funds` [ RunTime:0.0004s ]
SQL: SELECT * FROM `user_funds` WHERE ( user_id = 2 ) LIMIT 1   [ RunTime:0.0002s ]
SQL: SELECT * FROM `user` WHERE ( id = 1 ) LIMIT 1   [ RunTime:0.0002s ]
NOTIC: [8] Undefined variable: tenm /Library/WebServer/Documents/Study/Application/Home/Model/ClassstudentlistModel.class.php 第 24 行.
SQL: SELECT * FROM `user_funds` WHERE ( user_id = 1 ) LIMIT 1   [ RunTime:0.0002s ]
SQL: SELECT * FROM `user` WHERE ( id = 3 ) LIMIT 1   [ RunTime:0.0002s ]
NOTIC: [8] Undefined variable: tenm /Library/WebServer/Documents/Study/Application/Home/Model/ClassstudentlistModel.class.php 第 24 行.
SQL: SELECT * FROM `user_funds` WHERE ( user_id = 3 ) LIMIT 1   [ RunTime:0.0002s ]
SQL: SHOW COLUMNS FROM `book` [ RunTime:0.0004s ]
SQL: SELECT * FROM `book`  [ RunTime:0.0002s ]

[ 2018-02-02T19:41:19+08:00 ] 127.0.0.1 /Home/MyClass/getTextBooks.html
SQL: SHOW COLUMNS FROM `user` [ RunTime:0.0008s ]
SQL: SELECT * FROM `user` WHERE `id` = 1 LIMIT 1   [ RunTime:0.0004s ]
SQL: SHOW COLUMNS FROM `book_res` [ RunTime:0.0007s ]
SQL: SELECT * FROM `book_res` WHERE ( book_id = 4 )  [ RunTime:0.0016s ]

[ 2018-02-02T19:41:22+08:00 ] 127.0.0.1 /Home/MyClass/addHomeworkFunc.html
SQL: SHOW COLUMNS FROM `user` [ RunTime:0.0006s ]
SQL: SELECT * FROM `user` WHERE `id` = 1 LIMIT 1   [ RunTime:0.0002s ]

[ 2018-02-02T20:28:13+08:00 ] 127.0.0.1 /Home/MyClass/addHomework/class_id/1.html
SQL: SHOW COLUMNS FROM `user` [ RunTime:0.0020s ]
SQL: SELECT * FROM `user` WHERE `id` = 1 LIMIT 1   [ RunTime:0.0005s ]
SQL: SHOW COLUMNS FROM `classes` [ RunTime:0.0006s ]
SQL: SELECT * FROM `classes` WHERE ( class_id = 1 ) LIMIT 1   [ RunTime:0.0003s ]
SQL: SHOW COLUMNS FROM `classstudentlist` [ RunTime:0.0007s ]
SQL: SELECT * FROM `classstudentlist` WHERE ( class_id = 1 and user_id = 1 ) LIMIT 1   [ RunTime:0.0002s ]
SQL: SHOW COLUMNS FROM `classstudentlist` [ RunTime:0.0007s ]
SQL: SELECT * FROM `classstudentlist` WHERE ( class_id = 1 )  [ RunTime:0.0004s ]
SQL: SHOW COLUMNS FROM `user` [ RunTime:0.0006s ]
SQL: SELECT * FROM `user` WHERE ( id = 2 ) LIMIT 1   [ RunTime:0.0002s ]
NOTIC: [8] Undefined variable: tenm /Library/WebServer/Documents/Study/Application/Home/Model/ClassstudentlistModel.class.php 第 24 行.
SQL: SHOW COLUMNS FROM `user_funds` [ RunTime:0.0004s ]
SQL: SELECT * FROM `user_funds` WHERE ( user_id = 2 ) LIMIT 1   [ RunTime:0.0003s ]
SQL: SELECT * FROM `user` WHERE ( id = 1 ) LIMIT 1   [ RunTime:0.0003s ]
NOTIC: [8] Undefined variable: tenm /Library/WebServer/Documents/Study/Application/Home/Model/ClassstudentlistModel.class.php 第 24 行.
SQL: SELECT * FROM `user_funds` WHERE ( user_id = 1 ) LIMIT 1   [ RunTime:0.0002s ]
SQL: SELECT * FROM `user` WHERE ( id = 3 ) LIMIT 1   [ RunTime:0.0002s ]
NOTIC: [8] Undefined variable: tenm /Library/WebServer/Documents/Study/Application/Home/Model/ClassstudentlistModel.class.php 第 24 行.
SQL: SELECT * FROM `user_funds` WHERE ( user_id = 3 ) LIMIT 1   [ RunTime:0.0001s ]
SQL: SHOW COLUMNS FROM `book` [ RunTime:0.0006s ]
SQL: SELECT * FROM `book`  [ RunTime:0.0002s ]

[ 2018-02-02T20:28:13+08:00 ] 127.0.0.1 /Home/MyClass/getTextBooks.html
SQL: SHOW COLUMNS FROM `user` [ RunTime:0.0011s ]
SQL: SELECT * FROM `user` WHERE `id` = 1 LIMIT 1   [ RunTime:0.0007s ]
SQL: SHOW COLUMNS FROM `book_res` [ RunTime:0.0025s ]
SQL: SELECT * FROM `book_res` WHERE ( book_id = 4 )  [ RunTime:0.0019s ]

[ 2018-02-02T20:28:15+08:00 ] 127.0.0.1 /Home/MyClass/addHomeworkFunc.html
SQL: SHOW COLUMNS FROM `user` [ RunTime:0.0004s ]
SQL: SELECT * FROM `user` WHERE `id` = 1 LIMIT 1   [ RunTime:0.0002s ]

[ 2018-02-02T20:28:29+08:00 ] 127.0.0.1 /Home/MyClass/addHomework/class_id/1.html
SQL: SHOW COLUMNS FROM `user` [ RunTime:0.0005s ]
SQL: SELECT * FROM `user` WHERE `id` = 1 LIMIT 1   [ RunTime:0.0003s ]
SQL: SHOW COLUMNS FROM `classes` [ RunTime:0.0003s ]
SQL: SELECT * FROM `classes` WHERE ( class_id = 1 ) LIMIT 1   [ RunTime:0.0002s ]
SQL: SHOW COLUMNS FROM `classstudentlist` [ RunTime:0.0003s ]
SQL: SELECT * FROM `classstudentlist` WHERE ( class_id = 1 and user_id = 1 ) LIMIT 1   [ RunTime:0.0002s ]
SQL: SHOW COLUMNS FROM `classstudentlist` [ RunTime:0.0004s ]
SQL: SELECT * FROM `classstudentlist` WHERE ( class_id = 1 )  [ RunTime:0.0002s ]
SQL: SHOW COLUMNS FROM `user` [ RunTime:0.0003s ]
SQL: SELECT * FROM `user` WHERE ( id = 2 ) LIMIT 1   [ RunTime:0.0002s ]
NOTIC: [8] Undefined variable: tenm /Library/WebServer/Documents/Study/Application/Home/Model/ClassstudentlistModel.class.php 第 24 行.
SQL: SHOW COLUMNS FROM `user_funds` [ RunTime:0.0003s ]
SQL: SELECT * FROM `user_funds` WHERE ( user_id = 2 ) LIMIT 1   [ RunTime:0.0002s ]
SQL: SELECT * FROM `user` WHERE ( id = 1 ) LIMIT 1   [ RunTime:0.0002s ]
NOTIC: [8] Undefined variable: tenm /Library/WebServer/Documents/Study/Application/Home/Model/ClassstudentlistModel.class.php 第 24 行.
SQL: SELECT * FROM `user_funds` WHERE ( user_id = 1 ) LIMIT 1   [ RunTime:0.0001s ]
SQL: SELECT * FROM `user` WHERE ( id = 3 ) LIMIT 1   [ RunTime:0.0001s ]
NOTIC: [8] Undefined variable: tenm /Library/WebServer/Documents/Study/Application/Home/Model/ClassstudentlistModel.class.php 第 24 行.
SQL: SELECT * FROM `user_funds` WHERE ( user_id = 3 ) LIMIT 1   [ RunTime:0.0001s ]
SQL: SHOW COLUMNS FROM `book` [ RunTime:0.0003s ]
SQL: SELECT * FROM `book`  [ RunTime:0.0002s ]

[ 2018-02-02T20:28:29+08:00 ] 127.0.0.1 /Home/MyClass/getTextBooks.html
SQL: SHOW COLUMNS FROM `user` [ RunTime:0.0007s ]
SQL: SELECT * FROM `user` WHERE `id` = 1 LIMIT 1   [ RunTime:0.0004s ]
SQL: SHOW COLUMNS FROM `book_res` [ RunTime:0.0013s ]
SQL: SELECT * FROM `book_res` WHERE ( book_id = 4 )  [ RunTime:0.0052s ]

[ 2018-02-02T20:28:30+08:00 ] 127.0.0.1 /Home/MyClass/addHomeworkFunc.html
SQL: SHOW COLUMNS FROM `user` [ RunTime:0.0008s ]
SQL: SELECT * FROM `user` WHERE `id` = 1 LIMIT 1   [ RunTime:0.0004s ]

[ 2018-02-02T20:32:27+08:00 ] 127.0.0.1 /Home/MyClass/addHomeworkFunc.html
SQL: SHOW COLUMNS FROM `user` [ RunTime:0.0006s ]
SQL: SELECT * FROM `user` WHERE `id` = 1 LIMIT 1   [ RunTime:0.0002s ]

[ 2018-02-02T20:32:29+08:00 ] 127.0.0.1 /Home/MyClass/addHomework/class_id/1.html
SQL: SHOW COLUMNS FROM `user` [ RunTime:0.0005s ]
SQL: SELECT * FROM `user` WHERE `id` = 1 LIMIT 1   [ RunTime:0.0002s ]
SQL: SHOW COLUMNS FROM `classes` [ RunTime:0.0004s ]
SQL: SELECT * FROM `classes` WHERE ( class_id = 1 ) LIMIT 1   [ RunTime:0.0002s ]
SQL: SHOW COLUMNS FROM `classstudentlist` [ RunTime:0.0003s ]
SQL: SELECT * FROM `classstudentlist` WHERE ( class_id = 1 and user_id = 1 ) LIMIT 1   [ RunTime:0.0002s ]
SQL: SHOW COLUMNS FROM `classstudentlist` [ RunTime:0.0005s ]
SQL: SELECT * FROM `classstudentlist` WHERE ( class_id = 1 )  [ RunTime:0.0002s ]
SQL: SHOW COLUMNS FROM `user` [ RunTime:0.0003s ]
SQL: SELECT * FROM `user` WHERE ( id = 2 ) LIMIT 1   [ RunTime:0.0002s ]
NOTIC: [8] Undefined variable: tenm /Library/WebServer/Documents/Study/Application/Home/Model/ClassstudentlistModel.class.php 第 24 行.
SQL: SHOW COLUMNS FROM `user_funds` [ RunTime:0.0003s ]
SQL: SELECT * FROM `user_funds` WHERE ( user_id = 2 ) LIMIT 1   [ RunTime:0.0002s ]
SQL: SELECT * FROM `user` WHERE ( id = 1 ) LIMIT 1   [ RunTime:0.0002s ]
NOTIC: [8] Undefined variable: tenm /Library/WebServer/Documents/Study/Application/Home/Model/ClassstudentlistModel.class.php 第 24 行.
SQL: SELECT * FROM `user_funds` WHERE ( user_id = 1 ) LIMIT 1   [ RunTime:0.0002s ]
SQL: SELECT * FROM `user` WHERE ( id = 3 ) LIMIT 1   [ RunTime:0.0001s ]
NOTIC: [8] Undefined variable: tenm /Library/WebServer/Documents/Study/Application/Home/Model/ClassstudentlistModel.class.php 第 24 行.
SQL: SELECT * FROM `user_funds` WHERE ( user_id = 3 ) LIMIT 1   [ RunTime:0.0001s ]
SQL: SHOW COLUMNS FROM `book` [ RunTime:0.0004s ]
SQL: SELECT * FROM `book`  [ RunTime:0.0002s ]

[ 2018-02-02T20:32:29+08:00 ] 127.0.0.1 /Home/MyClass/getTextBooks.html
SQL: SHOW COLUMNS FROM `user` [ RunTime:0.0006s ]
SQL: SELECT * FROM `user` WHERE `id` = 1 LIMIT 1   [ RunTime:0.0005s ]
SQL: SHOW COLUMNS FROM `book_res` [ RunTime:0.0007s ]
SQL: SELECT * FROM `book_res` WHERE ( book_id = 4 )  [ RunTime:0.0013s ]

[ 2018-02-02T20:32:41+08:00 ] 127.0.0.1 /Home/MyClass/addHomeworkFunc.html
SQL: SHOW COLUMNS FROM `user` [ RunTime:0.0006s ]
SQL: SELECT * FROM `user` WHERE `id` = 1 LIMIT 1   [ RunTime:0.0063s ]

[ 2018-02-02T20:32:53+08:00 ] 127.0.0.1 /Home/MyClass/addHomework/class_id/1.html
SQL: SHOW COLUMNS FROM `user` [ RunTime:0.0005s ]
SQL: SELECT * FROM `user` WHERE `id` = 1 LIMIT 1   [ RunTime:0.0002s ]
SQL: SHOW COLUMNS FROM `classes` [ RunTime:0.0005s ]
SQL: SELECT * FROM `classes` WHERE ( class_id = 1 ) LIMIT 1   [ RunTime:0.0002s ]
SQL: SHOW COLUMNS FROM `classstudentlist` [ RunTime:0.0006s ]
SQL: SELECT * FROM `classstudentlist` WHERE ( class_id = 1 and user_id = 1 ) LIMIT 1   [ RunTime:0.0003s ]
SQL: SHOW COLUMNS FROM `classstudentlist` [ RunTime:0.0005s ]
SQL: SELECT * FROM `classstudentlist` WHERE ( class_id = 1 )  [ RunTime:0.0002s ]
SQL: SHOW COLUMNS FROM `user` [ RunTime:0.0005s ]
SQL: SELECT * FROM `user` WHERE ( id = 2 ) LIMIT 1   [ RunTime:0.0002s ]
NOTIC: [8] Undefined variable: tenm /Library/WebServer/Documents/Study/Application/Home/Model/ClassstudentlistModel.class.php 第 24 行.
SQL: SHOW COLUMNS FROM `user_funds` [ RunTime:0.0004s ]
SQL: SELECT * FROM `user_funds` WHERE ( user_id = 2 ) LIMIT 1   [ RunTime:0.0002s ]
SQL: SELECT * FROM `user` WHERE ( id = 1 ) LIMIT 1   [ RunTime:0.0001s ]
NOTIC: [8] Undefined variable: tenm /Library/WebServer/Documents/Study/Application/Home/Model/ClassstudentlistModel.class.php 第 24 行.
SQL: SELECT * FROM `user_funds` WHERE ( user_id = 1 ) LIMIT 1   [ RunTime:0.0001s ]
SQL: SELECT * FROM `user` WHERE ( id = 3 ) LIMIT 1   [ RunTime:0.0001s ]
NOTIC: [8] Undefined variable: tenm /Library/WebServer/Documents/Study/Application/Home/Model/ClassstudentlistModel.class.php 第 24 行.
SQL: SELECT * FROM `user_funds` WHERE ( user_id = 3 ) LIMIT 1   [ RunTime:0.0001s ]
SQL: SHOW COLUMNS FROM `book` [ RunTime:0.0004s ]
SQL: SELECT * FROM `book`  [ RunTime:0.0002s ]

[ 2018-02-02T20:32:53+08:00 ] 127.0.0.1 /Home/MyClass/getTextBooks.html
SQL: SHOW COLUMNS FROM `user` [ RunTime:0.0021s ]
SQL: SELECT * FROM `user` WHERE `id` = 1 LIMIT 1   [ RunTime:0.0020s ]
SQL: SHOW COLUMNS FROM `book_res` [ RunTime:0.0008s ]
SQL: SELECT * FROM `book_res` WHERE ( book_id = 4 )  [ RunTime:0.0006s ]

[ 2018-02-02T20:32:55+08:00 ] 127.0.0.1 /Home/MyClass/addHomeworkFunc.html
SQL: SHOW COLUMNS FROM `user` [ RunTime:0.0013s ]
SQL: SELECT * FROM `user` WHERE `id` = 1 LIMIT 1   [ RunTime:0.0003s ]

[ 2018-02-02T20:33:13+08:00 ] 127.0.0.1 /Home/MyClass/addHomework/class_id/1.html
SQL: SHOW COLUMNS FROM `user` [ RunTime:0.0009s ]
SQL: SELECT * FROM `user` WHERE `id` = 1 LIMIT 1   [ RunTime:0.0003s ]
SQL: SHOW COLUMNS FROM `classes` [ RunTime:0.0004s ]
SQL: SELECT * FROM `classes` WHERE ( class_id = 1 ) LIMIT 1   [ RunTime:0.0002s ]
SQL: SHOW COLUMNS FROM `classstudentlist` [ RunTime:0.0003s ]
SQL: SELECT * FROM `classstudentlist` WHERE ( class_id = 1 and user_id = 1 ) LIMIT 1   [ RunTime:0.0002s ]
SQL: SHOW COLUMNS FROM `classstudentlist` [ RunTime:0.0003s ]
SQL: SELECT * FROM `classstudentlist` WHERE ( class_id = 1 )  [ RunTime:0.0002s ]
SQL: SHOW COLUMNS FROM `user` [ RunTime:0.0003s ]
SQL: SELECT * FROM `user` WHERE ( id = 2 ) LIMIT 1   [ RunTime:0.0002s ]
NOTIC: [8] Undefined variable: tenm /Library/WebServer/Documents/Study/Application/Home/Model/ClassstudentlistModel.class.php 第 24 行.
SQL: SHOW COLUMNS FROM `user_funds` [ RunTime:0.0003s ]
SQL: SELECT * FROM `user_funds` WHERE ( user_id = 2 ) LIMIT 1   [ RunTime:0.0001s ]
SQL: SELECT * FROM `user` WHERE ( id = 1 ) LIMIT 1   [ RunTime:0.0002s ]
NOTIC: [8] Undefined variable: tenm /Library/WebServer/Documents/Study/Application/Home/Model/ClassstudentlistModel.class.php 第 24 行.
SQL: SELECT * FROM `user_funds` WHERE ( user_id = 1 ) LIMIT 1   [ RunTime:0.0001s ]
SQL: SELECT * FROM `user` WHERE ( id = 3 ) LIMIT 1   [ RunTime:0.0001s ]
NOTIC: [8] Undefined variable: tenm /Library/WebServer/Documents/Study/Application/Home/Model/ClassstudentlistModel.class.php 第 24 行.
SQL: SELECT * FROM `user_funds` WHERE ( user_id = 3 ) LIMIT 1   [ RunTime:0.0001s ]
SQL: SHOW COLUMNS FROM `book` [ RunTime:0.0004s ]
SQL: SELECT * FROM `book`  [ RunTime:0.0002s ]

[ 2018-02-02T20:33:13+08:00 ] 127.0.0.1 /Home/MyClass/getTextBooks.html
SQL: SHOW COLUMNS FROM `user` [ RunTime:0.0008s ]
SQL: SELECT * FROM `user` WHERE `id` = 1 LIMIT 1   [ RunTime:0.0003s ]
SQL: SHOW COLUMNS FROM `book_res` [ RunTime:0.0005s ]
SQL: SELECT * FROM `book_res` WHERE ( book_id = 4 )  [ RunTime:0.0003s ]

[ 2018-02-02T20:33:14+08:00 ] 127.0.0.1 /Home/MyClass/addHomeworkFunc.html
SQL: SHOW COLUMNS FROM `user` [ RunTime:0.0006s ]
SQL: SELECT * FROM `user` WHERE `id` = 1 LIMIT 1   [ RunTime:0.0003s ]

[ 2018-02-02T20:36:43+08:00 ] 127.0.0.1 /Home/MyClass/addHomework/class_id/1.html
SQL: SHOW COLUMNS FROM `user` [ RunTime:0.0004s ]
SQL: SELECT * FROM `user` WHERE `id` = 1 LIMIT 1   [ RunTime:0.0002s ]
SQL: SHOW COLUMNS FROM `classes` [ RunTime:0.0003s ]
SQL: SELECT * FROM `classes` WHERE ( class_id = 1 ) LIMIT 1   [ RunTime:0.0002s ]
SQL: SHOW COLUMNS FROM `classstudentlist` [ RunTime:0.0003s ]
SQL: SELECT * FROM `classstudentlist` WHERE ( class_id = 1 and user_id = 1 ) LIMIT 1   [ RunTime:0.0002s ]
SQL: SHOW COLUMNS FROM `classstudentlist` [ RunTime:0.0008s ]
SQL: SELECT * FROM `classstudentlist` WHERE ( class_id = 1 )  [ RunTime:0.0002s ]
SQL: SHOW COLUMNS FROM `user` [ RunTime:0.0004s ]
SQL: SELECT * FROM `user` WHERE ( id = 2 ) LIMIT 1   [ RunTime:0.0002s ]
NOTIC: [8] Undefined variable: tenm /Library/WebServer/Documents/Study/Application/Home/Model/ClassstudentlistModel.class.php 第 24 行.
SQL: SHOW COLUMNS FROM `user_funds` [ RunTime:0.0003s ]
SQL: SELECT * FROM `user_funds` WHERE ( user_id = 2 ) LIMIT 1   [ RunTime:0.0002s ]
SQL: SELECT * FROM `user` WHERE ( id = 1 ) LIMIT 1   [ RunTime:0.0002s ]
NOTIC: [8] Undefined variable: tenm /Library/WebServer/Documents/Study/Application/Home/Model/ClassstudentlistModel.class.php 第 24 行.
SQL: SELECT * FROM `user_funds` WHERE ( user_id = 1 ) LIMIT 1   [ RunTime:0.0002s ]
SQL: SELECT * FROM `user` WHERE ( id = 3 ) LIMIT 1   [ RunTime:0.0002s ]
NOTIC: [8] Undefined variable: tenm /Library/WebServer/Documents/Study/Application/Home/Model/ClassstudentlistModel.class.php 第 24 行.
SQL: SELECT * FROM `user_funds` WHERE ( user_id = 3 ) LIMIT 1   [ RunTime:0.0002s ]
SQL: SHOW COLUMNS FROM `book` [ RunTime:0.0004s ]
SQL: SELECT * FROM `book`  [ RunTime:0.0002s ]

[ 2018-02-02T20:36:43+08:00 ] 127.0.0.1 /Home/MyClass/getTextBooks.html
SQL: SHOW COLUMNS FROM `user` [ RunTime:0.0008s ]
SQL: SELECT * FROM `user` WHERE `id` = 1 LIMIT 1   [ RunTime:0.0006s ]
SQL: SHOW COLUMNS FROM `book_res` [ RunTime:0.0009s ]
SQL: SELECT * FROM `book_res` WHERE ( book_id = 4 )  [ RunTime:0.0031s ]

[ 2018-02-02T20:36:44+08:00 ] 127.0.0.1 /Home/MyClass/addHomeworkFunc.html
SQL: SHOW COLUMNS FROM `user` [ RunTime:0.0005s ]
SQL: SELECT * FROM `user` WHERE `id` = 1 LIMIT 1   [ RunTime:0.0002s ]

[ 2018-02-02T20:41:45+08:00 ] 127.0.0.1 /Home/MyClass/addHomework/class_id/1.html
SQL: SHOW COLUMNS FROM `user` [ RunTime:0.0004s ]
SQL: SELECT * FROM `user` WHERE `id` = 1 LIMIT 1   [ RunTime:0.0009s ]
SQL: SHOW COLUMNS FROM `classes` [ RunTime:0.0004s ]
SQL: SELECT * FROM `classes` WHERE ( class_id = 1 ) LIMIT 1   [ RunTime:0.0002s ]
SQL: SHOW COLUMNS FROM `classstudentlist` [ RunTime:0.0003s ]
SQL: SELECT * FROM `classstudentlist` WHERE ( class_id = 1 and user_id = 1 ) LIMIT 1   [ RunTime:0.0002s ]
SQL: SHOW COLUMNS FROM `classstudentlist` [ RunTime:0.0004s ]
SQL: SELECT * FROM `classstudentlist` WHERE ( class_id = 1 )  [ RunTime:0.0002s ]
SQL: SHOW COLUMNS FROM `user` [ RunTime:0.0003s ]
SQL: SELECT * FROM `user` WHERE ( id = 2 ) LIMIT 1   [ RunTime:0.0002s ]
NOTIC: [8] Undefined variable: tenm /Library/WebServer/Documents/Study/Application/Home/Model/ClassstudentlistModel.class.php 第 24 行.
SQL: SHOW COLUMNS FROM `user_funds` [ RunTime:0.0003s ]
SQL: SELECT * FROM `user_funds` WHERE ( user_id = 2 ) LIMIT 1   [ RunTime:0.0002s ]
SQL: SELECT * FROM `user` WHERE ( id = 1 ) LIMIT 1   [ RunTime:0.0002s ]
NOTIC: [8] Undefined variable: tenm /Library/WebServer/Documents/Study/Application/Home/Model/ClassstudentlistModel.class.php 第 24 行.
SQL: SELECT * FROM `user_funds` WHERE ( user_id = 1 ) LIMIT 1   [ RunTime:0.0001s ]
SQL: SELECT * FROM `user` WHERE ( id = 3 ) LIMIT 1   [ RunTime:0.0001s ]
NOTIC: [8] Undefined variable: tenm /Library/WebServer/Documents/Study/Application/Home/Model/ClassstudentlistModel.class.php 第 24 行.
SQL: SELECT * FROM `user_funds` WHERE ( user_id = 3 ) LIMIT 1   [ RunTime:0.0001s ]
SQL: SHOW COLUMNS FROM `book` [ RunTime:0.0004s ]
SQL: SELECT * FROM `book`  [ RunTime:0.0002s ]

[ 2018-02-02T20:41:45+08:00 ] 127.0.0.1 /Home/MyClass/getTextBooks.html
SQL: SHOW COLUMNS FROM `user` [ RunTime:0.0007s ]
SQL: SELECT * FROM `user` WHERE `id` = 1 LIMIT 1   [ RunTime:0.0008s ]
SQL: SHOW COLUMNS FROM `book_res` [ RunTime:0.0013s ]
SQL: SELECT * FROM `book_res` WHERE ( book_id = 4 )  [ RunTime:0.0005s ]

[ 2018-02-02T20:42:05+08:00 ] 127.0.0.1 /Home/MyClass/addHomeworkFunc.html
SQL: SHOW COLUMNS FROM `user` [ RunTime:0.0009s ]
SQL: SELECT * FROM `user` WHERE `id` = 1 LIMIT 1   [ RunTime:0.0007s ]
SQL: SHOW COLUMNS FROM `classtasklist` [ RunTime:0.0006s ]
ERR: 1364:Field 'user_id' doesn't have a default value
 [ SQL语句 ] : INSERT INTO `classtasklist` (`course_id`,`teacher_id`,`class_id`,`start`,`end`,`setup`,`time`,`day`,`start_text_id`,`end_text_id`) VALUES ('4','1','1','1519747200','1520438400','2','1517575325','8','34','37')
ERR: 1364:Field 'user_id' doesn't have a default value
 [ SQL语句 ] : INSERT INTO `classtasklist` (`course_id`,`teacher_id`,`class_id`,`start`,`end`,`setup`,`time`,`day`,`start_text_id`,`end_text_id`) VALUES ('4','1','1','1519747200','1520438400','2','1517575325','8','34','37')

[ 2018-02-02T20:42:13+08:00 ] 127.0.0.1 /Home/MyClass/addHomeworkFunc.html
SQL: SHOW COLUMNS FROM `user` [ RunTime:0.0020s ]
SQL: SELECT * FROM `user` WHERE `id` = 1 LIMIT 1   [ RunTime:0.0003s ]
SQL: SHOW COLUMNS FROM `classtasklist` [ RunTime:0.0006s ]
ERR: 1364:Field 'user_id' doesn't have a default value
 [ SQL语句 ] : INSERT INTO `classtasklist` (`course_id`,`teacher_id`,`class_id`,`start`,`end`,`setup`,`time`,`day`,`start_text_id`,`end_text_id`) VALUES ('4','1','1','1519660800','1520352000','2','1517575333','8','34','37')
ERR: 1364:Field 'user_id' doesn't have a default value
 [ SQL语句 ] : INSERT INTO `classtasklist` (`course_id`,`teacher_id`,`class_id`,`start`,`end`,`setup`,`time`,`day`,`start_text_id`,`end_text_id`) VALUES ('4','1','1','1519660800','1520352000','2','1517575333','8','34','37')

[ 2018-02-02T20:42:47+08:00 ] 127.0.0.1 /Home/MyClass/addHomeworkFunc.html
SQL: SHOW COLUMNS FROM `user` [ RunTime:0.0005s ]
SQL: SELECT * FROM `user` WHERE `id` = 1 LIMIT 1   [ RunTime:0.0003s ]
NOTIC: [8] Undefined index: start /Library/WebServer/Documents/Study/Application/Home/Controller/MyClassController.class.php 第 212 行.
NOTIC: [8] Undefined index: course_id /Library/WebServer/Documents/Study/Application/Home/Controller/MyClassController.class.php 第 214 行.
NOTIC: [8] Undefined index: class_id /Library/WebServer/Documents/Study/Application/Home/Controller/MyClassController.class.php 第 216 行.
NOTIC: [8] Undefined index: use_day /Library/WebServer/Documents/Study/Application/Home/Controller/MyClassController.class.php 第 219 行.
NOTIC: [8] Undefined index: setup /Library/WebServer/Documents/Study/Application/Home/Controller/MyClassController.class.php 第 220 行.
NOTIC: [8] Undefined index: use_day /Library/WebServer/Documents/Study/Application/Home/Controller/MyClassController.class.php 第 222 行.
NOTIC: [8] Undefined index: start_id /Library/WebServer/Documents/Study/Application/Home/Controller/MyClassController.class.php 第 223 行.
NOTIC: [8] Undefined index: end_id /Library/WebServer/Documents/Study/Application/Home/Controller/MyClassController.class.php 第 224 行.
SQL: SHOW COLUMNS FROM `classtasklist` [ RunTime:0.0009s ]
ERR: 1048:Column 'course_id' cannot be null
 [ SQL语句 ] : INSERT INTO `classtasklist` (`course_id`,`teacher_id`,`class_id`,`start`,`end`,`setup`,`time`,`day`,`start_text_id`,`end_text_id`) VALUES (NULL,'1',NULL,'1517500800','1517500800',NULL,'1517575367','0',NULL,NULL)
ERR: 1048:Column 'course_id' cannot be null
 [ SQL语句 ] : INSERT INTO `classtasklist` (`course_id`,`teacher_id`,`class_id`,`start`,`end`,`setup`,`time`,`day`,`start_text_id`,`end_text_id`) VALUES (NULL,'1',NULL,'1517500800','1517500800',NULL,'1517575367','0',NULL,NULL)

[ 2018-02-02T20:43:21+08:00 ] 127.0.0.1 /Home/MyClass/addHomeworkFunc.html
SQL: SHOW COLUMNS FROM `user` [ RunTime:0.0004s ]
SQL: SELECT * FROM `user` WHERE `id` = 1 LIMIT 1   [ RunTime:0.0002s ]

[ 2018-02-02T20:43:53+08:00 ] 127.0.0.1 /Home/MyClass/addHomework/class_id/1.html
SQL: SHOW COLUMNS FROM `user` [ RunTime:0.0004s ]
SQL: SELECT * FROM `user` WHERE `id` = 1 LIMIT 1   [ RunTime:0.0002s ]
SQL: SHOW COLUMNS FROM `classes` [ RunTime:0.0004s ]
SQL: SELECT * FROM `classes` WHERE ( class_id = 1 ) LIMIT 1   [ RunTime:0.0002s ]
SQL: SHOW COLUMNS FROM `classstudentlist` [ RunTime:0.0003s ]
SQL: SELECT * FROM `classstudentlist` WHERE ( class_id = 1 and user_id = 1 ) LIMIT 1   [ RunTime:0.0002s ]
SQL: SHOW COLUMNS FROM `classstudentlist` [ RunTime:0.0004s ]
SQL: SELECT * FROM `classstudentlist` WHERE ( class_id = 1 )  [ RunTime:0.0003s ]
SQL: SHOW COLUMNS FROM `user` [ RunTime:0.0005s ]
SQL: SELECT * FROM `user` WHERE ( id = 2 ) LIMIT 1   [ RunTime:0.0003s ]
NOTIC: [8] Undefined variable: tenm /Library/WebServer/Documents/Study/Application/Home/Model/ClassstudentlistModel.class.php 第 24 行.
SQL: SHOW COLUMNS FROM `user_funds` [ RunTime:0.0005s ]
SQL: SELECT * FROM `user_funds` WHERE ( user_id = 2 ) LIMIT 1   [ RunTime:0.0002s ]
SQL: SELECT * FROM `user` WHERE ( id = 1 ) LIMIT 1   [ RunTime:0.0002s ]
NOTIC: [8] Undefined variable: tenm /Library/WebServer/Documents/Study/Application/Home/Model/ClassstudentlistModel.class.php 第 24 行.
SQL: SELECT * FROM `user_funds` WHERE ( user_id = 1 ) LIMIT 1   [ RunTime:0.0003s ]
SQL: SELECT * FROM `user` WHERE ( id = 3 ) LIMIT 1   [ RunTime:0.0002s ]
NOTIC: [8] Undefined variable: tenm /Library/WebServer/Documents/Study/Application/Home/Model/ClassstudentlistModel.class.php 第 24 行.
SQL: SELECT * FROM `user_funds` WHERE ( user_id = 3 ) LIMIT 1   [ RunTime:0.0001s ]
SQL: SHOW COLUMNS FROM `book` [ RunTime:0.0004s ]
SQL: SELECT * FROM `book`  [ RunTime:0.0002s ]

[ 2018-02-02T20:43:53+08:00 ] 127.0.0.1 /Home/MyClass/getTextBooks.html
SQL: SHOW COLUMNS FROM `user` [ RunTime:0.0007s ]
SQL: SELECT * FROM `user` WHERE `id` = 1 LIMIT 1   [ RunTime:0.0004s ]
SQL: SHOW COLUMNS FROM `book_res` [ RunTime:0.0008s ]
SQL: SELECT * FROM `book_res` WHERE ( book_id = 4 )  [ RunTime:0.0007s ]

[ 2018-02-02T20:43:54+08:00 ] 127.0.0.1 /Home/MyClass/addHomeworkFunc.html
SQL: SHOW COLUMNS FROM `user` [ RunTime:0.0012s ]
SQL: SELECT * FROM `user` WHERE `id` = 1 LIMIT 1   [ RunTime:0.0004s ]
SQL: SHOW COLUMNS FROM `classtasklist` [ RunTime:0.0008s ]
ERR: 1364:Field 'user_id' doesn't have a default value
 [ SQL语句 ] : INSERT INTO `classtasklist` (`course_id`,`teacher_id`,`class_id`,`start`,`end`,`setup`,`time`,`day`,`start_text_id`,`end_text_id`) VALUES ('4','1','1','1517500800','1517587200','1','1517575434','1','34','34')
ERR: 1364:Field 'user_id' doesn't have a default value
 [ SQL语句 ] : INSERT INTO `classtasklist` (`course_id`,`teacher_id`,`class_id`,`start`,`end`,`setup`,`time`,`day`,`start_text_id`,`end_text_id`) VALUES ('4','1','1','1517500800','1517587200','1','1517575434','1','34','34')

[ 2018-02-02T20:44:27+08:00 ] 127.0.0.1 /Home/MyClass/addHomework/class_id/1.html
SQL: SHOW COLUMNS FROM `user` [ RunTime:0.0007s ]
SQL: SELECT * FROM `user` WHERE `id` = 1 LIMIT 1   [ RunTime:0.0003s ]
SQL: SHOW COLUMNS FROM `classes` [ RunTime:0.0010s ]
SQL: SELECT * FROM `classes` WHERE ( class_id = 1 ) LIMIT 1   [ RunTime:0.0003s ]
SQL: SHOW COLUMNS FROM `classstudentlist` [ RunTime:0.0009s ]
SQL: SELECT * FROM `classstudentlist` WHERE ( class_id = 1 and user_id = 1 ) LIMIT 1   [ RunTime:0.0002s ]
SQL: SHOW COLUMNS FROM `classstudentlist` [ RunTime:0.0006s ]
SQL: SELECT * FROM `classstudentlist` WHERE ( class_id = 1 )  [ RunTime:0.0003s ]
SQL: SHOW COLUMNS FROM `user` [ RunTime:0.0004s ]
SQL: SELECT * FROM `user` WHERE ( id = 2 ) LIMIT 1   [ RunTime:0.0002s ]
NOTIC: [8] Undefined variable: tenm /Library/WebServer/Documents/Study/Application/Home/Model/ClassstudentlistModel.class.php 第 24 行.
SQL: SHOW COLUMNS FROM `user_funds` [ RunTime:0.0003s ]
SQL: SELECT * FROM `user_funds` WHERE ( user_id = 2 ) LIMIT 1   [ RunTime:0.0002s ]
SQL: SELECT * FROM `user` WHERE ( id = 1 ) LIMIT 1   [ RunTime:0.0002s ]
NOTIC: [8] Undefined variable: tenm /Library/WebServer/Documents/Study/Application/Home/Model/ClassstudentlistModel.class.php 第 24 行.
SQL: SELECT * FROM `user_funds` WHERE ( user_id = 1 ) LIMIT 1   [ RunTime:0.0002s ]
SQL: SELECT * FROM `user` WHERE ( id = 3 ) LIMIT 1   [ RunTime:0.0002s ]
NOTIC: [8] Undefined variable: tenm /Library/WebServer/Documents/Study/Application/Home/Model/ClassstudentlistModel.class.php 第 24 行.
SQL: SELECT * FROM `user_funds` WHERE ( user_id = 3 ) LIMIT 1   [ RunTime:0.0002s ]
SQL: SHOW COLUMNS FROM `book` [ RunTime:0.0010s ]
SQL: SELECT * FROM `book`  [ RunTime:0.0003s ]

[ 2018-02-02T20:44:27+08:00 ] 127.0.0.1 /Home/MyClass/getTextBooks.html
SQL: SHOW COLUMNS FROM `user` [ RunTime:0.0006s ]
SQL: SELECT * FROM `user` WHERE `id` = 1 LIMIT 1   [ RunTime:0.0003s ]
SQL: SHOW COLUMNS FROM `book_res` [ RunTime:0.0005s ]
SQL: SELECT * FROM `book_res` WHERE ( book_id = 4 )  [ RunTime:0.0004s ]

[ 2018-02-02T20:44:28+08:00 ] 127.0.0.1 /Home/MyClass/addHomeworkFunc.html
SQL: SHOW COLUMNS FROM `user` [ RunTime:0.0005s ]
SQL: SELECT * FROM `user` WHERE `id` = 1 LIMIT 1   [ RunTime:0.0003s ]
SQL: SHOW COLUMNS FROM `classtasklist` [ RunTime:0.0005s ]
ERR: 1364:Field 'user_id' doesn't have a default value
 [ SQL语句 ] : INSERT INTO `classtasklist` (`course_id`,`teacher_id`,`class_id`,`start`,`end`,`setup`,`time`,`day`,`start_text_id`,`end_text_id`) VALUES ('4','1','1','1517500800','1517587200','1','1517575468','1','34','34')
ERR: 1364:Field 'user_id' doesn't have a default value
 [ SQL语句 ] : INSERT INTO `classtasklist` (`course_id`,`teacher_id`,`class_id`,`start`,`end`,`setup`,`time`,`day`,`start_text_id`,`end_text_id`) VALUES ('4','1','1','1517500800','1517587200','1','1517575468','1','34','34')

[ 2018-02-02T20:44:30+08:00 ] 127.0.0.1 /Home/MyClass/addHomeworkFunc.html
SQL: SHOW COLUMNS FROM `user` [ RunTime:0.0007s ]
SQL: SELECT * FROM `user` WHERE `id` = 1 LIMIT 1   [ RunTime:0.0004s ]

[ 2018-02-02T20:44:47+08:00 ] 127.0.0.1 /Home/MyClass/addHomework/class_id/1.html
SQL: SHOW COLUMNS FROM `user` [ RunTime:0.0005s ]
SQL: SELECT * FROM `user` WHERE `id` = 1 LIMIT 1   [ RunTime:0.0003s ]
SQL: SHOW COLUMNS FROM `classes` [ RunTime:0.0004s ]
SQL: SELECT * FROM `classes` WHERE ( class_id = 1 ) LIMIT 1   [ RunTime:0.0003s ]
SQL: SHOW COLUMNS FROM `classstudentlist` [ RunTime:0.0003s ]
SQL: SELECT * FROM `classstudentlist` WHERE ( class_id = 1 and user_id = 1 ) LIMIT 1   [ RunTime:0.0002s ]
SQL: SHOW COLUMNS FROM `classstudentlist` [ RunTime:0.0003s ]
SQL: SELECT * FROM `classstudentlist` WHERE ( class_id = 1 )  [ RunTime:0.0002s ]
SQL: SHOW COLUMNS FROM `user` [ RunTime:0.0004s ]
SQL: SELECT * FROM `user` WHERE ( id = 2 ) LIMIT 1   [ RunTime:0.0002s ]
NOTIC: [8] Undefined variable: tenm /Library/WebServer/Documents/Study/Application/Home/Model/ClassstudentlistModel.class.php 第 24 行.
SQL: SHOW COLUMNS FROM `user_funds` [ RunTime:0.0003s ]
SQL: SELECT * FROM `user_funds` WHERE ( user_id = 2 ) LIMIT 1   [ RunTime:0.0001s ]
SQL: SELECT * FROM `user` WHERE ( id = 1 ) LIMIT 1   [ RunTime:0.0002s ]
NOTIC: [8] Undefined variable: tenm /Library/WebServer/Documents/Study/Application/Home/Model/ClassstudentlistModel.class.php 第 24 行.
SQL: SELECT * FROM `user_funds` WHERE ( user_id = 1 ) LIMIT 1   [ RunTime:0.0001s ]
SQL: SELECT * FROM `user` WHERE ( id = 3 ) LIMIT 1   [ RunTime:0.0001s ]
NOTIC: [8] Undefined variable: tenm /Library/WebServer/Documents/Study/Application/Home/Model/ClassstudentlistModel.class.php 第 24 行.
SQL: SELECT * FROM `user_funds` WHERE ( user_id = 3 ) LIMIT 1   [ RunTime:0.0001s ]
SQL: SHOW COLUMNS FROM `book` [ RunTime:0.0003s ]
SQL: SELECT * FROM `book`  [ RunTime:0.0002s ]

[ 2018-02-02T20:44:47+08:00 ] 127.0.0.1 /Home/MyClass/getTextBooks.html
SQL: SHOW COLUMNS FROM `user` [ RunTime:0.0005s ]
SQL: SELECT * FROM `user` WHERE `id` = 1 LIMIT 1   [ RunTime:0.0003s ]
SQL: SHOW COLUMNS FROM `book_res` [ RunTime:0.0004s ]
SQL: SELECT * FROM `book_res` WHERE ( book_id = 4 )  [ RunTime:0.0014s ]

[ 2018-02-02T20:44:48+08:00 ] 127.0.0.1 /Home/MyClass/addHomeworkFunc.html
SQL: SHOW COLUMNS FROM `user` [ RunTime:0.0006s ]
SQL: SELECT * FROM `user` WHERE `id` = 1 LIMIT 1   [ RunTime:0.0004s ]

[ 2018-02-02T20:47:42+08:00 ] 127.0.0.1 /Home/MyClass/addHomeworkFunc.html
SQL: SHOW COLUMNS FROM `user` [ RunTime:0.0004s ]
SQL: SELECT * FROM `user` WHERE `id` = 1 LIMIT 1   [ RunTime:0.0002s ]
NOTIC: [8] Undefined index: use_day /Library/WebServer/Documents/Study/Application/Home/Controller/MyClassController.class.php 第 224 行.
NOTIC: [8] Undefined index: use_day /Library/WebServer/Documents/Study/Application/Home/Controller/MyClassController.class.php 第 227 行.
NOTIC: [8] Undefined index: start_id /Library/WebServer/Documents/Study/Application/Home/Controller/MyClassController.class.php 第 228 行.
NOTIC: [8] Undefined index: end_id /Library/WebServer/Documents/Study/Application/Home/Controller/MyClassController.class.php 第 229 行.
SQL: SHOW COLUMNS FROM `classtasklist` [ RunTime:0.0005s ]
ERR: 1048:Column 'start_text_id' cannot be null
 [ SQL语句 ] : INSERT INTO `classtasklist` (`course_id`,`teacher_id`,`class_id`,`start`,`end`,`setup`,`time`,`day`,`start_text_id`,`end_text_id`) VALUES ('4','1','1','0','0','1','1517575662','0',NULL,NULL)
ERR: 1048:Column 'start_text_id' cannot be null
 [ SQL语句 ] : INSERT INTO `classtasklist` (`course_id`,`teacher_id`,`class_id`,`start`,`end`,`setup`,`time`,`day`,`start_text_id`,`end_text_id`) VALUES ('4','1','1','0','0','1','1517575662','0',NULL,NULL)

[ 2018-02-02T20:48:15+08:00 ] 127.0.0.1 /Home/MyClass/addHomeworkFunc.html
SQL: SHOW COLUMNS FROM `user` [ RunTime:0.0004s ]
SQL: SELECT * FROM `user` WHERE `id` = 1 LIMIT 1   [ RunTime:0.0003s ]
NOTIC: [8] Undefined index: use_day /Library/WebServer/Documents/Study/Application/Home/Controller/MyClassController.class.php 第 224 行.
NOTIC: [8] Undefined index: use_day /Library/WebServer/Documents/Study/Application/Home/Controller/MyClassController.class.php 第 227 行.
SQL: SHOW COLUMNS FROM `classtasklist` [ RunTime:0.0008s ]
ERR: 1364:Field 'user_id' doesn't have a default value
 [ SQL语句 ] : INSERT INTO `classtasklist` (`course_id`,`teacher_id`,`class_id`,`start`,`end`,`setup`,`time`,`day`,`start_text_id`,`end_text_id`) VALUES ('4','1','1','0','0','1','1517575695','0','1','34')
ERR: 1364:Field 'user_id' doesn't have a default value
 [ SQL语句 ] : INSERT INTO `classtasklist` (`course_id`,`teacher_id`,`class_id`,`start`,`end`,`setup`,`time`,`day`,`start_text_id`,`end_text_id`) VALUES ('4','1','1','0','0','1','1517575695','0','1','34')

[ 2018-02-02T20:48:55+08:00 ] 127.0.0.1 /Home/MyClass/addHomework/class_id/1.html
SQL: SHOW COLUMNS FROM `user` [ RunTime:0.0005s ]
SQL: SELECT * FROM `user` WHERE `id` = 1 LIMIT 1   [ RunTime:0.0002s ]
SQL: SHOW COLUMNS FROM `classes` [ RunTime:0.0004s ]
SQL: SELECT * FROM `classes` WHERE ( class_id = 1 ) LIMIT 1   [ RunTime:0.0003s ]
SQL: SHOW COLUMNS FROM `classstudentlist` [ RunTime:0.0004s ]
SQL: SELECT * FROM `classstudentlist` WHERE ( class_id = 1 and user_id = 1 ) LIMIT 1   [ RunTime:0.0002s ]
SQL: SHOW COLUMNS FROM `classstudentlist` [ RunTime:0.0004s ]
SQL: SELECT * FROM `classstudentlist` WHERE ( class_id = 1 )  [ RunTime:0.0002s ]
SQL: SHOW COLUMNS FROM `user` [ RunTime:0.0003s ]
SQL: SELECT * FROM `user` WHERE ( id = 2 ) LIMIT 1   [ RunTime:0.0002s ]
NOTIC: [8] Undefined variable: tenm /Library/WebServer/Documents/Study/Application/Home/Model/ClassstudentlistModel.class.php 第 24 行.
SQL: SHOW COLUMNS FROM `user_funds` [ RunTime:0.0004s ]
SQL: SELECT * FROM `user_funds` WHERE ( user_id = 2 ) LIMIT 1   [ RunTime:0.0003s ]
SQL: SELECT * FROM `user` WHERE ( id = 1 ) LIMIT 1   [ RunTime:0.0002s ]
NOTIC: [8] Undefined variable: tenm /Library/WebServer/Documents/Study/Application/Home/Model/ClassstudentlistModel.class.php 第 24 行.
SQL: SELECT * FROM `user_funds` WHERE ( user_id = 1 ) LIMIT 1   [ RunTime:0.0002s ]
SQL: SELECT * FROM `user` WHERE ( id = 3 ) LIMIT 1   [ RunTime:0.0002s ]
NOTIC: [8] Undefined variable: tenm /Library/WebServer/Documents/Study/Application/Home/Model/ClassstudentlistModel.class.php 第 24 行.
SQL: SELECT * FROM `user_funds` WHERE ( user_id = 3 ) LIMIT 1   [ RunTime:0.0006s ]
SQL: SHOW COLUMNS FROM `book` [ RunTime:0.0012s ]
SQL: SELECT * FROM `book`  [ RunTime:0.0003s ]

[ 2018-02-02T20:48:55+08:00 ] 127.0.0.1 /Home/MyClass/getTextBooks.html
SQL: SHOW COLUMNS FROM `user` [ RunTime:0.0009s ]
SQL: SELECT * FROM `user` WHERE `id` = 1 LIMIT 1   [ RunTime:0.0004s ]
SQL: SHOW COLUMNS FROM `book_res` [ RunTime:0.0006s ]
SQL: SELECT * FROM `book_res` WHERE ( book_id = 4 )  [ RunTime:0.0014s ]

[ 2018-02-02T20:49:09+08:00 ] 127.0.0.1 /Home/MyClass/addHomeworkFunc.html
SQL: SHOW COLUMNS FROM `user` [ RunTime:0.0004s ]
SQL: SELECT * FROM `user` WHERE `id` = 1 LIMIT 1   [ RunTime:0.0003s ]
SQL: SHOW COLUMNS FROM `classtasklist` [ RunTime:0.0008s ]
SQL: INSERT INTO `classtasklist` (`course_id`,`teacher_id`,`class_id`,`start`,`end`,`setup`,`time`,`day`,`start_text_id`,`end_text_id`) VALUES ('4','1','1','1519747200','1520092800','3','1517575749','4','34','38') [ RunTime:0.0002s ]

[ 2018-02-02T20:50:18+08:00 ] 127.0.0.1 /Home/MyClass/addHomeworkFunc.html
SQL: SHOW COLUMNS FROM `user` [ RunTime:0.0005s ]
SQL: SELECT * FROM `user` WHERE `id` = 1 LIMIT 1   [ RunTime:0.0003s ]
SQL: SHOW COLUMNS FROM `classtasklist` [ RunTime:0.0006s ]
SQL: INSERT INTO `classtasklist` (`course_id`,`teacher_id`,`class_id`,`start`,`end`,`setup`,`time`,`day`,`start_text_id`,`end_text_id`) VALUES ('4','1','1','1519747200','1520092800','3','1517575818','4','34','38') [ RunTime:0.0004s ]

[ 2018-02-02T20:50:20+08:00 ] 127.0.0.1 /Home/MyClass/addHomework/class_id/1.html
SQL: SHOW COLUMNS FROM `user` [ RunTime:0.0004s ]
SQL: SELECT * FROM `user` WHERE `id` = 1 LIMIT 1   [ RunTime:0.0002s ]
SQL: SHOW COLUMNS FROM `classes` [ RunTime:0.0003s ]
SQL: SELECT * FROM `classes` WHERE ( class_id = 1 ) LIMIT 1   [ RunTime:0.0002s ]
SQL: SHOW COLUMNS FROM `classstudentlist` [ RunTime:0.0003s ]
SQL: SELECT * FROM `classstudentlist` WHERE ( class_id = 1 and user_id = 1 ) LIMIT 1   [ RunTime:0.0002s ]
SQL: SHOW COLUMNS FROM `classstudentlist` [ RunTime:0.0004s ]
SQL: SELECT * FROM `classstudentlist` WHERE ( class_id = 1 )  [ RunTime:0.0002s ]
SQL: SHOW COLUMNS FROM `user` [ RunTime:0.0004s ]
SQL: SELECT * FROM `user` WHERE ( id = 2 ) LIMIT 1   [ RunTime:0.0002s ]
NOTIC: [8] Undefined variable: tenm /Library/WebServer/Documents/Study/Application/Home/Model/ClassstudentlistModel.class.php 第 24 行.
SQL: SHOW COLUMNS FROM `user_funds` [ RunTime:0.0002s ]
SQL: SELECT * FROM `user_funds` WHERE ( user_id = 2 ) LIMIT 1   [ RunTime:0.0001s ]
SQL: SELECT * FROM `user` WHERE ( id = 1 ) LIMIT 1   [ RunTime:0.0001s ]
NOTIC: [8] Undefined variable: tenm /Library/WebServer/Documents/Study/Application/Home/Model/ClassstudentlistModel.class.php 第 24 行.
SQL: SELECT * FROM `user_funds` WHERE ( user_id = 1 ) LIMIT 1   [ RunTime:0.0001s ]
SQL: SELECT * FROM `user` WHERE ( id = 3 ) LIMIT 1   [ RunTime:0.0001s ]
NOTIC: [8] Undefined variable: tenm /Library/WebServer/Documents/Study/Application/Home/Model/ClassstudentlistModel.class.php 第 24 行.
SQL: SELECT * FROM `user_funds` WHERE ( user_id = 3 ) LIMIT 1   [ RunTime:0.0001s ]
SQL: SHOW COLUMNS FROM `book` [ RunTime:0.0003s ]
SQL: SELECT * FROM `book`  [ RunTime:0.0002s ]

[ 2018-02-02T20:50:20+08:00 ] 127.0.0.1 /Home/MyClass/getTextBooks.html
SQL: SHOW COLUMNS FROM `user` [ RunTime:0.0005s ]
SQL: SELECT * FROM `user` WHERE `id` = 1 LIMIT 1   [ RunTime:0.0003s ]
SQL: SHOW COLUMNS FROM `book_res` [ RunTime:0.0004s ]
SQL: SELECT * FROM `book_res` WHERE ( book_id = 4 )  [ RunTime:0.0004s ]

[ 2018-02-02T20:50:45+08:00 ] 127.0.0.1 /Home/MyClass/addHomeworkFunc.html
SQL: SHOW COLUMNS FROM `user` [ RunTime:0.0004s ]
SQL: SELECT * FROM `user` WHERE `id` = 1 LIMIT 1   [ RunTime:0.0002s ]
SQL: SHOW COLUMNS FROM `classtasklist` [ RunTime:0.0007s ]
SQL: INSERT INTO `classtasklist` (`course_id`,`teacher_id`,`class_id`,`start`,`end`,`setup`,`time`,`day`,`start_text_id`,`end_text_id`) VALUES ('4','1','1','1519747200','1520092800','3','1517575845','4','34','38') [ RunTime:0.0002s ]

[ 2018-02-02T20:51:24+08:00 ] 127.0.0.1 /Home/MyClass/addHomework/class_id/1.html
SQL: SHOW COLUMNS FROM `user` [ RunTime:0.0004s ]
SQL: SELECT * FROM `user` WHERE `id` = 1 LIMIT 1   [ RunTime:0.0002s ]
SQL: SHOW COLUMNS FROM `classes` [ RunTime:0.0004s ]
SQL: SELECT * FROM `classes` WHERE ( class_id = 1 ) LIMIT 1   [ RunTime:0.0002s ]
SQL: SHOW COLUMNS FROM `classstudentlist` [ RunTime:0.0003s ]
SQL: SELECT * FROM `classstudentlist` WHERE ( class_id = 1 and user_id = 1 ) LIMIT 1   [ RunTime:0.0002s ]
SQL: SHOW COLUMNS FROM `classstudentlist` [ RunTime:0.0004s ]
SQL: SELECT * FROM `classstudentlist` WHERE ( class_id = 1 )  [ RunTime:0.0002s ]
SQL: SHOW COLUMNS FROM `user` [ RunTime:0.0003s ]
SQL: SELECT * FROM `user` WHERE ( id = 2 ) LIMIT 1   [ RunTime:0.0002s ]
NOTIC: [8] Undefined variable: tenm /Library/WebServer/Documents/Study/Application/Home/Model/ClassstudentlistModel.class.php 第 24 行.
SQL: SHOW COLUMNS FROM `user_funds` [ RunTime:0.0003s ]
SQL: SELECT * FROM `user_funds` WHERE ( user_id = 2 ) LIMIT 1   [ RunTime:0.0001s ]
SQL: SELECT * FROM `user` WHERE ( id = 1 ) LIMIT 1   [ RunTime:0.0001s ]
NOTIC: [8] Undefined variable: tenm /Library/WebServer/Documents/Study/Application/Home/Model/ClassstudentlistModel.class.php 第 24 行.
SQL: SELECT * FROM `user_funds` WHERE ( user_id = 1 ) LIMIT 1   [ RunTime:0.0001s ]
SQL: SELECT * FROM `user` WHERE ( id = 3 ) LIMIT 1   [ RunTime:0.0001s ]
NOTIC: [8] Undefined variable: tenm /Library/WebServer/Documents/Study/Application/Home/Model/ClassstudentlistModel.class.php 第 24 行.
SQL: SELECT * FROM `user_funds` WHERE ( user_id = 3 ) LIMIT 1   [ RunTime:0.0001s ]
SQL: SHOW COLUMNS FROM `book` [ RunTime:0.0003s ]
SQL: SELECT * FROM `book`  [ RunTime:0.0002s ]

[ 2018-02-02T20:51:24+08:00 ] 127.0.0.1 /Home/MyClass/getTextBooks.html
SQL: SHOW COLUMNS FROM `user` [ RunTime:0.0006s ]
SQL: SELECT * FROM `user` WHERE `id` = 1 LIMIT 1   [ RunTime:0.0004s ]
SQL: SHOW COLUMNS FROM `book_res` [ RunTime:0.0006s ]
SQL: SELECT * FROM `book_res` WHERE ( book_id = 4 )  [ RunTime:0.0005s ]

[ 2018-02-02T20:54:27+08:00 ] 127.0.0.1 /Home/MyClass/addHomework/class_id/1.html
SQL: SHOW COLUMNS FROM `user` [ RunTime:0.0005s ]
SQL: SELECT * FROM `user` WHERE `id` = 1 LIMIT 1   [ RunTime:0.0002s ]
SQL: SHOW COLUMNS FROM `classes` [ RunTime:0.0004s ]
SQL: SELECT * FROM `classes` WHERE ( class_id = 1 ) LIMIT 1   [ RunTime:0.0002s ]
SQL: SHOW COLUMNS FROM `classstudentlist` [ RunTime:0.0003s ]
SQL: SELECT * FROM `classstudentlist` WHERE ( class_id = 1 and user_id = 1 ) LIMIT 1   [ RunTime:0.0002s ]
SQL: SHOW COLUMNS FROM `classstudentlist` [ RunTime:0.0004s ]
SQL: SELECT * FROM `classstudentlist` WHERE ( class_id = 1 )  [ RunTime:0.0002s ]
SQL: SHOW COLUMNS FROM `user` [ RunTime:0.0003s ]
SQL: SELECT * FROM `user` WHERE ( id = 2 ) LIMIT 1   [ RunTime:0.0002s ]
NOTIC: [8] Undefined variable: tenm /Library/WebServer/Documents/Study/Application/Home/Model/ClassstudentlistModel.class.php 第 24 行.
SQL: SHOW COLUMNS FROM `user_funds` [ RunTime:0.0003s ]
SQL: SELECT * FROM `user_funds` WHERE ( user_id = 2 ) LIMIT 1   [ RunTime:0.0002s ]
SQL: SELECT * FROM `user` WHERE ( id = 1 ) LIMIT 1   [ RunTime:0.0002s ]
NOTIC: [8] Undefined variable: tenm /Library/WebServer/Documents/Study/Application/Home/Model/ClassstudentlistModel.class.php 第 24 行.
SQL: SELECT * FROM `user_funds` WHERE ( user_id = 1 ) LIMIT 1   [ RunTime:0.0002s ]
SQL: SELECT * FROM `user` WHERE ( id = 3 ) LIMIT 1   [ RunTime:0.0002s ]
NOTIC: [8] Undefined variable: tenm /Library/WebServer/Documents/Study/Application/Home/Model/ClassstudentlistModel.class.php 第 24 行.
SQL: SELECT * FROM `user_funds` WHERE ( user_id = 3 ) LIMIT 1   [ RunTime:0.0001s ]
SQL: SHOW COLUMNS FROM `book` [ RunTime:0.0004s ]
SQL: SELECT * FROM `book`  [ RunTime:0.0002s ]

[ 2018-02-02T20:54:28+08:00 ] 127.0.0.1 /Home/MyClass/getTextBooks.html
SQL: SHOW COLUMNS FROM `user` [ RunTime:0.0006s ]
SQL: SELECT * FROM `user` WHERE `id` = 1 LIMIT 1   [ RunTime:0.0003s ]
SQL: SHOW COLUMNS FROM `book_res` [ RunTime:0.0005s ]
SQL: SELECT * FROM `book_res` WHERE ( book_id = 4 )  [ RunTime:0.0016s ]

[ 2018-02-02T20:54:36+08:00 ] 127.0.0.1 /Home/MyClass/addHomeworkFunc.html
SQL: SHOW COLUMNS FROM `user` [ RunTime:0.0005s ]
SQL: SELECT * FROM `user` WHERE `id` = 1 LIMIT 1   [ RunTime:0.0002s ]
SQL: SHOW COLUMNS FROM `classtasklist` [ RunTime:0.0006s ]
SQL: INSERT INTO `classtasklist` (`course_id`,`teacher_id`,`class_id`,`start`,`end`,`setup`,`time`,`day`,`start_text_id`,`end_text_id`) VALUES ('4','1','1','1519747200','1520784000','2','1517576076','12','34','38') [ RunTime:0.0011s ]

[ 2018-02-02T21:05:48+08:00 ] 127.0.0.1 /Home/MyClass/addHomework/class_id/1.html
SQL: SHOW COLUMNS FROM `user` [ RunTime:0.0004s ]
SQL: SELECT * FROM `user` WHERE `id` = 1 LIMIT 1   [ RunTime:0.0002s ]
SQL: SHOW COLUMNS FROM `classes` [ RunTime:0.0004s ]
SQL: SELECT * FROM `classes` WHERE ( class_id = 1 ) LIMIT 1   [ RunTime:0.0002s ]
SQL: SHOW COLUMNS FROM `classstudentlist` [ RunTime:0.0003s ]
SQL: SELECT * FROM `classstudentlist` WHERE ( class_id = 1 and user_id = 1 ) LIMIT 1   [ RunTime:0.0002s ]
SQL: SHOW COLUMNS FROM `classstudentlist` [ RunTime:0.0003s ]
SQL: SELECT * FROM `classstudentlist` WHERE ( class_id = 1 )  [ RunTime:0.0002s ]
SQL: SHOW COLUMNS FROM `user` [ RunTime:0.0004s ]
SQL: SELECT * FROM `user` WHERE ( id = 2 ) LIMIT 1   [ RunTime:0.0002s ]
NOTIC: [8] Undefined variable: tenm /Library/WebServer/Documents/Study/Application/Home/Model/ClassstudentlistModel.class.php 第 24 行.
SQL: SHOW COLUMNS FROM `user_funds` [ RunTime:0.0003s ]
SQL: SELECT * FROM `user_funds` WHERE ( user_id = 2 ) LIMIT 1   [ RunTime:0.0002s ]
SQL: SELECT * FROM `user` WHERE ( id = 1 ) LIMIT 1   [ RunTime:0.0001s ]
NOTIC: [8] Undefined variable: tenm /Library/WebServer/Documents/Study/Application/Home/Model/ClassstudentlistModel.class.php 第 24 行.
SQL: SELECT * FROM `user_funds` WHERE ( user_id = 1 ) LIMIT 1   [ RunTime:0.0001s ]
SQL: SELECT * FROM `user` WHERE ( id = 3 ) LIMIT 1   [ RunTime:0.0001s ]
NOTIC: [8] Undefined variable: tenm /Library/WebServer/Documents/Study/Application/Home/Model/ClassstudentlistModel.class.php 第 24 行.
SQL: SELECT * FROM `user_funds` WHERE ( user_id = 3 ) LIMIT 1   [ RunTime:0.0001s ]
SQL: SHOW COLUMNS FROM `book` [ RunTime:0.0005s ]
SQL: SELECT * FROM `book`  [ RunTime:0.0002s ]

[ 2018-02-02T21:05:49+08:00 ] 127.0.0.1 /Home/MyClass/getTextBooks.html
SQL: SHOW COLUMNS FROM `user` [ RunTime:0.0006s ]
SQL: SELECT * FROM `user` WHERE `id` = 1 LIMIT 1   [ RunTime:0.0004s ]
SQL: SHOW COLUMNS FROM `book_res` [ RunTime:0.0006s ]
SQL: SELECT * FROM `book_res` WHERE ( book_id = 4 )  [ RunTime:0.0014s ]

[ 2018-02-02T21:06:01+08:00 ] 127.0.0.1 /Home/MyClass/addHomeworkFunc.html
SQL: SHOW COLUMNS FROM `user` [ RunTime:0.0004s ]
SQL: SELECT * FROM `user` WHERE `id` = 1 LIMIT 1   [ RunTime:0.0005s ]
SQL: SHOW COLUMNS FROM `classtasklist` [ RunTime:0.0004s ]
SQL: INSERT INTO `classtasklist` (`course_id`,`teacher_id`,`class_id`,`start`,`end`,`setup`,`time`,`day`,`start_text_id`,`end_text_id`) VALUES ('4','1','1','1519747200','1520092800','3','1517576761','4','34','38') [ RunTime:0.0002s ]

[ 2018-02-02T21:06:20+08:00 ] 127.0.0.1 /Home/MyClass/addHomeworkFunc.html
SQL: SHOW COLUMNS FROM `user` [ RunTime:0.0020s ]
SQL: SELECT * FROM `user` WHERE `id` = 1 LIMIT 1   [ RunTime:0.0006s ]

[ 2018-02-02T21:06:25+08:00 ] 127.0.0.1 /Home/MyClass/addHomeworkFunc.html
SQL: SHOW COLUMNS FROM `user` [ RunTime:0.0005s ]
SQL: SELECT * FROM `user` WHERE `id` = 1 LIMIT 1   [ RunTime:0.0003s ]
NOTIC: [8] Undefined index: use_day /Library/WebServer/Documents/Study/Application/Home/Controller/MyClassController.class.php 第 224 行.
NOTIC: [8] Undefined index: use_day /Library/WebServer/Documents/Study/Application/Home/Controller/MyClassController.class.php 第 227 行.
SQL: SHOW COLUMNS FROM `classtasklist` [ RunTime:0.0008s ]
SQL: INSERT INTO `classtasklist` (`course_id`,`teacher_id`,`class_id`,`start`,`end`,`setup`,`time`,`day`,`start_text_id`,`end_text_id`) VALUES ('4','1','1','0','0','1','1517576785','0','1','34') [ RunTime:0.0003s ]

[ 2018-02-02T21:06:44+08:00 ] 127.0.0.1 /Home/MyClass/addHomeworkFunc.html
SQL: SHOW COLUMNS FROM `user` [ RunTime:0.0005s ]
SQL: SELECT * FROM `user` WHERE `id` = 1 LIMIT 1   [ RunTime:0.0002s ]
SQL: SHOW COLUMNS FROM `classtasklist` [ RunTime:0.0005s ]
SQL: INSERT INTO `classtasklist` (`course_id`,`teacher_id`,`class_id`,`start`,`end`,`setup`,`time`,`day`,`start_text_id`,`end_text_id`) VALUES ('4','1','1','1519747200','1520092800','3','1517576804','4','34','38') [ RunTime:0.0002s ]
SQL: SHOW COLUMNS FROM `classhomework` [ RunTime:0.0004s ]
SQL: SHOW COLUMNS FROM `classstudentlist` [ RunTime:0.0003s ]
SQL: SELECT * FROM `classstudentlist` WHERE ( class_id = 1 )  [ RunTime:0.0002s ]
SQL: INSERT INTO `classhomework` (`class_id`,`book_id`,`start`,`end`,`day`,`time`,`status`,`user_id`) VALUES ('1','4','1519747200','1520092800','4','1517576804','0','2') [ RunTime:0.0004s ]
ERR: 1062:Duplicate entry '1' for key 'grade_id'
 [ SQL语句 ] : INSERT INTO `classhomework` (`class_id`,`book_id`,`start`,`end`,`day`,`time`,`status`,`user_id`) VALUES ('1','4','1519747200','1520092800','4','1517576804','0','1')
ERR: 1062:Duplicate entry '1' for key 'grade_id'
 [ SQL语句 ] : INSERT INTO `classhomework` (`class_id`,`book_id`,`start`,`end`,`day`,`time`,`status`,`user_id`) VALUES ('1','4','1519747200','1520092800','4','1517576804','0','1')

[ 2018-02-02T21:06:49+08:00 ] 127.0.0.1 /Home/MyClass/addHomeworkFunc.html
SQL: SHOW COLUMNS FROM `user` [ RunTime:0.0009s ]
SQL: SELECT * FROM `user` WHERE `id` = 1 LIMIT 1   [ RunTime:0.0003s ]
NOTIC: [8] Undefined index: use_day /Library/WebServer/Documents/Study/Application/Home/Controller/MyClassController.class.php 第 224 行.
NOTIC: [8] Undefined index: use_day /Library/WebServer/Documents/Study/Application/Home/Controller/MyClassController.class.php 第 227 行.
SQL: SHOW COLUMNS FROM `classtasklist` [ RunTime:0.0005s ]
SQL: INSERT INTO `classtasklist` (`course_id`,`teacher_id`,`class_id`,`start`,`end`,`setup`,`time`,`day`,`start_text_id`,`end_text_id`) VALUES ('4','1','1','0','0','1','1517576809','0','1','34') [ RunTime:0.0002s ]
SQL: SHOW COLUMNS FROM `classhomework` [ RunTime:0.0005s ]
SQL: SHOW COLUMNS FROM `classstudentlist` [ RunTime:0.0003s ]
SQL: SELECT * FROM `classstudentlist` WHERE ( class_id = 1 )  [ RunTime:0.0002s ]
ERR: 1062:Duplicate entry '1' for key 'grade_id'
 [ SQL语句 ] : INSERT INTO `classhomework` (`class_id`,`book_id`,`start`,`end`,`day`,`time`,`status`,`user_id`) VALUES ('1','4','0','0','0','1517576809','0','2')
ERR: 1062:Duplicate entry '1' for key 'grade_id'
 [ SQL语句 ] : INSERT INTO `classhomework` (`class_id`,`book_id`,`start`,`end`,`day`,`time`,`status`,`user_id`) VALUES ('1','4','0','0','0','1517576809','0','2')

[ 2018-02-02T21:10:28+08:00 ] 127.0.0.1 /Home/MyClass/addHomeworkFunc.html
SQL: SHOW COLUMNS FROM `user` [ RunTime:0.0006s ]
SQL: SELECT * FROM `user` WHERE `id` = 1 LIMIT 1   [ RunTime:0.0003s ]
NOTIC: [8] Undefined index: use_day /Library/WebServer/Documents/Study/Application/Home/Controller/MyClassController.class.php 第 224 行.
NOTIC: [8] Undefined index: use_day /Library/WebServer/Documents/Study/Application/Home/Controller/MyClassController.class.php 第 227 行.
SQL: SHOW COLUMNS FROM `classtasklist` [ RunTime:0.0004s ]
SQL: INSERT INTO `classtasklist` (`course_id`,`teacher_id`,`class_id`,`start`,`end`,`setup`,`time`,`day`,`start_text_id`,`end_text_id`) VALUES ('4','1','1','0','0','1','1517577028','0','1','34') [ RunTime:0.0002s ]
SQL: SHOW COLUMNS FROM `classhomework` [ RunTime:0.0004s ]
SQL: SHOW COLUMNS FROM `classstudentlist` [ RunTime:0.0003s ]
SQL: SELECT * FROM `classstudentlist` WHERE ( class_id = 1 )  [ RunTime:0.0002s ]
ERR: 1062:Duplicate entry '1' for key 'grade_id'
 [ SQL语句 ] : INSERT INTO `classhomework` (`class_id`,`book_id`,`start`,`end`,`day`,`time`,`status`,`user_id`) VALUES ('1','4','0','0','0','1517577028','0','2')
ERR: 1062:Duplicate entry '1' for key 'grade_id'
 [ SQL语句 ] : INSERT INTO `classhomework` (`class_id`,`book_id`,`start`,`end`,`day`,`time`,`status`,`user_id`) VALUES ('1','4','0','0','0','1517577028','0','2')

[ 2018-02-02T21:13:08+08:00 ] 127.0.0.1 /Home/MyClass/addHomeworkFunc.html
SQL: SHOW COLUMNS FROM `user` [ RunTime:0.0005s ]
SQL: SELECT * FROM `user` WHERE `id` = 1 LIMIT 1   [ RunTime:0.0003s ]
NOTIC: [8] Undefined index: use_day /Library/WebServer/Documents/Study/Application/Home/Controller/MyClassController.class.php 第 224 行.
NOTIC: [8] Undefined index: use_day /Library/WebServer/Documents/Study/Application/Home/Controller/MyClassController.class.php 第 227 行.
SQL: SHOW COLUMNS FROM `classtasklist` [ RunTime:0.0007s ]
SQL: INSERT INTO `classtasklist` (`course_id`,`teacher_id`,`class_id`,`start`,`end`,`setup`,`time`,`day`,`start_text_id`,`end_text_id`) VALUES ('4','1','1','0','0','1','1517577188','0','1','34') [ RunTime:0.0002s ]
SQL: SHOW COLUMNS FROM `classhomework` [ RunTime:0.0006s ]
SQL: SHOW COLUMNS FROM `classstudentlist` [ RunTime:0.0004s ]
SQL: SELECT * FROM `classstudentlist` WHERE ( class_id = 1 )  [ RunTime:0.0002s ]

[ 2018-02-02T21:13:46+08:00 ] 127.0.0.1 /Home/MyClass/addHomeworkFunc.html
SQL: SHOW COLUMNS FROM `user` [ RunTime:0.0007s ]
SQL: SELECT * FROM `user` WHERE `id` = 1 LIMIT 1   [ RunTime:0.0003s ]
NOTIC: [8] Undefined index: use_day /Library/WebServer/Documents/Study/Application/Home/Controller/MyClassController.class.php 第 224 行.
NOTIC: [8] Undefined index: use_day /Library/WebServer/Documents/Study/Application/Home/Controller/MyClassController.class.php 第 227 行.
SQL: SHOW COLUMNS FROM `classtasklist` [ RunTime:0.0007s ]
SQL: INSERT INTO `classtasklist` (`course_id`,`teacher_id`,`class_id`,`start`,`end`,`setup`,`time`,`day`,`start_text_id`,`end_text_id`) VALUES ('4','1','1','0','0','1','1517577226','0','1','34') [ RunTime:0.0002s ]
SQL: SHOW COLUMNS FROM `classhomework` [ RunTime:0.0004s ]
SQL: SHOW COLUMNS FROM `classstudentlist` [ RunTime:0.0003s ]
SQL: SELECT * FROM `classstudentlist` WHERE ( class_id = 1 )  [ RunTime:0.0002s ]

[ 2018-02-02T21:14:11+08:00 ] 127.0.0.1 /Home/MyClass/addHomeworkFunc.html
SQL: SHOW COLUMNS FROM `user` [ RunTime:0.0004s ]
SQL: SELECT * FROM `user` WHERE `id` = 1 LIMIT 1   [ RunTime:0.0004s ]
NOTIC: [8] Undefined index: use_day /Library/WebServer/Documents/Study/Application/Home/Controller/MyClassController.class.php 第 224 行.
NOTIC: [8] Undefined index: use_day /Library/WebServer/Documents/Study/Application/Home/Controller/MyClassController.class.php 第 227 行.
SQL: SHOW COLUMNS FROM `classtasklist` [ RunTime:0.0004s ]
SQL: INSERT INTO `classtasklist` (`course_id`,`teacher_id`,`class_id`,`start`,`end`,`setup`,`time`,`day`,`start_text_id`,`end_text_id`) VALUES ('4','1','1','0','0','1','1517577251','0','1','34') [ RunTime:0.0006s ]
SQL: SHOW COLUMNS FROM `classhomework` [ RunTime:0.0007s ]
SQL: SHOW COLUMNS FROM `classstudentlist` [ RunTime:0.0004s ]
SQL: SELECT * FROM `classstudentlist` WHERE ( class_id = 1 )  [ RunTime:0.0002s ]

[ 2018-02-02T21:14:46+08:00 ] 127.0.0.1 /Home/MyClass/addHomeworkFunc.html
SQL: SHOW COLUMNS FROM `user` [ RunTime:0.0004s ]
SQL: SELECT * FROM `user` WHERE `id` = 1 LIMIT 1   [ RunTime:0.0003s ]
SQL: SHOW COLUMNS FROM `classtasklist` [ RunTime:0.0007s ]
SQL: INSERT INTO `classtasklist` (`course_id`,`teacher_id`,`class_id`,`start`,`end`,`setup`,`time`,`day`,`start_text_id`,`end_text_id`) VALUES ('4','1','1','0','345600','1','1517577286','4','1','34') [ RunTime:0.0002s ]
SQL: SHOW COLUMNS FROM `classhomework` [ RunTime:0.0004s ]
SQL: SHOW COLUMNS FROM `classstudentlist` [ RunTime:0.0003s ]
SQL: SELECT * FROM `classstudentlist` WHERE ( class_id = 1 )  [ RunTime:0.0002s ]

[ 2018-02-02T21:15:26+08:00 ] 127.0.0.1 /Home/MyClass/addHomeworkFunc.html
SQL: SHOW COLUMNS FROM `user` [ RunTime:0.0005s ]
SQL: SELECT * FROM `user` WHERE `id` = 1 LIMIT 1   [ RunTime:0.0003s ]
SQL: SHOW COLUMNS FROM `classtasklist` [ RunTime:0.0006s ]
SQL: INSERT INTO `classtasklist` (`course_id`,`teacher_id`,`class_id`,`start`,`end`,`setup`,`time`,`day`,`start_text_id`,`end_text_id`) VALUES ('4','1','1','0','345600','1','1517577326','4','1','34') [ RunTime:0.0002s ]
SQL: SHOW COLUMNS FROM `classhomework` [ RunTime:0.0005s ]
SQL: SHOW COLUMNS FROM `classstudentlist` [ RunTime:0.0003s ]
SQL: SELECT * FROM `classstudentlist` WHERE ( class_id = 1 )  [ RunTime:0.0002s ]

[ 2018-02-02T21:16:37+08:00 ] 127.0.0.1 /Home/MyClass/addHomeworkFunc.html
SQL: SHOW COLUMNS FROM `user` [ RunTime:0.0004s ]
SQL: SELECT * FROM `user` WHERE `id` = 1 LIMIT 1   [ RunTime:0.0003s ]
SQL: SHOW COLUMNS FROM `classtasklist` [ RunTime:0.0005s ]
SQL: INSERT INTO `classtasklist` (`course_id`,`teacher_id`,`class_id`,`start`,`end`,`setup`,`time`,`day`,`start_text_id`,`end_text_id`) VALUES ('4','1','1','1516204800','1516550400','1','1517577397','4','1','34') [ RunTime:0.0002s ]
SQL: SHOW COLUMNS FROM `classhomework` [ RunTime:0.0005s ]
SQL: SHOW COLUMNS FROM `classstudentlist` [ RunTime:0.0007s ]
SQL: SELECT * FROM `classstudentlist` WHERE ( class_id = 1 )  [ RunTime:0.0003s ]

[ 2018-02-02T21:17:02+08:00 ] 127.0.0.1 /Home/MyClass/addHomeworkFunc.html
SQL: SHOW COLUMNS FROM `user` [ RunTime:0.0005s ]
SQL: SELECT * FROM `user` WHERE `id` = 1 LIMIT 1   [ RunTime:0.0003s ]
SQL: SHOW COLUMNS FROM `classtasklist` [ RunTime:0.0005s ]
SQL: INSERT INTO `classtasklist` (`course_id`,`teacher_id`,`class_id`,`start`,`end`,`setup`,`time`,`day`,`start_text_id`,`end_text_id`) VALUES ('4','1','1','1516204800','1516550400','1','1517577422','4','1','34') [ RunTime:0.0002s ]
SQL: SHOW COLUMNS FROM `classhomework` [ RunTime:0.0004s ]
SQL: SHOW COLUMNS FROM `classstudentlist` [ RunTime:0.0004s ]
SQL: SELECT * FROM `classstudentlist` WHERE ( class_id = 1 )  [ RunTime:0.0002s ]
ERR: 1062:Duplicate entry '1' for key 'grade_id'
 [ SQL语句 ] : INSERT INTO `classhomework` (`class_id`,`book_id`,`start`,`end`,`day`,`time`,`status`,`user_id`) VALUES ('1','4','1516204800','1516550400','4','1517577422','0','2')
ERR: 1062:Duplicate entry '1' for key 'grade_id'
 [ SQL语句 ] : INSERT INTO `classhomework` (`class_id`,`book_id`,`start`,`end`,`day`,`time`,`status`,`user_id`) VALUES ('1','4','1516204800','1516550400','4','1517577422','0','2')

[ 2018-02-02T21:19:42+08:00 ] 127.0.0.1 /Home/MyClass/addHomeworkFunc.html
SQL: SHOW COLUMNS FROM `user` [ RunTime:0.0005s ]
SQL: SELECT * FROM `user` WHERE `id` = 1 LIMIT 1   [ RunTime:0.0003s ]
SQL: SHOW COLUMNS FROM `classtasklist` [ RunTime:0.0004s ]
SQL: INSERT INTO `classtasklist` (`course_id`,`teacher_id`,`class_id`,`start`,`end`,`setup`,`time`,`day`,`start_text_id`,`end_text_id`) VALUES ('4','1','1','1516204800','1516550400','1','1517577582','4','1','34') [ RunTime:0.0002s ]
SQL: SHOW COLUMNS FROM `classhomework` [ RunTime:0.0005s ]
SQL: SHOW COLUMNS FROM `classstudentlist` [ RunTime:0.0004s ]
SQL: SELECT * FROM `classstudentlist` WHERE ( class_id = 1 )  [ RunTime:0.0002s ]
SQL: INSERT INTO `classhomework` (`class_id`,`book_id`,`start`,`end`,`day`,`time`,`status`,`user_id`) VALUES ('1','4','1516204800','1516550400','4','1517577582','0','2') [ RunTime:0.0002s ]
ERR: 1062:Duplicate entry '1' for key 'grade_id'
 [ SQL语句 ] : INSERT INTO `classhomework` (`class_id`,`book_id`,`start`,`end`,`day`,`time`,`status`,`user_id`) VALUES ('1','4','1516204800','1516550400','4','1517577582','0','1')
ERR: 1062:Duplicate entry '1' for key 'grade_id'
 [ SQL语句 ] : INSERT INTO `classhomework` (`class_id`,`book_id`,`start`,`end`,`day`,`time`,`status`,`user_id`) VALUES ('1','4','1516204800','1516550400','4','1517577582','0','1')

[ 2018-02-02T21:31:30+08:00 ] 127.0.0.1 /Home/MyClass/addHomeworkFunc.html
SQL: SHOW COLUMNS FROM `user` [ RunTime:0.0076s ]
SQL: SELECT * FROM `user` WHERE `id` = 1 LIMIT 1   [ RunTime:0.0003s ]
SQL: SHOW COLUMNS FROM `classtasklist` [ RunTime:0.0006s ]
SQL: INSERT INTO `classtasklist` (`course_id`,`teacher_id`,`class_id`,`start`,`end`,`setup`,`time`,`day`,`start_text_id`,`end_text_id`) VALUES ('4','1','1','1516204800','1516550400','1','1517578290','4','1','34') [ RunTime:0.0002s ]
SQL: SHOW COLUMNS FROM `classhomework` [ RunTime:0.0005s ]
SQL: SHOW COLUMNS FROM `classstudentlist` [ RunTime:0.0003s ]
SQL: SELECT * FROM `classstudentlist` WHERE ( class_id = 1 )  [ RunTime:0.0002s ]
SQL: INSERT INTO `classhomework` (`class_id`,`book_id`,`start`,`end`,`day`,`time`,`status`,`user_id`) VALUES ('1','4','1516204800','1516550400','4','1517578290','0','2') [ RunTime:0.0005s ]
SQL: INSERT INTO `classhomework` (`class_id`,`book_id`,`start`,`end`,`day`,`time`,`status`,`user_id`) VALUES ('1','4','1516204800','1516550400','4','1517578290','0','1') [ RunTime:0.0002s ]
SQL: INSERT INTO `classhomework` (`class_id`,`book_id`,`start`,`end`,`day`,`time`,`status`,`user_id`) VALUES ('1','4','1516204800','1516550400','4','1517578290','0','3') [ RunTime:0.0001s ]

