[ 2018-02-09T11:23:38+08:00 ] 183.220.47.233 /Home/weixin/getCode.html?code=001z3V680qJwZH17V7980cy8780z3V6t&state=
SQL: SHOW COLUMNS FROM `user` [ RunTime:0.0007s ]
SQL: SELECT * FROM `user` WHERE `open_id` = 'oWYSTwwptM_vGxq1TWPMyXJmFMSA' LIMIT 1   [ RunTime:0.0002s ]

[ 2018-02-09T11:24:02+08:00 ] 183.220.47.233 /Home/login/login.html
SQL: SHOW COLUMNS FROM `user` [ RunTime:0.0007s ]
SQL: SELECT * FROM `user` WHERE `phone` = '17628025118' LIMIT 1   [ RunTime:0.0002s ]
NOTIC: [8] A session had already been started - ignoring session_start() /var/www/html/study/ThinkPHP/Common/functions.php 第 1272 行.

[ 2018-02-09T11:24:02+08:00 ] 183.220.47.233 /
SQL: SHOW COLUMNS FROM `user` [ RunTime:0.0007s ]
SQL: SELECT * FROM `user` WHERE `id` = 11 LIMIT 1   [ RunTime:0.0002s ]
SQL: SHOW COLUMNS FROM `activity` [ RunTime:0.0005s ]
SQL: SELECT * FROM `activity` WHERE `status` = 1 AND `platform_id` = 1 LIMIT 3   [ RunTime:0.0002s ]

[ 2018-02-09T11:24:12+08:00 ] 183.220.47.233 /Home/user/personal.html
SQL: SHOW COLUMNS FROM `user` [ RunTime:0.0009s ]
SQL: SELECT * FROM `user` WHERE `id` = 11 LIMIT 1   [ RunTime:0.0003s ]
SQL: SHOW COLUMNS FROM `user` [ RunTime:0.0006s ]
SQL: SELECT * FROM `user` WHERE `id` = 11 LIMIT 1   [ RunTime:0.0002s ]
SQL: SHOW COLUMNS FROM `enlists` [ RunTime:0.0006s ]
SQL: SHOW COLUMNS FROM `enlists` [ RunTime:0.0005s ]
SQL: SELECT * FROM `enlists` WHERE ( user_id = 11 )  [ RunTime:0.0001s ]

[ 2018-02-09T11:24:14+08:00 ] 183.220.47.233 /Home/user/personal_infor.html
SQL: SHOW COLUMNS FROM `user` [ RunTime:0.0007s ]
SQL: SELECT * FROM `user` WHERE `id` = 11 LIMIT 1   [ RunTime:0.0002s ]
SQL: SHOW COLUMNS FROM `user` [ RunTime:0.0005s ]
SQL: SELECT * FROM `user` WHERE `id` = 11 LIMIT 1   [ RunTime:0.0001s ]

[ 2018-02-09T11:24:32+08:00 ] 183.220.47.233 /Home/user/personal_infor.html
SQL: SHOW COLUMNS FROM `user` [ RunTime:0.0007s ]
SQL: SELECT * FROM `user` WHERE `id` = 11 LIMIT 1   [ RunTime:0.0002s ]
SQL: SHOW COLUMNS FROM `user` [ RunTime:0.0005s ]
SQL: SELECT * FROM `user` WHERE `id` = 11 LIMIT 1   [ RunTime:0.0001s ]

[ 2018-02-09T11:24:38+08:00 ] 183.220.47.233 /Home/user/setPersonal.html
SQL: SHOW COLUMNS FROM `user` [ RunTime:0.0007s ]
SQL: SELECT * FROM `user` WHERE `id` = 11 LIMIT 1   [ RunTime:0.0002s ]

[ 2018-02-09T11:24:50+08:00 ] 183.220.47.233 /Home/upload/head_img.html
SQL: SHOW COLUMNS FROM `user` [ RunTime:0.0007s ]
SQL: SELECT * FROM `user` WHERE `id` = 11 LIMIT 1   [ RunTime:0.0002s ]
NOTIC: [2048] Only variables should be passed by reference /var/www/html/study/Application/Common/Model/Upload.class.php 第 21 行.

[ 2018-02-09T11:24:50+08:00 ] 183.220.47.233 /Home/user/setPersonal.html
SQL: SHOW COLUMNS FROM `user` [ RunTime:0.0006s ]
SQL: SELECT * FROM `user` WHERE `id` = 11 LIMIT 1   [ RunTime:0.0002s ]

[ 2018-02-09T11:24:51+08:00 ] 183.220.47.233 /Home/user/setPersonal.html
SQL: SHOW COLUMNS FROM `user` [ RunTime:0.0007s ]
SQL: SELECT * FROM `user` WHERE `id` = 11 LIMIT 1   [ RunTime:0.0002s ]

[ 2018-02-09T11:24:58+08:00 ] 183.220.47.233 /Home/user/setPersonal.html
SQL: SHOW COLUMNS FROM `user` [ RunTime:0.0007s ]
SQL: SELECT * FROM `user` WHERE `id` = 11 LIMIT 1   [ RunTime:0.0002s ]

[ 2018-02-09T11:25:02+08:00 ] 183.220.47.233 /Home/user/personal_infor.html
SQL: SHOW COLUMNS FROM `user` [ RunTime:0.0007s ]
SQL: SELECT * FROM `user` WHERE `id` = 11 LIMIT 1   [ RunTime:0.0002s ]
SQL: SHOW COLUMNS FROM `user` [ RunTime:0.0005s ]
SQL: SELECT * FROM `user` WHERE `id` = 11 LIMIT 1   [ RunTime:0.0001s ]

[ 2018-02-09T11:25:05+08:00 ] 183.220.47.233 /Home/user/setPersonal.html
SQL: SHOW COLUMNS FROM `user` [ RunTime:0.0007s ]
SQL: SELECT * FROM `user` WHERE `id` = 11 LIMIT 1   [ RunTime:0.0002s ]

[ 2018-02-09T11:25:15+08:00 ] 183.220.47.233 /Home/upload/head_img.html
SQL: SHOW COLUMNS FROM `user` [ RunTime:0.0007s ]
SQL: SELECT * FROM `user` WHERE `id` = 11 LIMIT 1   [ RunTime:0.0002s ]
NOTIC: [2048] Only variables should be passed by reference /var/www/html/study/Application/Common/Model/Upload.class.php 第 21 行.

[ 2018-02-09T11:25:36+08:00 ] 183.220.47.233 /Home/user/setPersonal.html
SQL: SHOW COLUMNS FROM `user` [ RunTime:0.0007s ]
SQL: SELECT * FROM `user` WHERE `id` = 11 LIMIT 1   [ RunTime:0.0002s ]

[ 2018-02-09T11:27:12+08:00 ] 114.242.250.224 /Home/login/login.html
SQL: SHOW COLUMNS FROM `user` [ RunTime:0.0007s ]
SQL: SELECT * FROM `user` WHERE `phone` = '13555555555' LIMIT 1   [ RunTime:0.0002s ]
NOTIC: [8] A session had already been started - ignoring session_start() /var/www/html/study/ThinkPHP/Common/functions.php 第 1272 行.

[ 2018-02-09T11:27:12+08:00 ] 114.242.250.224 /
SQL: SHOW COLUMNS FROM `user` [ RunTime:0.0007s ]
SQL: SELECT * FROM `user` WHERE `id` = 1 LIMIT 1   [ RunTime:0.0002s ]
SQL: SHOW COLUMNS FROM `activity` [ RunTime:0.0005s ]
SQL: SELECT * FROM `activity` WHERE `status` = 1 AND `platform_id` = 1 LIMIT 3   [ RunTime:0.0002s ]

[ 2018-02-09T11:27:18+08:00 ] 114.242.250.224 /Home/user/personal.html
SQL: SHOW COLUMNS FROM `user` [ RunTime:0.0007s ]
SQL: SELECT * FROM `user` WHERE `id` = 1 LIMIT 1   [ RunTime:0.0002s ]
SQL: SHOW COLUMNS FROM `user` [ RunTime:0.0005s ]
SQL: SELECT * FROM `user` WHERE `id` = 1 LIMIT 1   [ RunTime:0.0002s ]
SQL: SHOW COLUMNS FROM `enlists` [ RunTime:0.0005s ]
SQL: SHOW COLUMNS FROM `enlists` [ RunTime:0.0004s ]
SQL: SELECT * FROM `enlists` WHERE ( user_id = 1 )  [ RunTime:0.0002s ]

[ 2018-02-09T11:27:20+08:00 ] 114.242.250.224 /Home/user/personal.html
SQL: SHOW COLUMNS FROM `user` [ RunTime:0.0007s ]
SQL: SELECT * FROM `user` WHERE `id` = 1 LIMIT 1   [ RunTime:0.0002s ]
SQL: SHOW COLUMNS FROM `user` [ RunTime:0.0005s ]
SQL: SELECT * FROM `user` WHERE `id` = 1 LIMIT 1   [ RunTime:0.0002s ]
SQL: SHOW COLUMNS FROM `enlists` [ RunTime:0.0004s ]
SQL: SHOW COLUMNS FROM `enlists` [ RunTime:0.0004s ]
SQL: SELECT * FROM `enlists` WHERE ( user_id = 1 )  [ RunTime:0.0001s ]

[ 2018-02-09T11:27:23+08:00 ] 114.242.250.224 /Home/user/personal_infor.html
SQL: SHOW COLUMNS FROM `user` [ RunTime:0.0007s ]
SQL: SELECT * FROM `user` WHERE `id` = 1 LIMIT 1   [ RunTime:0.0002s ]
SQL: SHOW COLUMNS FROM `user` [ RunTime:0.0005s ]
SQL: SELECT * FROM `user` WHERE `id` = 1 LIMIT 1   [ RunTime:0.0001s ]

[ 2018-02-09T11:27:27+08:00 ] 114.242.250.224 /Home/user/personal_infor.html
SQL: SHOW COLUMNS FROM `user` [ RunTime:0.0007s ]
SQL: SELECT * FROM `user` WHERE `id` = 1 LIMIT 1   [ RunTime:0.0002s ]
SQL: SHOW COLUMNS FROM `user` [ RunTime:0.0005s ]
SQL: SELECT * FROM `user` WHERE `id` = 1 LIMIT 1   [ RunTime:0.0001s ]

[ 2018-02-09T11:27:30+08:00 ] 114.242.250.224 /Home/user/personal_infor.html
SQL: SHOW COLUMNS FROM `user` [ RunTime:0.0007s ]
SQL: SELECT * FROM `user` WHERE `id` = 1 LIMIT 1   [ RunTime:0.0002s ]
SQL: SHOW COLUMNS FROM `user` [ RunTime:0.0005s ]
SQL: SELECT * FROM `user` WHERE `id` = 1 LIMIT 1   [ RunTime:0.0002s ]

[ 2018-02-09T14:49:04+08:00 ] 182.150.27.185 /Home/login/login.html
SQL: SHOW COLUMNS FROM `user` [ RunTime:0.0007s ]
SQL: SELECT * FROM `user` WHERE `phone` = '18628246831' LIMIT 1   [ RunTime:0.0002s ]
NOTIC: [8] A session had already been started - ignoring session_start() /var/www/html/study/ThinkPHP/Common/functions.php 第 1272 行.

[ 2018-02-09T14:49:04+08:00 ] 182.150.27.185 /
SQL: SHOW COLUMNS FROM `user` [ RunTime:0.0007s ]
SQL: SELECT * FROM `user` WHERE `id` = 12 LIMIT 1   [ RunTime:0.0002s ]
SQL: SHOW COLUMNS FROM `activity` [ RunTime:0.0005s ]
SQL: SELECT * FROM `activity` WHERE `status` = 1 AND `platform_id` = 1 LIMIT 3   [ RunTime:0.0002s ]

[ 2018-02-09T14:49:15+08:00 ] 182.150.27.185 /
SQL: SHOW COLUMNS FROM `user` [ RunTime:0.0007s ]
SQL: SELECT * FROM `user` WHERE `id` = 12 LIMIT 1   [ RunTime:0.0002s ]
SQL: SHOW COLUMNS FROM `activity` [ RunTime:0.0005s ]
SQL: SELECT * FROM `activity` WHERE `status` = 1 AND `platform_id` = 1 LIMIT 3   [ RunTime:0.0002s ]

[ 2018-02-09T14:49:17+08:00 ] 182.150.27.185 /Home/activity/index.html
SQL: SHOW COLUMNS FROM `user` [ RunTime:0.0007s ]
SQL: SELECT * FROM `user` WHERE `id` = 12 LIMIT 1   [ RunTime:0.0002s ]
SQL: SHOW COLUMNS FROM `activity` [ RunTime:0.0005s ]
SQL: SELECT * FROM `activity` WHERE `platform_id` = 1 AND `status` = 1  [ RunTime:0.0002s ]

[ 2018-02-09T14:49:21+08:00 ] 182.150.27.185 /Home/activity/index.html
SQL: SHOW COLUMNS FROM `user` [ RunTime:0.0007s ]
SQL: SELECT * FROM `user` WHERE `id` = 12 LIMIT 1   [ RunTime:0.0002s ]
SQL: SHOW COLUMNS FROM `activity` [ RunTime:0.0005s ]
SQL: SELECT * FROM `activity` WHERE `platform_id` = 1 AND `status` = 1  [ RunTime:0.0002s ]

[ 2018-02-09T14:49:24+08:00 ] 182.150.27.185 /Home/activity/index.html
SQL: SHOW COLUMNS FROM `user` [ RunTime:0.0007s ]
SQL: SELECT * FROM `user` WHERE `id` = 12 LIMIT 1   [ RunTime:0.0002s ]
SQL: SHOW COLUMNS FROM `activity` [ RunTime:0.0005s ]
SQL: SELECT * FROM `activity` WHERE `platform_id` = 1 AND `status` = 1  [ RunTime:0.0002s ]

[ 2018-02-09T14:49:25+08:00 ] 182.150.27.185 /Home/activity/index.html
SQL: SHOW COLUMNS FROM `user` [ RunTime:0.0007s ]
SQL: SELECT * FROM `user` WHERE `id` = 12 LIMIT 1   [ RunTime:0.0002s ]
SQL: SHOW COLUMNS FROM `activity` [ RunTime:0.0005s ]
SQL: SELECT * FROM `activity` WHERE `platform_id` = 1 AND `status` = 1  [ RunTime:0.0002s ]

[ 2018-02-09T14:49:33+08:00 ] 182.150.27.185 /Home/activity/index.html
SQL: SHOW COLUMNS FROM `user` [ RunTime:0.0007s ]
SQL: SELECT * FROM `user` WHERE `id` = 12 LIMIT 1   [ RunTime:0.0002s ]
SQL: SHOW COLUMNS FROM `activity` [ RunTime:0.0005s ]
SQL: SELECT * FROM `activity` WHERE `platform_id` = 1 AND `status` = 1  [ RunTime:0.0002s ]

[ 2018-02-09T14:49:34+08:00 ] 182.150.27.185 /Home/activity/index.html
SQL: SHOW COLUMNS FROM `user` [ RunTime:0.0007s ]
SQL: SELECT * FROM `user` WHERE `id` = 12 LIMIT 1   [ RunTime:0.0002s ]
SQL: SHOW COLUMNS FROM `activity` [ RunTime:0.0005s ]
SQL: SELECT * FROM `activity` WHERE `platform_id` = 1 AND `status` = 1  [ RunTime:0.0002s ]

[ 2018-02-09T14:49:35+08:00 ] 182.150.27.185 /Home/activity/details/activity_id/3.html
SQL: SHOW COLUMNS FROM `user` [ RunTime:0.0007s ]
SQL: SELECT * FROM `user` WHERE `id` = 12 LIMIT 1   [ RunTime:0.0002s ]
SQL: SHOW COLUMNS FROM `activity` [ RunTime:0.0004s ]
SQL: SELECT * FROM `activity` WHERE `id` = 3 LIMIT 1   [ RunTime:0.0001s ]

[ 2018-02-09T14:49:39+08:00 ] 182.150.27.185 /Home/activity/curriculum/activity_id/3.html
SQL: SHOW COLUMNS FROM `user` [ RunTime:0.0007s ]
SQL: SELECT * FROM `user` WHERE `id` = 12 LIMIT 1   [ RunTime:0.0002s ]
SQL: SHOW COLUMNS FROM `activity` [ RunTime:0.0005s ]
SQL: SELECT * FROM `activity` WHERE `id` = 3 LIMIT 1   [ RunTime:0.0001s ]
SQL: SHOW COLUMNS FROM `activity_course` [ RunTime:0.0004s ]
SQL: SELECT `grade`.`id`,`grade`.`name`,`grade`.`price` FROM `activity_course` LEFT JOIN `activity` ON `activity`.`id`=`activity_course`.`activity_id`  LEFT JOIN `grade` ON `activity_course`.`grade_id`=`grade`.`id`  WHERE `grade`.`type` = 1 AND `activity`.`id` = 3  [ RunTime:0.0002s ]
NOTIC: [8] Undefined index: head_img /var/www/html/study/Runtime/Cache/Home/3f7c3a8d2912f4abf4f089ddffcfccca.php 第 161 行.
NOTIC: [8] Undefined index: title /var/www/html/study/Runtime/Cache/Home/3f7c3a8d2912f4abf4f089ddffcfccca.php 第 164 行.
NOTIC: [8] Undefined index: describe /var/www/html/study/Runtime/Cache/Home/3f7c3a8d2912f4abf4f089ddffcfccca.php 第 165 行.

[ 2018-02-09T14:50:12+08:00 ] 182.150.27.185 /Home/order/caution.html?grade_id=6
SQL: SHOW COLUMNS FROM `user` [ RunTime:0.0007s ]
SQL: SELECT * FROM `user` WHERE `id` = 12 LIMIT 1   [ RunTime:0.0002s ]
SQL: SHOW COLUMNS FROM `grade` [ RunTime:0.0005s ]
SQL: SELECT * FROM `grade` WHERE `id` = 6 LIMIT 1   [ RunTime:0.0002s ]
SQL: SHOW COLUMNS FROM `order` [ RunTime:0.0004s ]

[ 2018-02-09T14:50:13+08:00 ] 182.150.27.185 /Home/order/caution.html?grade_id=6&code=081RDY5Y19jWIU0gW24Y16gN5Y1RDY5R&state=
SQL: SHOW COLUMNS FROM `user` [ RunTime:0.0007s ]
SQL: SELECT * FROM `user` WHERE `id` = 12 LIMIT 1   [ RunTime:0.0002s ]
SQL: SHOW COLUMNS FROM `grade` [ RunTime:0.0005s ]
SQL: SELECT * FROM `grade` WHERE `id` = 6 LIMIT 1   [ RunTime:0.0001s ]
SQL: SHOW COLUMNS FROM `order` [ RunTime:0.0004s ]
SQL: INSERT INTO `order` (`trade_no`,`price`,`user_id`,`create_time`,`platform_id`,`grade_id`) VALUES ('T2018020914501210784','0.01','12','1518159013','1','6') [ RunTime:0.0194s ]

[ 2018-02-09T14:50:26+08:00 ] 182.150.27.185 /
SQL: SHOW COLUMNS FROM `user` [ RunTime:0.0007s ]
SQL: SELECT * FROM `user` WHERE `id` = 12 LIMIT 1   [ RunTime:0.0002s ]
SQL: SHOW COLUMNS FROM `activity` [ RunTime:0.0005s ]
SQL: SELECT * FROM `activity` WHERE `status` = 1 AND `platform_id` = 1 LIMIT 3   [ RunTime:0.0002s ]

[ 2018-02-09T14:50:30+08:00 ] 182.150.27.185 /Home/activity/index.html
SQL: SHOW COLUMNS FROM `user` [ RunTime:0.0007s ]
SQL: SELECT * FROM `user` WHERE `id` = 12 LIMIT 1   [ RunTime:0.0002s ]
SQL: SHOW COLUMNS FROM `activity` [ RunTime:0.0005s ]
SQL: SELECT * FROM `activity` WHERE `platform_id` = 1 AND `status` = 1  [ RunTime:0.0002s ]

[ 2018-02-09T14:50:31+08:00 ] 182.150.27.185 /Home/activity/details/activity_id/3.html
SQL: SHOW COLUMNS FROM `user` [ RunTime:0.0007s ]
SQL: SELECT * FROM `user` WHERE `id` = 12 LIMIT 1   [ RunTime:0.0002s ]
SQL: SHOW COLUMNS FROM `activity` [ RunTime:0.0005s ]
SQL: SELECT * FROM `activity` WHERE `id` = 3 LIMIT 1   [ RunTime:0.0002s ]

[ 2018-02-09T14:50:32+08:00 ] 182.150.27.185 /Home/activity/curriculum/activity_id/3.html
SQL: SHOW COLUMNS FROM `user` [ RunTime:0.0007s ]
SQL: SELECT * FROM `user` WHERE `id` = 12 LIMIT 1   [ RunTime:0.0002s ]
SQL: SHOW COLUMNS FROM `activity` [ RunTime:0.0005s ]
SQL: SELECT * FROM `activity` WHERE `id` = 3 LIMIT 1   [ RunTime:0.0002s ]
SQL: SHOW COLUMNS FROM `activity_course` [ RunTime:0.0004s ]
SQL: SELECT `grade`.`id`,`grade`.`name`,`grade`.`price` FROM `activity_course` LEFT JOIN `activity` ON `activity`.`id`=`activity_course`.`activity_id`  LEFT JOIN `grade` ON `activity_course`.`grade_id`=`grade`.`id`  WHERE `grade`.`type` = 1 AND `activity`.`id` = 3  [ RunTime:0.0002s ]
NOTIC: [8] Undefined index: head_img /var/www/html/study/Runtime/Cache/Home/3f7c3a8d2912f4abf4f089ddffcfccca.php 第 161 行.
NOTIC: [8] Undefined index: title /var/www/html/study/Runtime/Cache/Home/3f7c3a8d2912f4abf4f089ddffcfccca.php 第 164 行.
NOTIC: [8] Undefined index: describe /var/www/html/study/Runtime/Cache/Home/3f7c3a8d2912f4abf4f089ddffcfccca.php 第 165 行.

[ 2018-02-09T14:50:35+08:00 ] 182.150.27.185 /Home/order/caution.html?grade_id=6
SQL: SHOW COLUMNS FROM `user` [ RunTime:0.0007s ]
SQL: SELECT * FROM `user` WHERE `id` = 12 LIMIT 1   [ RunTime:0.0002s ]
SQL: SHOW COLUMNS FROM `grade` [ RunTime:0.0005s ]
SQL: SELECT * FROM `grade` WHERE `id` = 6 LIMIT 1   [ RunTime:0.0001s ]
SQL: SHOW COLUMNS FROM `order` [ RunTime:0.0004s ]

[ 2018-02-09T14:50:36+08:00 ] 182.150.27.185 /Home/order/caution.html?grade_id=6&code=0014UbEr1n0Ljn0ffGDr1G69Er14UbEi&state=
SQL: SHOW COLUMNS FROM `user` [ RunTime:0.0007s ]
SQL: SELECT * FROM `user` WHERE `id` = 12 LIMIT 1   [ RunTime:0.0002s ]
SQL: SHOW COLUMNS FROM `grade` [ RunTime:0.0005s ]
SQL: SELECT * FROM `grade` WHERE `id` = 6 LIMIT 1   [ RunTime:0.0001s ]
SQL: SHOW COLUMNS FROM `order` [ RunTime:0.0005s ]
SQL: INSERT INTO `order` (`trade_no`,`price`,`user_id`,`create_time`,`platform_id`,`grade_id`) VALUES ('T2018020914503512613','0.01','12','1518159036','1','6') [ RunTime:0.0054s ]

[ 2018-02-09T14:51:49+08:00 ] 182.150.27.185 /Home/login/login.html
SQL: SHOW COLUMNS FROM `user` [ RunTime:0.0007s ]
SQL: SELECT * FROM `user` WHERE `phone` = '18628246831' LIMIT 1   [ RunTime:0.0002s ]
NOTIC: [8] A session had already been started - ignoring session_start() /var/www/html/study/ThinkPHP/Common/functions.php 第 1272 行.

[ 2018-02-09T14:51:50+08:00 ] 182.150.27.185 /
SQL: SHOW COLUMNS FROM `user` [ RunTime:0.0007s ]
SQL: SELECT * FROM `user` WHERE `id` = 12 LIMIT 1   [ RunTime:0.0002s ]
SQL: SHOW COLUMNS FROM `activity` [ RunTime:0.0005s ]
SQL: SELECT * FROM `activity` WHERE `status` = 1 AND `platform_id` = 1 LIMIT 3   [ RunTime:0.0002s ]

[ 2018-02-09T14:51:52+08:00 ] 182.150.27.185 /Home/activity/index.html
SQL: SHOW COLUMNS FROM `user` [ RunTime:0.0007s ]
SQL: SELECT * FROM `user` WHERE `id` = 12 LIMIT 1   [ RunTime:0.0002s ]
SQL: SHOW COLUMNS FROM `activity` [ RunTime:0.0005s ]
SQL: SELECT * FROM `activity` WHERE `platform_id` = 1 AND `status` = 1  [ RunTime:0.0002s ]

[ 2018-02-09T14:51:57+08:00 ] 182.150.27.185 /Home/activity/details/activity_id/3.html
SQL: SHOW COLUMNS FROM `user` [ RunTime:0.0007s ]
SQL: SELECT * FROM `user` WHERE `id` = 12 LIMIT 1   [ RunTime:0.0002s ]
SQL: SHOW COLUMNS FROM `activity` [ RunTime:0.0005s ]
SQL: SELECT * FROM `activity` WHERE `id` = 3 LIMIT 1   [ RunTime:0.0001s ]

[ 2018-02-09T14:52:00+08:00 ] 182.150.27.185 /Home/activity/curriculum/activity_id/3.html
SQL: SHOW COLUMNS FROM `user` [ RunTime:0.0007s ]
SQL: SELECT * FROM `user` WHERE `id` = 12 LIMIT 1   [ RunTime:0.0002s ]
SQL: SHOW COLUMNS FROM `activity` [ RunTime:0.0005s ]
SQL: SELECT * FROM `activity` WHERE `id` = 3 LIMIT 1   [ RunTime:0.0001s ]
SQL: SHOW COLUMNS FROM `activity_course` [ RunTime:0.0004s ]
SQL: SELECT `grade`.`id`,`grade`.`name`,`grade`.`price` FROM `activity_course` LEFT JOIN `activity` ON `activity`.`id`=`activity_course`.`activity_id`  LEFT JOIN `grade` ON `activity_course`.`grade_id`=`grade`.`id`  WHERE `grade`.`type` = 1 AND `activity`.`id` = 3  [ RunTime:0.0002s ]
NOTIC: [8] Undefined index: head_img /var/www/html/study/Runtime/Cache/Home/3f7c3a8d2912f4abf4f089ddffcfccca.php 第 161 行.
NOTIC: [8] Undefined index: title /var/www/html/study/Runtime/Cache/Home/3f7c3a8d2912f4abf4f089ddffcfccca.php 第 164 行.
NOTIC: [8] Undefined index: describe /var/www/html/study/Runtime/Cache/Home/3f7c3a8d2912f4abf4f089ddffcfccca.php 第 165 行.

[ 2018-02-09T14:52:05+08:00 ] 182.150.27.185 /Home/order/caution.html?grade_id=6
SQL: SHOW COLUMNS FROM `user` [ RunTime:0.0007s ]
SQL: SELECT * FROM `user` WHERE `id` = 12 LIMIT 1   [ RunTime:0.0002s ]
SQL: SHOW COLUMNS FROM `grade` [ RunTime:0.0004s ]
SQL: SELECT * FROM `grade` WHERE `id` = 6 LIMIT 1   [ RunTime:0.0001s ]
SQL: SHOW COLUMNS FROM `order` [ RunTime:0.0004s ]

[ 2018-02-09T14:54:57+08:00 ] 182.150.27.185 /Home/activity/curriculum/activity_id/3.html
SQL: SHOW COLUMNS FROM `user` [ RunTime:0.0007s ]
SQL: SELECT * FROM `user` WHERE `id` = 12 LIMIT 1   [ RunTime:0.0002s ]
SQL: SHOW COLUMNS FROM `activity` [ RunTime:0.0005s ]
SQL: SELECT * FROM `activity` WHERE `id` = 3 LIMIT 1   [ RunTime:0.0002s ]
SQL: SHOW COLUMNS FROM `activity_course` [ RunTime:0.0004s ]
SQL: SELECT `grade`.`id`,`grade`.`name`,`grade`.`price` FROM `activity_course` LEFT JOIN `activity` ON `activity`.`id`=`activity_course`.`activity_id`  LEFT JOIN `grade` ON `activity_course`.`grade_id`=`grade`.`id`  WHERE `grade`.`type` = 1 AND `activity`.`id` = 3  [ RunTime:0.0002s ]
NOTIC: [8] Undefined index: head_img /var/www/html/study/Runtime/Cache/Home/3f7c3a8d2912f4abf4f089ddffcfccca.php 第 161 行.
NOTIC: [8] Undefined index: title /var/www/html/study/Runtime/Cache/Home/3f7c3a8d2912f4abf4f089ddffcfccca.php 第 164 行.
NOTIC: [8] Undefined index: describe /var/www/html/study/Runtime/Cache/Home/3f7c3a8d2912f4abf4f089ddffcfccca.php 第 165 行.

[ 2018-02-09T14:54:59+08:00 ] 182.150.27.185 /Home/order/caution.html?grade_id=6
SQL: SHOW COLUMNS FROM `user` [ RunTime:0.0006s ]
SQL: SELECT * FROM `user` WHERE `id` = 12 LIMIT 1   [ RunTime:0.0002s ]
SQL: SHOW COLUMNS FROM `grade` [ RunTime:0.0005s ]
SQL: SELECT * FROM `grade` WHERE `id` = 6 LIMIT 1   [ RunTime:0.0001s ]
SQL: SHOW COLUMNS FROM `order` [ RunTime:0.0004s ]

[ 2018-02-09T15:00:40+08:00 ] 182.150.27.185 /Home/activity/curriculum/activity_id/3.html
SQL: SHOW COLUMNS FROM `user` [ RunTime:0.0007s ]
SQL: SELECT * FROM `user` WHERE `id` = 12 LIMIT 1   [ RunTime:0.0002s ]
SQL: SHOW COLUMNS FROM `activity` [ RunTime:0.0005s ]
SQL: SELECT * FROM `activity` WHERE `id` = 3 LIMIT 1   [ RunTime:0.0002s ]
SQL: SHOW COLUMNS FROM `activity_course` [ RunTime:0.0004s ]
SQL: SELECT `grade`.`id`,`grade`.`name`,`grade`.`price` FROM `activity_course` LEFT JOIN `activity` ON `activity`.`id`=`activity_course`.`activity_id`  LEFT JOIN `grade` ON `activity_course`.`grade_id`=`grade`.`id`  WHERE `grade`.`type` = 1 AND `activity`.`id` = 3  [ RunTime:0.0002s ]
NOTIC: [8] Undefined index: head_img /var/www/html/study/Runtime/Cache/Home/3f7c3a8d2912f4abf4f089ddffcfccca.php 第 161 行.
NOTIC: [8] Undefined index: title /var/www/html/study/Runtime/Cache/Home/3f7c3a8d2912f4abf4f089ddffcfccca.php 第 164 行.
NOTIC: [8] Undefined index: describe /var/www/html/study/Runtime/Cache/Home/3f7c3a8d2912f4abf4f089ddffcfccca.php 第 165 行.

[ 2018-02-09T15:00:46+08:00 ] 182.150.27.185 /Home/activity/curriculum/activity_id/
SQL: SHOW COLUMNS FROM `user` [ RunTime:0.0007s ]
SQL: SELECT * FROM `user` WHERE `id` = 12 LIMIT 1   [ RunTime:0.0002s ]

[ 2018-02-09T15:00:53+08:00 ] 182.150.27.185 /Home/activity/curriculum/activity_id/3.html
SQL: SHOW COLUMNS FROM `user` [ RunTime:0.0007s ]
SQL: SELECT * FROM `user` WHERE `id` = 12 LIMIT 1   [ RunTime:0.0002s ]
SQL: SHOW COLUMNS FROM `activity` [ RunTime:0.0005s ]
SQL: SELECT * FROM `activity` WHERE `id` = 3 LIMIT 1   [ RunTime:0.0001s ]
SQL: SHOW COLUMNS FROM `activity_course` [ RunTime:0.0004s ]
SQL: SELECT `grade`.`id`,`grade`.`name`,`grade`.`price` FROM `activity_course` LEFT JOIN `activity` ON `activity`.`id`=`activity_course`.`activity_id`  LEFT JOIN `grade` ON `activity_course`.`grade_id`=`grade`.`id`  WHERE `grade`.`type` = 1 AND `activity`.`id` = 3  [ RunTime:0.0002s ]
NOTIC: [8] Undefined index: head_img /var/www/html/study/Runtime/Cache/Home/3f7c3a8d2912f4abf4f089ddffcfccca.php 第 161 行.
NOTIC: [8] Undefined index: title /var/www/html/study/Runtime/Cache/Home/3f7c3a8d2912f4abf4f089ddffcfccca.php 第 164 行.
NOTIC: [8] Undefined index: describe /var/www/html/study/Runtime/Cache/Home/3f7c3a8d2912f4abf4f089ddffcfccca.php 第 165 行.

[ 2018-02-09T15:00:54+08:00 ] 182.150.27.185 /Home/activity/curriculum/activity_id/3.html
SQL: SHOW COLUMNS FROM `user` [ RunTime:0.0007s ]
SQL: SELECT * FROM `user` WHERE `id` = 12 LIMIT 1   [ RunTime:0.0002s ]
SQL: SHOW COLUMNS FROM `activity` [ RunTime:0.0005s ]
SQL: SELECT * FROM `activity` WHERE `id` = 3 LIMIT 1   [ RunTime:0.0002s ]
SQL: SHOW COLUMNS FROM `activity_course` [ RunTime:0.0004s ]
SQL: SELECT `grade`.`id`,`grade`.`name`,`grade`.`price` FROM `activity_course` LEFT JOIN `activity` ON `activity`.`id`=`activity_course`.`activity_id`  LEFT JOIN `grade` ON `activity_course`.`grade_id`=`grade`.`id`  WHERE `grade`.`type` = 1 AND `activity`.`id` = 3  [ RunTime:0.0002s ]
NOTIC: [8] Undefined index: head_img /var/www/html/study/Runtime/Cache/Home/3f7c3a8d2912f4abf4f089ddffcfccca.php 第 161 行.
NOTIC: [8] Undefined index: title /var/www/html/study/Runtime/Cache/Home/3f7c3a8d2912f4abf4f089ddffcfccca.php 第 164 行.
NOTIC: [8] Undefined index: describe /var/www/html/study/Runtime/Cache/Home/3f7c3a8d2912f4abf4f089ddffcfccca.php 第 165 行.

[ 2018-02-09T15:00:58+08:00 ] 182.150.27.185 /Home/activity/curriculum/activity_id/3.html
SQL: SHOW COLUMNS FROM `user` [ RunTime:0.0007s ]
SQL: SELECT * FROM `user` WHERE `id` = 12 LIMIT 1   [ RunTime:0.0002s ]
SQL: SHOW COLUMNS FROM `activity` [ RunTime:0.0005s ]
SQL: SELECT * FROM `activity` WHERE `id` = 3 LIMIT 1   [ RunTime:0.0002s ]
SQL: SHOW COLUMNS FROM `activity_course` [ RunTime:0.0004s ]
SQL: SELECT `grade`.`id`,`grade`.`name`,`grade`.`price` FROM `activity_course` LEFT JOIN `activity` ON `activity`.`id`=`activity_course`.`activity_id`  LEFT JOIN `grade` ON `activity_course`.`grade_id`=`grade`.`id`  WHERE `grade`.`type` = 1 AND `activity`.`id` = 3  [ RunTime:0.0002s ]
NOTIC: [8] Undefined index: head_img /var/www/html/study/Runtime/Cache/Home/3f7c3a8d2912f4abf4f089ddffcfccca.php 第 161 行.
NOTIC: [8] Undefined index: title /var/www/html/study/Runtime/Cache/Home/3f7c3a8d2912f4abf4f089ddffcfccca.php 第 164 行.
NOTIC: [8] Undefined index: describe /var/www/html/study/Runtime/Cache/Home/3f7c3a8d2912f4abf4f089ddffcfccca.php 第 165 行.

[ 2018-02-09T15:01:49+08:00 ] 182.150.27.185 /Home/login/login.html
SQL: SHOW COLUMNS FROM `user` [ RunTime:0.0007s ]
SQL: SELECT * FROM `user` WHERE `phone` = '18628246831' LIMIT 1   [ RunTime:0.0002s ]
NOTIC: [8] A session had already been started - ignoring session_start() /var/www/html/study/ThinkPHP/Common/functions.php 第 1272 行.

[ 2018-02-09T15:01:49+08:00 ] 182.150.27.185 /
SQL: SHOW COLUMNS FROM `user` [ RunTime:0.0007s ]
SQL: SELECT * FROM `user` WHERE `id` = 12 LIMIT 1   [ RunTime:0.0002s ]
SQL: SHOW COLUMNS FROM `activity` [ RunTime:0.0005s ]
SQL: SELECT * FROM `activity` WHERE `status` = 1 AND `platform_id` = 1 LIMIT 3   [ RunTime:0.0002s ]

[ 2018-02-09T15:01:51+08:00 ] 182.150.27.185 /Home/activity/index.html
SQL: SHOW COLUMNS FROM `user` [ RunTime:0.0007s ]
SQL: SELECT * FROM `user` WHERE `id` = 12 LIMIT 1   [ RunTime:0.0002s ]
SQL: SHOW COLUMNS FROM `activity` [ RunTime:0.0005s ]
SQL: SELECT * FROM `activity` WHERE `platform_id` = 1 AND `status` = 1  [ RunTime:0.0002s ]

[ 2018-02-09T15:01:53+08:00 ] 182.150.27.185 /Home/activity/details/activity_id/3.html
SQL: SHOW COLUMNS FROM `user` [ RunTime:0.0007s ]
SQL: SELECT * FROM `user` WHERE `id` = 12 LIMIT 1   [ RunTime:0.0002s ]
SQL: SHOW COLUMNS FROM `activity` [ RunTime:0.0005s ]
SQL: SELECT * FROM `activity` WHERE `id` = 3 LIMIT 1   [ RunTime:0.0002s ]

[ 2018-02-09T15:01:55+08:00 ] 182.150.27.185 /Home/activity/curriculum/activity_id/3.html
SQL: SHOW COLUMNS FROM `user` [ RunTime:0.0007s ]
SQL: SELECT * FROM `user` WHERE `id` = 12 LIMIT 1   [ RunTime:0.0002s ]
SQL: SHOW COLUMNS FROM `activity` [ RunTime:0.0004s ]
SQL: SELECT * FROM `activity` WHERE `id` = 3 LIMIT 1   [ RunTime:0.0002s ]
SQL: SHOW COLUMNS FROM `activity_course` [ RunTime:0.0004s ]
SQL: SELECT `grade`.`id`,`grade`.`name`,`grade`.`price` FROM `activity_course` LEFT JOIN `activity` ON `activity`.`id`=`activity_course`.`activity_id`  LEFT JOIN `grade` ON `activity_course`.`grade_id`=`grade`.`id`  WHERE `grade`.`type` = 1 AND `activity`.`id` = 3  [ RunTime:0.0002s ]
NOTIC: [8] Undefined index: head_img /var/www/html/study/Runtime/Cache/Home/3f7c3a8d2912f4abf4f089ddffcfccca.php 第 161 行.
NOTIC: [8] Undefined index: title /var/www/html/study/Runtime/Cache/Home/3f7c3a8d2912f4abf4f089ddffcfccca.php 第 164 行.
NOTIC: [8] Undefined index: describe /var/www/html/study/Runtime/Cache/Home/3f7c3a8d2912f4abf4f089ddffcfccca.php 第 165 行.

[ 2018-02-09T15:01:59+08:00 ] 182.150.27.185 /Home/order/caution.html?grade_id=6
SQL: SHOW COLUMNS FROM `user` [ RunTime:0.0007s ]
SQL: SELECT * FROM `user` WHERE `id` = 12 LIMIT 1   [ RunTime:0.0002s ]
SQL: SHOW COLUMNS FROM `grade` [ RunTime:0.0004s ]
SQL: SELECT * FROM `grade` WHERE `id` = 6 LIMIT 1   [ RunTime:0.0003s ]
SQL: SHOW COLUMNS FROM `order` [ RunTime:0.0004s ]

[ 2018-02-09T15:02:00+08:00 ] 182.150.27.185 /Home/order/caution.html?grade_id=6&code=0218ZVGL0jlvI32DseJL0Mk8HL08ZVG0&state=
SQL: SHOW COLUMNS FROM `user` [ RunTime:0.0007s ]
SQL: SELECT * FROM `user` WHERE `id` = 12 LIMIT 1   [ RunTime:0.0002s ]
SQL: SHOW COLUMNS FROM `grade` [ RunTime:0.0005s ]
SQL: SELECT * FROM `grade` WHERE `id` = 6 LIMIT 1   [ RunTime:0.0001s ]
SQL: SHOW COLUMNS FROM `order` [ RunTime:0.0005s ]
SQL: INSERT INTO `order` (`trade_no`,`price`,`user_id`,`create_time`,`platform_id`,`grade_id`) VALUES ('T2018020915015934658','0.01','12','1518159720','1','6') [ RunTime:0.0056s ]

[ 2018-02-09T15:12:39+08:00 ] 182.150.27.185 /Home/order/caution.html?grade_id=6&code=0218ZVGL0jlvI32DseJL0Mk8HL08ZVG0&state=
SQL: SHOW COLUMNS FROM `user` [ RunTime:0.0007s ]
SQL: SELECT * FROM `user` WHERE `id` = 12 LIMIT 1   [ RunTime:0.0002s ]
SQL: SHOW COLUMNS FROM `grade` [ RunTime:0.0004s ]
SQL: SELECT * FROM `grade` WHERE `id` = 6 LIMIT 1   [ RunTime:0.0001s ]
SQL: SHOW COLUMNS FROM `order` [ RunTime:0.0004s ]
NOTIC: [8] Undefined index: value /var/www/html/study/Application/Weixin/Api/Pay.class.php 第 82 行.

[ 2018-02-09T15:13:26+08:00 ] 182.150.27.185 /Home/activity/curriculum/activity_id/3.html
SQL: SHOW COLUMNS FROM `user` [ RunTime:0.0007s ]
SQL: SELECT * FROM `user` WHERE `id` = 12 LIMIT 1   [ RunTime:0.0002s ]
SQL: SHOW COLUMNS FROM `activity` [ RunTime:0.0005s ]
SQL: SELECT * FROM `activity` WHERE `id` = 3 LIMIT 1   [ RunTime:0.0002s ]
SQL: SHOW COLUMNS FROM `activity_course` [ RunTime:0.0004s ]
SQL: SELECT `grade`.`id`,`grade`.`name`,`grade`.`price` FROM `activity_course` LEFT JOIN `activity` ON `activity`.`id`=`activity_course`.`activity_id`  LEFT JOIN `grade` ON `activity_course`.`grade_id`=`grade`.`id`  WHERE `grade`.`type` = 1 AND `activity`.`id` = 3  [ RunTime:0.0002s ]
NOTIC: [8] Undefined index: head_img /var/www/html/study/Runtime/Cache/Home/3f7c3a8d2912f4abf4f089ddffcfccca.php 第 161 行.
NOTIC: [8] Undefined index: title /var/www/html/study/Runtime/Cache/Home/3f7c3a8d2912f4abf4f089ddffcfccca.php 第 164 行.
NOTIC: [8] Undefined index: describe /var/www/html/study/Runtime/Cache/Home/3f7c3a8d2912f4abf4f089ddffcfccca.php 第 165 行.

[ 2018-02-09T15:13:31+08:00 ] 182.150.27.185 /Home/order/caution.html?grade_id=6
SQL: SHOW COLUMNS FROM `user` [ RunTime:0.0007s ]
SQL: SELECT * FROM `user` WHERE `id` = 12 LIMIT 1   [ RunTime:0.0002s ]
SQL: SHOW COLUMNS FROM `grade` [ RunTime:0.0005s ]
SQL: SELECT * FROM `grade` WHERE `id` = 6 LIMIT 1   [ RunTime:0.0001s ]
SQL: SHOW COLUMNS FROM `order` [ RunTime:0.0005s ]

[ 2018-02-09T15:13:32+08:00 ] 182.150.27.185 /Home/order/caution.html?grade_id=6&code=021vIAK31Wzi4P12JvI31MPnK31vIAKl&state=
SQL: SHOW COLUMNS FROM `user` [ RunTime:0.0007s ]
SQL: SELECT * FROM `user` WHERE `id` = 12 LIMIT 1   [ RunTime:0.0002s ]
SQL: SHOW COLUMNS FROM `grade` [ RunTime:0.0004s ]
SQL: SELECT * FROM `grade` WHERE `id` = 6 LIMIT 1   [ RunTime:0.0002s ]
SQL: SHOW COLUMNS FROM `order` [ RunTime:0.0004s ]
SQL: INSERT INTO `order` (`trade_no`,`price`,`user_id`,`create_time`,`platform_id`,`grade_id`) VALUES ('T2018020915133157794','0.01','12','1518160412','1','6') [ RunTime:0.0110s ]

[ 2018-02-09T15:15:28+08:00 ] 182.150.27.185 /Home/order/caution.html?grade_id=6&code=021vIAK31Wzi4P12JvI31MPnK31vIAKl&state=
SQL: SHOW COLUMNS FROM `user` [ RunTime:0.0007s ]
SQL: SELECT * FROM `user` WHERE `id` = 12 LIMIT 1   [ RunTime:0.0002s ]
SQL: SHOW COLUMNS FROM `grade` [ RunTime:0.0005s ]
SQL: SELECT * FROM `grade` WHERE `id` = 6 LIMIT 1   [ RunTime:0.0002s ]
SQL: SHOW COLUMNS FROM `order` [ RunTime:0.0004s ]

[ 2018-02-09T15:15:48+08:00 ] 182.150.27.185 /Home/order/caution.html?grade_id=6&code=021vIAK31Wzi4P12JvI31MPnK31vIAKl&state=
SQL: SHOW COLUMNS FROM `user` [ RunTime:0.0007s ]
SQL: SELECT * FROM `user` WHERE `id` = 12 LIMIT 1   [ RunTime:0.0002s ]
SQL: SHOW COLUMNS FROM `grade` [ RunTime:0.0005s ]
SQL: SELECT * FROM `grade` WHERE `id` = 6 LIMIT 1   [ RunTime:0.0001s ]
SQL: SHOW COLUMNS FROM `order` [ RunTime:0.0004s ]

[ 2018-02-09T15:16:14+08:00 ] 182.150.27.185 /Home/order/caution.html?grade_id=6
SQL: SHOW COLUMNS FROM `user` [ RunTime:0.0007s ]
SQL: SELECT * FROM `user` WHERE `id` = 12 LIMIT 1   [ RunTime:0.0002s ]
SQL: SHOW COLUMNS FROM `grade` [ RunTime:0.0005s ]
SQL: SELECT * FROM `grade` WHERE `id` = 6 LIMIT 1   [ RunTime:0.0001s ]
SQL: SHOW COLUMNS FROM `order` [ RunTime:0.0005s ]

[ 2018-02-09T15:16:14+08:00 ] 182.150.27.185 /Home/order/caution.html?grade_id=6&code=011u2CWX1WhZKT0QADYX1J6AWX1u2CWR&state=
SQL: SHOW COLUMNS FROM `user` [ RunTime:0.0007s ]
SQL: SELECT * FROM `user` WHERE `id` = 12 LIMIT 1   [ RunTime:0.0002s ]
SQL: SHOW COLUMNS FROM `grade` [ RunTime:0.0005s ]
SQL: SELECT * FROM `grade` WHERE `id` = 6 LIMIT 1   [ RunTime:0.0002s ]
SQL: SHOW COLUMNS FROM `order` [ RunTime:0.0005s ]

[ 2018-02-09T15:18:13+08:00 ] 182.150.27.185 /Home/order/caution.html?grade_id=6&code=011u2CWX1WhZKT0QADYX1J6AWX1u2CWR&state=
SQL: SHOW COLUMNS FROM `user` [ RunTime:0.0007s ]
SQL: SELECT * FROM `user` WHERE `id` = 12 LIMIT 1   [ RunTime:0.0002s ]
SQL: SHOW COLUMNS FROM `grade` [ RunTime:0.0005s ]
SQL: SELECT * FROM `grade` WHERE `id` = 6 LIMIT 1   [ RunTime:0.0002s ]
SQL: SHOW COLUMNS FROM `order` [ RunTime:0.0004s ]

[ 2018-02-09T15:18:26+08:00 ] 182.150.27.185 /Home/order/caution.html?grade_id=6
SQL: SHOW COLUMNS FROM `user` [ RunTime:0.0007s ]
SQL: SELECT * FROM `user` WHERE `id` = 12 LIMIT 1   [ RunTime:0.0002s ]
SQL: SHOW COLUMNS FROM `grade` [ RunTime:0.0004s ]
SQL: SELECT * FROM `grade` WHERE `id` = 6 LIMIT 1   [ RunTime:0.0001s ]
SQL: SHOW COLUMNS FROM `order` [ RunTime:0.0004s ]

[ 2018-02-09T15:18:27+08:00 ] 182.150.27.185 /Home/order/caution.html?grade_id=6&code=001Ebo772WrTzK0Z0N572xys772Ebo7k&state=
SQL: SHOW COLUMNS FROM `user` [ RunTime:0.0007s ]
SQL: SELECT * FROM `user` WHERE `id` = 12 LIMIT 1   [ RunTime:0.0002s ]
SQL: SHOW COLUMNS FROM `grade` [ RunTime:0.0005s ]
SQL: SELECT * FROM `grade` WHERE `id` = 6 LIMIT 1   [ RunTime:0.0001s ]
SQL: SHOW COLUMNS FROM `order` [ RunTime:0.0005s ]

[ 2018-02-09T15:19:30+08:00 ] 182.150.27.185 /Home/login/login.html
SQL: SHOW COLUMNS FROM `user` [ RunTime:0.0007s ]
SQL: SELECT * FROM `user` WHERE `phone` = '18628246831' LIMIT 1   [ RunTime:0.0002s ]
NOTIC: [8] A session had already been started - ignoring session_start() /var/www/html/study/ThinkPHP/Common/functions.php 第 1272 行.

[ 2018-02-09T15:19:31+08:00 ] 182.150.27.185 /
SQL: SHOW COLUMNS FROM `user` [ RunTime:0.0007s ]
SQL: SELECT * FROM `user` WHERE `id` = 12 LIMIT 1   [ RunTime:0.0002s ]
SQL: SHOW COLUMNS FROM `activity` [ RunTime:0.0005s ]
SQL: SELECT * FROM `activity` WHERE `status` = 1 AND `platform_id` = 1 LIMIT 3   [ RunTime:0.0002s ]

[ 2018-02-09T15:19:33+08:00 ] 182.150.27.185 /Home/activity/index.html
SQL: SHOW COLUMNS FROM `user` [ RunTime:0.0007s ]
SQL: SELECT * FROM `user` WHERE `id` = 12 LIMIT 1   [ RunTime:0.0002s ]
SQL: SHOW COLUMNS FROM `activity` [ RunTime:0.0005s ]
SQL: SELECT * FROM `activity` WHERE `platform_id` = 1 AND `status` = 1  [ RunTime:0.0002s ]

[ 2018-02-09T15:19:34+08:00 ] 182.150.27.185 /Home/activity/details/activity_id/3.html
SQL: SHOW COLUMNS FROM `user` [ RunTime:0.0007s ]
SQL: SELECT * FROM `user` WHERE `id` = 12 LIMIT 1   [ RunTime:0.0002s ]
SQL: SHOW COLUMNS FROM `activity` [ RunTime:0.0005s ]
SQL: SELECT * FROM `activity` WHERE `id` = 3 LIMIT 1   [ RunTime:0.0002s ]

[ 2018-02-09T15:19:35+08:00 ] 182.150.27.185 /Home/activity/curriculum/activity_id/3.html
SQL: SHOW COLUMNS FROM `user` [ RunTime:0.0007s ]
SQL: SELECT * FROM `user` WHERE `id` = 12 LIMIT 1   [ RunTime:0.0002s ]
SQL: SHOW COLUMNS FROM `activity` [ RunTime:0.0005s ]
SQL: SELECT * FROM `activity` WHERE `id` = 3 LIMIT 1   [ RunTime:0.0002s ]
SQL: SHOW COLUMNS FROM `activity_course` [ RunTime:0.0004s ]
SQL: SELECT `grade`.`id`,`grade`.`name`,`grade`.`price` FROM `activity_course` LEFT JOIN `activity` ON `activity`.`id`=`activity_course`.`activity_id`  LEFT JOIN `grade` ON `activity_course`.`grade_id`=`grade`.`id`  WHERE `grade`.`type` = 1 AND `activity`.`id` = 3  [ RunTime:0.0002s ]
NOTIC: [8] Undefined index: head_img /var/www/html/study/Runtime/Cache/Home/3f7c3a8d2912f4abf4f089ddffcfccca.php 第 161 行.
NOTIC: [8] Undefined index: title /var/www/html/study/Runtime/Cache/Home/3f7c3a8d2912f4abf4f089ddffcfccca.php 第 164 行.
NOTIC: [8] Undefined index: describe /var/www/html/study/Runtime/Cache/Home/3f7c3a8d2912f4abf4f089ddffcfccca.php 第 165 行.

[ 2018-02-09T15:19:37+08:00 ] 182.150.27.185 /Home/order/caution.html?grade_id=6
SQL: SHOW COLUMNS FROM `user` [ RunTime:0.0007s ]
SQL: SELECT * FROM `user` WHERE `id` = 12 LIMIT 1   [ RunTime:0.0002s ]
SQL: SHOW COLUMNS FROM `grade` [ RunTime:0.0005s ]
SQL: SELECT * FROM `grade` WHERE `id` = 6 LIMIT 1   [ RunTime:0.0001s ]
SQL: SHOW COLUMNS FROM `order` [ RunTime:0.0004s ]

[ 2018-02-09T15:19:39+08:00 ] 182.150.27.185 /Home/order/caution.html?grade_id=6&code=061vEdL5271fEJ07K7L527eoL52vEdL8&state=
SQL: SHOW COLUMNS FROM `user` [ RunTime:0.0007s ]
SQL: SELECT * FROM `user` WHERE `id` = 12 LIMIT 1   [ RunTime:0.0002s ]
SQL: SHOW COLUMNS FROM `grade` [ RunTime:0.0005s ]
SQL: SELECT * FROM `grade` WHERE `id` = 6 LIMIT 1   [ RunTime:0.0002s ]
SQL: SHOW COLUMNS FROM `order` [ RunTime:0.0004s ]
SQL: INSERT INTO `order` (`trade_no`,`price`,`user_id`,`create_time`,`platform_id`,`grade_id`) VALUES ('T2018020915193819640','0.01','12','1518160779','1','6') [ RunTime:0.0105s ]

[ 2018-02-09T15:21:09+08:00 ] 182.150.27.185 /Home/order/caution.html?grade_id=6
SQL: SHOW COLUMNS FROM `user` [ RunTime:0.0007s ]
SQL: SELECT * FROM `user` WHERE `id` = 12 LIMIT 1   [ RunTime:0.0002s ]
SQL: SHOW COLUMNS FROM `grade` [ RunTime:0.0005s ]
SQL: SELECT * FROM `grade` WHERE `id` = 6 LIMIT 1   [ RunTime:0.0001s ]
SQL: SHOW COLUMNS FROM `order` [ RunTime:0.0004s ]

[ 2018-02-09T15:21:10+08:00 ] 182.150.27.185 /Home/order/caution.html?grade_id=6&code=021WrwcV17vglV0afKaV1lVMcV1WrwcU&state=
SQL: SHOW COLUMNS FROM `user` [ RunTime:0.0007s ]
SQL: SELECT * FROM `user` WHERE `id` = 12 LIMIT 1   [ RunTime:0.0002s ]
SQL: SHOW COLUMNS FROM `grade` [ RunTime:0.0004s ]
SQL: SELECT * FROM `grade` WHERE `id` = 6 LIMIT 1   [ RunTime:0.0002s ]
SQL: SHOW COLUMNS FROM `order` [ RunTime:0.0004s ]

[ 2018-02-09T15:39:38+08:00 ] 182.150.27.185 /
SQL: SHOW COLUMNS FROM `user` [ RunTime:0.0007s ]
SQL: SELECT * FROM `user` WHERE `id` = 12 LIMIT 1   [ RunTime:0.0002s ]
SQL: SHOW COLUMNS FROM `activity` [ RunTime:0.0004s ]
SQL: SELECT * FROM `activity` WHERE `status` = 1 AND `platform_id` = 1 LIMIT 3   [ RunTime:0.0002s ]

[ 2018-02-09T15:39:39+08:00 ] 182.150.27.185 /Home/activity/index.html
SQL: SHOW COLUMNS FROM `user` [ RunTime:0.0007s ]
SQL: SELECT * FROM `user` WHERE `id` = 12 LIMIT 1   [ RunTime:0.0002s ]
SQL: SHOW COLUMNS FROM `activity` [ RunTime:0.0005s ]
SQL: SELECT * FROM `activity` WHERE `platform_id` = 1 AND `status` = 1  [ RunTime:0.0002s ]

[ 2018-02-09T15:39:41+08:00 ] 182.150.27.185 /Home/activity/details/activity_id/3.html
SQL: SHOW COLUMNS FROM `user` [ RunTime:0.0007s ]
SQL: SELECT * FROM `user` WHERE `id` = 12 LIMIT 1   [ RunTime:0.0002s ]
SQL: SHOW COLUMNS FROM `activity` [ RunTime:0.0005s ]
SQL: SELECT * FROM `activity` WHERE `id` = 3 LIMIT 1   [ RunTime:0.0001s ]

[ 2018-02-09T15:39:42+08:00 ] 182.150.27.185 /Home/activity/curriculum/activity_id/3.html
SQL: SHOW COLUMNS FROM `user` [ RunTime:0.0010s ]
SQL: SELECT * FROM `user` WHERE `id` = 12 LIMIT 1   [ RunTime:0.0003s ]
SQL: SHOW COLUMNS FROM `activity` [ RunTime:0.0007s ]
SQL: SELECT * FROM `activity` WHERE `id` = 3 LIMIT 1   [ RunTime:0.0002s ]
SQL: SHOW COLUMNS FROM `activity_course` [ RunTime:0.0006s ]
SQL: SELECT `grade`.`id`,`grade`.`name`,`grade`.`price` FROM `activity_course` LEFT JOIN `activity` ON `activity`.`id`=`activity_course`.`activity_id`  LEFT JOIN `grade` ON `activity_course`.`grade_id`=`grade`.`id`  WHERE `grade`.`type` = 1 AND `activity`.`id` = 3  [ RunTime:0.0003s ]
NOTIC: [8] Undefined index: head_img /var/www/html/study/Runtime/Cache/Home/3f7c3a8d2912f4abf4f089ddffcfccca.php 第 161 行.
NOTIC: [8] Undefined index: title /var/www/html/study/Runtime/Cache/Home/3f7c3a8d2912f4abf4f089ddffcfccca.php 第 164 行.
NOTIC: [8] Undefined index: describe /var/www/html/study/Runtime/Cache/Home/3f7c3a8d2912f4abf4f089ddffcfccca.php 第 165 行.

[ 2018-02-09T15:39:45+08:00 ] 182.150.27.185 /Home/order/caution.html?grade_id=6
SQL: SHOW COLUMNS FROM `user` [ RunTime:0.0007s ]
SQL: SELECT * FROM `user` WHERE `id` = 12 LIMIT 1   [ RunTime:0.0002s ]
SQL: SHOW COLUMNS FROM `grade` [ RunTime:0.0005s ]
SQL: SELECT * FROM `grade` WHERE `id` = 6 LIMIT 1   [ RunTime:0.0002s ]
SQL: SHOW COLUMNS FROM `order` [ RunTime:0.0005s ]

[ 2018-02-09T15:39:46+08:00 ] 182.150.27.185 /Home/order/caution.html?grade_id=6&code=021x6Qw90ufzdv1SlYy90InKw90x6QwN&state=
SQL: SHOW COLUMNS FROM `user` [ RunTime:0.0007s ]
SQL: SELECT * FROM `user` WHERE `id` = 12 LIMIT 1   [ RunTime:0.0002s ]
SQL: SHOW COLUMNS FROM `grade` [ RunTime:0.0005s ]
SQL: SELECT * FROM `grade` WHERE `id` = 6 LIMIT 1   [ RunTime:0.0002s ]
SQL: SHOW COLUMNS FROM `order` [ RunTime:0.0005s ]
SQL: INSERT INTO `order` (`trade_no`,`price`,`user_id`,`create_time`,`platform_id`,`grade_id`) VALUES ('T2018020915394565559','0.01','12','1518161986','1','6') [ RunTime:0.0109s ]

[ 2018-02-09T15:42:06+08:00 ] 182.150.27.185 /Home/activity/curriculum/activity_id/3.html
SQL: SHOW COLUMNS FROM `user` [ RunTime:0.0007s ]
SQL: SELECT * FROM `user` WHERE `id` = 12 LIMIT 1   [ RunTime:0.0002s ]
SQL: SHOW COLUMNS FROM `activity` [ RunTime:0.0004s ]
SQL: SELECT * FROM `activity` WHERE `id` = 3 LIMIT 1   [ RunTime:0.0002s ]
SQL: SHOW COLUMNS FROM `activity_course` [ RunTime:0.0004s ]
SQL: SELECT `grade`.`id`,`grade`.`name`,`grade`.`price` FROM `activity_course` LEFT JOIN `activity` ON `activity`.`id`=`activity_course`.`activity_id`  LEFT JOIN `grade` ON `activity_course`.`grade_id`=`grade`.`id`  WHERE `grade`.`type` = 1 AND `activity`.`id` = 3  [ RunTime:0.0002s ]
NOTIC: [8] Undefined index: head_img /var/www/html/study/Runtime/Cache/Home/3f7c3a8d2912f4abf4f089ddffcfccca.php 第 161 行.
NOTIC: [8] Undefined index: title /var/www/html/study/Runtime/Cache/Home/3f7c3a8d2912f4abf4f089ddffcfccca.php 第 164 行.
NOTIC: [8] Undefined index: describe /var/www/html/study/Runtime/Cache/Home/3f7c3a8d2912f4abf4f089ddffcfccca.php 第 165 行.

[ 2018-02-09T15:42:09+08:00 ] 182.150.27.185 /Home/order/caution.html?grade_id=6
SQL: SHOW COLUMNS FROM `user` [ RunTime:0.0007s ]
SQL: SELECT * FROM `user` WHERE `id` = 12 LIMIT 1   [ RunTime:0.0002s ]
SQL: SHOW COLUMNS FROM `grade` [ RunTime:0.0004s ]
SQL: SELECT * FROM `grade` WHERE `id` = 6 LIMIT 1   [ RunTime:0.0001s ]
SQL: SHOW COLUMNS FROM `order` [ RunTime:0.0004s ]

[ 2018-02-09T15:42:11+08:00 ] 182.150.27.185 /Home/order/caution.html?grade_id=6&code=071xfIW41HpeCL1GMnV414tGW41xfIWQ&state=
SQL: SHOW COLUMNS FROM `user` [ RunTime:0.0007s ]
SQL: SELECT * FROM `user` WHERE `id` = 12 LIMIT 1   [ RunTime:0.0002s ]
SQL: SHOW COLUMNS FROM `grade` [ RunTime:0.0005s ]
SQL: SELECT * FROM `grade` WHERE `id` = 6 LIMIT 1   [ RunTime:0.0001s ]
SQL: SHOW COLUMNS FROM `order` [ RunTime:0.0004s ]
SQL: INSERT INTO `order` (`trade_no`,`price`,`user_id`,`create_time`,`platform_id`,`grade_id`) VALUES ('T2018020915421028093','0.01','12','1518162131','1','6') [ RunTime:0.0113s ]

[ 2018-02-09T15:43:29+08:00 ] 182.150.27.185 /Home/order/caution.html?grade_id=6&code=071xfIW41HpeCL1GMnV414tGW41xfIWQ&state=
SQL: SHOW COLUMNS FROM `user` [ RunTime:0.0007s ]
SQL: SELECT * FROM `user` WHERE `id` = 12 LIMIT 1   [ RunTime:0.0002s ]
SQL: SHOW COLUMNS FROM `grade` [ RunTime:0.0004s ]
SQL: SELECT * FROM `grade` WHERE `id` = 6 LIMIT 1   [ RunTime:0.0002s ]
SQL: SHOW COLUMNS FROM `order` [ RunTime:0.0004s ]
NOTIC: [8] Undefined index: value /var/www/html/study/Application/Weixin/Api/Pay.class.php 第 82 行.

[ 2018-02-09T15:43:34+08:00 ] 182.150.27.185 /Home/order/caution.html?grade_id=6
SQL: SHOW COLUMNS FROM `user` [ RunTime:0.0007s ]
SQL: SELECT * FROM `user` WHERE `id` = 12 LIMIT 1   [ RunTime:0.0002s ]
SQL: SHOW COLUMNS FROM `grade` [ RunTime:0.0005s ]
SQL: SELECT * FROM `grade` WHERE `id` = 6 LIMIT 1   [ RunTime:0.0001s ]
SQL: SHOW COLUMNS FROM `order` [ RunTime:0.0004s ]

[ 2018-02-09T15:43:36+08:00 ] 182.150.27.185 /Home/order/caution.html?grade_id=6&code=021M6vHH05l3Ng2t1VGH08BdHH0M6vH-&state=
SQL: SHOW COLUMNS FROM `user` [ RunTime:0.0007s ]
SQL: SELECT * FROM `user` WHERE `id` = 12 LIMIT 1   [ RunTime:0.0002s ]
SQL: SHOW COLUMNS FROM `grade` [ RunTime:0.0004s ]
SQL: SELECT * FROM `grade` WHERE `id` = 6 LIMIT 1   [ RunTime:0.0001s ]
SQL: SHOW COLUMNS FROM `order` [ RunTime:0.0004s ]
SQL: INSERT INTO `order` (`trade_no`,`price`,`user_id`,`create_time`,`platform_id`,`grade_id`) VALUES ('T2018020915433588461','0.01','12','1518162216','1','6') [ RunTime:0.0111s ]

[ 2018-02-09T15:43:43+08:00 ] 182.150.27.185 /Home/order/caution.html?grade_id=6
SQL: SHOW COLUMNS FROM `user` [ RunTime:0.0007s ]
SQL: SELECT * FROM `user` WHERE `id` = 12 LIMIT 1   [ RunTime:0.0002s ]
SQL: SHOW COLUMNS FROM `grade` [ RunTime:0.0005s ]
SQL: SELECT * FROM `grade` WHERE `id` = 6 LIMIT 1   [ RunTime:0.0001s ]
SQL: SHOW COLUMNS FROM `order` [ RunTime:0.0004s ]

[ 2018-02-09T15:43:44+08:00 ] 182.150.27.185 /Home/order/caution.html?grade_id=6&code=001lhVIA1kANfe0nbhKA1RvGIA1lhVIw&state=
SQL: SHOW COLUMNS FROM `user` [ RunTime:0.0007s ]
SQL: SELECT * FROM `user` WHERE `id` = 12 LIMIT 1   [ RunTime:0.0002s ]
SQL: SHOW COLUMNS FROM `grade` [ RunTime:0.0005s ]
SQL: SELECT * FROM `grade` WHERE `id` = 6 LIMIT 1   [ RunTime:0.0001s ]
SQL: SHOW COLUMNS FROM `order` [ RunTime:0.0005s ]
SQL: INSERT INTO `order` (`trade_no`,`price`,`user_id`,`create_time`,`platform_id`,`grade_id`) VALUES ('T2018020915434329145','0.01','12','1518162224','1','6') [ RunTime:0.0107s ]

[ 2018-02-09T15:45:09+08:00 ] 182.150.27.185 /Home/order/caution.html?grade_id=6
SQL: SHOW COLUMNS FROM `user` [ RunTime:0.0008s ]
SQL: SELECT * FROM `user` WHERE `id` = 12 LIMIT 1   [ RunTime:0.0002s ]
SQL: SHOW COLUMNS FROM `grade` [ RunTime:0.0005s ]
SQL: SELECT * FROM `grade` WHERE `id` = 6 LIMIT 1   [ RunTime:0.0001s ]
SQL: SHOW COLUMNS FROM `order` [ RunTime:0.0005s ]

[ 2018-02-09T15:45:11+08:00 ] 182.150.27.185 /Home/order/caution.html?grade_id=6&code=0719s9sw1H4Mya0Y1duw1UQysw19s9s2&state=
SQL: SHOW COLUMNS FROM `user` [ RunTime:0.0007s ]
SQL: SELECT * FROM `user` WHERE `id` = 12 LIMIT 1   [ RunTime:0.0002s ]
SQL: SHOW COLUMNS FROM `grade` [ RunTime:0.0005s ]
SQL: SELECT * FROM `grade` WHERE `id` = 6 LIMIT 1   [ RunTime:0.0001s ]
SQL: SHOW COLUMNS FROM `order` [ RunTime:0.0005s ]

[ 2018-02-09T15:58:57+08:00 ] 182.150.27.185 /Home/order/caution.html?grade_id=6\
SQL: SHOW COLUMNS FROM `user` [ RunTime:0.0007s ]
SQL: SELECT * FROM `user` WHERE `id` = 12 LIMIT 1   [ RunTime:0.0002s ]
SQL: SHOW COLUMNS FROM `grade` [ RunTime:0.0005s ]
SQL: SELECT * FROM `grade` WHERE `id` = 6 LIMIT 1   [ RunTime:0.0001s ]
SQL: SHOW COLUMNS FROM `order` [ RunTime:0.0005s ]

[ 2018-02-09T15:58:58+08:00 ] 182.150.27.185 /Home/order/caution.html?grade_id=6\&code=021lN9si1btVww02hasi1L1Mri1lN9sO&state=
SQL: SHOW COLUMNS FROM `user` [ RunTime:0.0007s ]
SQL: SELECT * FROM `user` WHERE `id` = 12 LIMIT 1   [ RunTime:0.0002s ]
SQL: SHOW COLUMNS FROM `grade` [ RunTime:0.0004s ]
SQL: SELECT * FROM `grade` WHERE `id` = 6 LIMIT 1   [ RunTime:0.0002s ]
SQL: SHOW COLUMNS FROM `order` [ RunTime:0.0005s ]

[ 2018-02-09T16:00:32+08:00 ] 182.150.27.185 /Home/login/login.html
SQL: SHOW COLUMNS FROM `user` [ RunTime:0.0007s ]
SQL: SELECT * FROM `user` WHERE `phone` = '18628246831' LIMIT 1   [ RunTime:0.0002s ]
NOTIC: [8] A session had already been started - ignoring session_start() /var/www/html/study/ThinkPHP/Common/functions.php 第 1272 行.

[ 2018-02-09T16:00:32+08:00 ] 182.150.27.185 /
SQL: SHOW COLUMNS FROM `user` [ RunTime:0.0007s ]
SQL: SELECT * FROM `user` WHERE `id` = 12 LIMIT 1   [ RunTime:0.0002s ]
SQL: SHOW COLUMNS FROM `activity` [ RunTime:0.0005s ]
SQL: SELECT * FROM `activity` WHERE `status` = 1 AND `platform_id` = 1 LIMIT 3   [ RunTime:0.0002s ]

[ 2018-02-09T16:00:38+08:00 ] 182.150.27.185 /Home/activity/index.html
SQL: SHOW COLUMNS FROM `user` [ RunTime:0.0007s ]
SQL: SELECT * FROM `user` WHERE `id` = 12 LIMIT 1   [ RunTime:0.0002s ]
SQL: SHOW COLUMNS FROM `activity` [ RunTime:0.0004s ]
SQL: SELECT * FROM `activity` WHERE `platform_id` = 1 AND `status` = 1  [ RunTime:0.0002s ]

[ 2018-02-09T16:00:40+08:00 ] 182.150.27.185 /Home/activity/details/activity_id/3.html
SQL: SHOW COLUMNS FROM `user` [ RunTime:0.0007s ]
SQL: SELECT * FROM `user` WHERE `id` = 12 LIMIT 1   [ RunTime:0.0002s ]
SQL: SHOW COLUMNS FROM `activity` [ RunTime:0.0005s ]
SQL: SELECT * FROM `activity` WHERE `id` = 3 LIMIT 1   [ RunTime:0.0001s ]

[ 2018-02-09T16:00:43+08:00 ] 182.150.27.185 /Home/activity/curriculum/activity_id/3.html
SQL: SHOW COLUMNS FROM `user` [ RunTime:0.0007s ]
SQL: SELECT * FROM `user` WHERE `id` = 12 LIMIT 1   [ RunTime:0.0002s ]
SQL: SHOW COLUMNS FROM `activity` [ RunTime:0.0005s ]
SQL: SELECT * FROM `activity` WHERE `id` = 3 LIMIT 1   [ RunTime:0.0002s ]
SQL: SHOW COLUMNS FROM `activity_course` [ RunTime:0.0004s ]
SQL: SELECT `grade`.`id`,`grade`.`name`,`grade`.`price` FROM `activity_course` LEFT JOIN `activity` ON `activity`.`id`=`activity_course`.`activity_id`  LEFT JOIN `grade` ON `activity_course`.`grade_id`=`grade`.`id`  WHERE `grade`.`type` = 1 AND `activity`.`id` = 3  [ RunTime:0.0002s ]
NOTIC: [8] Undefined index: head_img /var/www/html/study/Runtime/Cache/Home/3f7c3a8d2912f4abf4f089ddffcfccca.php 第 161 行.
NOTIC: [8] Undefined index: title /var/www/html/study/Runtime/Cache/Home/3f7c3a8d2912f4abf4f089ddffcfccca.php 第 164 行.
NOTIC: [8] Undefined index: describe /var/www/html/study/Runtime/Cache/Home/3f7c3a8d2912f4abf4f089ddffcfccca.php 第 165 行.

[ 2018-02-09T16:00:46+08:00 ] 182.150.27.185 /Home/order/caution.html?grade_id=6
SQL: SHOW COLUMNS FROM `user` [ RunTime:0.0008s ]
SQL: SELECT * FROM `user` WHERE `id` = 12 LIMIT 1   [ RunTime:0.0002s ]
SQL: SHOW COLUMNS FROM `grade` [ RunTime:0.0004s ]
SQL: SELECT * FROM `grade` WHERE `id` = 6 LIMIT 1   [ RunTime:0.0002s ]
SQL: SHOW COLUMNS FROM `order` [ RunTime:0.0004s ]

[ 2018-02-09T16:00:47+08:00 ] 182.150.27.185 /Home/order/caution.html?grade_id=6&code=061lYc3l1tTVXl0Ebp4l1NE83l1lYc3-&state=
SQL: SHOW COLUMNS FROM `user` [ RunTime:0.0006s ]
SQL: SELECT * FROM `user` WHERE `id` = 12 LIMIT 1   [ RunTime:0.0002s ]
SQL: SHOW COLUMNS FROM `grade` [ RunTime:0.0005s ]
SQL: SELECT * FROM `grade` WHERE `id` = 6 LIMIT 1   [ RunTime:0.0001s ]
SQL: SHOW COLUMNS FROM `order` [ RunTime:0.0004s ]

[ 2018-02-09T16:01:00+08:00 ] 182.150.27.185 /Home/order/caution.html?grade_id=6
SQL: SHOW COLUMNS FROM `user` [ RunTime:0.0008s ]
SQL: SELECT * FROM `user` WHERE `id` = 12 LIMIT 1   [ RunTime:0.0002s ]
SQL: SHOW COLUMNS FROM `grade` [ RunTime:0.0004s ]
SQL: SELECT * FROM `grade` WHERE `id` = 6 LIMIT 1   [ RunTime:0.0001s ]
SQL: SHOW COLUMNS FROM `order` [ RunTime:0.0004s ]

[ 2018-02-09T16:01:01+08:00 ] 182.150.27.185 /Home/order/caution.html?grade_id=6&code=081fb4cm0JCfXl1yaeam0Gjecm0fb4cB&state=
SQL: SHOW COLUMNS FROM `user` [ RunTime:0.0007s ]
SQL: SELECT * FROM `user` WHERE `id` = 12 LIMIT 1   [ RunTime:0.0002s ]
SQL: SHOW COLUMNS FROM `grade` [ RunTime:0.0004s ]
SQL: SELECT * FROM `grade` WHERE `id` = 6 LIMIT 1   [ RunTime:0.0002s ]
SQL: SHOW COLUMNS FROM `order` [ RunTime:0.0005s ]

[ 2018-02-09T16:01:09+08:00 ] 182.150.27.185 /Home/order/caution.html?grade_id=6&code=081fb4cm0JCfXl1yaeam0Gjecm0fb4cB&state=
SQL: SHOW COLUMNS FROM `user` [ RunTime:0.0007s ]
SQL: SELECT * FROM `user` WHERE `id` = 12 LIMIT 1   [ RunTime:0.0002s ]
SQL: SHOW COLUMNS FROM `grade` [ RunTime:0.0005s ]
SQL: SELECT * FROM `grade` WHERE `id` = 6 LIMIT 1   [ RunTime:0.0001s ]
SQL: SHOW COLUMNS FROM `order` [ RunTime:0.0004s ]
NOTIC: [8] Undefined index: value /var/www/html/study/Application/Weixin/Api/Pay.class.php 第 82 行.

[ 2018-02-09T16:17:03+08:00 ] 182.150.27.185 /Home/order/caution.html?grade_id=6\&code=021lN9si1btVww02hasi1L1Mri1lN9sO&state=
SQL: SHOW COLUMNS FROM `user` [ RunTime:0.0008s ]
SQL: SELECT * FROM `user` WHERE `id` = 12 LIMIT 1   [ RunTime:0.0003s ]
SQL: SHOW COLUMNS FROM `grade` [ RunTime:0.0005s ]
SQL: SELECT * FROM `grade` WHERE `id` = 6 LIMIT 1   [ RunTime:0.0002s ]
SQL: SHOW COLUMNS FROM `order` [ RunTime:0.0005s ]
NOTIC: [8] Undefined index: value /var/www/html/study/Application/Weixin/Api/Pay.class.php 第 82 行.

[ 2018-02-09T16:17:09+08:00 ] 182.150.27.185 /Home/order/caution.html?grade_id=6
SQL: SHOW COLUMNS FROM `user` [ RunTime:0.0007s ]
SQL: SELECT * FROM `user` WHERE `id` = 12 LIMIT 1   [ RunTime:0.0002s ]
SQL: SHOW COLUMNS FROM `grade` [ RunTime:0.0006s ]
SQL: SELECT * FROM `grade` WHERE `id` = 6 LIMIT 1   [ RunTime:0.0001s ]
SQL: SHOW COLUMNS FROM `order` [ RunTime:0.0005s ]

[ 2018-02-09T16:17:10+08:00 ] 182.150.27.185 /Home/order/caution.html?grade_id=6&code=021PivNk1MX15l0IiCKk18LsNk1PivNM&state=
SQL: SHOW COLUMNS FROM `user` [ RunTime:0.0007s ]
SQL: SELECT * FROM `user` WHERE `id` = 12 LIMIT 1   [ RunTime:0.0002s ]
SQL: SHOW COLUMNS FROM `grade` [ RunTime:0.0005s ]
SQL: SELECT * FROM `grade` WHERE `id` = 6 LIMIT 1   [ RunTime:0.0001s ]
SQL: SHOW COLUMNS FROM `order` [ RunTime:0.0005s ]

[ 2018-02-09T16:26:53+08:00 ] 182.150.27.185 /Home/order/caution.html?grade_id=6
SQL: SHOW COLUMNS FROM `user` [ RunTime:0.0008s ]
SQL: SELECT * FROM `user` WHERE `id` = 12 LIMIT 1   [ RunTime:0.0002s ]
SQL: SHOW COLUMNS FROM `grade` [ RunTime:0.0005s ]
SQL: SELECT * FROM `grade` WHERE `id` = 6 LIMIT 1   [ RunTime:0.0001s ]
SQL: SHOW COLUMNS FROM `order` [ RunTime:0.0004s ]

[ 2018-02-09T16:26:54+08:00 ] 182.150.27.185 /Home/order/caution.html?grade_id=6&code=081C7pVb2icqZP09lgVb2hXCVb2C7pV4&state=
SQL: SHOW COLUMNS FROM `user` [ RunTime:0.0008s ]
SQL: SELECT * FROM `user` WHERE `id` = 12 LIMIT 1   [ RunTime:0.0002s ]
SQL: SHOW COLUMNS FROM `grade` [ RunTime:0.0005s ]
SQL: SELECT * FROM `grade` WHERE `id` = 6 LIMIT 1   [ RunTime:0.0001s ]
SQL: SHOW COLUMNS FROM `order` [ RunTime:0.0004s ]

[ 2018-02-09T16:29:50+08:00 ] 182.150.27.185 /Home/login/login.html
SQL: SHOW COLUMNS FROM `user` [ RunTime:0.0007s ]
SQL: SELECT * FROM `user` WHERE `phone` = '18628246831' LIMIT 1   [ RunTime:0.0002s ]
NOTIC: [8] A session had already been started - ignoring session_start() /var/www/html/study/ThinkPHP/Common/functions.php 第 1272 行.

[ 2018-02-09T16:29:51+08:00 ] 182.150.27.185 /
SQL: SHOW COLUMNS FROM `user` [ RunTime:0.0007s ]
SQL: SELECT * FROM `user` WHERE `id` = 12 LIMIT 1   [ RunTime:0.0002s ]
SQL: SHOW COLUMNS FROM `activity` [ RunTime:0.0005s ]
SQL: SELECT * FROM `activity` WHERE `status` = 1 AND `platform_id` = 1 LIMIT 3   [ RunTime:0.0002s ]

[ 2018-02-09T16:29:55+08:00 ] 182.150.27.185 /Home/activity/index.html
SQL: SHOW COLUMNS FROM `user` [ RunTime:0.0007s ]
SQL: SELECT * FROM `user` WHERE `id` = 12 LIMIT 1   [ RunTime:0.0002s ]
SQL: SHOW COLUMNS FROM `activity` [ RunTime:0.0004s ]
SQL: SELECT * FROM `activity` WHERE `platform_id` = 1 AND `status` = 1  [ RunTime:0.0002s ]

[ 2018-02-09T16:29:57+08:00 ] 182.150.27.185 /Home/activity/details/activity_id/3.html
SQL: SHOW COLUMNS FROM `user` [ RunTime:0.0007s ]
SQL: SELECT * FROM `user` WHERE `id` = 12 LIMIT 1   [ RunTime:0.0002s ]
SQL: SHOW COLUMNS FROM `activity` [ RunTime:0.0005s ]
SQL: SELECT * FROM `activity` WHERE `id` = 3 LIMIT 1   [ RunTime:0.0002s ]

[ 2018-02-09T16:30:00+08:00 ] 182.150.27.185 /Home/activity/curriculum/activity_id/3.html
SQL: SHOW COLUMNS FROM `user` [ RunTime:0.0007s ]
SQL: SELECT * FROM `user` WHERE `id` = 12 LIMIT 1   [ RunTime:0.0002s ]
SQL: SHOW COLUMNS FROM `activity` [ RunTime:0.0005s ]
SQL: SELECT * FROM `activity` WHERE `id` = 3 LIMIT 1   [ RunTime:0.0002s ]
SQL: SHOW COLUMNS FROM `activity_course` [ RunTime:0.0004s ]
SQL: SELECT `grade`.`id`,`grade`.`name`,`grade`.`price` FROM `activity_course` LEFT JOIN `activity` ON `activity`.`id`=`activity_course`.`activity_id`  LEFT JOIN `grade` ON `activity_course`.`grade_id`=`grade`.`id`  WHERE `grade`.`type` = 1 AND `activity`.`id` = 3  [ RunTime:0.0002s ]
NOTIC: [8] Undefined index: head_img /var/www/html/study/Runtime/Cache/Home/3f7c3a8d2912f4abf4f089ddffcfccca.php 第 161 行.
NOTIC: [8] Undefined index: title /var/www/html/study/Runtime/Cache/Home/3f7c3a8d2912f4abf4f089ddffcfccca.php 第 164 行.
NOTIC: [8] Undefined index: describe /var/www/html/study/Runtime/Cache/Home/3f7c3a8d2912f4abf4f089ddffcfccca.php 第 165 行.

[ 2018-02-09T16:30:03+08:00 ] 182.150.27.185 /Home/order/caution.html?grade_id=6
SQL: SHOW COLUMNS FROM `user` [ RunTime:0.0007s ]
SQL: SELECT * FROM `user` WHERE `id` = 12 LIMIT 1   [ RunTime:0.0002s ]
SQL: SHOW COLUMNS FROM `grade` [ RunTime:0.0005s ]
SQL: SELECT * FROM `grade` WHERE `id` = 6 LIMIT 1   [ RunTime:0.0001s ]
SQL: SHOW COLUMNS FROM `order` [ RunTime:0.0004s ]

[ 2018-02-09T16:30:04+08:00 ] 182.150.27.185 /Home/order/caution.html?grade_id=6&code=081xGda11e8RJ02dlmc11RZ4a11xGdaU&state=
SQL: SHOW COLUMNS FROM `user` [ RunTime:0.0007s ]
SQL: SELECT * FROM `user` WHERE `id` = 12 LIMIT 1   [ RunTime:0.0002s ]
SQL: SHOW COLUMNS FROM `grade` [ RunTime:0.0005s ]
SQL: SELECT * FROM `grade` WHERE `id` = 6 LIMIT 1   [ RunTime:0.0002s ]
SQL: SHOW COLUMNS FROM `order` [ RunTime:0.0004s ]

[ 2018-02-09T16:30:11+08:00 ] 182.150.27.185 /
SQL: SHOW COLUMNS FROM `user` [ RunTime:0.0007s ]
SQL: SELECT * FROM `user` WHERE `id` = 12 LIMIT 1   [ RunTime:0.0002s ]
SQL: SHOW COLUMNS FROM `activity` [ RunTime:0.0005s ]
SQL: SELECT * FROM `activity` WHERE `status` = 1 AND `platform_id` = 1 LIMIT 3   [ RunTime:0.0002s ]

[ 2018-02-09T16:30:36+08:00 ] 182.150.27.185 /Home/activity/index.html
SQL: SHOW COLUMNS FROM `user` [ RunTime:0.0007s ]
SQL: SELECT * FROM `user` WHERE `id` = 12 LIMIT 1   [ RunTime:0.0002s ]
SQL: SHOW COLUMNS FROM `activity` [ RunTime:0.0005s ]
SQL: SELECT * FROM `activity` WHERE `platform_id` = 1 AND `status` = 1  [ RunTime:0.0002s ]

[ 2018-02-09T16:30:42+08:00 ] 182.150.27.185 /Home/activity/details/activity_id/3.html
SQL: SHOW COLUMNS FROM `user` [ RunTime:0.0007s ]
SQL: SELECT * FROM `user` WHERE `id` = 12 LIMIT 1   [ RunTime:0.0002s ]
SQL: SHOW COLUMNS FROM `activity` [ RunTime:0.0006s ]
SQL: SELECT * FROM `activity` WHERE `id` = 3 LIMIT 1   [ RunTime:0.0002s ]

[ 2018-02-09T16:31:06+08:00 ] 182.150.27.185 /
SQL: SHOW COLUMNS FROM `user` [ RunTime:0.0007s ]
SQL: SELECT * FROM `user` WHERE `id` = 12 LIMIT 1   [ RunTime:0.0002s ]
SQL: SHOW COLUMNS FROM `activity` [ RunTime:0.0005s ]
SQL: SELECT * FROM `activity` WHERE `status` = 1 AND `platform_id` = 1 LIMIT 3   [ RunTime:0.0002s ]

[ 2018-02-09T16:36:13+08:00 ] 182.150.27.185 /Home/order/caution.html?grade_id=6
SQL: SHOW COLUMNS FROM `user` [ RunTime:0.0007s ]
SQL: SELECT * FROM `user` WHERE `id` = 12 LIMIT 1   [ RunTime:0.0002s ]
SQL: SHOW COLUMNS FROM `grade` [ RunTime:0.0004s ]
SQL: SELECT * FROM `grade` WHERE `id` = 6 LIMIT 1   [ RunTime:0.0001s ]
SQL: SHOW COLUMNS FROM `order` [ RunTime:0.0004s ]

[ 2018-02-09T16:36:14+08:00 ] 182.150.27.185 /Home/order/caution.html?grade_id=6&code=011GKU3R0so1z82AX44R0PCd4R0GKU3Y&state=
SQL: SHOW COLUMNS FROM `user` [ RunTime:0.0007s ]
SQL: SELECT * FROM `user` WHERE `id` = 12 LIMIT 1   [ RunTime:0.0002s ]
SQL: SHOW COLUMNS FROM `grade` [ RunTime:0.0005s ]
SQL: SELECT * FROM `grade` WHERE `id` = 6 LIMIT 1   [ RunTime:0.0001s ]
SQL: SHOW COLUMNS FROM `order` [ RunTime:0.0005s ]

[ 2018-02-09T16:36:23+08:00 ] 182.150.27.185 /Home/activity/index.html
SQL: SHOW COLUMNS FROM `user` [ RunTime:0.0007s ]
SQL: SELECT * FROM `user` WHERE `id` = 12 LIMIT 1   [ RunTime:0.0002s ]
SQL: SHOW COLUMNS FROM `activity` [ RunTime:0.0005s ]
SQL: SELECT * FROM `activity` WHERE `platform_id` = 1 AND `status` = 1  [ RunTime:0.0002s ]

[ 2018-02-09T16:36:24+08:00 ] 182.150.27.185 /Home/activity/details/activity_id/3.html
SQL: SHOW COLUMNS FROM `user` [ RunTime:0.0007s ]
SQL: SELECT * FROM `user` WHERE `id` = 12 LIMIT 1   [ RunTime:0.0002s ]
SQL: SHOW COLUMNS FROM `activity` [ RunTime:0.0004s ]
SQL: SELECT * FROM `activity` WHERE `id` = 3 LIMIT 1   [ RunTime:0.0001s ]

[ 2018-02-09T16:36:26+08:00 ] 182.150.27.185 /Home/activity/curriculum/activity_id/3.html
SQL: SHOW COLUMNS FROM `user` [ RunTime:0.0007s ]
SQL: SELECT * FROM `user` WHERE `id` = 12 LIMIT 1   [ RunTime:0.0002s ]
SQL: SHOW COLUMNS FROM `activity` [ RunTime:0.0005s ]
SQL: SELECT * FROM `activity` WHERE `id` = 3 LIMIT 1   [ RunTime:0.0002s ]
SQL: SHOW COLUMNS FROM `activity_course` [ RunTime:0.0004s ]
SQL: SELECT `grade`.`id`,`grade`.`name`,`grade`.`price` FROM `activity_course` LEFT JOIN `activity` ON `activity`.`id`=`activity_course`.`activity_id`  LEFT JOIN `grade` ON `activity_course`.`grade_id`=`grade`.`id`  WHERE `grade`.`type` = 1 AND `activity`.`id` = 3  [ RunTime:0.0002s ]
NOTIC: [8] Undefined index: head_img /var/www/html/study/Runtime/Cache/Home/3f7c3a8d2912f4abf4f089ddffcfccca.php 第 161 行.
NOTIC: [8] Undefined index: title /var/www/html/study/Runtime/Cache/Home/3f7c3a8d2912f4abf4f089ddffcfccca.php 第 164 行.
NOTIC: [8] Undefined index: describe /var/www/html/study/Runtime/Cache/Home/3f7c3a8d2912f4abf4f089ddffcfccca.php 第 165 行.

[ 2018-02-09T16:36:28+08:00 ] 182.150.27.185 /Home/order/caution.html?grade_id=6
SQL: SHOW COLUMNS FROM `user` [ RunTime:0.0007s ]
SQL: SELECT * FROM `user` WHERE `id` = 12 LIMIT 1   [ RunTime:0.0002s ]
SQL: SHOW COLUMNS FROM `grade` [ RunTime:0.0005s ]
SQL: SELECT * FROM `grade` WHERE `id` = 6 LIMIT 1   [ RunTime:0.0001s ]
SQL: SHOW COLUMNS FROM `order` [ RunTime:0.0004s ]

[ 2018-02-09T16:36:29+08:00 ] 182.150.27.185 /Home/order/caution.html?grade_id=6&code=021cdGQQ0MLHN82o4IPQ0VZEQQ0cdGQV&state=
SQL: SHOW COLUMNS FROM `user` [ RunTime:0.0007s ]
SQL: SELECT * FROM `user` WHERE `id` = 12 LIMIT 1   [ RunTime:0.0002s ]
SQL: SHOW COLUMNS FROM `grade` [ RunTime:0.0005s ]
SQL: SELECT * FROM `grade` WHERE `id` = 6 LIMIT 1   [ RunTime:0.0001s ]
SQL: SHOW COLUMNS FROM `order` [ RunTime:0.0004s ]

[ 2018-02-09T16:44:25+08:00 ] 112.96.253.135 /Home/login/getCode.html?phone=18632155726
NOTIC: [8] Use of undefined constant JSON_UNESCAPED_UNICODE - assumed 'JSON_UNESCAPED_UNICODE' /var/www/html/study/Application/Common/Model/api_demo/SmsDemo.php 第 90 行.
NOTIC: [2] json_encode() expects parameter 2 to be long, string given /var/www/html/study/Application/Common/Model/api_demo/SmsDemo.php 第 90 行.
ERR: InvalidAccessKeyId.NotFound Specified access key is not found. HTTP Status: 404 RequestID: 19F693EC-52BF-4101-9960-5D79BF05376F

[ 2018-02-09T16:44:27+08:00 ] 112.96.253.135 /Home/login/getCode.html?phone=18632155726
NOTIC: [8] Use of undefined constant JSON_UNESCAPED_UNICODE - assumed 'JSON_UNESCAPED_UNICODE' /var/www/html/study/Application/Common/Model/api_demo/SmsDemo.php 第 90 行.
NOTIC: [2] json_encode() expects parameter 2 to be long, string given /var/www/html/study/Application/Common/Model/api_demo/SmsDemo.php 第 90 行.
ERR: InvalidAccessKeyId.NotFound Specified access key is not found. HTTP Status: 404 RequestID: 27B14F59-423A-4586-8264-1FC4DCF85167

[ 2018-02-09T16:44:43+08:00 ] 112.96.253.135 /Home/login/getCode.html?phone=18632155726
NOTIC: [8] Use of undefined constant JSON_UNESCAPED_UNICODE - assumed 'JSON_UNESCAPED_UNICODE' /var/www/html/study/Application/Common/Model/api_demo/SmsDemo.php 第 90 行.
NOTIC: [2] json_encode() expects parameter 2 to be long, string given /var/www/html/study/Application/Common/Model/api_demo/SmsDemo.php 第 90 行.
ERR: InvalidAccessKeyId.NotFound Specified access key is not found. HTTP Status: 404 RequestID: A0A553E3-6F41-4657-BAB2-721A978934C1

[ 2018-02-09T16:45:14+08:00 ] 112.96.253.135 /Home/weixin/getCode.html?code=0611AH7e0cWNHz13ADbe0UdK7e01AH7K&state=
SQL: SHOW COLUMNS FROM `user` [ RunTime:0.0007s ]
SQL: SELECT * FROM `user` WHERE `open_id` = 'oWYSTwyqhV4vhJ__WCMpqRKZj8qo' LIMIT 1   [ RunTime:0.0002s ]

[ 2018-02-09T16:45:30+08:00 ] 112.96.253.135 /Home/login/getCode.html?phone=18632155726
NOTIC: [8] Use of undefined constant JSON_UNESCAPED_UNICODE - assumed 'JSON_UNESCAPED_UNICODE' /var/www/html/study/Application/Common/Model/api_demo/SmsDemo.php 第 90 行.
NOTIC: [2] json_encode() expects parameter 2 to be long, string given /var/www/html/study/Application/Common/Model/api_demo/SmsDemo.php 第 90 行.
ERR: InvalidAccessKeyId.NotFound Specified access key is not found. HTTP Status: 404 RequestID: 2E3CA568-FF60-466B-A5D6-ABE1B7FB4E97

[ 2018-02-09T16:45:32+08:00 ] 112.96.253.135 /Home/login/getCode.html?phone=18632155726
NOTIC: [8] Use of undefined constant JSON_UNESCAPED_UNICODE - assumed 'JSON_UNESCAPED_UNICODE' /var/www/html/study/Application/Common/Model/api_demo/SmsDemo.php 第 90 行.
NOTIC: [2] json_encode() expects parameter 2 to be long, string given /var/www/html/study/Application/Common/Model/api_demo/SmsDemo.php 第 90 行.
ERR: InvalidAccessKeyId.NotFound Specified access key is not found. HTTP Status: 404 RequestID: 56E3B329-C0CE-434B-A3DD-407C8CD8413B

[ 2018-02-09T16:45:52+08:00 ] 112.96.253.135 /Home/login/login.html
SQL: SHOW COLUMNS FROM `user` [ RunTime:0.0007s ]
SQL: SELECT * FROM `user` WHERE `phone` = '13555555555' LIMIT 1   [ RunTime:0.0002s ]
NOTIC: [8] A session had already been started - ignoring session_start() /var/www/html/study/ThinkPHP/Common/functions.php 第 1272 行.

[ 2018-02-09T16:45:52+08:00 ] 112.96.253.135 /
SQL: SHOW COLUMNS FROM `user` [ RunTime:0.0007s ]
SQL: SELECT * FROM `user` WHERE `id` = 1 LIMIT 1   [ RunTime:0.0002s ]
SQL: SHOW COLUMNS FROM `activity` [ RunTime:0.0005s ]
SQL: SELECT * FROM `activity` WHERE `status` = 1 AND `platform_id` = 1 LIMIT 3   [ RunTime:0.0002s ]

[ 2018-02-09T16:45:59+08:00 ] 112.96.253.135 /Home/activity/index.html
SQL: SHOW COLUMNS FROM `user` [ RunTime:0.0007s ]
SQL: SELECT * FROM `user` WHERE `id` = 1 LIMIT 1   [ RunTime:0.0002s ]
SQL: SHOW COLUMNS FROM `activity` [ RunTime:0.0004s ]
SQL: SELECT * FROM `activity` WHERE `platform_id` = 1 AND `user_id` = 1  [ RunTime:0.0002s ]

[ 2018-02-09T16:46:02+08:00 ] 112.96.253.135 /Home/activity/index.html
SQL: SHOW COLUMNS FROM `user` [ RunTime:0.0007s ]
SQL: SELECT * FROM `user` WHERE `id` = 1 LIMIT 1   [ RunTime:0.0002s ]
SQL: SHOW COLUMNS FROM `activity` [ RunTime:0.0005s ]
SQL: SELECT * FROM `activity` WHERE `platform_id` = 1 AND `user_id` = 1  [ RunTime:0.0002s ]

[ 2018-02-09T16:46:03+08:00 ] 112.96.253.135 /Home/MyClass/index.html
SQL: SHOW COLUMNS FROM `user` [ RunTime:0.0007s ]
SQL: SELECT * FROM `user` WHERE `id` = 1 LIMIT 1   [ RunTime:0.0002s ]
SQL: SHOW COLUMNS FROM `classes` [ RunTime:0.0004s ]
SQL: SELECT * FROM `classes` WHERE ( user_id = 1 ) ORDER BY class_id asc  [ RunTime:0.0002s ]

[ 2018-02-09T16:46:09+08:00 ] 112.96.253.135 /Home/user/studentlist.html
SQL: SHOW COLUMNS FROM `user` [ RunTime:0.0007s ]
SQL: SELECT * FROM `user` WHERE `id` = 1 LIMIT 1   [ RunTime:0.0002s ]
NOTIC: [8] Undefined variable: showData /var/www/html/study/Runtime/Cache/Home/e64692d7af7841a208d0d193fba1bd66.php 第 204 行.

[ 2018-02-09T16:46:13+08:00 ] 112.96.253.135 /Home/library/index.html
SQL: SHOW COLUMNS FROM `user` [ RunTime:0.0006s ]
SQL: SELECT * FROM `user` WHERE `id` = 1 LIMIT 1   [ RunTime:0.0002s ]
SQL: SHOW COLUMNS FROM `classify_level` [ RunTime:0.0004s ]
SQL: SELECT * FROM `classify_level` WHERE `classify_id` = 1  [ RunTime:0.0001s ]
SQL: SHOW COLUMNS FROM `book_classify` [ RunTime:0.0005s ]
NOTIC: [8] Undefined variable: platform_id /var/www/html/study/Runtime/Cache/Home/4060877857253123334407ec869cf83d.php 第 55 行.
SQL: SELECT `id`,`name`,`head_img` FROM `book_classify`  [ RunTime:0.0002s ]
SQL: SHOW COLUMNS FROM `book` [ RunTime:0.0005s ]
SQL: SELECT * FROM `book` WHERE `level_id` = 1 LIMIT 3   [ RunTime:0.0001s ]

[ 2018-02-09T16:46:23+08:00 ] 112.96.253.135 /Home/CreateBook/index.html
SQL: SHOW COLUMNS FROM `user` [ RunTime:0.0007s ]
SQL: SELECT * FROM `user` WHERE `id` = 1 LIMIT 1   [ RunTime:0.0002s ]

[ 2018-02-09T16:46:29+08:00 ] 112.96.253.135 /Home/CreateBook/getBooks.html
SQL: SHOW COLUMNS FROM `user` [ RunTime:0.0007s ]
SQL: SELECT * FROM `user` WHERE `id` = 1 LIMIT 1   [ RunTime:0.0002s ]
SQL: SHOW COLUMNS FROM `book` [ RunTime:0.0005s ]
SQL: SHOW COLUMNS FROM `book` [ RunTime:0.0004s ]
SQL: SELECT * FROM `book` WHERE ( user_id = 1 ) ORDER BY id asc  [ RunTime:0.0001s ]

[ 2018-02-09T16:46:31+08:00 ] 112.96.253.135 /Home/CreateBook/getTextBooks.html
SQL: SHOW COLUMNS FROM `user` [ RunTime:0.0007s ]
SQL: SELECT * FROM `user` WHERE `id` = 1 LIMIT 1   [ RunTime:0.0002s ]
SQL: SHOW COLUMNS FROM `book_res` [ RunTime:0.0005s ]
SQL: SHOW COLUMNS FROM `book` [ RunTime:0.0004s ]
SQL: SELECT `id`,`name` FROM `book` WHERE ( user_id = 1 ) ORDER BY id asc  [ RunTime:0.0002s ]

[ 2018-02-09T16:46:35+08:00 ] 112.96.253.135 /Home/forum/index.html
SQL: SHOW COLUMNS FROM `user` [ RunTime:0.0007s ]
SQL: SELECT * FROM `user` WHERE `id` = 1 LIMIT 1   [ RunTime:0.0002s ]

[ 2018-02-09T16:46:35+08:00 ] 112.96.253.135 /Home/forum/bbs_list.html?p=1
SQL: SHOW COLUMNS FROM `user` [ RunTime:0.0007s ]
SQL: SELECT * FROM `user` WHERE `id` = 1 LIMIT 1   [ RunTime:0.0002s ]
SQL: SHOW COLUMNS FROM `forum` [ RunTime:0.0008s ]
SQL: SELECT COUNT(*) AS tp_count FROM `forum` LIMIT 1   [ RunTime:0.0002s ]
SQL: SELECT `forum`.*,`user`.`nickname`,`user`.`head_img` FROM `forum` LEFT JOIN `user` ON `user`.`id` = `forum`.`user_id`  LIMIT 0,20   [ RunTime:0.0003s ]

[ 2018-02-09T16:46:36+08:00 ] 112.96.253.135 /Home/forum/bbs_list.html?p=2
SQL: SHOW COLUMNS FROM `user` [ RunTime:0.0007s ]
SQL: SELECT * FROM `user` WHERE `id` = 1 LIMIT 1   [ RunTime:0.0002s ]
SQL: SHOW COLUMNS FROM `forum` [ RunTime:0.0004s ]
SQL: SELECT COUNT(*) AS tp_count FROM `forum` LIMIT 1   [ RunTime:0.0001s ]
SQL: SELECT `forum`.*,`user`.`nickname`,`user`.`head_img` FROM `forum` LEFT JOIN `user` ON `user`.`id` = `forum`.`user_id`  LIMIT 20,20   [ RunTime:0.0002s ]

[ 2018-02-09T16:46:47+08:00 ] 112.96.253.135 /Home/forum/index.html
SQL: SHOW COLUMNS FROM `user` [ RunTime:0.0007s ]
SQL: SELECT * FROM `user` WHERE `id` = 1 LIMIT 1   [ RunTime:0.0002s ]

[ 2018-02-09T16:46:48+08:00 ] 112.96.253.135 /Home/forum/bbs_list.html?p=1
SQL: SHOW COLUMNS FROM `user` [ RunTime:0.0007s ]
SQL: SELECT * FROM `user` WHERE `id` = 1 LIMIT 1   [ RunTime:0.0002s ]
SQL: SHOW COLUMNS FROM `forum` [ RunTime:0.0004s ]
SQL: SELECT COUNT(*) AS tp_count FROM `forum` LIMIT 1   [ RunTime:0.0001s ]
SQL: SELECT `forum`.*,`user`.`nickname`,`user`.`head_img` FROM `forum` LEFT JOIN `user` ON `user`.`id` = `forum`.`user_id`  LIMIT 0,20   [ RunTime:0.0002s ]

[ 2018-02-09T16:46:48+08:00 ] 112.96.253.135 /Home/forum/bbs_list.html?p=2
SQL: SHOW COLUMNS FROM `user` [ RunTime:0.0007s ]
SQL: SELECT * FROM `user` WHERE `id` = 1 LIMIT 1   [ RunTime:0.0002s ]
SQL: SHOW COLUMNS FROM `forum` [ RunTime:0.0005s ]
SQL: SELECT COUNT(*) AS tp_count FROM `forum` LIMIT 1   [ RunTime:0.0001s ]
SQL: SELECT `forum`.*,`user`.`nickname`,`user`.`head_img` FROM `forum` LEFT JOIN `user` ON `user`.`id` = `forum`.`user_id`  LIMIT 20,20   [ RunTime:0.0002s ]

[ 2018-02-09T16:46:52+08:00 ] 112.96.253.135 /Home/library/index.html
SQL: SHOW COLUMNS FROM `user` [ RunTime:0.0009s ]
SQL: SELECT * FROM `user` WHERE `id` = 1 LIMIT 1   [ RunTime:0.0003s ]
SQL: SHOW COLUMNS FROM `classify_level` [ RunTime:0.0006s ]
SQL: SELECT * FROM `classify_level` WHERE `classify_id` = 1  [ RunTime:0.0002s ]
SQL: SHOW COLUMNS FROM `book_classify` [ RunTime:0.0005s ]
NOTIC: [8] Undefined variable: platform_id /var/www/html/study/Runtime/Cache/Home/4060877857253123334407ec869cf83d.php 第 55 行.
SQL: SELECT `id`,`name`,`head_img` FROM `book_classify`  [ RunTime:0.0002s ]
SQL: SHOW COLUMNS FROM `book` [ RunTime:0.0005s ]
SQL: SELECT * FROM `book` WHERE `level_id` = 1 LIMIT 3   [ RunTime:0.0001s ]

[ 2018-02-09T16:46:55+08:00 ] 112.96.253.135 /Home/Library/book_list/level_id/1.html
SQL: SHOW COLUMNS FROM `user` [ RunTime:0.0007s ]
SQL: SELECT * FROM `user` WHERE `id` = 1 LIMIT 1   [ RunTime:0.0002s ]
SQL: SHOW COLUMNS FROM `book` [ RunTime:0.0005s ]
SQL: SELECT * FROM `book` WHERE `platform_id` = 1  [ RunTime:0.0001s ]
NOTIC: [8] Undefined variable: key /var/www/html/study/Runtime/Cache/Home/a9e1e3471119e361dda22575af9d6137.php 第 37 行.

[ 2018-02-09T16:48:14+08:00 ] 112.96.253.135 /Home/Library/book_list/level_id/1.html
SQL: SHOW COLUMNS FROM `user` [ RunTime:0.0007s ]
SQL: SELECT * FROM `user` WHERE `id` = 1 LIMIT 1   [ RunTime:0.0002s ]
SQL: SHOW COLUMNS FROM `book` [ RunTime:0.0004s ]
SQL: SELECT * FROM `book` WHERE `platform_id` = 1  [ RunTime:0.0001s ]
NOTIC: [8] Undefined variable: key /var/www/html/study/Runtime/Cache/Home/a9e1e3471119e361dda22575af9d6137.php 第 37 行.

[ 2018-02-09T16:48:21+08:00 ] 112.96.253.135 /Home/Library/index/classify_id/1.html
SQL: SHOW COLUMNS FROM `user` [ RunTime:0.0007s ]
SQL: SELECT * FROM `user` WHERE `id` = 1 LIMIT 1   [ RunTime:0.0002s ]
SQL: SHOW COLUMNS FROM `classify_level` [ RunTime:0.0004s ]
SQL: SELECT * FROM `classify_level` WHERE `classify_id` = 1  [ RunTime:0.0001s ]
SQL: SHOW COLUMNS FROM `book_classify` [ RunTime:0.0005s ]
NOTIC: [8] Undefined variable: platform_id /var/www/html/study/Runtime/Cache/Home/4060877857253123334407ec869cf83d.php 第 55 行.
SQL: SELECT `id`,`name`,`head_img` FROM `book_classify`  [ RunTime:0.0002s ]
SQL: SHOW COLUMNS FROM `book` [ RunTime:0.0005s ]
SQL: SELECT * FROM `book` WHERE `level_id` = 1 LIMIT 3   [ RunTime:0.0001s ]

[ 2018-02-09T16:49:08+08:00 ] 182.150.27.185 /Home/order/caution.html?grade_id=6&code=011GKU3R0so1z82AX44R0PCd4R0GKU3Y&state=
SQL: SHOW COLUMNS FROM `user` [ RunTime:0.0007s ]
SQL: SELECT * FROM `user` WHERE `id` = 12 LIMIT 1   [ RunTime:0.0002s ]
SQL: SHOW COLUMNS FROM `grade` [ RunTime:0.0005s ]
SQL: SELECT * FROM `grade` WHERE `id` = 6 LIMIT 1   [ RunTime:0.0002s ]
SQL: SHOW COLUMNS FROM `order` [ RunTime:0.0004s ]
NOTIC: [8] Undefined index: value /var/www/html/study/Application/Weixin/Api/Pay.class.php 第 82 行.

[ 2018-02-09T16:49:10+08:00 ] 182.150.27.185 /Home/order/caution.html?grade_id=6&code=081C7pVb2icqZP09lgVb2hXCVb2C7pV4&state=
SQL: SHOW COLUMNS FROM `user` [ RunTime:0.0007s ]
SQL: SELECT * FROM `user` WHERE `id` = 12 LIMIT 1   [ RunTime:0.0002s ]
SQL: SHOW COLUMNS FROM `grade` [ RunTime:0.0005s ]
SQL: SELECT * FROM `grade` WHERE `id` = 6 LIMIT 1   [ RunTime:0.0002s ]
SQL: SHOW COLUMNS FROM `order` [ RunTime:0.0004s ]
NOTIC: [8] Undefined index: value /var/www/html/study/Application/Weixin/Api/Pay.class.php 第 82 行.

[ 2018-02-09T16:49:14+08:00 ] 182.150.27.185 /Home/order/caution.html?grade_id=6
SQL: SHOW COLUMNS FROM `user` [ RunTime:0.0007s ]
SQL: SELECT * FROM `user` WHERE `id` = 12 LIMIT 1   [ RunTime:0.0002s ]
SQL: SHOW COLUMNS FROM `grade` [ RunTime:0.0005s ]
SQL: SELECT * FROM `grade` WHERE `id` = 6 LIMIT 1   [ RunTime:0.0002s ]
SQL: SHOW COLUMNS FROM `order` [ RunTime:0.0004s ]

[ 2018-02-09T16:49:15+08:00 ] 182.150.27.185 /Home/order/caution.html?grade_id=6&code=061fQmEN1BClL11gGPGN1EVjEN1fQmEN&state=
SQL: SHOW COLUMNS FROM `user` [ RunTime:0.0036s ]
SQL: SELECT * FROM `user` WHERE `id` = 12 LIMIT 1   [ RunTime:0.0002s ]
SQL: SHOW COLUMNS FROM `grade` [ RunTime:0.0034s ]
SQL: SELECT * FROM `grade` WHERE `id` = 6 LIMIT 1   [ RunTime:0.0001s ]
SQL: SHOW COLUMNS FROM `order` [ RunTime:0.0007s ]

[ 2018-02-09T16:49:16+08:00 ] 112.96.253.135 /
SQL: SHOW COLUMNS FROM `user` [ RunTime:0.0007s ]
SQL: SELECT * FROM `user` WHERE `id` = 1 LIMIT 1   [ RunTime:0.0002s ]
SQL: SHOW COLUMNS FROM `activity` [ RunTime:0.0005s ]
SQL: SELECT * FROM `activity` WHERE `status` = 1 AND `platform_id` = 1 LIMIT 3   [ RunTime:0.0002s ]

[ 2018-02-09T16:49:21+08:00 ] 112.96.253.135 /Home/user/personal.html
SQL: SHOW COLUMNS FROM `user` [ RunTime:0.0007s ]
SQL: SELECT * FROM `user` WHERE `id` = 1 LIMIT 1   [ RunTime:0.0002s ]
SQL: SHOW COLUMNS FROM `user` [ RunTime:0.0005s ]
SQL: SELECT * FROM `user` WHERE `id` = 1 LIMIT 1   [ RunTime:0.0001s ]
SQL: SHOW COLUMNS FROM `enlists` [ RunTime:0.0004s ]
SQL: SHOW COLUMNS FROM `enlists` [ RunTime:0.0004s ]
SQL: SELECT * FROM `enlists` WHERE ( user_id = 1 )  [ RunTime:0.0001s ]

[ 2018-02-09T16:49:26+08:00 ] 112.96.253.135 /Home/activity/index.html
SQL: SHOW COLUMNS FROM `user` [ RunTime:0.0007s ]
SQL: SELECT * FROM `user` WHERE `id` = 1 LIMIT 1   [ RunTime:0.0002s ]
SQL: SHOW COLUMNS FROM `activity` [ RunTime:0.0005s ]
SQL: SELECT * FROM `activity` WHERE `platform_id` = 1 AND `user_id` = 1  [ RunTime:0.0002s ]

[ 2018-02-09T16:49:28+08:00 ] 112.96.253.135 /Home/grade/index.html
SQL: SHOW COLUMNS FROM `user` [ RunTime:0.0007s ]
SQL: SELECT * FROM `user` WHERE `id` = 1 LIMIT 1   [ RunTime:0.0002s ]
SQL: SHOW COLUMNS FROM `grade` [ RunTime:0.0005s ]
SQL: SELECT * FROM `grade` WHERE `type` = 0 AND `platform_id` = 1 AND `user_id` = 1  [ RunTime:0.0002s ]

[ 2018-02-09T16:49:40+08:00 ] 112.96.253.135 /Home/grade/index.html
SQL: SHOW COLUMNS FROM `user` [ RunTime:0.0007s ]
SQL: SELECT * FROM `user` WHERE `id` = 1 LIMIT 1   [ RunTime:0.0002s ]
SQL: SHOW COLUMNS FROM `grade` [ RunTime:0.0004s ]
SQL: SELECT * FROM `grade` WHERE `type` = 0 AND `platform_id` = 1 AND `user_id` = 1  [ RunTime:0.0002s ]

[ 2018-02-09T16:49:45+08:00 ] 112.96.253.135 /
SQL: SHOW COLUMNS FROM `user` [ RunTime:0.0007s ]
SQL: SELECT * FROM `user` WHERE `id` = 1 LIMIT 1   [ RunTime:0.0002s ]
SQL: SHOW COLUMNS FROM `activity` [ RunTime:0.0005s ]
SQL: SELECT * FROM `activity` WHERE `status` = 1 AND `platform_id` = 1 LIMIT 3   [ RunTime:0.0002s ]

[ 2018-02-09T16:49:49+08:00 ] 182.150.27.185 /
SQL: SHOW COLUMNS FROM `user` [ RunTime:0.0007s ]
SQL: SELECT * FROM `user` WHERE `id` = 12 LIMIT 1   [ RunTime:0.0002s ]
SQL: SHOW COLUMNS FROM `activity` [ RunTime:0.0005s ]
SQL: SELECT * FROM `activity` WHERE `status` = 1 AND `platform_id` = 1 LIMIT 3   [ RunTime:0.0002s ]

[ 2018-02-09T16:49:51+08:00 ] 112.96.253.135 /Home/user/personal.html
SQL: SHOW COLUMNS FROM `user` [ RunTime:0.0007s ]
SQL: SELECT * FROM `user` WHERE `id` = 1 LIMIT 1   [ RunTime:0.0002s ]
SQL: SHOW COLUMNS FROM `user` [ RunTime:0.0005s ]
SQL: SELECT * FROM `user` WHERE `id` = 1 LIMIT 1   [ RunTime:0.0002s ]
SQL: SHOW COLUMNS FROM `enlists` [ RunTime:0.0004s ]
SQL: SHOW COLUMNS FROM `enlists` [ RunTime:0.0004s ]
SQL: SELECT * FROM `enlists` WHERE ( user_id = 1 )  [ RunTime:0.0002s ]

[ 2018-02-09T16:49:51+08:00 ] 182.150.27.185 /Home/activity/index.html
SQL: SHOW COLUMNS FROM `user` [ RunTime:0.0007s ]
SQL: SELECT * FROM `user` WHERE `id` = 12 LIMIT 1   [ RunTime:0.0002s ]
SQL: SHOW COLUMNS FROM `activity` [ RunTime:0.0005s ]
SQL: SELECT * FROM `activity` WHERE `platform_id` = 1 AND `status` = 1  [ RunTime:0.0002s ]

[ 2018-02-09T16:49:52+08:00 ] 182.150.27.185 /Home/activity/details/activity_id/3.html
SQL: SHOW COLUMNS FROM `user` [ RunTime:0.0007s ]
SQL: SELECT * FROM `user` WHERE `id` = 12 LIMIT 1   [ RunTime:0.0002s ]
SQL: SHOW COLUMNS FROM `activity` [ RunTime:0.0005s ]
SQL: SELECT * FROM `activity` WHERE `id` = 3 LIMIT 1   [ RunTime:0.0001s ]

[ 2018-02-09T16:49:53+08:00 ] 112.96.253.135 /Home/grade/index/type/1.html
SQL: SHOW COLUMNS FROM `user` [ RunTime:0.0007s ]
SQL: SELECT * FROM `user` WHERE `id` = 1 LIMIT 1   [ RunTime:0.0002s ]
SQL: SHOW COLUMNS FROM `grade` [ RunTime:0.0005s ]
SQL: SELECT * FROM `grade` WHERE `type` = 1 AND `platform_id` = 1 AND `user_id` = 1  [ RunTime:0.0002s ]

[ 2018-02-09T16:49:54+08:00 ] 182.150.27.185 /Home/activity/curriculum/activity_id/3.html
SQL: SHOW COLUMNS FROM `user` [ RunTime:0.0007s ]
SQL: SELECT * FROM `user` WHERE `id` = 12 LIMIT 1   [ RunTime:0.0002s ]
SQL: SHOW COLUMNS FROM `activity` [ RunTime:0.0005s ]
SQL: SELECT * FROM `activity` WHERE `id` = 3 LIMIT 1   [ RunTime:0.0001s ]
SQL: SHOW COLUMNS FROM `activity_course` [ RunTime:0.0005s ]
SQL: SELECT `grade`.`id`,`grade`.`name`,`grade`.`price` FROM `activity_course` LEFT JOIN `activity` ON `activity`.`id`=`activity_course`.`activity_id`  LEFT JOIN `grade` ON `activity_course`.`grade_id`=`grade`.`id`  WHERE `grade`.`type` = 1 AND `activity`.`id` = 3  [ RunTime:0.0002s ]
NOTIC: [8] Undefined index: head_img /var/www/html/study/Runtime/Cache/Home/3f7c3a8d2912f4abf4f089ddffcfccca.php 第 161 行.
NOTIC: [8] Undefined index: title /var/www/html/study/Runtime/Cache/Home/3f7c3a8d2912f4abf4f089ddffcfccca.php 第 164 行.
NOTIC: [8] Undefined index: describe /var/www/html/study/Runtime/Cache/Home/3f7c3a8d2912f4abf4f089ddffcfccca.php 第 165 行.

[ 2018-02-09T16:49:55+08:00 ] 182.150.27.185 /Home/order/caution.html?grade_id=6
SQL: SHOW COLUMNS FROM `user` [ RunTime:0.0007s ]
SQL: SELECT * FROM `user` WHERE `id` = 12 LIMIT 1   [ RunTime:0.0002s ]
SQL: SHOW COLUMNS FROM `grade` [ RunTime:0.0005s ]
SQL: SELECT * FROM `grade` WHERE `id` = 6 LIMIT 1   [ RunTime:0.0001s ]
SQL: SHOW COLUMNS FROM `order` [ RunTime:0.0004s ]

[ 2018-02-09T16:49:56+08:00 ] 112.96.253.135 /Home/activity/index.html
SQL: SHOW COLUMNS FROM `user` [ RunTime:0.0007s ]
SQL: SELECT * FROM `user` WHERE `id` = 1 LIMIT 1   [ RunTime:0.0002s ]
SQL: SHOW COLUMNS FROM `activity` [ RunTime:0.0005s ]
SQL: SELECT * FROM `activity` WHERE `platform_id` = 1 AND `user_id` = 1  [ RunTime:0.0002s ]

[ 2018-02-09T16:49:56+08:00 ] 182.150.27.185 /Home/order/caution.html?grade_id=6&code=071UWKfX1Ua9jT0EODfX19FwfX1UWKfr&state=
SQL: SHOW COLUMNS FROM `user` [ RunTime:0.0007s ]
SQL: SELECT * FROM `user` WHERE `id` = 12 LIMIT 1   [ RunTime:0.0002s ]
SQL: SHOW COLUMNS FROM `grade` [ RunTime:0.0005s ]
SQL: SELECT * FROM `grade` WHERE `id` = 6 LIMIT 1   [ RunTime:0.0001s ]
SQL: SHOW COLUMNS FROM `order` [ RunTime:0.0004s ]

[ 2018-02-09T16:50:00+08:00 ] 112.96.253.135 /Home/activity/index.html
SQL: SHOW COLUMNS FROM `user` [ RunTime:0.0007s ]
SQL: SELECT * FROM `user` WHERE `id` = 1 LIMIT 1   [ RunTime:0.0002s ]
SQL: SHOW COLUMNS FROM `activity` [ RunTime:0.0004s ]
SQL: SELECT * FROM `activity` WHERE `platform_id` = 1 AND `user_id` = 1  [ RunTime:0.0002s ]

[ 2018-02-09T16:50:02+08:00 ] 112.96.253.135 /Home/activity/index.html
SQL: SHOW COLUMNS FROM `user` [ RunTime:0.0007s ]
SQL: SELECT * FROM `user` WHERE `id` = 1 LIMIT 1   [ RunTime:0.0002s ]
SQL: SHOW COLUMNS FROM `activity` [ RunTime:0.0005s ]
SQL: SELECT * FROM `activity` WHERE `platform_id` = 1 AND `user_id` = 1  [ RunTime:0.0002s ]

[ 2018-02-09T16:50:08+08:00 ] 112.96.253.135 /
SQL: SHOW COLUMNS FROM `user` [ RunTime:0.0007s ]
SQL: SELECT * FROM `user` WHERE `id` = 1 LIMIT 1   [ RunTime:0.0002s ]
SQL: SHOW COLUMNS FROM `activity` [ RunTime:0.0005s ]
SQL: SELECT * FROM `activity` WHERE `status` = 1 AND `platform_id` = 1 LIMIT 3   [ RunTime:0.0002s ]

[ 2018-02-09T16:51:15+08:00 ] 112.96.253.135 /
SQL: SHOW COLUMNS FROM `user` [ RunTime:0.0007s ]
SQL: SELECT * FROM `user` WHERE `id` = 1 LIMIT 1   [ RunTime:0.0002s ]
SQL: SHOW COLUMNS FROM `activity` [ RunTime:0.0005s ]
SQL: SELECT * FROM `activity` WHERE `status` = 1 AND `platform_id` = 1 LIMIT 3   [ RunTime:0.0002s ]

[ 2018-02-09T16:51:21+08:00 ] 112.96.253.135 /Home/MyClass/index.html
SQL: SHOW COLUMNS FROM `user` [ RunTime:0.0007s ]
SQL: SELECT * FROM `user` WHERE `id` = 1 LIMIT 1   [ RunTime:0.0002s ]
SQL: SHOW COLUMNS FROM `classes` [ RunTime:0.0004s ]
SQL: SELECT * FROM `classes` WHERE ( user_id = 1 ) ORDER BY class_id asc  [ RunTime:0.0002s ]

[ 2018-02-09T16:51:24+08:00 ] 112.96.253.135 /Home/user/studentlist.html
SQL: SHOW COLUMNS FROM `user` [ RunTime:0.0007s ]
SQL: SELECT * FROM `user` WHERE `id` = 1 LIMIT 1   [ RunTime:0.0002s ]
NOTIC: [8] Undefined variable: showData /var/www/html/study/Runtime/Cache/Home/e64692d7af7841a208d0d193fba1bd66.php 第 204 行.

[ 2018-02-09T16:51:27+08:00 ] 112.96.253.135 /Home/library/index.html
SQL: SHOW COLUMNS FROM `user` [ RunTime:0.0007s ]
SQL: SELECT * FROM `user` WHERE `id` = 1 LIMIT 1   [ RunTime:0.0002s ]
SQL: SHOW COLUMNS FROM `classify_level` [ RunTime:0.0004s ]
SQL: SELECT * FROM `classify_level` WHERE `classify_id` = 1  [ RunTime:0.0001s ]
SQL: SHOW COLUMNS FROM `book_classify` [ RunTime:0.0005s ]
NOTIC: [8] Undefined variable: platform_id /var/www/html/study/Runtime/Cache/Home/4060877857253123334407ec869cf83d.php 第 55 行.
SQL: SELECT `id`,`name`,`head_img` FROM `book_classify`  [ RunTime:0.0002s ]
SQL: SHOW COLUMNS FROM `book` [ RunTime:0.0005s ]
SQL: SELECT * FROM `book` WHERE `level_id` = 1 LIMIT 3   [ RunTime:0.0001s ]

[ 2018-02-09T16:51:29+08:00 ] 112.96.253.135 /Home/Library/index/classify_id/1.html
SQL: SHOW COLUMNS FROM `user` [ RunTime:0.0007s ]
SQL: SELECT * FROM `user` WHERE `id` = 1 LIMIT 1   [ RunTime:0.0002s ]
SQL: SHOW COLUMNS FROM `classify_level` [ RunTime:0.0004s ]
SQL: SELECT * FROM `classify_level` WHERE `classify_id` = 1  [ RunTime:0.0001s ]
SQL: SHOW COLUMNS FROM `book_classify` [ RunTime:0.0004s ]
NOTIC: [8] Undefined variable: platform_id /var/www/html/study/Runtime/Cache/Home/4060877857253123334407ec869cf83d.php 第 55 行.
SQL: SELECT `id`,`name`,`head_img` FROM `book_classify`  [ RunTime:0.0002s ]
SQL: SHOW COLUMNS FROM `book` [ RunTime:0.0005s ]
SQL: SELECT * FROM `book` WHERE `level_id` = 1 LIMIT 3   [ RunTime:0.0001s ]

[ 2018-02-09T16:51:31+08:00 ] 112.96.253.135 /Home/Library/index/classify_id/2.html
SQL: SHOW COLUMNS FROM `user` [ RunTime:0.0007s ]
SQL: SELECT * FROM `user` WHERE `id` = 1 LIMIT 1   [ RunTime:0.0002s ]
SQL: SHOW COLUMNS FROM `classify_level` [ RunTime:0.0004s ]
SQL: SELECT * FROM `classify_level` WHERE `classify_id` = 2  [ RunTime:0.0002s ]
SQL: SHOW COLUMNS FROM `book_classify` [ RunTime:0.0005s ]
NOTIC: [8] Undefined variable: platform_id /var/www/html/study/Runtime/Cache/Home/4060877857253123334407ec869cf83d.php 第 55 行.
SQL: SELECT `id`,`name`,`head_img` FROM `book_classify`  [ RunTime:0.0002s ]
SQL: SHOW COLUMNS FROM `book` [ RunTime:0.0005s ]
SQL: SELECT * FROM `book` WHERE `level_id` = 2 LIMIT 3   [ RunTime:0.0002s ]

[ 2018-02-09T16:51:31+08:00 ] 112.96.253.135 /Home/Library/index/classify_id/2.html
SQL: SHOW COLUMNS FROM `user` [ RunTime:0.0007s ]
SQL: SELECT * FROM `user` WHERE `id` = 1 LIMIT 1   [ RunTime:0.0002s ]
SQL: SHOW COLUMNS FROM `classify_level` [ RunTime:0.0004s ]
SQL: SELECT * FROM `classify_level` WHERE `classify_id` = 2  [ RunTime:0.0001s ]
SQL: SHOW COLUMNS FROM `book_classify` [ RunTime:0.0004s ]
NOTIC: [8] Undefined variable: platform_id /var/www/html/study/Runtime/Cache/Home/4060877857253123334407ec869cf83d.php 第 55 行.
SQL: SELECT `id`,`name`,`head_img` FROM `book_classify`  [ RunTime:0.0001s ]
SQL: SHOW COLUMNS FROM `book` [ RunTime:0.0005s ]
SQL: SELECT * FROM `book` WHERE `level_id` = 2 LIMIT 3   [ RunTime:0.0002s ]

[ 2018-02-09T16:51:33+08:00 ] 112.96.253.135 /Home/Library/index/classify_id/1.html
SQL: SHOW COLUMNS FROM `user` [ RunTime:0.0007s ]
SQL: SELECT * FROM `user` WHERE `id` = 1 LIMIT 1   [ RunTime:0.0002s ]
SQL: SHOW COLUMNS FROM `classify_level` [ RunTime:0.0004s ]
SQL: SELECT * FROM `classify_level` WHERE `classify_id` = 1  [ RunTime:0.0001s ]
SQL: SHOW COLUMNS FROM `book_classify` [ RunTime:0.0004s ]
NOTIC: [8] Undefined variable: platform_id /var/www/html/study/Runtime/Cache/Home/4060877857253123334407ec869cf83d.php 第 55 行.
SQL: SELECT `id`,`name`,`head_img` FROM `book_classify`  [ RunTime:0.0002s ]
SQL: SHOW COLUMNS FROM `book` [ RunTime:0.0004s ]
SQL: SELECT * FROM `book` WHERE `level_id` = 1 LIMIT 3   [ RunTime:0.0001s ]

[ 2018-02-09T16:51:35+08:00 ] 112.96.253.135 /Home/Library/index/classify_id/2.html
SQL: SHOW COLUMNS FROM `user` [ RunTime:0.0007s ]
SQL: SELECT * FROM `user` WHERE `id` = 1 LIMIT 1   [ RunTime:0.0002s ]
SQL: SHOW COLUMNS FROM `classify_level` [ RunTime:0.0004s ]
SQL: SELECT * FROM `classify_level` WHERE `classify_id` = 2  [ RunTime:0.0001s ]
SQL: SHOW COLUMNS FROM `book_classify` [ RunTime:0.0004s ]
NOTIC: [8] Undefined variable: platform_id /var/www/html/study/Runtime/Cache/Home/4060877857253123334407ec869cf83d.php 第 55 行.
SQL: SELECT `id`,`name`,`head_img` FROM `book_classify`  [ RunTime:0.0002s ]
SQL: SHOW COLUMNS FROM `book` [ RunTime:0.0005s ]
SQL: SELECT * FROM `book` WHERE `level_id` = 2 LIMIT 3   [ RunTime:0.0001s ]

[ 2018-02-09T16:51:38+08:00 ] 112.96.253.135 /Home/Library/book_list/level_id/2.html
SQL: SHOW COLUMNS FROM `user` [ RunTime:0.0007s ]
SQL: SELECT * FROM `user` WHERE `id` = 1 LIMIT 1   [ RunTime:0.0002s ]
SQL: SHOW COLUMNS FROM `book` [ RunTime:0.0006s ]
SQL: SELECT * FROM `book` WHERE `platform_id` = 1  [ RunTime:0.0001s ]
NOTIC: [8] Undefined variable: key /var/www/html/study/Runtime/Cache/Home/a9e1e3471119e361dda22575af9d6137.php 第 37 行.

[ 2018-02-09T23:14:46+08:00 ] 118.112.56.156 /Home/login/login.html
SQL: SHOW COLUMNS FROM `user` [ RunTime:0.0007s ]
SQL: SELECT * FROM `user` WHERE `phone` = '18628246831' LIMIT 1   [ RunTime:0.0002s ]
NOTIC: [8] A session had already been started - ignoring session_start() /var/www/html/study/ThinkPHP/Common/functions.php 第 1272 行.

[ 2018-02-09T23:14:47+08:00 ] 118.112.56.156 /
SQL: SHOW COLUMNS FROM `user` [ RunTime:0.0007s ]
SQL: SELECT * FROM `user` WHERE `id` = 12 LIMIT 1   [ RunTime:0.0002s ]
SQL: SHOW COLUMNS FROM `activity` [ RunTime:0.0005s ]
SQL: SELECT * FROM `activity` WHERE `status` = 1 AND `platform_id` = 1 LIMIT 3   [ RunTime:0.0002s ]

[ 2018-02-09T23:14:55+08:00 ] 118.112.56.156 /Home/activity/index.html
SQL: SHOW COLUMNS FROM `user` [ RunTime:0.0007s ]
SQL: SELECT * FROM `user` WHERE `id` = 12 LIMIT 1   [ RunTime:0.0002s ]
SQL: SHOW COLUMNS FROM `activity` [ RunTime:0.0005s ]
SQL: SELECT * FROM `activity` WHERE `platform_id` = 1 AND `status` = 1  [ RunTime:0.0002s ]

[ 2018-02-09T23:14:58+08:00 ] 118.112.56.156 /Home/activity/details/activity_id/12.html
SQL: SHOW COLUMNS FROM `user` [ RunTime:0.0007s ]
SQL: SELECT * FROM `user` WHERE `id` = 12 LIMIT 1   [ RunTime:0.0002s ]
SQL: SHOW COLUMNS FROM `activity` [ RunTime:0.0005s ]
SQL: SELECT * FROM `activity` WHERE `id` = 12 LIMIT 1   [ RunTime:0.0002s ]

[ 2018-02-09T23:15:01+08:00 ] 118.112.56.156 /Home/activity/curriculum/activity_id/12.html
SQL: SHOW COLUMNS FROM `user` [ RunTime:0.0009s ]
SQL: SELECT * FROM `user` WHERE `id` = 12 LIMIT 1   [ RunTime:0.0002s ]
SQL: SHOW COLUMNS FROM `activity` [ RunTime:0.0006s ]
SQL: SELECT * FROM `activity` WHERE `id` = 12 LIMIT 1   [ RunTime:0.0002s ]
SQL: SHOW COLUMNS FROM `activity_course` [ RunTime:0.0005s ]
SQL: SELECT `grade`.`id`,`grade`.`name`,`grade`.`price` FROM `activity_course` LEFT JOIN `activity` ON `activity`.`id`=`activity_course`.`activity_id`  LEFT JOIN `grade` ON `activity_course`.`grade_id`=`grade`.`id`  WHERE `grade`.`type` = 1 AND `activity`.`id` = 12  [ RunTime:0.0002s ]
NOTIC: [8] Undefined index: head_img /var/www/html/study/Runtime/Cache/Home/3f7c3a8d2912f4abf4f089ddffcfccca.php 第 161 行.
NOTIC: [8] Undefined index: title /var/www/html/study/Runtime/Cache/Home/3f7c3a8d2912f4abf4f089ddffcfccca.php 第 164 行.
NOTIC: [8] Undefined index: describe /var/www/html/study/Runtime/Cache/Home/3f7c3a8d2912f4abf4f089ddffcfccca.php 第 165 行.
NOTIC: [8] Undefined index: head_img /var/www/html/study/Runtime/Cache/Home/3f7c3a8d2912f4abf4f089ddffcfccca.php 第 161 行.
NOTIC: [8] Undefined index: title /var/www/html/study/Runtime/Cache/Home/3f7c3a8d2912f4abf4f089ddffcfccca.php 第 164 行.
NOTIC: [8] Undefined index: describe /var/www/html/study/Runtime/Cache/Home/3f7c3a8d2912f4abf4f089ddffcfccca.php 第 165 行.
NOTIC: [8] Undefined index: head_img /var/www/html/study/Runtime/Cache/Home/3f7c3a8d2912f4abf4f089ddffcfccca.php 第 161 行.
NOTIC: [8] Undefined index: title /var/www/html/study/Runtime/Cache/Home/3f7c3a8d2912f4abf4f089ddffcfccca.php 第 164 行.
NOTIC: [8] Undefined index: describe /var/www/html/study/Runtime/Cache/Home/3f7c3a8d2912f4abf4f089ddffcfccca.php 第 165 行.

[ 2018-02-09T23:50:19+08:00 ] 118.112.56.156 /Home/user/personal.html
SQL: SHOW COLUMNS FROM `user` [ RunTime:0.0007s ]
SQL: SELECT * FROM `user` WHERE `id` = 12 LIMIT 1   [ RunTime:0.0002s ]
SQL: SHOW COLUMNS FROM `user` [ RunTime:0.0005s ]
SQL: SELECT * FROM `user` WHERE `id` = 12 LIMIT 1   [ RunTime:0.0002s ]
SQL: SHOW COLUMNS FROM `enlists` [ RunTime:0.0004s ]
SQL: SHOW COLUMNS FROM `enlists` [ RunTime:0.0004s ]
SQL: SELECT * FROM `enlists` WHERE ( user_id = 12 )  [ RunTime:0.0001s ]

[ 2018-02-09T23:50:23+08:00 ] 118.112.56.156 /Home/user/personal_infor.html
SQL: SHOW COLUMNS FROM `user` [ RunTime:0.0007s ]
SQL: SELECT * FROM `user` WHERE `id` = 12 LIMIT 1   [ RunTime:0.0002s ]
SQL: SHOW COLUMNS FROM `user` [ RunTime:0.0005s ]
SQL: SELECT * FROM `user` WHERE `id` = 12 LIMIT 1   [ RunTime:0.0001s ]

[ 2018-02-09T23:50:33+08:00 ] 118.112.56.156 /Home/upload/head_img.html
SQL: SHOW COLUMNS FROM `user` [ RunTime:0.0007s ]
SQL: SELECT * FROM `user` WHERE `id` = 12 LIMIT 1   [ RunTime:0.0002s ]
NOTIC: [2048] Only variables should be passed by reference /var/www/html/study/Application/Common/Model/Upload.class.php 第 21 行.

[ 2018-02-09T23:51:11+08:00 ] 118.112.56.156 /Home/user/integral.html
SQL: SHOW COLUMNS FROM `user` [ RunTime:0.0007s ]
SQL: SELECT * FROM `user` WHERE `id` = 12 LIMIT 1   [ RunTime:0.0002s ]
SQL: SHOW COLUMNS FROM `user_funds` [ RunTime:0.0004s ]
SQL: SELECT `score` FROM `user_funds` WHERE `user_id` = 12 LIMIT 1   [ RunTime:0.0002s ]
SQL: SHOW COLUMNS FROM `user_score_detail` [ RunTime:0.0004s ]
SQL: SELECT * FROM `user_score_detail` WHERE `user_id` = 12  [ RunTime:0.0001s ]

[ 2018-02-09T23:51:29+08:00 ] 118.112.56.156 /Home/student/course.html
SQL: SHOW COLUMNS FROM `user` [ RunTime:0.0007s ]
SQL: SELECT * FROM `user` WHERE `id` = 12 LIMIT 1   [ RunTime:0.0002s ]
SQL: SHOW COLUMNS FROM `classstudentlist` [ RunTime:0.0004s ]
SQL: SELECT `classstudentlist`.`class_id` as `class_id`,`classes`.`class_name` as `class_name`,`classes`.`image` as `class_img` FROM `classstudentlist` LEFT JOIN `classes` ON `classes`.`class_id` = `classstudentlist`.`class_id`  WHERE classstudentlist.user_id = '12'  [ RunTime:0.0002s ]
SQL: SHOW COLUMNS FROM `curriculum` [ RunTime:0.0004s ]
SQL: SELECT `grade`.`id` as `grade_id`,`grade`.`name` as `grade_name`,`grade`.`img` as `grade_img` FROM `curriculum` LEFT JOIN `grade` ON `grade`.`id` = `curriculum`.`grade_id`  WHERE curriculum.user_id = '12' AND curriculum.status = 0  [ RunTime:0.0002s ]

[ 2018-02-09T23:51:32+08:00 ] 118.112.56.156 /Home/activity/index.html
SQL: SHOW COLUMNS FROM `user` [ RunTime:0.0007s ]
SQL: SELECT * FROM `user` WHERE `id` = 12 LIMIT 1   [ RunTime:0.0002s ]
SQL: SHOW COLUMNS FROM `activity` [ RunTime:0.0004s ]
SQL: SELECT * FROM `activity` WHERE `platform_id` = 1 AND `status` = 1  [ RunTime:0.0003s ]

[ 2018-02-09T23:51:36+08:00 ] 118.112.56.156 /Home/activity/details/activity_id/12.html
SQL: SHOW COLUMNS FROM `user` [ RunTime:0.0007s ]
SQL: SELECT * FROM `user` WHERE `id` = 12 LIMIT 1   [ RunTime:0.0002s ]
SQL: SHOW COLUMNS FROM `activity` [ RunTime:0.0005s ]
SQL: SELECT * FROM `activity` WHERE `id` = 12 LIMIT 1   [ RunTime:0.0001s ]

[ 2018-02-09T23:52:00+08:00 ] 118.112.56.156 /Home/student/course.html
SQL: SHOW COLUMNS FROM `user` [ RunTime:0.0007s ]
SQL: SELECT * FROM `user` WHERE `id` = 12 LIMIT 1   [ RunTime:0.0002s ]
SQL: SHOW COLUMNS FROM `classstudentlist` [ RunTime:0.0004s ]
SQL: SELECT `classstudentlist`.`class_id` as `class_id`,`classes`.`class_name` as `class_name`,`classes`.`image` as `class_img` FROM `classstudentlist` LEFT JOIN `classes` ON `classes`.`class_id` = `classstudentlist`.`class_id`  WHERE classstudentlist.user_id = '12'  [ RunTime:0.0002s ]
SQL: SHOW COLUMNS FROM `curriculum` [ RunTime:0.0004s ]
SQL: SELECT `grade`.`id` as `grade_id`,`grade`.`name` as `grade_name`,`grade`.`img` as `grade_img` FROM `curriculum` LEFT JOIN `grade` ON `grade`.`id` = `curriculum`.`grade_id`  WHERE curriculum.user_id = '12' AND curriculum.status = 0  [ RunTime:0.0002s ]

[ 2018-02-09T23:57:41+08:00 ] 118.112.56.156 /Home/student/course.html
SQL: SHOW COLUMNS FROM `user` [ RunTime:0.0007s ]
SQL: SELECT * FROM `user` WHERE `id` = 12 LIMIT 1   [ RunTime:0.0002s ]
SQL: SHOW COLUMNS FROM `classstudentlist` [ RunTime:0.0004s ]
SQL: SELECT `classstudentlist`.`class_id` as `class_id`,`classes`.`class_name` as `class_name`,`classes`.`image` as `class_img` FROM `classstudentlist` LEFT JOIN `classes` ON `classes`.`class_id` = `classstudentlist`.`class_id`  WHERE classstudentlist.user_id = '12'  [ RunTime:0.0002s ]
SQL: SHOW COLUMNS FROM `curriculum` [ RunTime:0.0004s ]
SQL: SELECT `grade`.`id` as `grade_id`,`grade`.`name` as `grade_name`,`grade`.`img` as `grade_img` FROM `curriculum` LEFT JOIN `grade` ON `grade`.`id` = `curriculum`.`grade_id`  WHERE curriculum.user_id = '12' AND curriculum.status = 0  [ RunTime:0.0002s ]

[ 2018-02-09T23:58:29+08:00 ] 118.112.56.156 /Home/student/course.html
SQL: SHOW COLUMNS FROM `user` [ RunTime:0.0008s ]
SQL: SELECT * FROM `user` WHERE `id` = 12 LIMIT 1   [ RunTime:0.0002s ]
SQL: SHOW COLUMNS FROM `classstudentlist` [ RunTime:0.0004s ]
SQL: SELECT `classstudentlist`.`class_id` as `class_id`,`classes`.`class_name` as `class_name`,`classes`.`image` as `class_img` FROM `classstudentlist` LEFT JOIN `classes` ON `classes`.`class_id` = `classstudentlist`.`class_id`  WHERE classstudentlist.user_id = '12'  [ RunTime:0.0002s ]

[ 2018-02-09T23:59:41+08:00 ] 118.112.56.156 /Home/student/course.html
SQL: SHOW COLUMNS FROM `user` [ RunTime:0.0007s ]
SQL: SELECT * FROM `user` WHERE `id` = 12 LIMIT 1   [ RunTime:0.0002s ]
SQL: SHOW COLUMNS FROM `classstudentlist` [ RunTime:0.0005s ]
SQL: SELECT `classstudentlist`.`class_id` as `class_id`,`classes`.`class_name` as `class_name`,`classes`.`image` as `class_img` FROM `classstudentlist` LEFT JOIN `classes` ON `classes`.`class_id` = `classstudentlist`.`class_id`  WHERE classstudentlist.user_id = '12'  [ RunTime:0.0002s ]
SQL: SHOW COLUMNS FROM `curriculum` [ RunTime:0.0005s ]
SQL: SELECT `grade`.`id` as `grade_id`,`grade`.`name` as `grade_name`,`grade`.`img` as `grade_img` FROM `curriculum` LEFT JOIN `grade` ON `grade`.`id` = `curriculum`.`grade_id`  WHERE curriculum.user_id = '12' AND curriculum.status = 0  [ RunTime:0.0002s ]
NOTIC: [8] Undefined index: cover_img /var/www/html/study/Runtime/Cache/Home/41e3b0c4c07df9d026fb5f3eb3ce0552.php 第 34 行.
NOTIC: [8] Undefined index: cover_img /var/www/html/study/Runtime/Cache/Home/41e3b0c4c07df9d026fb5f3eb3ce0552.php 第 34 行.
NOTIC: [8] Undefined index: cover_img /var/www/html/study/Runtime/Cache/Home/41e3b0c4c07df9d026fb5f3eb3ce0552.php 第 34 行.

[ 2018-02-09T23:59:43+08:00 ] 118.112.56.156 /Home/student/tasklist/classid/6.html
SQL: SHOW COLUMNS FROM `user` [ RunTime:0.0007s ]
SQL: SELECT * FROM `user` WHERE `id` = 12 LIMIT 1   [ RunTime:0.0002s ]
SQL: SHOW COLUMNS FROM `classes` [ RunTime:0.0004s ]
SQL: SELECT * FROM `classes` LIMIT 1   [ RunTime:0.0001s ]
SQL: SHOW COLUMNS FROM `class_task_list` [ RunTime:0.0004s ]
SQL: SELECT COUNT(*) AS tp_count FROM `class_task_list` WHERE `setup` = 1 AND `user_id` = 12 LIMIT 1   [ RunTime:0.0001s ]
SQL: SHOW COLUMNS FROM `classstudentlist` [ RunTime:0.0005s ]
SQL: SELECT `user`.`nickname` as `username` FROM `classstudentlist` LEFT JOIN `user` ON `user`.`id` = `classstudentlist`.`teacher_id`  WHERE classstudentlist.user_id = '12' AND classstudentlist.class_id = 6 LIMIT 1   [ RunTime:0.0002s ]
SQL: SELECT * FROM `class_task_list` WHERE `user_id` = 12 AND `time` BETWEEN 1518105600 AND 1518192000 LIMIT 1   [ RunTime:0.0002s ]

