[ 2018-02-05T16:19:53+08:00 ] 127.0.0.1 /
SQL: SHOW COLUMNS FROM `user` [ RunTime:0.0009s ]
SQL: SELECT * FROM `user` WHERE `id` = 1 LIMIT 1   [ RunTime:0.0002s ]
SQL: SHOW COLUMNS FROM `activity` [ RunTime:0.0008s ]
SQL: SELECT * FROM `activity` WHERE `status` = 1 AND `platform_id` = 1 LIMIT 3   [ RunTime:0.0005s ]

[ 2018-02-05T16:20:03+08:00 ] 127.0.0.1 /Home/activity/index.html
SQL: SHOW COLUMNS FROM `user` [ RunTime:0.0006s ]
SQL: SELECT * FROM `user` WHERE `id` = 1 LIMIT 1   [ RunTime:0.0003s ]
SQL: SHOW COLUMNS FROM `activity` [ RunTime:0.0008s ]
SQL: SELECT * FROM `activity` WHERE `platform_id` = 1 AND `user_id` = 1  [ RunTime:0.0005s ]

[ 2018-02-05T16:20:05+08:00 ] 127.0.0.1 /Home/activity/details/activity_id/1.html
SQL: SHOW COLUMNS FROM `user` [ RunTime:0.0006s ]
SQL: SELECT * FROM `user` WHERE `id` = 1 LIMIT 1   [ RunTime:0.0002s ]
SQL: SHOW COLUMNS FROM `activity` [ RunTime:0.0004s ]
SQL: SELECT * FROM `activity` WHERE `id` = 1 LIMIT 1   [ RunTime:0.0002s ]
SQL: SHOW COLUMNS FROM `activity_course` [ RunTime:0.0006s ]
SQL: SELECT `grade_id`,`level_id`,`checked` FROM `activity_course` WHERE `activity_id` = 1  [ RunTime:0.0006s ]

[ 2018-02-05T16:20:09+08:00 ] 127.0.0.1 /Home/user/personal.html
SQL: SHOW COLUMNS FROM `user` [ RunTime:0.0006s ]
SQL: SELECT * FROM `user` WHERE `id` = 1 LIMIT 1   [ RunTime:0.0002s ]
SQL: SHOW COLUMNS FROM `user` [ RunTime:0.0004s ]
SQL: SELECT * FROM `user` WHERE `id` = 1 LIMIT 1   [ RunTime:0.0004s ]

[ 2018-02-05T16:20:13+08:00 ] 127.0.0.1 /Home/user/deposit_cash.html
SQL: SHOW COLUMNS FROM `user` [ RunTime:0.0005s ]
SQL: SELECT * FROM `user` WHERE `id` = 1 LIMIT 1   [ RunTime:0.0003s ]
SQL: SHOW COLUMNS FROM `user_funds` [ RunTime:0.0004s ]
SQL: SELECT * FROM `user_funds` WHERE `user_id` = 1 LIMIT 1   [ RunTime:0.0002s ]

[ 2018-02-05T16:23:14+08:00 ] 127.0.0.1 /Home/user/personal.html
SQL: SHOW COLUMNS FROM `user` [ RunTime:0.0006s ]
SQL: SELECT * FROM `user` WHERE `id` = 1 LIMIT 1   [ RunTime:0.0003s ]
SQL: SHOW COLUMNS FROM `user` [ RunTime:0.0004s ]
SQL: SELECT * FROM `user` WHERE `id` = 1 LIMIT 1   [ RunTime:0.0003s ]

[ 2018-02-05T16:23:16+08:00 ] 127.0.0.1 /Home/user/deposit_cash.html
SQL: SHOW COLUMNS FROM `user` [ RunTime:0.0005s ]
SQL: SELECT * FROM `user` WHERE `id` = 1 LIMIT 1   [ RunTime:0.0003s ]
SQL: SHOW COLUMNS FROM `user_funds` [ RunTime:0.0006s ]
SQL: SELECT * FROM `user_funds` WHERE `user_id` = 1 LIMIT 1   [ RunTime:0.0012s ]

[ 2018-02-05T16:23:18+08:00 ] 127.0.0.1 /Home/user/deposit_cash.html
SQL: SHOW COLUMNS FROM `user` [ RunTime:0.0006s ]
SQL: SELECT * FROM `user` WHERE `id` = 1 LIMIT 1   [ RunTime:0.0002s ]
SQL: SHOW COLUMNS FROM `user_funds` [ RunTime:0.0004s ]
SQL: SELECT * FROM `user_funds` WHERE `user_id` = 1 LIMIT 1   [ RunTime:0.0002s ]

[ 2018-02-05T16:23:21+08:00 ] 127.0.0.1 /Home/user/personal.html
SQL: SHOW COLUMNS FROM `user` [ RunTime:0.0006s ]
SQL: SELECT * FROM `user` WHERE `id` = 1 LIMIT 1   [ RunTime:0.0006s ]
SQL: SHOW COLUMNS FROM `user` [ RunTime:0.0010s ]
SQL: SELECT * FROM `user` WHERE `id` = 1 LIMIT 1   [ RunTime:0.0004s ]

[ 2018-02-05T16:23:37+08:00 ] 127.0.0.1 /Home/user/personal.html
SQL: SHOW COLUMNS FROM `user` [ RunTime:0.0006s ]
SQL: SELECT * FROM `user` WHERE `id` = 1 LIMIT 1   [ RunTime:0.0003s ]
SQL: SHOW COLUMNS FROM `user` [ RunTime:0.0006s ]
SQL: SELECT * FROM `user` WHERE `id` = 1 LIMIT 1   [ RunTime:0.0003s ]

[ 2018-02-05T16:24:09+08:00 ] 127.0.0.1 /Home/user/personal.html
SQL: SHOW COLUMNS FROM `user` [ RunTime:0.0005s ]
SQL: SELECT * FROM `user` WHERE `id` = 1 LIMIT 1   [ RunTime:0.0002s ]
SQL: SHOW COLUMNS FROM `user` [ RunTime:0.0003s ]
SQL: SELECT * FROM `user` WHERE `id` = 1 LIMIT 1   [ RunTime:0.0002s ]

[ 2018-02-05T16:24:12+08:00 ] 127.0.0.1 /Home/user/deposit_cash.html
SQL: SHOW COLUMNS FROM `user` [ RunTime:0.0005s ]
SQL: SELECT * FROM `user` WHERE `id` = 1 LIMIT 1   [ RunTime:0.0002s ]
SQL: SHOW COLUMNS FROM `user_funds` [ RunTime:0.0005s ]
SQL: SELECT * FROM `user_funds` WHERE `user_id` = 1 LIMIT 1   [ RunTime:0.0007s ]

[ 2018-02-05T16:37:59+08:00 ] 127.0.0.1 /Home/user/personal.html
SQL: SHOW COLUMNS FROM `user` [ RunTime:0.0006s ]
SQL: SELECT * FROM `user` WHERE `id` = 1 LIMIT 1   [ RunTime:0.0003s ]
SQL: SHOW COLUMNS FROM `user` [ RunTime:0.0004s ]
SQL: SELECT * FROM `user` WHERE `id` = 1 LIMIT 1   [ RunTime:0.0002s ]
SQL: SHOW COLUMNS FROM `enlists` [ RunTime:0.0005s ]
ERR: Think\Model:getList方法不存在！

[ 2018-02-05T16:39:26+08:00 ] 127.0.0.1 /Home/user/personal.html
SQL: SHOW COLUMNS FROM `user` [ RunTime:0.0005s ]
SQL: SELECT * FROM `user` WHERE `id` = 1 LIMIT 1   [ RunTime:0.0002s ]
SQL: SHOW COLUMNS FROM `user` [ RunTime:0.0004s ]
SQL: SELECT * FROM `user` WHERE `id` = 1 LIMIT 1   [ RunTime:0.0002s ]
SQL: SHOW COLUMNS FROM `enlists` [ RunTime:0.0009s ]
SQL: SHOW COLUMNS FROM `enlists` [ RunTime:0.0011s ]
SQL: SELECT * FROM `enlists` WHERE ( user_id = 1 )  [ RunTime:0.0003s ]
NOTIC: [8] Use of undefined constant g_id - assumed 'g_id' /Library/WebServer/Documents/Study/Runtime/Cache/Home/3ef8274a3cdd38bd625627ce8e46f218.php 第 95 行.
NOTIC: [8] Undefined variable: a /Library/WebServer/Documents/Study/Runtime/Cache/Home/3ef8274a3cdd38bd625627ce8e46f218.php 第 95 行.
NOTIC: [8] Undefined variable: a /Library/WebServer/Documents/Study/Runtime/Cache/Home/3ef8274a3cdd38bd625627ce8e46f218.php 第 95 行.

[ 2018-02-05T16:40:56+08:00 ] 127.0.0.1 /
SQL: SHOW COLUMNS FROM `user` [ RunTime:0.0005s ]
SQL: SELECT * FROM `user` WHERE `id` = 1 LIMIT 1   [ RunTime:0.0002s ]
SQL: SHOW COLUMNS FROM `activity` [ RunTime:0.0004s ]
SQL: SELECT * FROM `activity` WHERE `status` = 1 AND `platform_id` = 1 LIMIT 3   [ RunTime:0.0002s ]

[ 2018-02-05T16:40:58+08:00 ] 127.0.0.1 /Home/activity/index.html
SQL: SHOW COLUMNS FROM `user` [ RunTime:0.0004s ]
SQL: SELECT * FROM `user` WHERE `id` = 1 LIMIT 1   [ RunTime:0.0002s ]
SQL: SHOW COLUMNS FROM `activity` [ RunTime:0.0004s ]
SQL: SELECT * FROM `activity` WHERE `platform_id` = 1 AND `user_id` = 1  [ RunTime:0.0003s ]

[ 2018-02-05T16:40:58+08:00 ] 127.0.0.1 /Home/activity/details/activity_id/1.html
SQL: SHOW COLUMNS FROM `user` [ RunTime:0.0005s ]
SQL: SELECT * FROM `user` WHERE `id` = 1 LIMIT 1   [ RunTime:0.0002s ]
SQL: SHOW COLUMNS FROM `activity` [ RunTime:0.0004s ]
SQL: SELECT * FROM `activity` WHERE `id` = 1 LIMIT 1   [ RunTime:0.0002s ]
SQL: SHOW COLUMNS FROM `activity_course` [ RunTime:0.0005s ]
SQL: SELECT `grade_id`,`level_id`,`checked` FROM `activity_course` WHERE `activity_id` = 1  [ RunTime:0.0005s ]

[ 2018-02-05T16:41:00+08:00 ] 127.0.0.1 /Home/activity/curriculum/activity_id/1.html
SQL: SHOW COLUMNS FROM `user` [ RunTime:0.0004s ]
SQL: SELECT * FROM `user` WHERE `id` = 1 LIMIT 1   [ RunTime:0.0003s ]
SQL: SHOW COLUMNS FROM `activity` [ RunTime:0.0005s ]
SQL: SELECT * FROM `activity` WHERE `id` = 1 LIMIT 1   [ RunTime:0.0002s ]
SQL: SHOW COLUMNS FROM `activity_course` [ RunTime:0.0004s ]
SQL: SELECT `grade`.`id`,`grade`.`name`,`grade`.`price` FROM `activity_course` LEFT JOIN `activity` ON `activity`.`id`=`activity_course`.`activity_id`  LEFT JOIN `grade` ON `activity_course`.`grade_id`=`grade`.`id`  WHERE `grade`.`type` = 1 AND `grade`.`user_id` = '1' AND `activity`.`id` = 1  [ RunTime:0.0014s ]
NOTIC: [8] Undefined index: head_img /Library/WebServer/Documents/Study/Runtime/Cache/Home/dc751870a085f1ad9aea09c3a7c7c5b5.php 第 161 行.
NOTIC: [8] Undefined index: title /Library/WebServer/Documents/Study/Runtime/Cache/Home/dc751870a085f1ad9aea09c3a7c7c5b5.php 第 164 行.
NOTIC: [8] Undefined index: describe /Library/WebServer/Documents/Study/Runtime/Cache/Home/dc751870a085f1ad9aea09c3a7c7c5b5.php 第 165 行.

[ 2018-02-05T16:41:49+08:00 ] 127.0.0.1 /
SQL: SHOW COLUMNS FROM `user` [ RunTime:0.0005s ]
SQL: SELECT * FROM `user` WHERE `id` = 1 LIMIT 1   [ RunTime:0.0002s ]
SQL: SHOW COLUMNS FROM `activity` [ RunTime:0.0004s ]
SQL: SELECT * FROM `activity` WHERE `status` = 1 AND `platform_id` = 1 LIMIT 3   [ RunTime:0.0002s ]

[ 2018-02-05T16:41:52+08:00 ] 127.0.0.1 /Home/user/personal.html
SQL: SHOW COLUMNS FROM `user` [ RunTime:0.0004s ]
SQL: SELECT * FROM `user` WHERE `id` = 1 LIMIT 1   [ RunTime:0.0002s ]
SQL: SHOW COLUMNS FROM `user` [ RunTime:0.0003s ]
SQL: SELECT * FROM `user` WHERE `id` = 1 LIMIT 1   [ RunTime:0.0002s ]
SQL: SHOW COLUMNS FROM `enlists` [ RunTime:0.0004s ]
SQL: SHOW COLUMNS FROM `enlists` [ RunTime:0.0003s ]
SQL: SELECT * FROM `enlists` WHERE ( user_id = 1 )  [ RunTime:0.0002s ]
SQL: SHOW COLUMNS FROM `activity` [ RunTime:0.0006s ]
SQL: SELECT `name` FROM `activity` WHERE ( id = 1 ) LIMIT 1   [ RunTime:0.0002s ]
SQL: SELECT `name` FROM `activity` WHERE ( id = 2 ) LIMIT 1   [ RunTime:0.0001s ]
SQL: SELECT `name` FROM `activity` WHERE ( id = 3 ) LIMIT 1   [ RunTime:0.0001s ]
NOTIC: [8] Use of undefined constant g_id - assumed 'g_id' /Library/WebServer/Documents/Study/Runtime/Cache/Home/3ef8274a3cdd38bd625627ce8e46f218.php 第 95 行.
NOTIC: [8] Undefined variable: a /Library/WebServer/Documents/Study/Runtime/Cache/Home/3ef8274a3cdd38bd625627ce8e46f218.php 第 95 行.
NOTIC: [8] Undefined variable: a /Library/WebServer/Documents/Study/Runtime/Cache/Home/3ef8274a3cdd38bd625627ce8e46f218.php 第 95 行.

[ 2018-02-05T16:44:42+08:00 ] 127.0.0.1 /Home/user/personal.html
SQL: SHOW COLUMNS FROM `user` [ RunTime:0.0005s ]
SQL: SELECT * FROM `user` WHERE `id` = 1 LIMIT 1   [ RunTime:0.0003s ]
SQL: SHOW COLUMNS FROM `user` [ RunTime:0.0004s ]
SQL: SELECT * FROM `user` WHERE `id` = 1 LIMIT 1   [ RunTime:0.0002s ]
SQL: SHOW COLUMNS FROM `enlists` [ RunTime:0.0007s ]
SQL: SHOW COLUMNS FROM `enlists` [ RunTime:0.0005s ]
SQL: SELECT * FROM `enlists` WHERE ( user_id = 1 )  [ RunTime:0.0003s ]
SQL: SHOW COLUMNS FROM `activity` [ RunTime:0.0008s ]
SQL: SELECT `name` FROM `activity` WHERE ( id = 1 ) LIMIT 1   [ RunTime:0.0002s ]
SQL: SELECT `name` FROM `activity` WHERE ( id = 2 ) LIMIT 1   [ RunTime:0.0002s ]
SQL: SELECT `name` FROM `activity` WHERE ( id = 3 ) LIMIT 1   [ RunTime:0.0002s ]
SQL: SELECT * FROM `enlists` WHERE ( user_id = 1 )  [ RunTime:0.0002s ]
SQL: SELECT `name` FROM `activity` WHERE ( id = 1 ) LIMIT 1   [ RunTime:0.0001s ]
SQL: SELECT `name` FROM `activity` WHERE ( id = 2 ) LIMIT 1   [ RunTime:0.0001s ]
SQL: SELECT `name` FROM `activity` WHERE ( id = 3 ) LIMIT 1   [ RunTime:0.0001s ]

[ 2018-02-05T16:45:23+08:00 ] 127.0.0.1 /Home/user/personal.html
SQL: SHOW COLUMNS FROM `user` [ RunTime:0.0012s ]
SQL: SELECT * FROM `user` WHERE `id` = 1 LIMIT 1   [ RunTime:0.0006s ]
SQL: SHOW COLUMNS FROM `user` [ RunTime:0.0009s ]
SQL: SELECT * FROM `user` WHERE `id` = 1 LIMIT 1   [ RunTime:0.0002s ]
SQL: SHOW COLUMNS FROM `enlists` [ RunTime:0.0005s ]
SQL: SHOW COLUMNS FROM `enlists` [ RunTime:0.0004s ]
SQL: SELECT * FROM `enlists` WHERE ( user_id = 1 )  [ RunTime:0.0002s ]
SQL: SHOW COLUMNS FROM `activity` [ RunTime:0.0004s ]
SQL: SELECT `name` FROM `activity` WHERE ( id = 1 ) LIMIT 1   [ RunTime:0.0002s ]
SQL: SELECT `name` FROM `activity` WHERE ( id = 2 ) LIMIT 1   [ RunTime:0.0001s ]
SQL: SELECT `name` FROM `activity` WHERE ( id = 3 ) LIMIT 1   [ RunTime:0.0001s ]
NOTIC: [8] Use of undefined constant g_id - assumed 'g_id' /Library/WebServer/Documents/Study/Runtime/Cache/Home/3ef8274a3cdd38bd625627ce8e46f218.php 第 95 行.
NOTIC: [8] Undefined variable: a /Library/WebServer/Documents/Study/Runtime/Cache/Home/3ef8274a3cdd38bd625627ce8e46f218.php 第 95 行.
NOTIC: [8] Undefined variable: a /Library/WebServer/Documents/Study/Runtime/Cache/Home/3ef8274a3cdd38bd625627ce8e46f218.php 第 95 行.

[ 2018-02-05T16:45:52+08:00 ] 127.0.0.1 /Home/user/personal.html
SQL: SHOW COLUMNS FROM `user` [ RunTime:0.0005s ]
SQL: SELECT * FROM `user` WHERE `id` = 1 LIMIT 1   [ RunTime:0.0002s ]
SQL: SHOW COLUMNS FROM `user` [ RunTime:0.0004s ]
SQL: SELECT * FROM `user` WHERE `id` = 1 LIMIT 1   [ RunTime:0.0002s ]
SQL: SHOW COLUMNS FROM `enlists` [ RunTime:0.0006s ]
SQL: SHOW COLUMNS FROM `enlists` [ RunTime:0.0004s ]
SQL: SELECT * FROM `enlists` WHERE ( user_id = 1 )  [ RunTime:0.0002s ]
SQL: SHOW COLUMNS FROM `activity` [ RunTime:0.0005s ]
SQL: SELECT `name` FROM `activity` WHERE ( id = 1 ) LIMIT 1   [ RunTime:0.0002s ]
SQL: SELECT `name` FROM `activity` WHERE ( id = 2 ) LIMIT 1   [ RunTime:0.0002s ]
SQL: SELECT `name` FROM `activity` WHERE ( id = 3 ) LIMIT 1   [ RunTime:0.0001s ]
NOTIC: [8] Use of undefined constant g_id - assumed 'g_id' /Library/WebServer/Documents/Study/Runtime/Cache/Home/3ef8274a3cdd38bd625627ce8e46f218.php 第 94 行.
NOTIC: [8] Array to string conversion /Library/WebServer/Documents/Study/Runtime/Cache/Home/3ef8274a3cdd38bd625627ce8e46f218.php 第 94 行.
NOTIC: [8] Use of undefined constant g_id - assumed 'g_id' /Library/WebServer/Documents/Study/Runtime/Cache/Home/3ef8274a3cdd38bd625627ce8e46f218.php 第 94 行.
NOTIC: [8] Array to string conversion /Library/WebServer/Documents/Study/Runtime/Cache/Home/3ef8274a3cdd38bd625627ce8e46f218.php 第 94 行.
NOTIC: [8] Use of undefined constant g_id - assumed 'g_id' /Library/WebServer/Documents/Study/Runtime/Cache/Home/3ef8274a3cdd38bd625627ce8e46f218.php 第 94 行.
NOTIC: [8] Array to string conversion /Library/WebServer/Documents/Study/Runtime/Cache/Home/3ef8274a3cdd38bd625627ce8e46f218.php 第 94 行.

[ 2018-02-05T16:47:08+08:00 ] 127.0.0.1 /Home/user/personal.html
SQL: SHOW COLUMNS FROM `user` [ RunTime:0.0005s ]
SQL: SELECT * FROM `user` WHERE `id` = 1 LIMIT 1   [ RunTime:0.0002s ]
SQL: SHOW COLUMNS FROM `user` [ RunTime:0.0003s ]
SQL: SELECT * FROM `user` WHERE `id` = 1 LIMIT 1   [ RunTime:0.0004s ]
SQL: SHOW COLUMNS FROM `enlists` [ RunTime:0.0005s ]
SQL: SHOW COLUMNS FROM `enlists` [ RunTime:0.0003s ]
SQL: SELECT * FROM `enlists` WHERE ( user_id = 1 )  [ RunTime:0.0003s ]
SQL: SHOW COLUMNS FROM `activity` [ RunTime:0.0004s ]
SQL: SELECT `name` FROM `activity` WHERE ( id = 1 ) LIMIT 1   [ RunTime:0.0002s ]
SQL: SELECT `name` FROM `activity` WHERE ( id = 2 ) LIMIT 1   [ RunTime:0.0001s ]
SQL: SELECT `name` FROM `activity` WHERE ( id = 3 ) LIMIT 1   [ RunTime:0.0001s ]

[ 2018-02-05T16:47:36+08:00 ] 127.0.0.1 /Home/user/deposit_cash/g_id/1.html
SQL: SHOW COLUMNS FROM `user` [ RunTime:0.0004s ]
SQL: SELECT * FROM `user` WHERE `id` = 1 LIMIT 1   [ RunTime:0.0002s ]
SQL: SHOW COLUMNS FROM `user_funds` [ RunTime:0.0005s ]
SQL: SELECT * FROM `user_funds` WHERE `user_id` = 1 LIMIT 1   [ RunTime:0.0002s ]

[ 2018-02-05T16:47:41+08:00 ] 127.0.0.1 /Home/user/deposit_cash/g_id/1.html
SQL: SHOW COLUMNS FROM `user` [ RunTime:0.0005s ]
SQL: SELECT * FROM `user` WHERE `id` = 1 LIMIT 1   [ RunTime:0.0004s ]
SQL: SHOW COLUMNS FROM `user_funds` [ RunTime:0.0006s ]
SQL: SELECT * FROM `user_funds` WHERE `user_id` = 1 LIMIT 1   [ RunTime:0.0003s ]

[ 2018-02-05T17:06:16+08:00 ] 127.0.0.1 /Home/user/deposit_cash/g_id/1.html
SQL: SHOW COLUMNS FROM `user` [ RunTime:0.0005s ]
SQL: SELECT * FROM `user` WHERE `id` = 1 LIMIT 1   [ RunTime:0.0003s ]
SQL: SHOW COLUMNS FROM `order` [ RunTime:0.0005s ]
SQL: SELECT * FROM `order` WHERE ( user_id = 1 and grade_id = 1 ) LIMIT 1   [ RunTime:0.0002s ]

[ 2018-02-05T17:06:25+08:00 ] 127.0.0.1 /Home/user/deposit_cash/g_id/1.html
SQL: SHOW COLUMNS FROM `user` [ RunTime:0.0005s ]
SQL: SELECT * FROM `user` WHERE `id` = 1 LIMIT 1   [ RunTime:0.0003s ]
SQL: SHOW COLUMNS FROM `order` [ RunTime:0.0004s ]
SQL: SELECT * FROM `order` WHERE ( user_id = 1 and grade_id = 1 ) LIMIT 1   [ RunTime:0.0002s ]

[ 2018-02-05T17:07:46+08:00 ] 127.0.0.1 /Home/user/deposit_cash/g_id/1.html
SQL: SHOW COLUMNS FROM `user` [ RunTime:0.0005s ]
SQL: SELECT * FROM `user` WHERE `id` = 1 LIMIT 1   [ RunTime:0.0004s ]
SQL: SHOW COLUMNS FROM `order` [ RunTime:0.0007s ]
SQL: SELECT * FROM `order` WHERE ( user_id = 1 and grade_id = 1 ) LIMIT 1   [ RunTime:0.0002s ]

[ 2018-02-05T17:07:49+08:00 ] 127.0.0.1 /Home/user/deposit_cash/g_id/6.html
SQL: SHOW COLUMNS FROM `user` [ RunTime:0.0004s ]
SQL: SELECT * FROM `user` WHERE `id` = 1 LIMIT 1   [ RunTime:0.0002s ]
SQL: SHOW COLUMNS FROM `order` [ RunTime:0.0005s ]
SQL: SELECT * FROM `order` WHERE ( user_id = 1 and grade_id = 6 ) LIMIT 1   [ RunTime:0.0002s ]

[ 2018-02-05T17:07:54+08:00 ] 127.0.0.1 /Home/user/deposit_cash/g_id/10.html
SQL: SHOW COLUMNS FROM `user` [ RunTime:0.0004s ]
SQL: SELECT * FROM `user` WHERE `id` = 1 LIMIT 1   [ RunTime:0.0002s ]
SQL: SHOW COLUMNS FROM `order` [ RunTime:0.0004s ]
SQL: SELECT * FROM `order` WHERE ( user_id = 1 and grade_id = 10 ) LIMIT 1   [ RunTime:0.0002s ]

