[ 2018-01-31T10:44:45+08:00 ] 127.0.0.1 /Home/MyClass/index.html
SQL: SHOW COLUMNS FROM `user` [ RunTime:0.0402s ]
SQL: SELECT * FROM `user` WHERE `id` = 1 LIMIT 1   [ RunTime:0.0069s ]
SQL: SHOW COLUMNS FROM `classes` [ RunTime:0.0066s ]
SQL: SELECT * FROM `classes` WHERE ( user_id = 1 ) ORDER BY class_id asc  [ RunTime:0.0023s ]

[ 2018-01-31T10:44:47+08:00 ] 127.0.0.1 /Home/MyClass/classDetail/class_id/1.html
SQL: SHOW COLUMNS FROM `user` [ RunTime:0.0013s ]
SQL: SELECT * FROM `user` WHERE `id` = 1 LIMIT 1   [ RunTime:0.0010s ]
SQL: SHOW COLUMNS FROM `classes` [ RunTime:0.0006s ]
SQL: SELECT * FROM `classes` WHERE ( class_id = 1 and user_id = 1 ) LIMIT 1   [ RunTime:0.0009s ]
SQL: SHOW COLUMNS FROM `classstudentlist` [ RunTime:0.0006s ]
SQL: SHOW COLUMNS FROM `classstudentlist` [ RunTime:0.0061s ]
SQL: SELECT * FROM `classstudentlist` WHERE ( class_id = 1 )  [ RunTime:0.0005s ]

[ 2018-01-31T10:44:49+08:00 ] 127.0.0.1 /Home/MyClass/classDetail/class_id/today_work.html
SQL: SHOW COLUMNS FROM `user` [ RunTime:0.0015s ]
SQL: SELECT * FROM `user` WHERE `id` = 1 LIMIT 1   [ RunTime:0.0005s ]
SQL: SHOW COLUMNS FROM `classes` [ RunTime:0.0005s ]
SQL: SELECT * FROM `classes` WHERE ( class_id = 0 and user_id = 1 ) LIMIT 1   [ RunTime:0.0002s ]

[ 2018-01-31T10:44:51+08:00 ] 127.0.0.1 /Home/MyClass/classDetail/class_id/1.html
SQL: SHOW COLUMNS FROM `user` [ RunTime:0.0006s ]
SQL: SELECT * FROM `user` WHERE `id` = 1 LIMIT 1   [ RunTime:0.0003s ]
SQL: SHOW COLUMNS FROM `classes` [ RunTime:0.0004s ]
SQL: SELECT * FROM `classes` WHERE ( class_id = 1 and user_id = 1 ) LIMIT 1   [ RunTime:0.0002s ]
SQL: SHOW COLUMNS FROM `classstudentlist` [ RunTime:0.0004s ]
SQL: SHOW COLUMNS FROM `classstudentlist` [ RunTime:0.0004s ]
SQL: SELECT * FROM `classstudentlist` WHERE ( class_id = 1 )  [ RunTime:0.0002s ]

[ 2018-01-31T10:46:23+08:00 ] 127.0.0.1 /Home/MyClass/classDetail/class_id/1.html
SQL: SHOW COLUMNS FROM `user` [ RunTime:0.0006s ]
SQL: SELECT * FROM `user` WHERE `id` = 1 LIMIT 1   [ RunTime:0.0003s ]
SQL: SHOW COLUMNS FROM `classes` [ RunTime:0.0007s ]
SQL: SELECT * FROM `classes` WHERE ( class_id = 1 and user_id = 1 ) LIMIT 1   [ RunTime:0.0003s ]
SQL: SHOW COLUMNS FROM `classstudentlist` [ RunTime:0.0014s ]
SQL: SHOW COLUMNS FROM `classstudentlist` [ RunTime:0.0004s ]
SQL: SELECT * FROM `classstudentlist` WHERE ( class_id = 1 )  [ RunTime:0.0002s ]

[ 2018-01-31T10:48:08+08:00 ] 127.0.0.1 /Home/MyClass/classDetail/class_id/all_student.html
SQL: SHOW COLUMNS FROM `user` [ RunTime:0.0012s ]
SQL: SELECT * FROM `user` WHERE `id` = 1 LIMIT 1   [ RunTime:0.0006s ]
SQL: SHOW COLUMNS FROM `classes` [ RunTime:0.0008s ]
SQL: SELECT * FROM `classes` WHERE ( class_id = 0 and user_id = 1 ) LIMIT 1   [ RunTime:0.0003s ]

[ 2018-01-31T10:48:11+08:00 ] 127.0.0.1 /Home/MyClass/classDetail/class_id/1.html
SQL: SHOW COLUMNS FROM `user` [ RunTime:0.0006s ]
SQL: SELECT * FROM `user` WHERE `id` = 1 LIMIT 1   [ RunTime:0.0004s ]
SQL: SHOW COLUMNS FROM `classes` [ RunTime:0.0005s ]
SQL: SELECT * FROM `classes` WHERE ( class_id = 1 and user_id = 1 ) LIMIT 1   [ RunTime:0.0003s ]
SQL: SHOW COLUMNS FROM `classstudentlist` [ RunTime:0.0008s ]
SQL: SHOW COLUMNS FROM `classstudentlist` [ RunTime:0.0004s ]
SQL: SELECT * FROM `classstudentlist` WHERE ( class_id = 1 )  [ RunTime:0.0002s ]

[ 2018-01-31T10:48:32+08:00 ] 127.0.0.1 /Home/MyClass/classDetail/class_id/homework_manager.html
SQL: SHOW COLUMNS FROM `user` [ RunTime:0.0005s ]
SQL: SELECT * FROM `user` WHERE `id` = 1 LIMIT 1   [ RunTime:0.0003s ]
SQL: SHOW COLUMNS FROM `classes` [ RunTime:0.0006s ]
SQL: SELECT * FROM `classes` WHERE ( class_id = 0 and user_id = 1 ) LIMIT 1   [ RunTime:0.0002s ]

[ 2018-01-31T10:48:34+08:00 ] 127.0.0.1 /Home/MyClass/classDetail/class_id/1.html
SQL: SHOW COLUMNS FROM `user` [ RunTime:0.0009s ]
SQL: SELECT * FROM `user` WHERE `id` = 1 LIMIT 1   [ RunTime:0.0011s ]
SQL: SHOW COLUMNS FROM `classes` [ RunTime:0.0007s ]
SQL: SELECT * FROM `classes` WHERE ( class_id = 1 and user_id = 1 ) LIMIT 1   [ RunTime:0.0008s ]
SQL: SHOW COLUMNS FROM `classstudentlist` [ RunTime:0.0008s ]
SQL: SHOW COLUMNS FROM `classstudentlist` [ RunTime:0.0056s ]
SQL: SELECT * FROM `classstudentlist` WHERE ( class_id = 1 )  [ RunTime:0.0016s ]

[ 2018-01-31T10:54:27+08:00 ] 127.0.0.1 /Home/MyClass/classDetail/class_id/1.html
SQL: SHOW COLUMNS FROM `user` [ RunTime:0.0016s ]
SQL: SELECT * FROM `user` WHERE `id` = 1 LIMIT 1   [ RunTime:0.0004s ]
SQL: SHOW COLUMNS FROM `classes` [ RunTime:0.0005s ]
SQL: SELECT * FROM `classes` WHERE ( class_id = 1 and user_id = 1 ) LIMIT 1   [ RunTime:0.0009s ]
SQL: SHOW COLUMNS FROM `classstudentlist` [ RunTime:0.0014s ]
SQL: SHOW COLUMNS FROM `classstudentlist` [ RunTime:0.0014s ]
SQL: SELECT * FROM `classstudentlist` WHERE ( class_id = 1 )  [ RunTime:0.0002s ]

[ 2018-01-31T10:54:28+08:00 ] 127.0.0.1 /Home/MyClass/homeworkManage/class_id/1.html
SQL: SHOW COLUMNS FROM `user` [ RunTime:0.0011s ]
SQL: SELECT * FROM `user` WHERE `id` = 1 LIMIT 1   [ RunTime:0.0005s ]

[ 2018-01-31T10:54:47+08:00 ] 127.0.0.1 /Home/MyClass/classDetail/class_id/1.html
SQL: SHOW COLUMNS FROM `user` [ RunTime:0.0009s ]
SQL: SELECT * FROM `user` WHERE `id` = 1 LIMIT 1   [ RunTime:0.0005s ]
SQL: SHOW COLUMNS FROM `classes` [ RunTime:0.0011s ]
SQL: SELECT * FROM `classes` WHERE ( class_id = 1 and user_id = 1 ) LIMIT 1   [ RunTime:0.0004s ]
SQL: SHOW COLUMNS FROM `classstudentlist` [ RunTime:0.0013s ]
SQL: SHOW COLUMNS FROM `classstudentlist` [ RunTime:0.0006s ]
SQL: SELECT * FROM `classstudentlist` WHERE ( class_id = 1 )  [ RunTime:0.0016s ]

[ 2018-01-31T10:54:49+08:00 ] 127.0.0.1 /Home/MyClass/homeworkManage/class_id/1.html
SQL: SHOW COLUMNS FROM `user` [ RunTime:0.0007s ]
SQL: SELECT * FROM `user` WHERE `id` = 1 LIMIT 1   [ RunTime:0.0004s ]

[ 2018-01-31T10:55:56+08:00 ] 127.0.0.1 /Home/MyClass/homeworkManage/class_id/1.html
SQL: SHOW COLUMNS FROM `user` [ RunTime:0.0012s ]
SQL: SELECT * FROM `user` WHERE `id` = 1 LIMIT 1   [ RunTime:0.0005s ]

[ 2018-01-31T10:56:22+08:00 ] 127.0.0.1 /Home/MyClass/homeworkManage/class_id/1.html
SQL: SHOW COLUMNS FROM `user` [ RunTime:0.0008s ]
SQL: SELECT * FROM `user` WHERE `id` = 1 LIMIT 1   [ RunTime:0.0004s ]

[ 2018-01-31T10:56:29+08:00 ] 127.0.0.1 /Home/MyClass/homeworkManage/class_id/1.html
SQL: SHOW COLUMNS FROM `user` [ RunTime:0.0005s ]
SQL: SELECT * FROM `user` WHERE `id` = 1 LIMIT 1   [ RunTime:0.0003s ]

[ 2018-01-31T10:56:31+08:00 ] 127.0.0.1 /Home/MyClass/homeworkManage/class_id/1.html
SQL: SHOW COLUMNS FROM `user` [ RunTime:0.0006s ]
SQL: SELECT * FROM `user` WHERE `id` = 1 LIMIT 1   [ RunTime:0.0003s ]

[ 2018-01-31T10:56:33+08:00 ] 127.0.0.1 /Home/MyClass/homeworkManage/
SQL: SHOW COLUMNS FROM `user` [ RunTime:0.0006s ]
SQL: SELECT * FROM `user` WHERE `id` = 1 LIMIT 1   [ RunTime:0.0003s ]

[ 2018-01-31T10:56:57+08:00 ] 127.0.0.1 /Home/MyClass/homeworkManage/
SQL: SHOW COLUMNS FROM `user` [ RunTime:0.0006s ]
SQL: SELECT * FROM `user` WHERE `id` = 1 LIMIT 1   [ RunTime:0.0002s ]

[ 2018-01-31T10:57:00+08:00 ] 127.0.0.1 /Home/MyClass/homeworkManage/class_id/1.html
SQL: SHOW COLUMNS FROM `user` [ RunTime:0.0005s ]
SQL: SELECT * FROM `user` WHERE `id` = 1 LIMIT 1   [ RunTime:0.0002s ]

[ 2018-01-31T10:57:04+08:00 ] 127.0.0.1 /Home/MyClass/classDetail/class_id/1.html
SQL: SHOW COLUMNS FROM `user` [ RunTime:0.0005s ]
SQL: SELECT * FROM `user` WHERE `id` = 1 LIMIT 1   [ RunTime:0.0004s ]
SQL: SHOW COLUMNS FROM `classes` [ RunTime:0.0005s ]
SQL: SELECT * FROM `classes` WHERE ( class_id = 1 and user_id = 1 ) LIMIT 1   [ RunTime:0.0003s ]
SQL: SHOW COLUMNS FROM `classstudentlist` [ RunTime:0.0006s ]
SQL: SHOW COLUMNS FROM `classstudentlist` [ RunTime:0.0004s ]
SQL: SELECT * FROM `classstudentlist` WHERE ( class_id = 1 )  [ RunTime:0.0003s ]

[ 2018-01-31T10:57:13+08:00 ] 127.0.0.1 /Home/MyClass/homeworkManager/class_id/1.html
SQL: SHOW COLUMNS FROM `user` [ RunTime:0.0006s ]
SQL: SELECT * FROM `user` WHERE `id` = 1 LIMIT 1   [ RunTime:0.0003s ]

[ 2018-01-31T10:57:21+08:00 ] 127.0.0.1 /Home/MyClass/homeworkManager/class_id/1.html
SQL: SHOW COLUMNS FROM `user` [ RunTime:0.0007s ]
SQL: SELECT * FROM `user` WHERE `id` = 1 LIMIT 1   [ RunTime:0.0003s ]

[ 2018-01-31T10:58:20+08:00 ] 127.0.0.1 /Home/MyClass/homeworkManager/class_id/1.html
SQL: SHOW COLUMNS FROM `user` [ RunTime:0.0007s ]
SQL: SELECT * FROM `user` WHERE `id` = 1 LIMIT 1   [ RunTime:0.0004s ]

[ 2018-01-31T10:58:34+08:00 ] 127.0.0.1 /Home/MyClass/homeworkManager/class_id/see_homework.html
SQL: SHOW COLUMNS FROM `user` [ RunTime:0.0009s ]
SQL: SELECT * FROM `user` WHERE `id` = 1 LIMIT 1   [ RunTime:0.0004s ]

[ 2018-01-31T10:58:35+08:00 ] 127.0.0.1 /Home/MyClass/homeworkManager/class_id/see_homework.html
SQL: SHOW COLUMNS FROM `user` [ RunTime:0.0004s ]
SQL: SELECT * FROM `user` WHERE `id` = 1 LIMIT 1   [ RunTime:0.0002s ]

[ 2018-01-31T10:59:01+08:00 ] 127.0.0.1 /Home/MyClass/homeworkManager/class_id/see_homework.html
SQL: SHOW COLUMNS FROM `user` [ RunTime:0.0006s ]
SQL: SELECT * FROM `user` WHERE `id` = 1 LIMIT 1   [ RunTime:0.0004s ]

[ 2018-01-31T11:00:16+08:00 ] 127.0.0.1 /Home/MyClass/homeworkManager/class_id/see_homework.html
SQL: SHOW COLUMNS FROM `user` [ RunTime:0.0005s ]
SQL: SELECT * FROM `user` WHERE `id` = 1 LIMIT 1   [ RunTime:0.0003s ]
NOTIC: [8] Undefined variable: class /Library/WebServer/Documents/Study/Runtime/Cache/Home/05a007a0004930268f09eb91ec1a31a2.php 第 22 行.

[ 2018-01-31T11:00:17+08:00 ] 127.0.0.1 /Home/MyClass/addHomework.html
SQL: SHOW COLUMNS FROM `user` [ RunTime:0.0006s ]
SQL: SELECT * FROM `user` WHERE `id` = 1 LIMIT 1   [ RunTime:0.0003s ]

[ 2018-01-31T11:00:20+08:00 ] 127.0.0.1 /Home/MyClass/homeworkManager/class_id/see_homework.html
SQL: SHOW COLUMNS FROM `user` [ RunTime:0.0006s ]
SQL: SELECT * FROM `user` WHERE `id` = 1 LIMIT 1   [ RunTime:0.0002s ]
NOTIC: [8] Undefined variable: class /Library/WebServer/Documents/Study/Runtime/Cache/Home/05a007a0004930268f09eb91ec1a31a2.php 第 22 行.

[ 2018-01-31T11:00:21+08:00 ] 127.0.0.1 /Home/MyClass/addHomework.html
SQL: SHOW COLUMNS FROM `user` [ RunTime:0.0006s ]
SQL: SELECT * FROM `user` WHERE `id` = 1 LIMIT 1   [ RunTime:0.0003s ]

[ 2018-01-31T11:02:32+08:00 ] 127.0.0.1 /Home/MyClass/homeworkManager/class_id/1.html
SQL: SHOW COLUMNS FROM `user` [ RunTime:0.0005s ]
SQL: SELECT * FROM `user` WHERE `id` = 1 LIMIT 1   [ RunTime:0.0003s ]

[ 2018-01-31T11:02:34+08:00 ] 127.0.0.1 /Home/MyClass/homeworkManager/class_id/1.html
SQL: SHOW COLUMNS FROM `user` [ RunTime:0.0007s ]
SQL: SELECT * FROM `user` WHERE `id` = 1 LIMIT 1   [ RunTime:0.0004s ]

[ 2018-01-31T11:02:35+08:00 ] 127.0.0.1 /Home/MyClass/addHomework/class_id/1.html
SQL: SHOW COLUMNS FROM `user` [ RunTime:0.0004s ]
SQL: SELECT * FROM `user` WHERE `id` = 1 LIMIT 1   [ RunTime:0.0003s ]

[ 2018-01-31T11:05:47+08:00 ] 127.0.0.1 /Home/MyClass/addHomework/class_id/1.html
SQL: SHOW COLUMNS FROM `user` [ RunTime:0.0008s ]
SQL: SELECT * FROM `user` WHERE `id` = 1 LIMIT 1   [ RunTime:0.0003s ]

[ 2018-01-31T11:06:02+08:00 ] 127.0.0.1 /Home/MyClass/homeworkManager/class_id/1.html
SQL: SHOW COLUMNS FROM `user` [ RunTime:0.0009s ]
SQL: SELECT * FROM `user` WHERE `id` = 1 LIMIT 1   [ RunTime:0.0005s ]

[ 2018-01-31T11:06:04+08:00 ] 127.0.0.1 /Home/MyClass/addHomework/class_id/1.html
SQL: SHOW COLUMNS FROM `user` [ RunTime:0.0006s ]
SQL: SELECT * FROM `user` WHERE `id` = 1 LIMIT 1   [ RunTime:0.0004s ]

[ 2018-01-31T11:18:33+08:00 ] 127.0.0.1 /Home/MyClass/homeworkManager/class_id/1.html
SQL: SHOW COLUMNS FROM `user` [ RunTime:0.0006s ]
SQL: SELECT * FROM `user` WHERE `id` = 1 LIMIT 1   [ RunTime:0.0003s ]

[ 2018-01-31T11:18:34+08:00 ] 127.0.0.1 /Home/MyClass/addHomework/class_id/1.html
SQL: SHOW COLUMNS FROM `user` [ RunTime:0.0009s ]
SQL: SELECT * FROM `user` WHERE `id` = 1 LIMIT 1   [ RunTime:0.0004s ]
SQL: SHOW COLUMNS FROM `classes` [ RunTime:0.0004s ]
SQL: SELECT * FROM `classes` WHERE ( class_id = 1 and user_id = 1 ) LIMIT 1   [ RunTime:0.0002s ]

[ 2018-01-31T11:18:36+08:00 ] 127.0.0.1 /Home/MyClass/homeworkManager/class_id/1.html
SQL: SHOW COLUMNS FROM `user` [ RunTime:0.0013s ]
SQL: SELECT * FROM `user` WHERE `id` = 1 LIMIT 1   [ RunTime:0.0004s ]

[ 2018-01-31T11:18:43+08:00 ] 127.0.0.1 /Home/MyClass/homeworkManager/class_id/see_homework.html
SQL: SHOW COLUMNS FROM `user` [ RunTime:0.0008s ]
SQL: SELECT * FROM `user` WHERE `id` = 1 LIMIT 1   [ RunTime:0.0004s ]

[ 2018-01-31T12:17:18+08:00 ] 127.0.0.1 /Home/MyClass/addHomework/class_id/1.html
SQL: SHOW COLUMNS FROM `user` [ RunTime:0.0016s ]
SQL: SELECT * FROM `user` WHERE `id` = 1 LIMIT 1   [ RunTime:0.0005s ]
SQL: SHOW COLUMNS FROM `classes` [ RunTime:0.0005s ]
SQL: SELECT * FROM `classes` WHERE ( class_id = 1 ) LIMIT 1   [ RunTime:0.0003s ]

[ 2018-01-31T12:17:20+08:00 ] 127.0.0.1 /Home/MyClass/homeworkManager/class_id/1.html
SQL: SHOW COLUMNS FROM `user` [ RunTime:0.0008s ]
SQL: SELECT * FROM `user` WHERE `id` = 1 LIMIT 1   [ RunTime:0.0004s ]

[ 2018-01-31T12:17:22+08:00 ] 127.0.0.1 /Home/MyClass/
SQL: SHOW COLUMNS FROM `user` [ RunTime:0.0006s ]
SQL: SELECT * FROM `user` WHERE `id` = 1 LIMIT 1   [ RunTime:0.0003s ]
SQL: SHOW COLUMNS FROM `classes` [ RunTime:0.0004s ]
SQL: SELECT * FROM `classes` WHERE ( user_id = 1 ) ORDER BY class_id asc  [ RunTime:0.0003s ]

[ 2018-01-31T12:17:24+08:00 ] 127.0.0.1 /Home/MyClass/classDetail/class_id/1.html
SQL: SHOW COLUMNS FROM `user` [ RunTime:0.0006s ]
SQL: SELECT * FROM `user` WHERE `id` = 1 LIMIT 1   [ RunTime:0.0003s ]
SQL: SHOW COLUMNS FROM `classes` [ RunTime:0.0012s ]
SQL: SELECT * FROM `classes` WHERE ( class_id = 1 and user_id = 1 ) LIMIT 1   [ RunTime:0.0003s ]
SQL: SHOW COLUMNS FROM `classstudentlist` [ RunTime:0.0014s ]
SQL: SHOW COLUMNS FROM `classstudentlist` [ RunTime:0.0006s ]
SQL: SELECT * FROM `classstudentlist` WHERE ( class_id = 1 )  [ RunTime:0.0003s ]
SQL: SHOW COLUMNS FROM `user` [ RunTime:0.0006s ]
SQL: SELECT * FROM `user` WHERE ( id = 2 ) LIMIT 1   [ RunTime:0.0003s ]
NOTIC: [8] Undefined variable: tenm /Library/WebServer/Documents/Study/Application/Home/Model/ClassstudentlistModel.class.php 第 24 行.
SQL: SHOW COLUMNS FROM `user_funds` [ RunTime:0.0011s ]
SQL: SELECT * FROM `user_funds` WHERE ( user_id = 2 ) LIMIT 1   [ RunTime:0.0035s ]

[ 2018-01-31T12:18:05+08:00 ] 127.0.0.1 /Home/MyClass/classDetail/class_id/1.html
SQL: SHOW COLUMNS FROM `user` [ RunTime:0.0007s ]
SQL: SELECT * FROM `user` WHERE `id` = 1 LIMIT 1   [ RunTime:0.0003s ]
SQL: SHOW COLUMNS FROM `classes` [ RunTime:0.0007s ]
SQL: SELECT * FROM `classes` WHERE ( class_id = 1 and user_id = 1 ) LIMIT 1   [ RunTime:0.0009s ]
SQL: SHOW COLUMNS FROM `classstudentlist` [ RunTime:0.0006s ]
SQL: SHOW COLUMNS FROM `classstudentlist` [ RunTime:0.0005s ]
SQL: SELECT * FROM `classstudentlist` WHERE ( class_id = 1 )  [ RunTime:0.0004s ]
SQL: SHOW COLUMNS FROM `user` [ RunTime:0.0010s ]
SQL: SELECT * FROM `user` WHERE ( id = 2 ) LIMIT 1   [ RunTime:0.0003s ]
NOTIC: [8] Undefined variable: tenm /Library/WebServer/Documents/Study/Application/Home/Model/ClassstudentlistModel.class.php 第 24 行.
SQL: SHOW COLUMNS FROM `user_funds` [ RunTime:0.0015s ]
SQL: SELECT * FROM `user_funds` WHERE ( user_id = 2 ) LIMIT 1   [ RunTime:0.0002s ]

[ 2018-01-31T12:18:06+08:00 ] 127.0.0.1 /Home/MyClass/classDetail/class_id/integral_manager_person.html
SQL: SHOW COLUMNS FROM `user` [ RunTime:0.0007s ]
SQL: SELECT * FROM `user` WHERE `id` = 1 LIMIT 1   [ RunTime:0.0005s ]
SQL: SHOW COLUMNS FROM `classes` [ RunTime:0.0010s ]
SQL: SELECT * FROM `classes` WHERE ( class_id = 0 and user_id = 1 ) LIMIT 1   [ RunTime:0.0005s ]

[ 2018-01-31T12:18:09+08:00 ] 127.0.0.1 /Home/MyClass/classDetail/class_id/1.html
SQL: SHOW COLUMNS FROM `user` [ RunTime:0.0006s ]
SQL: SELECT * FROM `user` WHERE `id` = 1 LIMIT 1   [ RunTime:0.0004s ]
SQL: SHOW COLUMNS FROM `classes` [ RunTime:0.0005s ]
SQL: SELECT * FROM `classes` WHERE ( class_id = 1 and user_id = 1 ) LIMIT 1   [ RunTime:0.0003s ]
SQL: SHOW COLUMNS FROM `classstudentlist` [ RunTime:0.0008s ]
SQL: SHOW COLUMNS FROM `classstudentlist` [ RunTime:0.0006s ]
SQL: SELECT * FROM `classstudentlist` WHERE ( class_id = 1 )  [ RunTime:0.0002s ]
SQL: SHOW COLUMNS FROM `user` [ RunTime:0.0005s ]
SQL: SELECT * FROM `user` WHERE ( id = 2 ) LIMIT 1   [ RunTime:0.0003s ]
NOTIC: [8] Undefined variable: tenm /Library/WebServer/Documents/Study/Application/Home/Model/ClassstudentlistModel.class.php 第 24 行.
SQL: SHOW COLUMNS FROM `user_funds` [ RunTime:0.0006s ]
SQL: SELECT * FROM `user_funds` WHERE ( user_id = 2 ) LIMIT 1   [ RunTime:0.0041s ]

[ 2018-01-31T12:18:32+08:00 ] 127.0.0.1 /Home/MyClass/classDetail/class_id/1.html
SQL: SHOW COLUMNS FROM `user` [ RunTime:0.0005s ]
SQL: SELECT * FROM `user` WHERE `id` = 1 LIMIT 1   [ RunTime:0.0023s ]
SQL: SHOW COLUMNS FROM `classes` [ RunTime:0.0007s ]
SQL: SELECT * FROM `classes` WHERE ( class_id = 1 and user_id = 1 ) LIMIT 1   [ RunTime:0.0004s ]
SQL: SHOW COLUMNS FROM `classstudentlist` [ RunTime:0.0011s ]
SQL: SHOW COLUMNS FROM `classstudentlist` [ RunTime:0.0006s ]
SQL: SELECT * FROM `classstudentlist` WHERE ( class_id = 1 )  [ RunTime:0.0003s ]
SQL: SHOW COLUMNS FROM `user` [ RunTime:0.0015s ]
SQL: SELECT * FROM `user` WHERE ( id = 2 ) LIMIT 1   [ RunTime:0.0005s ]
NOTIC: [8] Undefined variable: tenm /Library/WebServer/Documents/Study/Application/Home/Model/ClassstudentlistModel.class.php 第 24 行.
SQL: SHOW COLUMNS FROM `user_funds` [ RunTime:0.0020s ]
SQL: SELECT * FROM `user_funds` WHERE ( user_id = 2 ) LIMIT 1   [ RunTime:0.0011s ]

[ 2018-01-31T12:19:04+08:00 ] 127.0.0.1 /Home/MyClass/classDetail/class_id/1.html
SQL: SHOW COLUMNS FROM `user` [ RunTime:0.0006s ]
SQL: SELECT * FROM `user` WHERE `id` = 1 LIMIT 1   [ RunTime:0.0003s ]
SQL: SHOW COLUMNS FROM `classes` [ RunTime:0.0007s ]
SQL: SELECT * FROM `classes` WHERE ( class_id = 1 and user_id = 1 ) LIMIT 1   [ RunTime:0.0003s ]
SQL: SHOW COLUMNS FROM `classstudentlist` [ RunTime:0.0005s ]
SQL: SHOW COLUMNS FROM `classstudentlist` [ RunTime:0.0004s ]
SQL: SELECT * FROM `classstudentlist` WHERE ( class_id = 1 )  [ RunTime:0.0002s ]
SQL: SHOW COLUMNS FROM `user` [ RunTime:0.0004s ]
SQL: SELECT * FROM `user` WHERE ( id = 2 ) LIMIT 1   [ RunTime:0.0003s ]
NOTIC: [8] Undefined variable: tenm /Library/WebServer/Documents/Study/Application/Home/Model/ClassstudentlistModel.class.php 第 24 行.
SQL: SHOW COLUMNS FROM `user_funds` [ RunTime:0.0006s ]
SQL: SELECT * FROM `user_funds` WHERE ( user_id = 2 ) LIMIT 1   [ RunTime:0.0002s ]

[ 2018-01-31T12:19:21+08:00 ] 127.0.0.1 /Home/MyClass/classDetail/class_id/1.html
SQL: SHOW COLUMNS FROM `user` [ RunTime:0.0007s ]
SQL: SELECT * FROM `user` WHERE `id` = 1 LIMIT 1   [ RunTime:0.0006s ]
SQL: SHOW COLUMNS FROM `classes` [ RunTime:0.0005s ]
SQL: SELECT * FROM `classes` WHERE ( class_id = 1 and user_id = 1 ) LIMIT 1   [ RunTime:0.0003s ]
SQL: SHOW COLUMNS FROM `classstudentlist` [ RunTime:0.0015s ]
SQL: SHOW COLUMNS FROM `classstudentlist` [ RunTime:0.0021s ]
SQL: SELECT * FROM `classstudentlist` WHERE ( class_id = 1 )  [ RunTime:0.0002s ]
SQL: SHOW COLUMNS FROM `user` [ RunTime:0.0004s ]
SQL: SELECT * FROM `user` WHERE ( id = 2 ) LIMIT 1   [ RunTime:0.0003s ]
NOTIC: [8] Undefined variable: tenm /Library/WebServer/Documents/Study/Application/Home/Model/ClassstudentlistModel.class.php 第 24 行.
SQL: SHOW COLUMNS FROM `user_funds` [ RunTime:0.0008s ]
SQL: SELECT * FROM `user_funds` WHERE ( user_id = 2 ) LIMIT 1   [ RunTime:0.0002s ]

[ 2018-01-31T12:19:25+08:00 ] 127.0.0.1 /Home/MyClass/classDetail/class_id/integral_manager_person.html
SQL: SHOW COLUMNS FROM `user` [ RunTime:0.0006s ]
SQL: SELECT * FROM `user` WHERE `id` = 1 LIMIT 1   [ RunTime:0.0004s ]
SQL: SHOW COLUMNS FROM `classes` [ RunTime:0.0007s ]
SQL: SELECT * FROM `classes` WHERE ( class_id = 0 and user_id = 1 ) LIMIT 1   [ RunTime:0.0002s ]

[ 2018-01-31T12:19:26+08:00 ] 127.0.0.1 /Home/MyClass/classDetail/class_id/1.html
SQL: SHOW COLUMNS FROM `user` [ RunTime:0.0010s ]
SQL: SELECT * FROM `user` WHERE `id` = 1 LIMIT 1   [ RunTime:0.0003s ]
SQL: SHOW COLUMNS FROM `classes` [ RunTime:0.0007s ]
SQL: SELECT * FROM `classes` WHERE ( class_id = 1 and user_id = 1 ) LIMIT 1   [ RunTime:0.0002s ]
SQL: SHOW COLUMNS FROM `classstudentlist` [ RunTime:0.0014s ]
SQL: SHOW COLUMNS FROM `classstudentlist` [ RunTime:0.0003s ]
SQL: SELECT * FROM `classstudentlist` WHERE ( class_id = 1 )  [ RunTime:0.0002s ]
SQL: SHOW COLUMNS FROM `user` [ RunTime:0.0004s ]
SQL: SELECT * FROM `user` WHERE ( id = 2 ) LIMIT 1   [ RunTime:0.0003s ]
NOTIC: [8] Undefined variable: tenm /Library/WebServer/Documents/Study/Application/Home/Model/ClassstudentlistModel.class.php 第 24 行.
SQL: SHOW COLUMNS FROM `user_funds` [ RunTime:0.0004s ]
SQL: SELECT * FROM `user_funds` WHERE ( user_id = 2 ) LIMIT 1   [ RunTime:0.0002s ]

[ 2018-01-31T12:21:04+08:00 ] 127.0.0.1 /Home/MyClass/classDetail/class_id/1.html
SQL: SHOW COLUMNS FROM `user` [ RunTime:0.0005s ]
SQL: SELECT * FROM `user` WHERE `id` = 1 LIMIT 1   [ RunTime:0.0005s ]
SQL: SHOW COLUMNS FROM `classes` [ RunTime:0.0004s ]
SQL: SELECT * FROM `classes` WHERE ( class_id = 1 and user_id = 1 ) LIMIT 1   [ RunTime:0.0005s ]
SQL: SHOW COLUMNS FROM `classstudentlist` [ RunTime:0.0007s ]
SQL: SHOW COLUMNS FROM `classstudentlist` [ RunTime:0.0004s ]
SQL: SELECT * FROM `classstudentlist` WHERE ( class_id = 1 )  [ RunTime:0.0009s ]
SQL: SHOW COLUMNS FROM `user` [ RunTime:0.0006s ]
SQL: SELECT * FROM `user` WHERE ( id = 2 ) LIMIT 1   [ RunTime:0.0005s ]
NOTIC: [8] Undefined variable: tenm /Library/WebServer/Documents/Study/Application/Home/Model/ClassstudentlistModel.class.php 第 24 行.
SQL: SHOW COLUMNS FROM `user_funds` [ RunTime:0.0010s ]
SQL: SELECT * FROM `user_funds` WHERE ( user_id = 2 ) LIMIT 1   [ RunTime:0.0002s ]

[ 2018-01-31T12:21:44+08:00 ] 127.0.0.1 /Home/MyClass/classDetail/class_id/1.html
SQL: SHOW COLUMNS FROM `user` [ RunTime:0.0005s ]
SQL: SELECT * FROM `user` WHERE `id` = 1 LIMIT 1   [ RunTime:0.0003s ]
SQL: SHOW COLUMNS FROM `classes` [ RunTime:0.0004s ]
SQL: SELECT * FROM `classes` WHERE ( class_id = 1 and user_id = 1 ) LIMIT 1   [ RunTime:0.0002s ]
SQL: SHOW COLUMNS FROM `classstudentlist` [ RunTime:0.0004s ]
SQL: SHOW COLUMNS FROM `classstudentlist` [ RunTime:0.0003s ]
SQL: SELECT * FROM `classstudentlist` WHERE ( class_id = 1 )  [ RunTime:0.0002s ]
SQL: SHOW COLUMNS FROM `user` [ RunTime:0.0004s ]
SQL: SELECT * FROM `user` WHERE ( id = 2 ) LIMIT 1   [ RunTime:0.0002s ]
NOTIC: [8] Undefined variable: tenm /Library/WebServer/Documents/Study/Application/Home/Model/ClassstudentlistModel.class.php 第 24 行.
SQL: SHOW COLUMNS FROM `user_funds` [ RunTime:0.0005s ]
SQL: SELECT * FROM `user_funds` WHERE ( user_id = 2 ) LIMIT 1   [ RunTime:0.0002s ]

[ 2018-01-31T12:21:45+08:00 ] 127.0.0.1 /Home/MyClass/stuDetail/class_id/1/stu_id/2.html
SQL: SHOW COLUMNS FROM `user` [ RunTime:0.0005s ]
SQL: SELECT * FROM `user` WHERE `id` = 1 LIMIT 1   [ RunTime:0.0004s ]

[ 2018-01-31T12:24:26+08:00 ] 127.0.0.1 /Home/MyClass/stuDetail/class_id/1/stu_id/2.html
SQL: SHOW COLUMNS FROM `user` [ RunTime:0.0007s ]
SQL: SELECT * FROM `user` WHERE `id` = 1 LIMIT 1   [ RunTime:0.0004s ]
SQL: SHOW COLUMNS FROM `classstudentlist` [ RunTime:0.0004s ]
SQL: SELECT * FROM `classstudentlist` WHERE ( class_id = 1 and user_id = 2 ) LIMIT 1   [ RunTime:0.0002s ]

[ 2018-01-31T12:24:30+08:00 ] 127.0.0.1 /Home/MyClass/stuDetail/class_id/1/stu_id/3.html
SQL: SHOW COLUMNS FROM `user` [ RunTime:0.0004s ]
SQL: SELECT * FROM `user` WHERE `id` = 1 LIMIT 1   [ RunTime:0.0003s ]
SQL: SHOW COLUMNS FROM `classstudentlist` [ RunTime:0.0004s ]
SQL: SELECT * FROM `classstudentlist` WHERE ( class_id = 1 and user_id = 3 ) LIMIT 1   [ RunTime:0.0002s ]

[ 2018-01-31T12:24:31+08:00 ] 127.0.0.1 /Home/MyClass/stuDetail/class_id/1/stu_id/2.html
SQL: SHOW COLUMNS FROM `user` [ RunTime:0.0005s ]
SQL: SELECT * FROM `user` WHERE `id` = 1 LIMIT 1   [ RunTime:0.0019s ]
SQL: SHOW COLUMNS FROM `classstudentlist` [ RunTime:0.0019s ]
SQL: SELECT * FROM `classstudentlist` WHERE ( class_id = 1 and user_id = 2 ) LIMIT 1   [ RunTime:0.0009s ]

[ 2018-01-31T12:28:35+08:00 ] 127.0.0.1 /Home/MyClass/stuDetail/class_id/1/stu_id/2.html
SQL: SHOW COLUMNS FROM `user` [ RunTime:0.0014s ]
SQL: SELECT * FROM `user` WHERE `id` = 1 LIMIT 1   [ RunTime:0.0004s ]
SQL: SHOW COLUMNS FROM `classstudentlist` [ RunTime:0.0004s ]
SQL: SELECT * FROM `classstudentlist` WHERE ( class_id = 1 and user_id = 2 ) LIMIT 1   [ RunTime:0.0002s ]

[ 2018-01-31T12:28:36+08:00 ] 127.0.0.1 /Home/MyClass/stuDetail/class_id/1/stu_id/lib/css/weui.css
SQL: SHOW COLUMNS FROM `user` [ RunTime:0.0006s ]
SQL: SELECT * FROM `user` WHERE `id` = 1 LIMIT 1   [ RunTime:0.0004s ]
SQL: SHOW COLUMNS FROM `classstudentlist` [ RunTime:0.0011s ]
SQL: SELECT * FROM `classstudentlist` WHERE ( class_id = 1 and user_id = 0 ) LIMIT 1   [ RunTime:0.0005s ]

[ 2018-01-31T12:28:36+08:00 ] 127.0.0.1 /Home/MyClass/stuDetail/class_id/1/stu_id/lib/css/weui_reset.css
SQL: SHOW COLUMNS FROM `user` [ RunTime:0.0023s ]
SQL: SELECT * FROM `user` WHERE `id` = 1 LIMIT 1   [ RunTime:0.0004s ]
SQL: SHOW COLUMNS FROM `classstudentlist` [ RunTime:0.0005s ]
SQL: SELECT * FROM `classstudentlist` WHERE ( class_id = 1 and user_id = 0 ) LIMIT 1   [ RunTime:0.0009s ]

[ 2018-01-31T12:28:36+08:00 ] 127.0.0.1 /Home/MyClass/stuDetail/class_id/1/stu_id/style/integral_manager_person.css
SQL: SHOW COLUMNS FROM `user` [ RunTime:0.0004s ]
SQL: SELECT * FROM `user` WHERE `id` = 1 LIMIT 1   [ RunTime:0.0003s ]
SQL: SHOW COLUMNS FROM `classstudentlist` [ RunTime:0.0004s ]
SQL: SELECT * FROM `classstudentlist` WHERE ( class_id = 1 and user_id = 0 ) LIMIT 1   [ RunTime:0.0002s ]

[ 2018-01-31T12:28:36+08:00 ] 127.0.0.1 /Home/MyClass/stuDetail/class_id/1/stu_id/fonts/iconfont.css
SQL: SHOW COLUMNS FROM `user` [ RunTime:0.0010s ]
SQL: SELECT * FROM `user` WHERE `id` = 1 LIMIT 1   [ RunTime:0.0011s ]
SQL: SHOW COLUMNS FROM `classstudentlist` [ RunTime:0.0015s ]
SQL: SELECT * FROM `classstudentlist` WHERE ( class_id = 1 and user_id = 0 ) LIMIT 1   [ RunTime:0.0012s ]

[ 2018-01-31T12:28:36+08:00 ] 127.0.0.1 /Home/MyClass/stuDetail/class_id/1/stu_id/lib/js/zepto.min.js
SQL: SHOW COLUMNS FROM `user` [ RunTime:0.0008s ]
SQL: SELECT * FROM `user` WHERE `id` = 1 LIMIT 1   [ RunTime:0.0043s ]
SQL: SHOW COLUMNS FROM `classstudentlist` [ RunTime:0.0006s ]
SQL: SELECT * FROM `classstudentlist` WHERE ( class_id = 1 and user_id = 0 ) LIMIT 1   [ RunTime:0.0005s ]

[ 2018-01-31T12:28:36+08:00 ] 127.0.0.1 /Home/MyClass/stuDetail/class_id/1/stu_id/lib/js/jweui.min.js
SQL: SHOW COLUMNS FROM `user` [ RunTime:0.0009s ]
SQL: SELECT * FROM `user` WHERE `id` = 1 LIMIT 1   [ RunTime:0.0004s ]
SQL: SHOW COLUMNS FROM `classstudentlist` [ RunTime:0.0007s ]
SQL: SELECT * FROM `classstudentlist` WHERE ( class_id = 1 and user_id = 0 ) LIMIT 1   [ RunTime:0.0003s ]

[ 2018-01-31T12:28:36+08:00 ] 127.0.0.1 /Home/MyClass/stuDetail/class_id/1/stu_id/lib/js/weui.min.js
SQL: SHOW COLUMNS FROM `user` [ RunTime:0.0020s ]
SQL: SELECT * FROM `user` WHERE `id` = 1 LIMIT 1   [ RunTime:0.0010s ]
SQL: SHOW COLUMNS FROM `classstudentlist` [ RunTime:0.0007s ]
SQL: SELECT * FROM `classstudentlist` WHERE ( class_id = 1 and user_id = 0 ) LIMIT 1   [ RunTime:0.0002s ]

[ 2018-01-31T12:29:57+08:00 ] 127.0.0.1 /Home/MyClass/stuDetail/class_id/1/stu_id/2.html
SQL: SHOW COLUMNS FROM `user` [ RunTime:0.0004s ]
SQL: SELECT * FROM `user` WHERE `id` = 1 LIMIT 1   [ RunTime:0.0002s ]
SQL: SHOW COLUMNS FROM `classstudentlist` [ RunTime:0.0004s ]
SQL: SELECT * FROM `classstudentlist` WHERE ( class_id = 1 and user_id = 2 ) LIMIT 1   [ RunTime:0.0002s ]

[ 2018-01-31T12:31:44+08:00 ] 127.0.0.1 /Home/MyClass/stuDetail/class_id/1/stu_id/2.html
SQL: SHOW COLUMNS FROM `user` [ RunTime:0.0008s ]
SQL: SELECT * FROM `user` WHERE `id` = 1 LIMIT 1   [ RunTime:0.0008s ]
SQL: SHOW COLUMNS FROM `classstudentlist` [ RunTime:0.0004s ]
SQL: SELECT * FROM `classstudentlist` WHERE ( class_id = 1 and user_id = 2 ) LIMIT 1   [ RunTime:0.0002s ]

[ 2018-01-31T13:30:38+08:00 ] 127.0.0.1 /Home/MyClass/stuDetail/class_id/1/stu_id/2.html
SQL: SHOW COLUMNS FROM `user` [ RunTime:0.0006s ]
SQL: SELECT * FROM `user` WHERE `id` = 1 LIMIT 1   [ RunTime:0.0003s ]
SQL: SHOW COLUMNS FROM `classstudentlist` [ RunTime:0.0004s ]
SQL: SELECT * FROM `classstudentlist` WHERE ( class_id = 1 and user_id = 2 ) LIMIT 1   [ RunTime:0.0002s ]
SQL: SHOW COLUMNS FROM `user_funds` [ RunTime:0.0004s ]
SQL: SHOW COLUMNS FROM `user` [ RunTime:0.0004s ]
SQL: SELECT `nickname` FROM `user` WHERE ( id = 2 ) LIMIT 1   [ RunTime:0.0002s ]
SQL: SELECT `score` FROM `user_funds` WHERE `user_id` = 2 LIMIT 1   [ RunTime:0.0005s ]
SQL: SHOW COLUMNS FROM `user_score_detail` [ RunTime:0.0006s ]
SQL: SELECT * FROM `user_score_detail` WHERE ( user_id = 2 )  [ RunTime:0.0005s ]

[ 2018-01-31T13:31:07+08:00 ] 127.0.0.1 /Home/MyClass/stuDetail/class_id/1/stu_id/2.html
SQL: SHOW COLUMNS FROM `user` [ RunTime:0.0006s ]
SQL: SELECT * FROM `user` WHERE `id` = 1 LIMIT 1   [ RunTime:0.0003s ]
SQL: SHOW COLUMNS FROM `classstudentlist` [ RunTime:0.0007s ]
SQL: SELECT * FROM `classstudentlist` WHERE ( class_id = 1 and user_id = 2 ) LIMIT 1   [ RunTime:0.0003s ]
SQL: SHOW COLUMNS FROM `user_funds` [ RunTime:0.0004s ]
SQL: SHOW COLUMNS FROM `user` [ RunTime:0.0004s ]
SQL: SELECT `nickname` FROM `user` WHERE ( id = 2 ) LIMIT 1   [ RunTime:0.0002s ]
SQL: SELECT `score` FROM `user_funds` WHERE `user_id` = 2 LIMIT 1   [ RunTime:0.0002s ]
SQL: SHOW COLUMNS FROM `user_score_detail` [ RunTime:0.0005s ]
SQL: SELECT * FROM `user_score_detail` WHERE ( user_id = 2 )  [ RunTime:0.0004s ]

[ 2018-01-31T13:32:36+08:00 ] 127.0.0.1 /Home/MyClass/stuDetail/class_id/1/stu_id/2.html
SQL: SHOW COLUMNS FROM `user` [ RunTime:0.0005s ]
SQL: SELECT * FROM `user` WHERE `id` = 1 LIMIT 1   [ RunTime:0.0003s ]
SQL: SHOW COLUMNS FROM `classstudentlist` [ RunTime:0.0005s ]
SQL: SELECT * FROM `classstudentlist` WHERE ( class_id = 1 and user_id = 2 ) LIMIT 1   [ RunTime:0.0005s ]
SQL: SHOW COLUMNS FROM `user_funds` [ RunTime:0.0005s ]
SQL: SHOW COLUMNS FROM `user` [ RunTime:0.0005s ]
SQL: SELECT `nickname` FROM `user` WHERE ( id = 2 ) LIMIT 1   [ RunTime:0.0004s ]
SQL: SELECT `score` FROM `user_funds` WHERE `user_id` = 2 LIMIT 1   [ RunTime:0.0002s ]
SQL: SHOW COLUMNS FROM `user_score_detail` [ RunTime:0.0005s ]
SQL: SELECT * FROM `user_score_detail` WHERE ( user_id = 2 )  [ RunTime:0.0003s ]

[ 2018-01-31T13:34:30+08:00 ] 127.0.0.1 /Home/MyClass/stuDetail/class_id/1/stu_id/2.html
SQL: SHOW COLUMNS FROM `user` [ RunTime:0.0005s ]
SQL: SELECT * FROM `user` WHERE `id` = 1 LIMIT 1   [ RunTime:0.0003s ]
SQL: SHOW COLUMNS FROM `classstudentlist` [ RunTime:0.0004s ]
SQL: SELECT * FROM `classstudentlist` WHERE ( class_id = 1 and user_id = 2 ) LIMIT 1   [ RunTime:0.0002s ]

[ 2018-01-31T13:34:46+08:00 ] 127.0.0.1 /Home/MyClass/stuDetail/class_id/1/stu_id/2.html
SQL: SHOW COLUMNS FROM `user` [ RunTime:0.0006s ]
SQL: SELECT * FROM `user` WHERE `id` = 1 LIMIT 1   [ RunTime:0.0003s ]
SQL: SHOW COLUMNS FROM `classstudentlist` [ RunTime:0.0004s ]
SQL: SELECT * FROM `classstudentlist` WHERE ( class_id = 1 and user_id = 2 ) LIMIT 1   [ RunTime:0.0003s ]
SQL: SHOW COLUMNS FROM `user_funds` [ RunTime:0.0004s ]
SQL: SHOW COLUMNS FROM `user` [ RunTime:0.0004s ]
SQL: SELECT `nickname` FROM `user` WHERE ( id = 2 ) LIMIT 1   [ RunTime:0.0002s ]
SQL: SELECT `score` FROM `user_funds` WHERE `user_id` = 2 LIMIT 1   [ RunTime:0.0002s ]
SQL: SHOW COLUMNS FROM `user_score_detail` [ RunTime:0.0005s ]
SQL: SELECT * FROM `user_score_detail` WHERE ( user_id = 2 )  [ RunTime:0.0002s ]

[ 2018-01-31T13:39:48+08:00 ] 127.0.0.1 /Home/MyClass/stuDetail/class_id/1/stu_id/2.html
SQL: SHOW COLUMNS FROM `user` [ RunTime:0.0009s ]
SQL: SELECT * FROM `user` WHERE `id` = 1 LIMIT 1   [ RunTime:0.0003s ]
SQL: SHOW COLUMNS FROM `classstudentlist` [ RunTime:0.0004s ]
SQL: SELECT * FROM `classstudentlist` WHERE ( class_id = 1 and user_id = 2 ) LIMIT 1   [ RunTime:0.0005s ]
SQL: SHOW COLUMNS FROM `user_funds` [ RunTime:0.0006s ]
SQL: SHOW COLUMNS FROM `user` [ RunTime:0.0007s ]
SQL: SELECT `nickname` FROM `user` WHERE ( id = 2 ) LIMIT 1   [ RunTime:0.0003s ]
SQL: SELECT `score` FROM `user_funds` WHERE `user_id` = 2 LIMIT 1   [ RunTime:0.0004s ]
SQL: SHOW COLUMNS FROM `user_score_detail` [ RunTime:0.0007s ]
SQL: SELECT * FROM `user_score_detail` WHERE ( user_id = 2 )  [ RunTime:0.0003s ]

[ 2018-01-31T13:40:03+08:00 ] 127.0.0.1 /Home/MyClass/stuDetail/class_id/1/stu_id/2.html
SQL: SHOW COLUMNS FROM `user` [ RunTime:0.0006s ]
SQL: SELECT * FROM `user` WHERE `id` = 1 LIMIT 1   [ RunTime:0.0002s ]
SQL: SHOW COLUMNS FROM `classstudentlist` [ RunTime:0.0004s ]
SQL: SELECT * FROM `classstudentlist` WHERE ( class_id = 1 and user_id = 2 ) LIMIT 1   [ RunTime:0.0002s ]
SQL: SHOW COLUMNS FROM `user_funds` [ RunTime:0.0014s ]
SQL: SHOW COLUMNS FROM `user` [ RunTime:0.0003s ]
SQL: SELECT `nickname` FROM `user` WHERE ( id = 2 ) LIMIT 1   [ RunTime:0.0002s ]
SQL: SELECT `score` FROM `user_funds` WHERE `user_id` = 2 LIMIT 1   [ RunTime:0.0009s ]
SQL: SHOW COLUMNS FROM `user_score_detail` [ RunTime:0.0012s ]
SQL: SELECT * FROM `user_score_detail` WHERE ( user_id = 2 )  [ RunTime:0.0002s ]

[ 2018-01-31T20:04:12+08:00 ] 127.0.0.1 /Home/MyClass/stuDetail/class_id/1/stu_id/2.html
SQL: SHOW COLUMNS FROM `user` [ RunTime:0.0012s ]
SQL: SELECT * FROM `user` WHERE `id` = 1 LIMIT 1   [ RunTime:0.0006s ]
SQL: SHOW COLUMNS FROM `classstudentlist` [ RunTime:0.0006s ]
SQL: SELECT * FROM `classstudentlist` WHERE ( class_id = 1 and user_id = 2 ) LIMIT 1   [ RunTime:0.0004s ]
SQL: SHOW COLUMNS FROM `user_funds` [ RunTime:0.0004s ]
SQL: SHOW COLUMNS FROM `user` [ RunTime:0.0004s ]
SQL: SELECT `nickname` FROM `user` WHERE ( id = 2 ) LIMIT 1   [ RunTime:0.0002s ]
SQL: SELECT `score` FROM `user_funds` WHERE `user_id` = 2 LIMIT 1   [ RunTime:0.0011s ]
SQL: SHOW COLUMNS FROM `user_score_detail` [ RunTime:0.0011s ]
SQL: SELECT * FROM `user_score_detail` WHERE ( user_id = 2 )  [ RunTime:0.0005s ]

[ 2018-01-31T20:04:19+08:00 ] 127.0.0.1 /Home/MyClass/awardScore.html
SQL: SHOW COLUMNS FROM `user` [ RunTime:0.0025s ]
SQL: SELECT * FROM `user` WHERE `id` = 1 LIMIT 1   [ RunTime:0.0005s ]
SQL: SHOW COLUMNS FROM `user_funds` [ RunTime:0.0007s ]
SQL: SELECT `score` FROM `user_funds` WHERE ( user_id = 2 ) LIMIT 1   [ RunTime:0.0005s ]
SQL: UPDATE `user_funds` SET `score`='3005' WHERE ( user_id = 2 ) [ RunTime:0.0158s ]
SQL: SHOW COLUMNS FROM `user_score_detail` [ RunTime:0.0007s ]
ERR: 1364:Field 'score' doesn't have a default value
 [ SQL语句 ] : INSERT INTO `user_score_detail` (`user_id`,`type`,`source`,`value`,`time`,`content`) VALUES ('2','0','0','5','1517400259','奖励5')
ERR: 1364:Field 'score' doesn't have a default value
 [ SQL语句 ] : INSERT INTO `user_score_detail` (`user_id`,`type`,`source`,`value`,`time`,`content`) VALUES ('2','0','0','5','1517400259','奖励5')

[ 2018-01-31T20:04:52+08:00 ] 127.0.0.1 /Home/MyClass/awardScore.html
SQL: SHOW COLUMNS FROM `user` [ RunTime:0.0014s ]
SQL: SELECT * FROM `user` WHERE `id` = 1 LIMIT 1   [ RunTime:0.0003s ]
SQL: SHOW COLUMNS FROM `user_funds` [ RunTime:0.0005s ]
SQL: SELECT `score` FROM `user_funds` WHERE ( user_id = 0 ) LIMIT 1   [ RunTime:0.0002s ]
SQL: UPDATE `user_funds` SET `score`='0' WHERE ( user_id = 0 ) [ RunTime:0.0002s ]
SQL: SHOW COLUMNS FROM `user_score_detail` [ RunTime:0.0014s ]
ERR: 1364:Field 'score' doesn't have a default value
 [ SQL语句 ] : INSERT INTO `user_score_detail` (`user_id`,`type`,`source`,`value`,`time`,`content`) VALUES ('0','0','0','0','1517400292','')
ERR: 1364:Field 'score' doesn't have a default value
 [ SQL语句 ] : INSERT INTO `user_score_detail` (`user_id`,`type`,`source`,`value`,`time`,`content`) VALUES ('0','0','0','0','1517400292','')

[ 2018-01-31T20:08:05+08:00 ] 127.0.0.1 /Home/MyClass/awardScore.html
SQL: SHOW COLUMNS FROM `user` [ RunTime:0.0021s ]
SQL: SELECT * FROM `user` WHERE `id` = 1 LIMIT 1   [ RunTime:0.0003s ]
SQL: SHOW COLUMNS FROM `user_funds` [ RunTime:0.0013s ]
SQL: SELECT `score` FROM `user_funds` WHERE ( user_id = 0 ) LIMIT 1   [ RunTime:0.0002s ]
SQL: UPDATE `user_funds` SET `score`='0' WHERE ( user_id = 0 ) [ RunTime:0.0004s ]
SQL: SHOW COLUMNS FROM `user_score_detail` [ RunTime:0.0005s ]
ERR: 1364:Field 'score' doesn't have a default value
 [ SQL语句 ] : INSERT INTO `user_score_detail` (`user_id`,`type`,`source`,`value`,`time`,`content`) VALUES ('0','0','0','0','1517400485','')
ERR: 1364:Field 'score' doesn't have a default value
 [ SQL语句 ] : INSERT INTO `user_score_detail` (`user_id`,`type`,`source`,`value`,`time`,`content`) VALUES ('0','0','0','0','1517400485','')

[ 2018-01-31T20:08:55+08:00 ] 127.0.0.1 /Home/MyClass/awardScore.html
SQL: SHOW COLUMNS FROM `user` [ RunTime:0.0007s ]
SQL: SELECT * FROM `user` WHERE `id` = 1 LIMIT 1   [ RunTime:0.0002s ]

[ 2018-01-31T20:08:59+08:00 ] 127.0.0.1 /Home/MyClass/stuDetail/class_id/1/stu_id/2.html
SQL: SHOW COLUMNS FROM `user` [ RunTime:0.0004s ]
SQL: SELECT * FROM `user` WHERE `id` = 1 LIMIT 1   [ RunTime:0.0002s ]
SQL: SHOW COLUMNS FROM `classstudentlist` [ RunTime:0.0003s ]
SQL: SELECT * FROM `classstudentlist` WHERE ( class_id = 1 and user_id = 2 ) LIMIT 1   [ RunTime:0.0004s ]
SQL: SHOW COLUMNS FROM `user_funds` [ RunTime:0.0004s ]
SQL: SHOW COLUMNS FROM `user` [ RunTime:0.0004s ]
SQL: SELECT `nickname` FROM `user` WHERE ( id = 2 ) LIMIT 1   [ RunTime:0.0002s ]
SQL: SELECT `score` FROM `user_funds` WHERE `user_id` = 2 LIMIT 1   [ RunTime:0.0002s ]
SQL: SHOW COLUMNS FROM `user_score_detail` [ RunTime:0.0004s ]
SQL: SELECT * FROM `user_score_detail` WHERE ( user_id = 2 )  [ RunTime:0.0004s ]

[ 2018-01-31T20:09:02+08:00 ] 127.0.0.1 /Home/MyClass/awardScore.html
SQL: SHOW COLUMNS FROM `user` [ RunTime:0.0005s ]
SQL: SELECT * FROM `user` WHERE `id` = 1 LIMIT 1   [ RunTime:0.0002s ]
SQL: SHOW COLUMNS FROM `user_funds` [ RunTime:0.0003s ]
SQL: SELECT `score` FROM `user_funds` WHERE ( user_id = 2 ) LIMIT 1   [ RunTime:0.0001s ]
SQL: UPDATE `user_funds` SET `score`='3010' WHERE ( user_id = 2 ) [ RunTime:0.0027s ]
SQL: SHOW COLUMNS FROM `user_score_detail` [ RunTime:0.0006s ]
ERR: 1364:Field 'score' doesn't have a default value
 [ SQL语句 ] : INSERT INTO `user_score_detail` (`user_id`,`type`,`source`,`value`,`time`,`content`) VALUES ('2','0','0','5','1517400542','请输入备注')
ERR: 1364:Field 'score' doesn't have a default value
 [ SQL语句 ] : INSERT INTO `user_score_detail` (`user_id`,`type`,`source`,`value`,`time`,`content`) VALUES ('2','0','0','5','1517400542','请输入备注')

[ 2018-01-31T20:09:28+08:00 ] 127.0.0.1 /Home/MyClass/awardScore.html
SQL: SHOW COLUMNS FROM `user` [ RunTime:0.0012s ]
SQL: SELECT * FROM `user` WHERE `id` = 1 LIMIT 1   [ RunTime:0.0008s ]

[ 2018-01-31T20:10:12+08:00 ] 127.0.0.1 /Home/MyClass/awardScore.html
SQL: SHOW COLUMNS FROM `user` [ RunTime:0.0017s ]
SQL: SELECT * FROM `user` WHERE `id` = 1 LIMIT 1   [ RunTime:0.0004s ]
SQL: SHOW COLUMNS FROM `user_funds` [ RunTime:0.0012s ]
SQL: SELECT `score` FROM `user_funds` WHERE ( user_id = 2 ) LIMIT 1   [ RunTime:0.0002s ]
SQL: UPDATE `user_funds` SET `score`='3015' WHERE ( user_id = 2 ) [ RunTime:0.0015s ]
SQL: SHOW COLUMNS FROM `user_score_detail` [ RunTime:0.0019s ]
ERR: 1364:Field 'score' doesn't have a default value
 [ SQL语句 ] : INSERT INTO `user_score_detail` (`user_id`,`type`,`source`,`value`,`time`,`content`) VALUES ('2','0','0','5','1517400612','奖励得分')
ERR: 1364:Field 'score' doesn't have a default value
 [ SQL语句 ] : INSERT INTO `user_score_detail` (`user_id`,`type`,`source`,`value`,`time`,`content`) VALUES ('2','0','0','5','1517400612','奖励得分')

[ 2018-01-31T20:11:43+08:00 ] 127.0.0.1 /Home/MyClass/awardScore.html
SQL: SHOW COLUMNS FROM `user` [ RunTime:0.0006s ]
SQL: SELECT * FROM `user` WHERE `id` = 1 LIMIT 1   [ RunTime:0.0003s ]
SQL: SHOW COLUMNS FROM `user_funds` [ RunTime:0.0003s ]
SQL: SELECT `score` FROM `user_funds` WHERE ( user_id = 2 ) LIMIT 1   [ RunTime:0.0002s ]
SQL: UPDATE `user_funds` SET `score`='3020' WHERE ( user_id = 2 ) [ RunTime:0.0019s ]
SQL: SHOW COLUMNS FROM `user_score_detail` [ RunTime:0.0007s ]
SQL: INSERT INTO `user_score_detail` (`user_id`,`type`,`score`,`source`,`value`,`time`,`content`) VALUES ('2','0','5','0','临时设置来源','1517400703','奖励得分') [ RunTime:0.0008s ]

[ 2018-01-31T20:11:51+08:00 ] 127.0.0.1 /Home/MyClass/stuDetail/class_id/1/stu_id/2.html
SQL: SHOW COLUMNS FROM `user` [ RunTime:0.0005s ]
SQL: SELECT * FROM `user` WHERE `id` = 1 LIMIT 1   [ RunTime:0.0003s ]
SQL: SHOW COLUMNS FROM `classstudentlist` [ RunTime:0.0003s ]
SQL: SELECT * FROM `classstudentlist` WHERE ( class_id = 1 and user_id = 2 ) LIMIT 1   [ RunTime:0.0005s ]
SQL: SHOW COLUMNS FROM `user_funds` [ RunTime:0.0008s ]
SQL: SHOW COLUMNS FROM `user` [ RunTime:0.0006s ]
SQL: SELECT `nickname` FROM `user` WHERE ( id = 2 ) LIMIT 1   [ RunTime:0.0004s ]
SQL: SELECT `score` FROM `user_funds` WHERE `user_id` = 2 LIMIT 1   [ RunTime:0.0002s ]
SQL: SHOW COLUMNS FROM `user_score_detail` [ RunTime:0.0003s ]
SQL: SELECT * FROM `user_score_detail` WHERE ( user_id = 2 )  [ RunTime:0.0005s ]

[ 2018-01-31T20:12:02+08:00 ] 127.0.0.1 /Home/MyClass/awardScore.html
SQL: SHOW COLUMNS FROM `user` [ RunTime:0.0027s ]
SQL: SELECT * FROM `user` WHERE `id` = 1 LIMIT 1   [ RunTime:0.0004s ]
SQL: SHOW COLUMNS FROM `user_funds` [ RunTime:0.0006s ]
SQL: SELECT `score` FROM `user_funds` WHERE ( user_id = 2 ) LIMIT 1   [ RunTime:0.0004s ]
SQL: UPDATE `user_funds` SET `score`='3025' WHERE ( user_id = 2 ) [ RunTime:0.0041s ]
SQL: SHOW COLUMNS FROM `user_score_detail` [ RunTime:0.0006s ]
SQL: INSERT INTO `user_score_detail` (`user_id`,`type`,`score`,`source`,`value`,`time`,`content`) VALUES ('2','0','5','0','临时设置来源','1517400722','奖励5分  加油') [ RunTime:0.0003s ]

[ 2018-01-31T20:12:28+08:00 ] 127.0.0.1 /Home/MyClass/stuDetail/class_id/1/stu_id/2.html
SQL: SHOW COLUMNS FROM `user` [ RunTime:0.0005s ]
SQL: SELECT * FROM `user` WHERE `id` = 1 LIMIT 1   [ RunTime:0.0003s ]
SQL: SHOW COLUMNS FROM `classstudentlist` [ RunTime:0.0004s ]
SQL: SELECT * FROM `classstudentlist` WHERE ( class_id = 1 and user_id = 2 ) LIMIT 1   [ RunTime:0.0002s ]
SQL: SHOW COLUMNS FROM `user_funds` [ RunTime:0.0024s ]
SQL: SHOW COLUMNS FROM `user` [ RunTime:0.0009s ]
SQL: SELECT `nickname` FROM `user` WHERE ( id = 2 ) LIMIT 1   [ RunTime:0.0002s ]
SQL: SELECT `score` FROM `user_funds` WHERE `user_id` = 2 LIMIT 1   [ RunTime:0.0002s ]
SQL: SHOW COLUMNS FROM `user_score_detail` [ RunTime:0.0006s ]
SQL: SELECT * FROM `user_score_detail` WHERE ( user_id = 2 )  [ RunTime:0.0006s ]

[ 2018-01-31T20:12:49+08:00 ] 127.0.0.1 /Home/MyClass/awardScore.html
SQL: SHOW COLUMNS FROM `user` [ RunTime:0.0018s ]
SQL: SELECT * FROM `user` WHERE `id` = 1 LIMIT 1   [ RunTime:0.0008s ]
SQL: SHOW COLUMNS FROM `user_funds` [ RunTime:0.0006s ]
SQL: SELECT `score` FROM `user_funds` WHERE ( user_id = 2 ) LIMIT 1   [ RunTime:0.0009s ]
SQL: UPDATE `user_funds` SET `score`='3040' WHERE ( user_id = 2 ) [ RunTime:0.0011s ]
SQL: SHOW COLUMNS FROM `user_score_detail` [ RunTime:0.0005s ]
SQL: INSERT INTO `user_score_detail` (`user_id`,`type`,`score`,`source`,`value`,`time`,`content`) VALUES ('2','0','15','0','临时设置来源','1517400769','奖励15分加油把') [ RunTime:0.0002s ]

[ 2018-01-31T20:12:51+08:00 ] 127.0.0.1 /Home/MyClass/stuDetail/class_id/1/stu_id/2.html
SQL: SHOW COLUMNS FROM `user` [ RunTime:0.0005s ]
SQL: SELECT * FROM `user` WHERE `id` = 1 LIMIT 1   [ RunTime:0.0003s ]
SQL: SHOW COLUMNS FROM `classstudentlist` [ RunTime:0.0004s ]
SQL: SELECT * FROM `classstudentlist` WHERE ( class_id = 1 and user_id = 2 ) LIMIT 1   [ RunTime:0.0002s ]
SQL: SHOW COLUMNS FROM `user_funds` [ RunTime:0.0004s ]
SQL: SHOW COLUMNS FROM `user` [ RunTime:0.0004s ]
SQL: SELECT `nickname` FROM `user` WHERE ( id = 2 ) LIMIT 1   [ RunTime:0.0006s ]
SQL: SELECT `score` FROM `user_funds` WHERE `user_id` = 2 LIMIT 1   [ RunTime:0.0008s ]
SQL: SHOW COLUMNS FROM `user_score_detail` [ RunTime:0.0005s ]
SQL: SELECT * FROM `user_score_detail` WHERE ( user_id = 2 )  [ RunTime:0.0003s ]

[ 2018-01-31T20:12:58+08:00 ] 127.0.0.1 /Home/MyClass/stuDetail/class_id/1/stu_id/2.html
SQL: SHOW COLUMNS FROM `user` [ RunTime:0.0006s ]
SQL: SELECT * FROM `user` WHERE `id` = 1 LIMIT 1   [ RunTime:0.0002s ]
SQL: SHOW COLUMNS FROM `classstudentlist` [ RunTime:0.0004s ]
SQL: SELECT * FROM `classstudentlist` WHERE ( class_id = 1 and user_id = 2 ) LIMIT 1   [ RunTime:0.0002s ]
SQL: SHOW COLUMNS FROM `user_funds` [ RunTime:0.0008s ]
SQL: SHOW COLUMNS FROM `user` [ RunTime:0.0004s ]
SQL: SELECT `nickname` FROM `user` WHERE ( id = 2 ) LIMIT 1   [ RunTime:0.0002s ]
SQL: SELECT `score` FROM `user_funds` WHERE `user_id` = 2 LIMIT 1   [ RunTime:0.0002s ]
SQL: SHOW COLUMNS FROM `user_score_detail` [ RunTime:0.0013s ]
SQL: SELECT * FROM `user_score_detail` WHERE ( user_id = 2 )  [ RunTime:0.0003s ]

[ 2018-01-31T20:13:01+08:00 ] 127.0.0.1 /Home/MyClass/stuDetail/class_id/1/stu_id/2.html
SQL: SHOW COLUMNS FROM `user` [ RunTime:0.0008s ]
SQL: SELECT * FROM `user` WHERE `id` = 1 LIMIT 1   [ RunTime:0.0003s ]
SQL: SHOW COLUMNS FROM `classstudentlist` [ RunTime:0.0004s ]
SQL: SELECT * FROM `classstudentlist` WHERE ( class_id = 1 and user_id = 2 ) LIMIT 1   [ RunTime:0.0002s ]
SQL: SHOW COLUMNS FROM `user_funds` [ RunTime:0.0007s ]
SQL: SHOW COLUMNS FROM `user` [ RunTime:0.0004s ]
SQL: SELECT `nickname` FROM `user` WHERE ( id = 2 ) LIMIT 1   [ RunTime:0.0006s ]
SQL: SELECT `score` FROM `user_funds` WHERE `user_id` = 2 LIMIT 1   [ RunTime:0.0009s ]
SQL: SHOW COLUMNS FROM `user_score_detail` [ RunTime:0.0004s ]
SQL: SELECT * FROM `user_score_detail` WHERE ( user_id = 2 )  [ RunTime:0.0002s ]

[ 2018-01-31T20:13:03+08:00 ] 127.0.0.1 /Home/MyClass/classDetail/class_id/all_student.html
SQL: SHOW COLUMNS FROM `user` [ RunTime:0.0016s ]
SQL: SELECT * FROM `user` WHERE `id` = 1 LIMIT 1   [ RunTime:0.0002s ]
SQL: SHOW COLUMNS FROM `classes` [ RunTime:0.0004s ]
SQL: SELECT * FROM `classes` WHERE ( class_id = 0 and user_id = 1 ) LIMIT 1   [ RunTime:0.0002s ]

[ 2018-01-31T20:13:05+08:00 ] 127.0.0.1 /Home/MyClass/classDetail/class_id/1.html
SQL: SHOW COLUMNS FROM `user` [ RunTime:0.0004s ]
SQL: SELECT * FROM `user` WHERE `id` = 1 LIMIT 1   [ RunTime:0.0002s ]
SQL: SHOW COLUMNS FROM `classes` [ RunTime:0.0019s ]
SQL: SELECT * FROM `classes` WHERE ( class_id = 1 and user_id = 1 ) LIMIT 1   [ RunTime:0.0010s ]
SQL: SHOW COLUMNS FROM `classstudentlist` [ RunTime:0.0019s ]
SQL: SHOW COLUMNS FROM `classstudentlist` [ RunTime:0.0007s ]
SQL: SELECT * FROM `classstudentlist` WHERE ( class_id = 1 )  [ RunTime:0.0010s ]
SQL: SHOW COLUMNS FROM `user` [ RunTime:0.0011s ]
SQL: SELECT * FROM `user` WHERE ( id = 2 ) LIMIT 1   [ RunTime:0.0003s ]
NOTIC: [8] Undefined variable: tenm /Library/WebServer/Documents/Study/Application/Home/Model/ClassstudentlistModel.class.php 第 24 行.
SQL: SHOW COLUMNS FROM `user_funds` [ RunTime:0.0004s ]
SQL: SELECT * FROM `user_funds` WHERE ( user_id = 2 ) LIMIT 1   [ RunTime:0.0002s ]

[ 2018-01-31T20:13:06+08:00 ] 127.0.0.1 /Home/MyClass/classDetail/class_id/today_work.html
SQL: SHOW COLUMNS FROM `user` [ RunTime:0.0005s ]
SQL: SELECT * FROM `user` WHERE `id` = 1 LIMIT 1   [ RunTime:0.0002s ]
SQL: SHOW COLUMNS FROM `classes` [ RunTime:0.0004s ]
SQL: SELECT * FROM `classes` WHERE ( class_id = 0 and user_id = 1 ) LIMIT 1   [ RunTime:0.0003s ]

[ 2018-01-31T20:13:07+08:00 ] 127.0.0.1 /Home/MyClass/classDetail/class_id/1.html
SQL: SHOW COLUMNS FROM `user` [ RunTime:0.0005s ]
SQL: SELECT * FROM `user` WHERE `id` = 1 LIMIT 1   [ RunTime:0.0003s ]
SQL: SHOW COLUMNS FROM `classes` [ RunTime:0.0015s ]
SQL: SELECT * FROM `classes` WHERE ( class_id = 1 and user_id = 1 ) LIMIT 1   [ RunTime:0.0007s ]
SQL: SHOW COLUMNS FROM `classstudentlist` [ RunTime:0.0006s ]
SQL: SHOW COLUMNS FROM `classstudentlist` [ RunTime:0.0004s ]
SQL: SELECT * FROM `classstudentlist` WHERE ( class_id = 1 )  [ RunTime:0.0009s ]
SQL: SHOW COLUMNS FROM `user` [ RunTime:0.0004s ]
SQL: SELECT * FROM `user` WHERE ( id = 2 ) LIMIT 1   [ RunTime:0.0002s ]
NOTIC: [8] Undefined variable: tenm /Library/WebServer/Documents/Study/Application/Home/Model/ClassstudentlistModel.class.php 第 24 行.
SQL: SHOW COLUMNS FROM `user_funds` [ RunTime:0.0012s ]
SQL: SELECT * FROM `user_funds` WHERE ( user_id = 2 ) LIMIT 1   [ RunTime:0.0003s ]

[ 2018-01-31T20:13:11+08:00 ] 127.0.0.1 /Home/MyClass/homeworkManager/class_id/1.html
SQL: SHOW COLUMNS FROM `user` [ RunTime:0.0005s ]
SQL: SELECT * FROM `user` WHERE `id` = 1 LIMIT 1   [ RunTime:0.0002s ]

[ 2018-01-31T20:13:15+08:00 ] 127.0.0.1 /Home/MyClass/homeworkManager/class_id/1.html
SQL: SHOW COLUMNS FROM `user` [ RunTime:0.0005s ]
SQL: SELECT * FROM `user` WHERE `id` = 1 LIMIT 1   [ RunTime:0.0003s ]

[ 2018-01-31T20:14:00+08:00 ] 127.0.0.1 /Home/MyClass/homeworkManager/class_id/see_homework.html
SQL: SHOW COLUMNS FROM `user` [ RunTime:0.0010s ]
SQL: SELECT * FROM `user` WHERE `id` = 1 LIMIT 1   [ RunTime:0.0002s ]

[ 2018-01-31T20:14:12+08:00 ] 127.0.0.1 /Home/MyClass/homeworkManager/class_id/see_homework.html
SQL: SHOW COLUMNS FROM `user` [ RunTime:0.0012s ]
SQL: SELECT * FROM `user` WHERE `id` = 1 LIMIT 1   [ RunTime:0.0003s ]

[ 2018-01-31T20:14:13+08:00 ] 127.0.0.1 /Home/MyClass/homeworkManager/class_id/see_homework.html
SQL: SHOW COLUMNS FROM `user` [ RunTime:0.0004s ]
SQL: SELECT * FROM `user` WHERE `id` = 1 LIMIT 1   [ RunTime:0.0002s ]

[ 2018-01-31T20:16:02+08:00 ] 127.0.0.1 /Home/MyClass/classDetail/class_id/all_student.html
SQL: SHOW COLUMNS FROM `user` [ RunTime:0.0005s ]
SQL: SELECT * FROM `user` WHERE `id` = 1 LIMIT 1   [ RunTime:0.0003s ]
SQL: SHOW COLUMNS FROM `classes` [ RunTime:0.0004s ]
SQL: SELECT * FROM `classes` WHERE ( class_id = 0 and user_id = 1 ) LIMIT 1   [ RunTime:0.0009s ]

[ 2018-01-31T20:16:04+08:00 ] 127.0.0.1 /Home/MyClass/classDetail/class_id/1.html
SQL: SHOW COLUMNS FROM `user` [ RunTime:0.0005s ]
SQL: SELECT * FROM `user` WHERE `id` = 1 LIMIT 1   [ RunTime:0.0002s ]
SQL: SHOW COLUMNS FROM `classes` [ RunTime:0.0007s ]
SQL: SELECT * FROM `classes` WHERE ( class_id = 1 and user_id = 1 ) LIMIT 1   [ RunTime:0.0004s ]
SQL: SHOW COLUMNS FROM `classstudentlist` [ RunTime:0.0005s ]
SQL: SHOW COLUMNS FROM `classstudentlist` [ RunTime:0.0003s ]
SQL: SELECT * FROM `classstudentlist` WHERE ( class_id = 1 )  [ RunTime:0.0002s ]
SQL: SHOW COLUMNS FROM `user` [ RunTime:0.0003s ]
SQL: SELECT * FROM `user` WHERE ( id = 2 ) LIMIT 1   [ RunTime:0.0002s ]
NOTIC: [8] Undefined variable: tenm /Library/WebServer/Documents/Study/Application/Home/Model/ClassstudentlistModel.class.php 第 24 行.
SQL: SHOW COLUMNS FROM `user_funds` [ RunTime:0.0003s ]
SQL: SELECT * FROM `user_funds` WHERE ( user_id = 2 ) LIMIT 1   [ RunTime:0.0003s ]

[ 2018-01-31T20:17:19+08:00 ] 127.0.0.1 /Home/MyClass/classDetail/class_id/1.html
SQL: SHOW COLUMNS FROM `user` [ RunTime:0.0005s ]
SQL: SELECT * FROM `user` WHERE `id` = 1 LIMIT 1   [ RunTime:0.0002s ]
SQL: SHOW COLUMNS FROM `classes` [ RunTime:0.0020s ]
SQL: SELECT * FROM `classes` WHERE ( class_id = 1 and user_id = 1 ) LIMIT 1   [ RunTime:0.0003s ]
SQL: SHOW COLUMNS FROM `classstudentlist` [ RunTime:0.0004s ]
SQL: SHOW COLUMNS FROM `classstudentlist` [ RunTime:0.0003s ]
SQL: SELECT * FROM `classstudentlist` WHERE ( class_id = 1 )  [ RunTime:0.0002s ]
SQL: SHOW COLUMNS FROM `user` [ RunTime:0.0009s ]
SQL: SELECT * FROM `user` WHERE ( id = 2 ) LIMIT 1   [ RunTime:0.0002s ]
NOTIC: [8] Undefined variable: tenm /Library/WebServer/Documents/Study/Application/Home/Model/ClassstudentlistModel.class.php 第 24 行.
SQL: SHOW COLUMNS FROM `user_funds` [ RunTime:0.0004s ]
SQL: SELECT * FROM `user_funds` WHERE ( user_id = 2 ) LIMIT 1   [ RunTime:0.0002s ]

[ 2018-01-31T20:17:20+08:00 ] 127.0.0.1 /Home/MyClass/addStudent/class_id/1.html
SQL: SHOW COLUMNS FROM `user` [ RunTime:0.0004s ]
SQL: SELECT * FROM `user` WHERE `id` = 1 LIMIT 1   [ RunTime:0.0002s ]

[ 2018-01-31T20:26:02+08:00 ] 127.0.0.1 /Home/MyClass/classDetail/class_id/1.html
SQL: SHOW COLUMNS FROM `user` [ RunTime:0.0015s ]
SQL: SELECT * FROM `user` WHERE `id` = 1 LIMIT 1   [ RunTime:0.0008s ]
SQL: SHOW COLUMNS FROM `classes` [ RunTime:0.0006s ]
SQL: SELECT * FROM `classes` WHERE ( class_id = 1 and user_id = 1 ) LIMIT 1   [ RunTime:0.0014s ]
SQL: SHOW COLUMNS FROM `classstudentlist` [ RunTime:0.0010s ]
SQL: SHOW COLUMNS FROM `classstudentlist` [ RunTime:0.0003s ]
SQL: SELECT * FROM `classstudentlist` WHERE ( class_id = 1 )  [ RunTime:0.0005s ]
SQL: SHOW COLUMNS FROM `user` [ RunTime:0.0009s ]
SQL: SELECT * FROM `user` WHERE ( id = 2 ) LIMIT 1   [ RunTime:0.0002s ]
NOTIC: [8] Undefined variable: tenm /Library/WebServer/Documents/Study/Application/Home/Model/ClassstudentlistModel.class.php 第 24 行.
SQL: SHOW COLUMNS FROM `user_funds` [ RunTime:0.0004s ]
SQL: SELECT * FROM `user_funds` WHERE ( user_id = 2 ) LIMIT 1   [ RunTime:0.0003s ]

[ 2018-01-31T20:26:03+08:00 ] 127.0.0.1 /Home/MyClass/addStudent/class_id/1.html
SQL: SHOW COLUMNS FROM `user` [ RunTime:0.0007s ]
SQL: SELECT * FROM `user` WHERE `id` = 1 LIMIT 1   [ RunTime:0.0003s ]
SQL: SHOW COLUMNS FROM `user` [ RunTime:0.0004s ]
SQL: SELECT `id`,`nickname`,`head_img` FROM `user` WHERE ( platform_id = 1 )  [ RunTime:0.0008s ]

[ 2018-01-31T20:32:51+08:00 ] 127.0.0.1 /Home/MyClass/addStudent/class_id/1.html
SQL: SHOW COLUMNS FROM `user` [ RunTime:0.0006s ]
SQL: SELECT * FROM `user` WHERE `id` = 1 LIMIT 1   [ RunTime:0.0004s ]
SQL: SHOW COLUMNS FROM `user` [ RunTime:0.0004s ]
SQL: SELECT `id`,`nickname`,`head_img` FROM `user` WHERE ( platform_id = 1 )  [ RunTime:0.0002s ]

[ 2018-01-31T20:33:17+08:00 ] 127.0.0.1 /Home/MyClass/addStudent/class_id/1.html
SQL: SHOW COLUMNS FROM `user` [ RunTime:0.0007s ]
SQL: SELECT * FROM `user` WHERE `id` = 1 LIMIT 1   [ RunTime:0.0003s ]
SQL: SHOW COLUMNS FROM `user` [ RunTime:0.0005s ]
SQL: SELECT `id`,`nickname`,`head_img` FROM `user` WHERE ( platform_id = 1 )  [ RunTime:0.0006s ]

[ 2018-01-31T20:34:19+08:00 ] 127.0.0.1 /Home/MyClass/addStudent/class_id/1.html
SQL: SHOW COLUMNS FROM `user` [ RunTime:0.0006s ]
SQL: SELECT * FROM `user` WHERE `id` = 1 LIMIT 1   [ RunTime:0.0003s ]
SQL: SHOW COLUMNS FROM `user` [ RunTime:0.0004s ]
SQL: SELECT `id`,`nickname`,`head_img` FROM `user` WHERE ( platform_id = 1 )  [ RunTime:0.0002s ]

[ 2018-01-31T20:34:26+08:00 ] 127.0.0.1 /Home/MyClass/addStudent/class_id/1.html
SQL: SHOW COLUMNS FROM `user` [ RunTime:0.0005s ]
SQL: SELECT * FROM `user` WHERE `id` = 1 LIMIT 1   [ RunTime:0.0002s ]
SQL: SHOW COLUMNS FROM `user` [ RunTime:0.0003s ]
SQL: SELECT `id`,`nickname`,`head_img` FROM `user` WHERE ( platform_id = 1 )  [ RunTime:0.0008s ]

[ 2018-01-31T20:34:45+08:00 ] 127.0.0.1 /Home/MyClass/addStudent/class_id/1.html
SQL: SHOW COLUMNS FROM `user` [ RunTime:0.0005s ]
SQL: SELECT * FROM `user` WHERE `id` = 1 LIMIT 1   [ RunTime:0.0002s ]
SQL: SHOW COLUMNS FROM `user` [ RunTime:0.0003s ]
SQL: SELECT `id`,`nickname`,`head_img` FROM `user` WHERE ( platform_id = 1 )  [ RunTime:0.0002s ]

[ 2018-01-31T20:36:04+08:00 ] 127.0.0.1 /Home/MyClass/addStudent/class_id/1.html
SQL: SHOW COLUMNS FROM `user` [ RunTime:0.0008s ]
SQL: SELECT * FROM `user` WHERE `id` = 1 LIMIT 1   [ RunTime:0.0003s ]
SQL: SHOW COLUMNS FROM `user` [ RunTime:0.0004s ]
SQL: SELECT `id`,`nickname`,`head_img` FROM `user` WHERE ( platform_id = 1 )  [ RunTime:0.0002s ]

[ 2018-01-31T20:36:22+08:00 ] 127.0.0.1 /Home/MyClass/addStudent/class_id/1.html
SQL: SHOW COLUMNS FROM `user` [ RunTime:0.0005s ]
SQL: SELECT * FROM `user` WHERE `id` = 1 LIMIT 1   [ RunTime:0.0003s ]
SQL: SHOW COLUMNS FROM `user` [ RunTime:0.0005s ]
SQL: SELECT `id`,`nickname`,`head_img` FROM `user` WHERE ( platform_id = 1 )  [ RunTime:0.0002s ]

[ 2018-01-31T20:36:31+08:00 ] 127.0.0.1 /Home/MyClass/addStudent/class_id/1.html
SQL: SHOW COLUMNS FROM `user` [ RunTime:0.0006s ]
SQL: SELECT * FROM `user` WHERE `id` = 1 LIMIT 1   [ RunTime:0.0003s ]
SQL: SHOW COLUMNS FROM `user` [ RunTime:0.0004s ]
SQL: SELECT `id`,`nickname`,`head_img` FROM `user` WHERE ( platform_id = 1 )  [ RunTime:0.0002s ]

[ 2018-01-31T20:36:33+08:00 ] 127.0.0.1 /Home/MyClass/addStudent/class_id/1.html
SQL: SHOW COLUMNS FROM `user` [ RunTime:0.0006s ]
SQL: SELECT * FROM `user` WHERE `id` = 1 LIMIT 1   [ RunTime:0.0003s ]
SQL: SHOW COLUMNS FROM `user` [ RunTime:0.0004s ]
SQL: SELECT `id`,`nickname`,`head_img` FROM `user` WHERE ( platform_id = 1 )  [ RunTime:0.0002s ]

[ 2018-01-31T20:37:33+08:00 ] 127.0.0.1 /Home/MyClass/addStudent/class_id/1.html
SQL: SHOW COLUMNS FROM `user` [ RunTime:0.0005s ]
SQL: SELECT * FROM `user` WHERE `id` = 1 LIMIT 1   [ RunTime:0.0003s ]
SQL: SHOW COLUMNS FROM `user` [ RunTime:0.0003s ]
SQL: SELECT `id`,`nickname`,`head_img` FROM `user` WHERE ( platform_id = 1 )  [ RunTime:0.0002s ]

[ 2018-01-31T20:37:54+08:00 ] 127.0.0.1 /Home/MyClass/addStudent/class_id/1.html
SQL: SHOW COLUMNS FROM `user` [ RunTime:0.0006s ]
SQL: SELECT * FROM `user` WHERE `id` = 1 LIMIT 1   [ RunTime:0.0003s ]
SQL: SHOW COLUMNS FROM `user` [ RunTime:0.0003s ]
SQL: SELECT `id`,`nickname`,`head_img` FROM `user` WHERE ( platform_id = 1 )  [ RunTime:0.0002s ]

[ 2018-01-31T20:38:30+08:00 ] 127.0.0.1 /Home/MyClass/addStudent/class_id/1.html
SQL: SHOW COLUMNS FROM `user` [ RunTime:0.0007s ]
SQL: SELECT * FROM `user` WHERE `id` = 1 LIMIT 1   [ RunTime:0.0004s ]
SQL: SHOW COLUMNS FROM `user` [ RunTime:0.0014s ]
SQL: SELECT `id`,`nickname`,`head_img` FROM `user` WHERE ( platform_id = 1 )  [ RunTime:0.0002s ]

[ 2018-01-31T20:38:54+08:00 ] 127.0.0.1 /Home/MyClass/addStudent/class_id/1.html
SQL: SHOW COLUMNS FROM `user` [ RunTime:0.0014s ]
SQL: SELECT * FROM `user` WHERE `id` = 1 LIMIT 1   [ RunTime:0.0003s ]
SQL: SHOW COLUMNS FROM `user` [ RunTime:0.0004s ]
SQL: SELECT `id`,`nickname`,`head_img` FROM `user` WHERE ( platform_id = 1 )  [ RunTime:0.0002s ]

[ 2018-01-31T20:39:17+08:00 ] 127.0.0.1 /Home/MyClass/addStudent/class_id/1.html
SQL: SHOW COLUMNS FROM `user` [ RunTime:0.0010s ]
SQL: SELECT * FROM `user` WHERE `id` = 1 LIMIT 1   [ RunTime:0.0003s ]
SQL: SHOW COLUMNS FROM `user` [ RunTime:0.0004s ]
SQL: SELECT `id`,`nickname`,`head_img` FROM `user` WHERE ( platform_id = 1 )  [ RunTime:0.0002s ]

[ 2018-01-31T20:39:25+08:00 ] 127.0.0.1 /Home/MyClass/addStudent/class_id/1.html
SQL: SHOW COLUMNS FROM `user` [ RunTime:0.0004s ]
SQL: SELECT * FROM `user` WHERE `id` = 1 LIMIT 1   [ RunTime:0.0002s ]
SQL: SHOW COLUMNS FROM `user` [ RunTime:0.0003s ]
SQL: SELECT `id`,`nickname`,`head_img` FROM `user` WHERE ( platform_id = 1 )  [ RunTime:0.0002s ]

[ 2018-01-31T20:39:50+08:00 ] 127.0.0.1 /Home/MyClass/addStudent/class_id/1.html
SQL: SHOW COLUMNS FROM `user` [ RunTime:0.0004s ]
SQL: SELECT * FROM `user` WHERE `id` = 1 LIMIT 1   [ RunTime:0.0003s ]
SQL: SHOW COLUMNS FROM `user` [ RunTime:0.0005s ]
SQL: SELECT `id`,`nickname`,`head_img` FROM `user` WHERE ( platform_id = 1 )  [ RunTime:0.0002s ]

[ 2018-01-31T20:40:11+08:00 ] 127.0.0.1 /Home/MyClass/addStudent/class_id/1.html
SQL: SHOW COLUMNS FROM `user` [ RunTime:0.0004s ]
SQL: SELECT * FROM `user` WHERE `id` = 1 LIMIT 1   [ RunTime:0.0002s ]
SQL: SHOW COLUMNS FROM `user` [ RunTime:0.0003s ]
SQL: SELECT `id`,`nickname`,`head_img` FROM `user` WHERE ( platform_id = 1 )  [ RunTime:0.0003s ]

[ 2018-01-31T20:40:36+08:00 ] 127.0.0.1 /Home/MyClass/addStudent/class_id/1.html
SQL: SHOW COLUMNS FROM `user` [ RunTime:0.0007s ]
SQL: SELECT * FROM `user` WHERE `id` = 1 LIMIT 1   [ RunTime:0.0002s ]
SQL: SHOW COLUMNS FROM `user` [ RunTime:0.0004s ]
SQL: SELECT `id`,`nickname`,`head_img` FROM `user` WHERE ( platform_id = 1 )  [ RunTime:0.0014s ]

[ 2018-01-31T20:41:33+08:00 ] 127.0.0.1 /Home/MyClass/addStudent/class_id/1.html
SQL: SHOW COLUMNS FROM `user` [ RunTime:0.0004s ]
SQL: SELECT * FROM `user` WHERE `id` = 1 LIMIT 1   [ RunTime:0.0002s ]
SQL: SHOW COLUMNS FROM `user` [ RunTime:0.0004s ]
SQL: SELECT `id`,`nickname`,`head_img` FROM `user` WHERE ( platform_id = 1 )  [ RunTime:0.0002s ]

[ 2018-01-31T20:41:43+08:00 ] 127.0.0.1 /Home/MyClass/addStudent/class_id/1.html
SQL: SHOW COLUMNS FROM `user` [ RunTime:0.0012s ]
SQL: SELECT * FROM `user` WHERE `id` = 1 LIMIT 1   [ RunTime:0.0003s ]
SQL: SHOW COLUMNS FROM `user` [ RunTime:0.0004s ]
SQL: SELECT `id`,`nickname`,`head_img` FROM `user` WHERE ( platform_id = 1 )  [ RunTime:0.0002s ]

[ 2018-01-31T20:42:25+08:00 ] 127.0.0.1 /Home/MyClass/addStudent/class_id/1.html
SQL: SHOW COLUMNS FROM `user` [ RunTime:0.0008s ]
SQL: SELECT * FROM `user` WHERE `id` = 1 LIMIT 1   [ RunTime:0.0003s ]
SQL: SHOW COLUMNS FROM `user` [ RunTime:0.0007s ]
SQL: SELECT `id`,`nickname`,`head_img` FROM `user` WHERE ( platform_id = 1 )  [ RunTime:0.0003s ]

[ 2018-01-31T20:43:33+08:00 ] 127.0.0.1 /Home/MyClass/addStudent/class_id/1.html
SQL: SHOW COLUMNS FROM `user` [ RunTime:0.0004s ]
SQL: SELECT * FROM `user` WHERE `id` = 1 LIMIT 1   [ RunTime:0.0002s ]
SQL: SHOW COLUMNS FROM `user` [ RunTime:0.0005s ]
SQL: SELECT `id`,`nickname`,`head_img` FROM `user` WHERE ( platform_id = 1 )  [ RunTime:0.0008s ]

[ 2018-01-31T20:45:43+08:00 ] 127.0.0.1 /Home/MyClass/addStudent/class_id/1.html
SQL: SHOW COLUMNS FROM `user` [ RunTime:0.0004s ]
SQL: SELECT * FROM `user` WHERE `id` = 1 LIMIT 1   [ RunTime:0.0003s ]
SQL: SHOW COLUMNS FROM `user` [ RunTime:0.0004s ]
SQL: SELECT `id`,`nickname`,`head_img` FROM `user` WHERE ( platform_id = 1 )  [ RunTime:0.0002s ]

[ 2018-01-31T20:45:55+08:00 ] 127.0.0.1 /Home/MyClass/addStudent/class_id/1.html
SQL: SHOW COLUMNS FROM `user` [ RunTime:0.0004s ]
SQL: SELECT * FROM `user` WHERE `id` = 1 LIMIT 1   [ RunTime:0.0003s ]
SQL: SHOW COLUMNS FROM `user` [ RunTime:0.0004s ]
SQL: SELECT `id`,`nickname`,`head_img` FROM `user` WHERE ( platform_id = 1 )  [ RunTime:0.0002s ]

[ 2018-01-31T21:02:09+08:00 ] 127.0.0.1 /Home/MyClass/addStudent/class_id/1.html
SQL: SHOW COLUMNS FROM `user` [ RunTime:0.0036s ]
SQL: SELECT * FROM `user` WHERE `id` = 1 LIMIT 1   [ RunTime:0.0005s ]
SQL: SHOW COLUMNS FROM `user` [ RunTime:0.0009s ]
SQL: SELECT `id`,`nickname`,`head_img` FROM `user` WHERE ( platform_id = 1 )  [ RunTime:0.0002s ]

[ 2018-01-31T21:18:04+08:00 ] 127.0.0.1 /Home/MyClass/addStudent/class_id/1.html
SQL: SHOW COLUMNS FROM `user` [ RunTime:0.0006s ]
SQL: SELECT * FROM `user` WHERE `id` = 1 LIMIT 1   [ RunTime:0.0003s ]
SQL: SHOW COLUMNS FROM `user` [ RunTime:0.0004s ]
SQL: SELECT `id`,`nickname`,`head_img` FROM `user` WHERE ( platform_id = 1 )  [ RunTime:0.0002s ]

[ 2018-01-31T21:18:49+08:00 ] 127.0.0.1 /Home/MyClass/addStudent/class_id/1.html
SQL: SHOW COLUMNS FROM `user` [ RunTime:0.0017s ]
SQL: SELECT * FROM `user` WHERE `id` = 1 LIMIT 1   [ RunTime:0.0004s ]
SQL: SHOW COLUMNS FROM `user` [ RunTime:0.0006s ]
SQL: SELECT `id`,`nickname`,`head_img` FROM `user` WHERE ( platform_id = 1 )  [ RunTime:0.0002s ]

[ 2018-01-31T21:18:51+08:00 ] 127.0.0.1 /Home/MyClass/addStuFunc.html
SQL: SHOW COLUMNS FROM `user` [ RunTime:0.0008s ]
SQL: SELECT * FROM `user` WHERE `id` = 1 LIMIT 1   [ RunTime:0.0004s ]
SQL: SHOW COLUMNS FROM `classstudentlist` [ RunTime:0.0004s ]
NOTIC: [8] Uninitialized string offset: 0 /Library/WebServer/Documents/Study/Application/Home/Controller/MyClassController.class.php 第 139 行.
NOTIC: [8] Uninitialized string offset: 0 /Library/WebServer/Documents/Study/Application/Home/Controller/MyClassController.class.php 第 143 行.
ERR: 1064:You have an error in your SQL syntax; check the manual that corresponds to your MySQL server version for the right syntax to use near 'and class_id = 0 ) LIMIT 1' at line 1
 [ SQL语句 ] : SELECT * FROM `classstudentlist` WHERE ( user_id =  and class_id = 0 ) LIMIT 1  
ERR: 1064:You have an error in your SQL syntax; check the manual that corresponds to your MySQL server version for the right syntax to use near 'and class_id = 0 ) LIMIT 1' at line 1
 [ SQL语句 ] : SELECT * FROM `classstudentlist` WHERE ( user_id =  and class_id = 0 ) LIMIT 1  

[ 2018-01-31T21:18:52+08:00 ] 127.0.0.1 /Home/MyClass/addStuFunc.html
SQL: SHOW COLUMNS FROM `user` [ RunTime:0.0006s ]
SQL: SELECT * FROM `user` WHERE `id` = 1 LIMIT 1   [ RunTime:0.0004s ]
SQL: SHOW COLUMNS FROM `classstudentlist` [ RunTime:0.0011s ]
NOTIC: [8] Uninitialized string offset: 0 /Library/WebServer/Documents/Study/Application/Home/Controller/MyClassController.class.php 第 139 行.
NOTIC: [8] Uninitialized string offset: 0 /Library/WebServer/Documents/Study/Application/Home/Controller/MyClassController.class.php 第 143 行.
ERR: 1064:You have an error in your SQL syntax; check the manual that corresponds to your MySQL server version for the right syntax to use near 'and class_id = 0 ) LIMIT 1' at line 1
 [ SQL语句 ] : SELECT * FROM `classstudentlist` WHERE ( user_id =  and class_id = 0 ) LIMIT 1  
ERR: 1064:You have an error in your SQL syntax; check the manual that corresponds to your MySQL server version for the right syntax to use near 'and class_id = 0 ) LIMIT 1' at line 1
 [ SQL语句 ] : SELECT * FROM `classstudentlist` WHERE ( user_id =  and class_id = 0 ) LIMIT 1  

[ 2018-01-31T21:18:55+08:00 ] 127.0.0.1 /Home/MyClass/addStuFunc.html
SQL: SHOW COLUMNS FROM `user` [ RunTime:0.0006s ]
SQL: SELECT * FROM `user` WHERE `id` = 1 LIMIT 1   [ RunTime:0.0003s ]
SQL: SHOW COLUMNS FROM `classstudentlist` [ RunTime:0.0008s ]
NOTIC: [8] Uninitialized string offset: 0 /Library/WebServer/Documents/Study/Application/Home/Controller/MyClassController.class.php 第 139 行.
NOTIC: [8] Uninitialized string offset: 0 /Library/WebServer/Documents/Study/Application/Home/Controller/MyClassController.class.php 第 143 行.
ERR: 1064:You have an error in your SQL syntax; check the manual that corresponds to your MySQL server version for the right syntax to use near 'and class_id = 0 ) LIMIT 1' at line 1
 [ SQL语句 ] : SELECT * FROM `classstudentlist` WHERE ( user_id =  and class_id = 0 ) LIMIT 1  
ERR: 1064:You have an error in your SQL syntax; check the manual that corresponds to your MySQL server version for the right syntax to use near 'and class_id = 0 ) LIMIT 1' at line 1
 [ SQL语句 ] : SELECT * FROM `classstudentlist` WHERE ( user_id =  and class_id = 0 ) LIMIT 1  

[ 2018-01-31T21:19:18+08:00 ] 127.0.0.1 /Home/MyClass/addStudent/class_id/1.html
SQL: SHOW COLUMNS FROM `user` [ RunTime:0.0009s ]
SQL: SELECT * FROM `user` WHERE `id` = 1 LIMIT 1   [ RunTime:0.0017s ]
SQL: SHOW COLUMNS FROM `user` [ RunTime:0.0006s ]
SQL: SELECT `id`,`nickname`,`head_img` FROM `user` WHERE ( platform_id = 1 )  [ RunTime:0.0003s ]

[ 2018-01-31T21:19:21+08:00 ] 127.0.0.1 /Home/MyClass/addStuFunc.html
SQL: SHOW COLUMNS FROM `user` [ RunTime:0.0015s ]
SQL: SELECT * FROM `user` WHERE `id` = 1 LIMIT 1   [ RunTime:0.0003s ]
SQL: SHOW COLUMNS FROM `classstudentlist` [ RunTime:0.0004s ]
NOTIC: [8] Uninitialized string offset: 0 /Library/WebServer/Documents/Study/Application/Home/Controller/MyClassController.class.php 第 139 行.
NOTIC: [8] Uninitialized string offset: 0 /Library/WebServer/Documents/Study/Application/Home/Controller/MyClassController.class.php 第 143 行.
ERR: 1064:You have an error in your SQL syntax; check the manual that corresponds to your MySQL server version for the right syntax to use near 'and class_id = 0 ) LIMIT 1' at line 1
 [ SQL语句 ] : SELECT * FROM `classstudentlist` WHERE ( user_id =  and class_id = 0 ) LIMIT 1  
ERR: 1064:You have an error in your SQL syntax; check the manual that corresponds to your MySQL server version for the right syntax to use near 'and class_id = 0 ) LIMIT 1' at line 1
 [ SQL语句 ] : SELECT * FROM `classstudentlist` WHERE ( user_id =  and class_id = 0 ) LIMIT 1  

[ 2018-01-31T21:21:01+08:00 ] 127.0.0.1 /Home/MyClass/addStudent/class_id/1.html
SQL: SHOW COLUMNS FROM `user` [ RunTime:0.0004s ]
SQL: SELECT * FROM `user` WHERE `id` = 1 LIMIT 1   [ RunTime:0.0003s ]
SQL: SHOW COLUMNS FROM `user` [ RunTime:0.0004s ]
SQL: SELECT `id`,`nickname`,`head_img` FROM `user` WHERE ( platform_id = 1 )  [ RunTime:0.0002s ]

[ 2018-01-31T21:21:03+08:00 ] 127.0.0.1 /Home/MyClass/addStuFunc.html
SQL: SHOW COLUMNS FROM `user` [ RunTime:0.0005s ]
SQL: SELECT * FROM `user` WHERE `id` = 1 LIMIT 1   [ RunTime:0.0003s ]
SQL: SHOW COLUMNS FROM `classstudentlist` [ RunTime:0.0011s ]
NOTIC: [8] Uninitialized string offset: 0 /Library/WebServer/Documents/Study/Application/Home/Controller/MyClassController.class.php 第 139 行.
NOTIC: [8] Uninitialized string offset: 0 /Library/WebServer/Documents/Study/Application/Home/Controller/MyClassController.class.php 第 143 行.
ERR: 1064:You have an error in your SQL syntax; check the manual that corresponds to your MySQL server version for the right syntax to use near 'and class_id = 0 ) LIMIT 1' at line 1
 [ SQL语句 ] : SELECT * FROM `classstudentlist` WHERE ( user_id =  and class_id = 0 ) LIMIT 1  
ERR: 1064:You have an error in your SQL syntax; check the manual that corresponds to your MySQL server version for the right syntax to use near 'and class_id = 0 ) LIMIT 1' at line 1
 [ SQL语句 ] : SELECT * FROM `classstudentlist` WHERE ( user_id =  and class_id = 0 ) LIMIT 1  

[ 2018-01-31T21:21:21+08:00 ] 127.0.0.1 /Home/MyClass/addStudent/class_id/1.html
SQL: SHOW COLUMNS FROM `user` [ RunTime:0.0005s ]
SQL: SELECT * FROM `user` WHERE `id` = 1 LIMIT 1   [ RunTime:0.0003s ]
SQL: SHOW COLUMNS FROM `user` [ RunTime:0.0004s ]
SQL: SELECT `id`,`nickname`,`head_img` FROM `user` WHERE ( platform_id = 1 )  [ RunTime:0.0002s ]

[ 2018-01-31T21:21:30+08:00 ] 127.0.0.1 /Home/MyClass/addStuFunc.html
SQL: SHOW COLUMNS FROM `user` [ RunTime:0.0008s ]
SQL: SELECT * FROM `user` WHERE `id` = 1 LIMIT 1   [ RunTime:0.0004s ]
SQL: SHOW COLUMNS FROM `classstudentlist` [ RunTime:0.0010s ]
SQL: SELECT * FROM `classstudentlist` WHERE ( user_id = 1 and class_id = 0 ) LIMIT 1   [ RunTime:0.0014s ]
SQL: INSERT INTO `classstudentlist` (`teacher_id`,`user_id`,`class_id`,`time`) VALUES ('1','1','0','1517404890') [ RunTime:0.0014s ]
SQL: SELECT * FROM `classstudentlist` WHERE ( user_id = 2 and class_id = 0 ) LIMIT 1   [ RunTime:0.0002s ]
SQL: INSERT INTO `classstudentlist` (`teacher_id`,`user_id`,`class_id`,`time`) VALUES ('1','2','0','1517404890') [ RunTime:0.0002s ]

[ 2018-01-31T21:21:34+08:00 ] 127.0.0.1 /Home/MyClass/addStuFunc.html
SQL: SHOW COLUMNS FROM `user` [ RunTime:0.0006s ]
SQL: SELECT * FROM `user` WHERE `id` = 1 LIMIT 1   [ RunTime:0.0002s ]
SQL: SHOW COLUMNS FROM `classstudentlist` [ RunTime:0.0004s ]
SQL: SELECT * FROM `classstudentlist` WHERE ( user_id = 1 and class_id = 0 ) LIMIT 1   [ RunTime:0.0003s ]
NOTIC: [8] Undefined variable: query /Library/WebServer/Documents/Study/Application/Home/Controller/MyClassController.class.php 第 146 行.

[ 2018-01-31T21:22:22+08:00 ] 127.0.0.1 /Home/MyClass/addStuFunc.html
SQL: SHOW COLUMNS FROM `user` [ RunTime:0.0005s ]
SQL: SELECT * FROM `user` WHERE `id` = 1 LIMIT 1   [ RunTime:0.0003s ]
SQL: SHOW COLUMNS FROM `classstudentlist` [ RunTime:0.0004s ]
SQL: SELECT * FROM `classstudentlist` WHERE ( user_id = 1 and class_id = 0 ) LIMIT 1   [ RunTime:0.0002s ]
NOTIC: [8] Undefined variable: query /Library/WebServer/Documents/Study/Application/Home/Controller/MyClassController.class.php 第 146 行.

[ 2018-01-31T21:22:34+08:00 ] 127.0.0.1 /Home/MyClass/addStuFunc.html
SQL: SHOW COLUMNS FROM `user` [ RunTime:0.0015s ]
SQL: SELECT * FROM `user` WHERE `id` = 1 LIMIT 1   [ RunTime:0.0004s ]
SQL: SHOW COLUMNS FROM `classstudentlist` [ RunTime:0.0005s ]
SQL: SELECT * FROM `classstudentlist` WHERE ( user_id = 3 and class_id = 0 ) LIMIT 1   [ RunTime:0.0011s ]
SQL: INSERT INTO `classstudentlist` (`teacher_id`,`user_id`,`class_id`,`time`) VALUES ('1','3','0','1517404954') [ RunTime:0.0002s ]

[ 2018-01-31T21:23:47+08:00 ] 127.0.0.1 /Home/MyClass/addStudent/class_id/1.html
SQL: SHOW COLUMNS FROM `user` [ RunTime:0.0005s ]
SQL: SELECT * FROM `user` WHERE `id` = 1 LIMIT 1   [ RunTime:0.0003s ]
SQL: SHOW COLUMNS FROM `user` [ RunTime:0.0004s ]
SQL: SELECT `id`,`nickname`,`head_img` FROM `user` WHERE ( platform_id = 1 )  [ RunTime:0.0009s ]

[ 2018-01-31T21:23:49+08:00 ] 127.0.0.1 /Home/MyClass/addStuFunc.html
SQL: SHOW COLUMNS FROM `user` [ RunTime:0.0011s ]
SQL: SELECT * FROM `user` WHERE `id` = 1 LIMIT 1   [ RunTime:0.0003s ]
SQL: SHOW COLUMNS FROM `classstudentlist` [ RunTime:0.0012s ]
SQL: SELECT * FROM `classstudentlist` WHERE ( user_id = 2 and class_id = 0 ) LIMIT 1   [ RunTime:0.0002s ]

[ 2018-01-31T21:24:07+08:00 ] 127.0.0.1 /Home/MyClass/classDetail/class_id/1.html
SQL: SHOW COLUMNS FROM `user` [ RunTime:0.0005s ]
SQL: SELECT * FROM `user` WHERE `id` = 1 LIMIT 1   [ RunTime:0.0002s ]
SQL: SHOW COLUMNS FROM `classes` [ RunTime:0.0004s ]
SQL: SELECT * FROM `classes` WHERE ( class_id = 1 and user_id = 1 ) LIMIT 1   [ RunTime:0.0005s ]
SQL: SHOW COLUMNS FROM `classstudentlist` [ RunTime:0.0006s ]
SQL: SHOW COLUMNS FROM `classstudentlist` [ RunTime:0.0003s ]
SQL: SELECT * FROM `classstudentlist` WHERE ( class_id = 1 )  [ RunTime:0.0010s ]
SQL: SHOW COLUMNS FROM `user` [ RunTime:0.0004s ]
SQL: SELECT * FROM `user` WHERE ( id = 2 ) LIMIT 1   [ RunTime:0.0006s ]
NOTIC: [8] Undefined variable: tenm /Library/WebServer/Documents/Study/Application/Home/Model/ClassstudentlistModel.class.php 第 24 行.
SQL: SHOW COLUMNS FROM `user_funds` [ RunTime:0.0056s ]
SQL: SELECT * FROM `user_funds` WHERE ( user_id = 2 ) LIMIT 1   [ RunTime:0.0003s ]

[ 2018-01-31T21:25:32+08:00 ] 127.0.0.1 /Home/MyClass/addStudent/class_id/1.html
SQL: SHOW COLUMNS FROM `user` [ RunTime:0.0004s ]
SQL: SELECT * FROM `user` WHERE `id` = 1 LIMIT 1   [ RunTime:0.0003s ]
SQL: SHOW COLUMNS FROM `user` [ RunTime:0.0005s ]
SQL: SELECT `id`,`nickname`,`head_img` FROM `user` WHERE ( platform_id = 1 )  [ RunTime:0.0002s ]

[ 2018-01-31T21:26:20+08:00 ] 127.0.0.1 /Home/MyClass/addStudent/class_id/1.html
SQL: SHOW COLUMNS FROM `user` [ RunTime:0.0004s ]
SQL: SELECT * FROM `user` WHERE `id` = 1 LIMIT 1   [ RunTime:0.0002s ]
SQL: SHOW COLUMNS FROM `user` [ RunTime:0.0004s ]
SQL: SELECT `id`,`nickname`,`head_img` FROM `user` WHERE ( platform_id = 1 )  [ RunTime:0.0002s ]

[ 2018-01-31T21:26:26+08:00 ] 127.0.0.1 /Home/MyClass/addStuFunc.html
SQL: SHOW COLUMNS FROM `user` [ RunTime:0.0006s ]
SQL: SELECT * FROM `user` WHERE `id` = 1 LIMIT 1   [ RunTime:0.0003s ]
SQL: SHOW COLUMNS FROM `classstudentlist` [ RunTime:0.0003s ]
SQL: SELECT * FROM `classstudentlist` WHERE ( user_id = 1 and class_id = 1 ) LIMIT 1   [ RunTime:0.0002s ]
SQL: INSERT INTO `classstudentlist` (`teacher_id`,`user_id`,`class_id`,`time`) VALUES ('1','1','1','1517405186') [ RunTime:0.0002s ]
SQL: SELECT * FROM `classstudentlist` WHERE ( user_id = 2 and class_id = 1 ) LIMIT 1   [ RunTime:0.0012s ]

[ 2018-01-31T21:26:31+08:00 ] 127.0.0.1 /Home/MyClass/classDetail/class_id/1.html
SQL: SHOW COLUMNS FROM `user` [ RunTime:0.0004s ]
SQL: SELECT * FROM `user` WHERE `id` = 1 LIMIT 1   [ RunTime:0.0002s ]
SQL: SHOW COLUMNS FROM `classes` [ RunTime:0.0019s ]
SQL: SELECT * FROM `classes` WHERE ( class_id = 1 and user_id = 1 ) LIMIT 1   [ RunTime:0.0005s ]
SQL: SHOW COLUMNS FROM `classstudentlist` [ RunTime:0.0006s ]
SQL: SHOW COLUMNS FROM `classstudentlist` [ RunTime:0.0005s ]
SQL: SELECT * FROM `classstudentlist` WHERE ( class_id = 1 )  [ RunTime:0.0007s ]
SQL: SHOW COLUMNS FROM `user` [ RunTime:0.0005s ]
SQL: SELECT * FROM `user` WHERE ( id = 2 ) LIMIT 1   [ RunTime:0.0006s ]
NOTIC: [8] Undefined variable: tenm /Library/WebServer/Documents/Study/Application/Home/Model/ClassstudentlistModel.class.php 第 24 行.
SQL: SHOW COLUMNS FROM `user_funds` [ RunTime:0.0010s ]
SQL: SELECT * FROM `user_funds` WHERE ( user_id = 2 ) LIMIT 1   [ RunTime:0.0002s ]
SQL: SELECT * FROM `user` WHERE ( id = 1 ) LIMIT 1   [ RunTime:0.0002s ]
NOTIC: [8] Undefined variable: tenm /Library/WebServer/Documents/Study/Application/Home/Model/ClassstudentlistModel.class.php 第 24 行.
SQL: SELECT * FROM `user_funds` WHERE ( user_id = 1 ) LIMIT 1   [ RunTime:0.0002s ]

[ 2018-01-31T21:26:35+08:00 ] 127.0.0.1 /Home/MyClass/homeworkManager/class_id/1.html
SQL: SHOW COLUMNS FROM `user` [ RunTime:0.0005s ]
SQL: SELECT * FROM `user` WHERE `id` = 1 LIMIT 1   [ RunTime:0.0003s ]

[ 2018-01-31T21:26:37+08:00 ] 127.0.0.1 /Home/MyClass/addStudent/class_id/1.html
SQL: SHOW COLUMNS FROM `user` [ RunTime:0.0004s ]
SQL: SELECT * FROM `user` WHERE `id` = 1 LIMIT 1   [ RunTime:0.0002s ]
SQL: SHOW COLUMNS FROM `user` [ RunTime:0.0004s ]
SQL: SELECT `id`,`nickname`,`head_img` FROM `user` WHERE ( platform_id = 1 )  [ RunTime:0.0002s ]

[ 2018-01-31T21:26:40+08:00 ] 127.0.0.1 /Home/MyClass/stuDetail/class_id/1/stu_id/1.html
SQL: SHOW COLUMNS FROM `user` [ RunTime:0.0004s ]
SQL: SELECT * FROM `user` WHERE `id` = 1 LIMIT 1   [ RunTime:0.0003s ]
SQL: SHOW COLUMNS FROM `classstudentlist` [ RunTime:0.0005s ]
SQL: SELECT * FROM `classstudentlist` WHERE ( class_id = 1 and user_id = 1 ) LIMIT 1   [ RunTime:0.0003s ]
SQL: SHOW COLUMNS FROM `user_funds` [ RunTime:0.0005s ]
SQL: SHOW COLUMNS FROM `user` [ RunTime:0.0011s ]
SQL: SELECT `nickname` FROM `user` WHERE ( id = 1 ) LIMIT 1   [ RunTime:0.0002s ]
SQL: SELECT `score` FROM `user_funds` WHERE `user_id` = 1 LIMIT 1   [ RunTime:0.0002s ]
SQL: SHOW COLUMNS FROM `user_score_detail` [ RunTime:0.0011s ]
SQL: SELECT * FROM `user_score_detail` WHERE ( user_id = 1 )  [ RunTime:0.0005s ]

[ 2018-01-31T21:26:42+08:00 ] 127.0.0.1 /Home/MyClass/stuDetail/class_id/1/stu_id/1.html
SQL: SHOW COLUMNS FROM `user` [ RunTime:0.0005s ]
SQL: SELECT * FROM `user` WHERE `id` = 1 LIMIT 1   [ RunTime:0.0003s ]
SQL: SHOW COLUMNS FROM `classstudentlist` [ RunTime:0.0003s ]
SQL: SELECT * FROM `classstudentlist` WHERE ( class_id = 1 and user_id = 1 ) LIMIT 1   [ RunTime:0.0003s ]
SQL: SHOW COLUMNS FROM `user_funds` [ RunTime:0.0013s ]
SQL: SHOW COLUMNS FROM `user` [ RunTime:0.0004s ]
SQL: SELECT `nickname` FROM `user` WHERE ( id = 1 ) LIMIT 1   [ RunTime:0.0008s ]
SQL: SELECT `score` FROM `user_funds` WHERE `user_id` = 1 LIMIT 1   [ RunTime:0.0002s ]
SQL: SHOW COLUMNS FROM `user_score_detail` [ RunTime:0.0011s ]
SQL: SELECT * FROM `user_score_detail` WHERE ( user_id = 1 )  [ RunTime:0.0003s ]

[ 2018-01-31T21:26:46+08:00 ] 127.0.0.1 /Home/MyClass/stuDetail/class_id/1/stu_id/2.html
SQL: SHOW COLUMNS FROM `user` [ RunTime:0.0004s ]
SQL: SELECT * FROM `user` WHERE `id` = 1 LIMIT 1   [ RunTime:0.0003s ]
SQL: SHOW COLUMNS FROM `classstudentlist` [ RunTime:0.0003s ]
SQL: SELECT * FROM `classstudentlist` WHERE ( class_id = 1 and user_id = 2 ) LIMIT 1   [ RunTime:0.0002s ]
SQL: SHOW COLUMNS FROM `user_funds` [ RunTime:0.0003s ]
SQL: SHOW COLUMNS FROM `user` [ RunTime:0.0013s ]
SQL: SELECT `nickname` FROM `user` WHERE ( id = 2 ) LIMIT 1   [ RunTime:0.0002s ]
SQL: SELECT `score` FROM `user_funds` WHERE `user_id` = 2 LIMIT 1   [ RunTime:0.0002s ]
SQL: SHOW COLUMNS FROM `user_score_detail` [ RunTime:0.0011s ]
SQL: SELECT * FROM `user_score_detail` WHERE ( user_id = 2 )  [ RunTime:0.0002s ]

[ 2018-01-31T21:26:49+08:00 ] 127.0.0.1 /Home/MyClass/classDetail/class_id/today_work.html
SQL: SHOW COLUMNS FROM `user` [ RunTime:0.0004s ]
SQL: SELECT * FROM `user` WHERE `id` = 1 LIMIT 1   [ RunTime:0.0002s ]
SQL: SHOW COLUMNS FROM `classes` [ RunTime:0.0004s ]
SQL: SELECT * FROM `classes` WHERE ( class_id = 0 and user_id = 1 ) LIMIT 1   [ RunTime:0.0008s ]

[ 2018-01-31T21:26:50+08:00 ] 127.0.0.1 /Home/MyClass/classDetail/class_id/1.html
SQL: SHOW COLUMNS FROM `user` [ RunTime:0.0004s ]
SQL: SELECT * FROM `user` WHERE `id` = 1 LIMIT 1   [ RunTime:0.0002s ]
SQL: SHOW COLUMNS FROM `classes` [ RunTime:0.0004s ]
SQL: SELECT * FROM `classes` WHERE ( class_id = 1 and user_id = 1 ) LIMIT 1   [ RunTime:0.0005s ]
SQL: SHOW COLUMNS FROM `classstudentlist` [ RunTime:0.0006s ]
SQL: SHOW COLUMNS FROM `classstudentlist` [ RunTime:0.0008s ]
SQL: SELECT * FROM `classstudentlist` WHERE ( class_id = 1 )  [ RunTime:0.0060s ]
SQL: SHOW COLUMNS FROM `user` [ RunTime:0.0004s ]
SQL: SELECT * FROM `user` WHERE ( id = 2 ) LIMIT 1   [ RunTime:0.0009s ]
NOTIC: [8] Undefined variable: tenm /Library/WebServer/Documents/Study/Application/Home/Model/ClassstudentlistModel.class.php 第 24 行.
SQL: SHOW COLUMNS FROM `user_funds` [ RunTime:0.0009s ]
SQL: SELECT * FROM `user_funds` WHERE ( user_id = 2 ) LIMIT 1   [ RunTime:0.0002s ]
SQL: SELECT * FROM `user` WHERE ( id = 1 ) LIMIT 1   [ RunTime:0.0002s ]
NOTIC: [8] Undefined variable: tenm /Library/WebServer/Documents/Study/Application/Home/Model/ClassstudentlistModel.class.php 第 24 行.
SQL: SELECT * FROM `user_funds` WHERE ( user_id = 1 ) LIMIT 1   [ RunTime:0.0001s ]

[ 2018-01-31T21:26:52+08:00 ] 127.0.0.1 /Home/MyClass/homeworkManager/class_id/1.html
SQL: SHOW COLUMNS FROM `user` [ RunTime:0.0005s ]
SQL: SELECT * FROM `user` WHERE `id` = 1 LIMIT 1   [ RunTime:0.0003s ]

