[ 2018-01-30T10:55:30+08:00 ] 127.0.0.1 /Home/MyClass/classDetail/class_id/all_student.html
SQL: SHOW COLUMNS FROM `user` [ RunTime:0.0027s ]
SQL: SELECT * FROM `user` WHERE `id` = 1 LIMIT 1   [ RunTime:0.0007s ]
SQL: SHOW COLUMNS FROM `classes` [ RunTime:0.0014s ]
ERR: 1054:Unknown column 'all_student' in 'where clause'
 [ SQL语句 ] : SELECT * FROM `classes` WHERE ( class_id = all_student and user_id = 1 ) LIMIT 1  
ERR: 1054:Unknown column 'all_student' in 'where clause'
 [ SQL语句 ] : SELECT * FROM `classes` WHERE ( class_id = all_student and user_id = 1 ) LIMIT 1  

[ 2018-01-30T10:55:36+08:00 ] 127.0.0.1 /Home/MyClass/classDetail/class_id/all_student.html
SQL: SHOW COLUMNS FROM `user` [ RunTime:0.0009s ]
SQL: SELECT * FROM `user` WHERE `id` = 1 LIMIT 1   [ RunTime:0.0003s ]
SQL: SHOW COLUMNS FROM `classes` [ RunTime:0.0005s ]
ERR: 1054:Unknown column 'all_student' in 'where clause'
 [ SQL语句 ] : SELECT * FROM `classes` WHERE ( class_id = all_student and user_id = 1 ) LIMIT 1  
ERR: 1054:Unknown column 'all_student' in 'where clause'
 [ SQL语句 ] : SELECT * FROM `classes` WHERE ( class_id = all_student and user_id = 1 ) LIMIT 1  

[ 2018-01-30T11:07:26+08:00 ] 127.0.0.1 /Home/MyClass/addClass.html
SQL: SHOW COLUMNS FROM `user` [ RunTime:0.0005s ]
SQL: SELECT * FROM `user` WHERE `id` = 1 LIMIT 1   [ RunTime:0.0003s ]

[ 2018-01-30T11:31:32+08:00 ] 127.0.0.1 /Home/MyClass/classDetail/class_id/1.html
SQL: SHOW COLUMNS FROM `user` [ RunTime:0.0006s ]
SQL: SELECT * FROM `user` WHERE `id` = 1 LIMIT 1   [ RunTime:0.0003s ]
SQL: SHOW COLUMNS FROM `classes` [ RunTime:0.0004s ]
SQL: SELECT * FROM `classes` WHERE ( class_id = 1 and user_id = 1 ) LIMIT 1   [ RunTime:0.0005s ]

[ 2018-01-30T12:03:47+08:00 ] 127.0.0.1 /Home/MyClass/classDetail/class_id/1.html
SQL: SHOW COLUMNS FROM `user` [ RunTime:0.0012s ]
SQL: SELECT * FROM `user` WHERE `id` = 1 LIMIT 1   [ RunTime:0.0005s ]
SQL: SHOW COLUMNS FROM `classes` [ RunTime:0.0006s ]
SQL: SELECT * FROM `classes` WHERE ( class_id = 1 and user_id = 1 ) LIMIT 1   [ RunTime:0.0006s ]
SQL: SHOW COLUMNS FROM `classstudentlist` [ RunTime:0.0008s ]
SQL: SHOW COLUMNS FROM `classstudentlist` [ RunTime:0.0008s ]
SQL: SELECT * FROM `classstudentlist` WHERE ( class_id = 1 )  [ RunTime:0.0002s ]

[ 2018-01-30T12:04:10+08:00 ] 127.0.0.1 /Home/MyClass/classDetail/class_id/1.html
SQL: SHOW COLUMNS FROM `user` [ RunTime:0.0009s ]
SQL: SELECT * FROM `user` WHERE `id` = 1 LIMIT 1   [ RunTime:0.0003s ]
SQL: SHOW COLUMNS FROM `classes` [ RunTime:0.0004s ]
SQL: SELECT * FROM `classes` WHERE ( class_id = 1 and user_id = 1 ) LIMIT 1   [ RunTime:0.0003s ]
SQL: SHOW COLUMNS FROM `classstudentlist` [ RunTime:0.0009s ]
SQL: SHOW COLUMNS FROM `classstudentlist` [ RunTime:0.0004s ]
SQL: SELECT * FROM `classstudentlist` WHERE ( class_id = 1 )  [ RunTime:0.0002s ]

[ 2018-01-30T12:04:11+08:00 ] 127.0.0.1 /Home/MyClass/classDetail/class_id/1.html
SQL: SHOW COLUMNS FROM `user` [ RunTime:0.0009s ]
SQL: SELECT * FROM `user` WHERE `id` = 1 LIMIT 1   [ RunTime:0.0003s ]
SQL: SHOW COLUMNS FROM `classes` [ RunTime:0.0009s ]
SQL: SELECT * FROM `classes` WHERE ( class_id = 1 and user_id = 1 ) LIMIT 1   [ RunTime:0.0004s ]
SQL: SHOW COLUMNS FROM `classstudentlist` [ RunTime:0.0013s ]
SQL: SHOW COLUMNS FROM `classstudentlist` [ RunTime:0.0008s ]
SQL: SELECT * FROM `classstudentlist` WHERE ( class_id = 1 )  [ RunTime:0.0002s ]

[ 2018-01-30T12:04:20+08:00 ] 127.0.0.1 /Home/MyClass/classDetail/class_id/1.html
SQL: SHOW COLUMNS FROM `user` [ RunTime:0.0007s ]
SQL: SELECT * FROM `user` WHERE `id` = 1 LIMIT 1   [ RunTime:0.0003s ]
SQL: SHOW COLUMNS FROM `classes` [ RunTime:0.0005s ]
SQL: SELECT * FROM `classes` WHERE ( class_id = 1 and user_id = 1 ) LIMIT 1   [ RunTime:0.0002s ]
SQL: SHOW COLUMNS FROM `classstudentlist` [ RunTime:0.0006s ]
SQL: SHOW COLUMNS FROM `classstudentlist` [ RunTime:0.0004s ]
SQL: SELECT * FROM `classstudentlist` WHERE ( class_id = 1 )  [ RunTime:0.0002s ]

[ 2018-01-30T12:04:33+08:00 ] 127.0.0.1 /Home/MyClass/classDetail
SQL: SHOW COLUMNS FROM `user` [ RunTime:0.0006s ]
SQL: SELECT * FROM `user` WHERE `id` = 1 LIMIT 1   [ RunTime:0.0003s ]
NOTIC: [8] Undefined index: class_id /Library/WebServer/Documents/Study/Application/Home/Controller/MyClassController.class.php 第 20 行.
SQL: SHOW COLUMNS FROM `classes` [ RunTime:0.0004s ]
ERR: 1064:You have an error in your SQL syntax; check the manual that corresponds to your MySQL server version for the right syntax to use near 'and user_id = 1 ) LIMIT 1' at line 1
 [ SQL语句 ] : SELECT * FROM `classes` WHERE ( class_id =  and user_id = 1 ) LIMIT 1  
ERR: 1064:You have an error in your SQL syntax; check the manual that corresponds to your MySQL server version for the right syntax to use near 'and user_id = 1 ) LIMIT 1' at line 1
 [ SQL语句 ] : SELECT * FROM `classes` WHERE ( class_id =  and user_id = 1 ) LIMIT 1  

[ 2018-01-30T12:04:45+08:00 ] 127.0.0.1 /Home/MyClass
SQL: SHOW COLUMNS FROM `user` [ RunTime:0.0013s ]
SQL: SELECT * FROM `user` WHERE `id` = 1 LIMIT 1   [ RunTime:0.0003s ]
SQL: SHOW COLUMNS FROM `classes` [ RunTime:0.0005s ]
SQL: SELECT * FROM `classes` WHERE ( user_id = 1 ) ORDER BY class_id asc  [ RunTime:0.0013s ]

[ 2018-01-30T12:04:46+08:00 ] 127.0.0.1 /Home/MyClass/classDetail/class_id/1.html
SQL: SHOW COLUMNS FROM `user` [ RunTime:0.0005s ]
SQL: SELECT * FROM `user` WHERE `id` = 1 LIMIT 1   [ RunTime:0.0003s ]
SQL: SHOW COLUMNS FROM `classes` [ RunTime:0.0004s ]
SQL: SELECT * FROM `classes` WHERE ( class_id = 1 and user_id = 1 ) LIMIT 1   [ RunTime:0.0002s ]
SQL: SHOW COLUMNS FROM `classstudentlist` [ RunTime:0.0005s ]
SQL: SHOW COLUMNS FROM `classstudentlist` [ RunTime:0.0003s ]
SQL: SELECT * FROM `classstudentlist` WHERE ( class_id = 1 )  [ RunTime:0.0002s ]

[ 2018-01-30T12:09:29+08:00 ] 127.0.0.1 /Home/MyClass/classDetail/class_id/1.html
SQL: SHOW COLUMNS FROM `user` [ RunTime:0.0015s ]
SQL: SELECT * FROM `user` WHERE `id` = 1 LIMIT 1   [ RunTime:0.0009s ]
SQL: SHOW COLUMNS FROM `classes` [ RunTime:0.0009s ]
SQL: SELECT * FROM `classes` WHERE ( class_id = 1 and user_id = 1 ) LIMIT 1   [ RunTime:0.0003s ]
SQL: SHOW COLUMNS FROM `classstudentlist` [ RunTime:0.0007s ]
SQL: SHOW COLUMNS FROM `classstudentlist` [ RunTime:0.0008s ]
SQL: SELECT * FROM `classstudentlist` WHERE ( class_id = 1 )  [ RunTime:0.0002s ]

[ 2018-01-30T12:09:41+08:00 ] 127.0.0.1 /Home/MyClass/classDetail/class_id/1.html
SQL: SHOW COLUMNS FROM `user` [ RunTime:0.0012s ]
SQL: SELECT * FROM `user` WHERE `id` = 1 LIMIT 1   [ RunTime:0.0003s ]
SQL: SHOW COLUMNS FROM `classes` [ RunTime:0.0004s ]
SQL: SELECT * FROM `classes` WHERE ( class_id = 1 and user_id = 1 ) LIMIT 1   [ RunTime:0.0002s ]
SQL: SHOW COLUMNS FROM `classstudentlist` [ RunTime:0.0009s ]
SQL: SHOW COLUMNS FROM `classstudentlist` [ RunTime:0.0006s ]
SQL: SELECT * FROM `classstudentlist` WHERE ( class_id = 1 )  [ RunTime:0.0003s ]

[ 2018-01-30T12:10:07+08:00 ] 127.0.0.1 /Home/MyClass/classDetail/class_id/1.html
SQL: SHOW COLUMNS FROM `user` [ RunTime:0.0006s ]
SQL: SELECT * FROM `user` WHERE `id` = 1 LIMIT 1   [ RunTime:0.0004s ]
SQL: SHOW COLUMNS FROM `classes` [ RunTime:0.0009s ]
SQL: SELECT * FROM `classes` WHERE ( class_id = 1 and user_id = 1 ) LIMIT 1   [ RunTime:0.0003s ]
SQL: SHOW COLUMNS FROM `classstudentlist` [ RunTime:0.0005s ]
SQL: SHOW COLUMNS FROM `classstudentlist` [ RunTime:0.0008s ]
SQL: SELECT * FROM `classstudentlist` WHERE ( class_id = 1 )  [ RunTime:0.0002s ]

[ 2018-01-30T12:10:09+08:00 ] 127.0.0.1 /Home/MyClass/classDetail/class_id/1.html
SQL: SHOW COLUMNS FROM `user` [ RunTime:0.0006s ]
SQL: SELECT * FROM `user` WHERE `id` = 1 LIMIT 1   [ RunTime:0.0003s ]
SQL: SHOW COLUMNS FROM `classes` [ RunTime:0.0004s ]
SQL: SELECT * FROM `classes` WHERE ( class_id = 1 and user_id = 1 ) LIMIT 1   [ RunTime:0.0002s ]
SQL: SHOW COLUMNS FROM `classstudentlist` [ RunTime:0.0006s ]
SQL: SHOW COLUMNS FROM `classstudentlist` [ RunTime:0.0006s ]
SQL: SELECT * FROM `classstudentlist` WHERE ( class_id = 1 )  [ RunTime:0.0002s ]

[ 2018-01-30T12:17:33+08:00 ] 127.0.0.1 /Home/MyClass/classDetail/class_id/today_work.html
SQL: SHOW COLUMNS FROM `user` [ RunTime:0.0005s ]
SQL: SELECT * FROM `user` WHERE `id` = 1 LIMIT 1   [ RunTime:0.0002s ]
SQL: SHOW COLUMNS FROM `classes` [ RunTime:0.0003s ]
ERR: 1054:Unknown column 'today_work' in 'where clause'
 [ SQL语句 ] : SELECT * FROM `classes` WHERE ( class_id = today_work and user_id = 1 ) LIMIT 1  
ERR: 1054:Unknown column 'today_work' in 'where clause'
 [ SQL语句 ] : SELECT * FROM `classes` WHERE ( class_id = today_work and user_id = 1 ) LIMIT 1  

[ 2018-01-30T12:17:35+08:00 ] 127.0.0.1 /Home/MyClass/classDetail/class_id/today_work.html
SQL: SHOW COLUMNS FROM `user` [ RunTime:0.0006s ]
SQL: SELECT * FROM `user` WHERE `id` = 1 LIMIT 1   [ RunTime:0.0003s ]
SQL: SHOW COLUMNS FROM `classes` [ RunTime:0.0004s ]
ERR: 1054:Unknown column 'today_work' in 'where clause'
 [ SQL语句 ] : SELECT * FROM `classes` WHERE ( class_id = today_work and user_id = 1 ) LIMIT 1  
ERR: 1054:Unknown column 'today_work' in 'where clause'
 [ SQL语句 ] : SELECT * FROM `classes` WHERE ( class_id = today_work and user_id = 1 ) LIMIT 1  

[ 2018-01-30T12:18:32+08:00 ] 127.0.0.1 /Home/MyClass/classDetail/class_id/1.html
SQL: SHOW COLUMNS FROM `user` [ RunTime:0.0019s ]
SQL: SELECT * FROM `user` WHERE `id` = 1 LIMIT 1   [ RunTime:0.0003s ]
SQL: SHOW COLUMNS FROM `classes` [ RunTime:0.0004s ]
SQL: SELECT * FROM `classes` WHERE ( class_id = 1 and user_id = 1 ) LIMIT 1   [ RunTime:0.0002s ]
SQL: SHOW COLUMNS FROM `classstudentlist` [ RunTime:0.0006s ]
SQL: SHOW COLUMNS FROM `classstudentlist` [ RunTime:0.0004s ]
SQL: SELECT * FROM `classstudentlist` WHERE ( class_id = 1 )  [ RunTime:0.0002s ]

[ 2018-01-30T12:18:33+08:00 ] 127.0.0.1 /Home/MyClass/classDetail/class_id/today_work.html
SQL: SHOW COLUMNS FROM `user` [ RunTime:0.0005s ]
SQL: SELECT * FROM `user` WHERE `id` = 1 LIMIT 1   [ RunTime:0.0003s ]
SQL: SHOW COLUMNS FROM `classes` [ RunTime:0.0004s ]
ERR: 1054:Unknown column 'today_work' in 'where clause'
 [ SQL语句 ] : SELECT * FROM `classes` WHERE ( class_id = today_work and user_id = 1 ) LIMIT 1  
ERR: 1054:Unknown column 'today_work' in 'where clause'
 [ SQL语句 ] : SELECT * FROM `classes` WHERE ( class_id = today_work and user_id = 1 ) LIMIT 1  

[ 2018-01-30T12:18:42+08:00 ] 127.0.0.1 /Home/MyClass/classDetail/class_id/1.html
SQL: SHOW COLUMNS FROM `user` [ RunTime:0.0010s ]
SQL: SELECT * FROM `user` WHERE `id` = 1 LIMIT 1   [ RunTime:0.0004s ]
SQL: SHOW COLUMNS FROM `classes` [ RunTime:0.0004s ]
SQL: SELECT * FROM `classes` WHERE ( class_id = 1 and user_id = 1 ) LIMIT 1   [ RunTime:0.0002s ]
SQL: SHOW COLUMNS FROM `classstudentlist` [ RunTime:0.0006s ]
SQL: SHOW COLUMNS FROM `classstudentlist` [ RunTime:0.0005s ]
SQL: SELECT * FROM `classstudentlist` WHERE ( class_id = 1 )  [ RunTime:0.0002s ]

[ 2018-01-30T12:18:44+08:00 ] 127.0.0.1 /Home/MyClass/classDetail/class_id/today_work.html
SQL: SHOW COLUMNS FROM `user` [ RunTime:0.0006s ]
SQL: SELECT * FROM `user` WHERE `id` = 1 LIMIT 1   [ RunTime:0.0004s ]
SQL: SHOW COLUMNS FROM `classes` [ RunTime:0.0008s ]
ERR: 1054:Unknown column 'today_work' in 'where clause'
 [ SQL语句 ] : SELECT * FROM `classes` WHERE ( class_id = today_work and user_id = 1 ) LIMIT 1  
ERR: 1054:Unknown column 'today_work' in 'where clause'
 [ SQL语句 ] : SELECT * FROM `classes` WHERE ( class_id = today_work and user_id = 1 ) LIMIT 1  

[ 2018-01-30T12:20:50+08:00 ] 127.0.0.1 /Home/MyClass/classDetail/class_id/1.html
SQL: SHOW COLUMNS FROM `user` [ RunTime:0.0012s ]
SQL: SELECT * FROM `user` WHERE `id` = 1 LIMIT 1   [ RunTime:0.0006s ]
SQL: SHOW COLUMNS FROM `classes` [ RunTime:0.0005s ]
SQL: SELECT * FROM `classes` WHERE ( class_id = 1 and user_id = 1 ) LIMIT 1   [ RunTime:0.0003s ]
SQL: SHOW COLUMNS FROM `classstudentlist` [ RunTime:0.0006s ]
SQL: SHOW COLUMNS FROM `classstudentlist` [ RunTime:0.0005s ]
SQL: SELECT * FROM `classstudentlist` WHERE ( class_id = 1 )  [ RunTime:0.0002s ]

[ 2018-01-30T12:20:51+08:00 ] 127.0.0.1 /Home/MyClass/classDetail/class_id/today_work.html
SQL: SHOW COLUMNS FROM `user` [ RunTime:0.0007s ]
SQL: SELECT * FROM `user` WHERE `id` = 1 LIMIT 1   [ RunTime:0.0028s ]
SQL: SHOW COLUMNS FROM `classes` [ RunTime:0.0013s ]
SQL: SELECT * FROM `classes` WHERE ( class_id = 0 and user_id = 1 ) LIMIT 1   [ RunTime:0.0002s ]

[ 2018-01-30T12:20:53+08:00 ] 127.0.0.1 /Home/MyClass/classDetail/class_id/1.html
SQL: SHOW COLUMNS FROM `user` [ RunTime:0.0005s ]
SQL: SELECT * FROM `user` WHERE `id` = 1 LIMIT 1   [ RunTime:0.0003s ]
SQL: SHOW COLUMNS FROM `classes` [ RunTime:0.0003s ]
SQL: SELECT * FROM `classes` WHERE ( class_id = 1 and user_id = 1 ) LIMIT 1   [ RunTime:0.0002s ]
SQL: SHOW COLUMNS FROM `classstudentlist` [ RunTime:0.0004s ]
SQL: SHOW COLUMNS FROM `classstudentlist` [ RunTime:0.0004s ]
SQL: SELECT * FROM `classstudentlist` WHERE ( class_id = 1 )  [ RunTime:0.0002s ]

[ 2018-01-30T12:20:55+08:00 ] 127.0.0.1 /Home/MyClass/classDetail/class_id/today_work.html
SQL: SHOW COLUMNS FROM `user` [ RunTime:0.0005s ]
SQL: SELECT * FROM `user` WHERE `id` = 1 LIMIT 1   [ RunTime:0.0003s ]
SQL: SHOW COLUMNS FROM `classes` [ RunTime:0.0004s ]
SQL: SELECT * FROM `classes` WHERE ( class_id = 0 and user_id = 1 ) LIMIT 1   [ RunTime:0.0002s ]

[ 2018-01-30T12:20:56+08:00 ] 127.0.0.1 /Home/MyClass/classDetail/class_id/1.html
SQL: SHOW COLUMNS FROM `user` [ RunTime:0.0005s ]
SQL: SELECT * FROM `user` WHERE `id` = 1 LIMIT 1   [ RunTime:0.0003s ]
SQL: SHOW COLUMNS FROM `classes` [ RunTime:0.0004s ]
SQL: SELECT * FROM `classes` WHERE ( class_id = 1 and user_id = 1 ) LIMIT 1   [ RunTime:0.0002s ]
SQL: SHOW COLUMNS FROM `classstudentlist` [ RunTime:0.0006s ]
SQL: SHOW COLUMNS FROM `classstudentlist` [ RunTime:0.0003s ]
SQL: SELECT * FROM `classstudentlist` WHERE ( class_id = 1 )  [ RunTime:0.0002s ]

[ 2018-01-30T14:25:33+08:00 ] 127.0.0.1 /
SQL: SHOW COLUMNS FROM `user` [ RunTime:0.0222s ]
SQL: SELECT * FROM `user` WHERE `id` = 1 LIMIT 1   [ RunTime:0.0038s ]
SQL: SHOW COLUMNS FROM `activity` [ RunTime:0.0046s ]
SQL: SELECT * FROM `activity` WHERE `status` = 1 AND `platform_id` = 1 LIMIT 3   [ RunTime:0.0009s ]

