[ 2018-01-24T10:31:33+08:00 ] 127.0.0.1 /
SQL: SHOW COLUMNS FROM `user` [ RunTime:0.0225s ]
SQL: SELECT * FROM `user` WHERE `id` = 1 LIMIT 1   [ RunTime:0.0037s ]
SQL: SHOW COLUMNS FROM `activity` [ RunTime:0.0008s ]
SQL: SELECT * FROM `activity` WHERE `status` = 1 AND `platform_id` = 1 LIMIT 3   [ RunTime:0.0010s ]

[ 2018-01-24T10:32:12+08:00 ] 127.0.0.1 /
SQL: SHOW COLUMNS FROM `user` [ RunTime:0.0007s ]
SQL: SELECT * FROM `user` WHERE `id` = 1 LIMIT 1   [ RunTime:0.0005s ]
SQL: SHOW COLUMNS FROM `activity` [ RunTime:0.0004s ]
SQL: SELECT * FROM `activity` WHERE `status` = 1 AND `platform_id` = 1 LIMIT 3   [ RunTime:0.0005s ]

[ 2018-01-24T10:32:13+08:00 ] 127.0.0.1 /Home/Home/CreateBook.html
ERR: 无法加载控制器:Home

[ 2018-01-24T10:32:28+08:00 ] 127.0.0.1 /
SQL: SHOW COLUMNS FROM `user` [ RunTime:0.0008s ]
SQL: SELECT * FROM `user` WHERE `id` = 1 LIMIT 1   [ RunTime:0.0003s ]
SQL: SHOW COLUMNS FROM `activity` [ RunTime:0.0004s ]
SQL: SELECT * FROM `activity` WHERE `status` = 1 AND `platform_id` = 1 LIMIT 3   [ RunTime:0.0003s ]

[ 2018-01-24T10:32:30+08:00 ] 127.0.0.1 /Home/Index/CreateBook.html
SQL: SHOW COLUMNS FROM `user` [ RunTime:0.0006s ]
SQL: SELECT * FROM `user` WHERE `id` = 1 LIMIT 1   [ RunTime:0.0002s ]

[ 2018-01-24T10:33:10+08:00 ] 127.0.0.1 /
SQL: SHOW COLUMNS FROM `user` [ RunTime:0.0006s ]
SQL: SELECT * FROM `user` WHERE `id` = 1 LIMIT 1   [ RunTime:0.0003s ]
SQL: SHOW COLUMNS FROM `activity` [ RunTime:0.0008s ]
SQL: SELECT * FROM `activity` WHERE `status` = 1 AND `platform_id` = 1 LIMIT 3   [ RunTime:0.0004s ]

[ 2018-01-24T10:33:11+08:00 ] 127.0.0.1 /Home/CreateBook/index.html
SQL: SHOW COLUMNS FROM `user` [ RunTime:0.0006s ]
SQL: SELECT * FROM `user` WHERE `id` = 1 LIMIT 1   [ RunTime:0.0004s ]

[ 2018-01-24T10:33:14+08:00 ] 127.0.0.1 /Home/CreateBook/.html
SQL: SHOW COLUMNS FROM `user` [ RunTime:0.0006s ]
SQL: SELECT * FROM `user` WHERE `id` = 1 LIMIT 1   [ RunTime:0.0003s ]

[ 2018-01-24T10:33:15+08:00 ] 127.0.0.1 /Home/CreateBook/.html
SQL: SHOW COLUMNS FROM `user` [ RunTime:0.0004s ]
SQL: SELECT * FROM `user` WHERE `id` = 1 LIMIT 1   [ RunTime:0.0002s ]

[ 2018-01-24T10:33:16+08:00 ] 127.0.0.1 /Home/CreateBook/.html
SQL: SHOW COLUMNS FROM `user` [ RunTime:0.0007s ]
SQL: SELECT * FROM `user` WHERE `id` = 1 LIMIT 1   [ RunTime:0.0002s ]

[ 2018-01-24T10:33:17+08:00 ] 127.0.0.1 /Home/CreateBook/getTextBooks.html
SQL: SHOW COLUMNS FROM `user` [ RunTime:0.0005s ]
SQL: SELECT * FROM `user` WHERE `id` = 1 LIMIT 1   [ RunTime:0.0006s ]
SQL: SHOW COLUMNS FROM `book_res` [ RunTime:0.0005s ]
SQL: SHOW COLUMNS FROM `book` [ RunTime:0.0004s ]
SQL: SELECT `id`,`name` FROM `book` WHERE ( user_id = 1 ) ORDER BY id asc  [ RunTime:0.0049s ]
SQL: SHOW COLUMNS FROM `book_res` [ RunTime:0.0003s ]
SQL: SELECT * FROM `book_res` WHERE ( book_id = 1 ) ORDER BY id asc  [ RunTime:0.0006s ]
SQL: SELECT * FROM `book_res` WHERE ( book_id = 2 ) ORDER BY id asc  [ RunTime:0.0002s ]

[ 2018-01-24T10:33:19+08:00 ] 127.0.0.1 /Home/CreateBook/getBooks.html
SQL: SHOW COLUMNS FROM `user` [ RunTime:0.0005s ]
SQL: SELECT * FROM `user` WHERE `id` = 1 LIMIT 1   [ RunTime:0.0003s ]
SQL: SHOW COLUMNS FROM `book` [ RunTime:0.0005s ]
SQL: SHOW COLUMNS FROM `book` [ RunTime:0.0004s ]
SQL: SELECT * FROM `book` WHERE ( user_id = 1 ) ORDER BY id asc  [ RunTime:0.0015s ]

[ 2018-01-24T10:33:21+08:00 ] 127.0.0.1 /Home/CreateBook/getTextBooks.html
SQL: SHOW COLUMNS FROM `user` [ RunTime:0.0005s ]
SQL: SELECT * FROM `user` WHERE `id` = 1 LIMIT 1   [ RunTime:0.0002s ]
SQL: SHOW COLUMNS FROM `book_res` [ RunTime:0.0004s ]
SQL: SHOW COLUMNS FROM `book` [ RunTime:0.0003s ]
SQL: SELECT `id`,`name` FROM `book` WHERE ( user_id = 1 ) ORDER BY id asc  [ RunTime:0.0003s ]
SQL: SHOW COLUMNS FROM `book_res` [ RunTime:0.0005s ]
SQL: SELECT * FROM `book_res` WHERE ( book_id = 1 ) ORDER BY id asc  [ RunTime:0.0004s ]
SQL: SELECT * FROM `book_res` WHERE ( book_id = 2 ) ORDER BY id asc  [ RunTime:0.0002s ]

[ 2018-01-24T10:34:08+08:00 ] 127.0.0.1 /Home/CreateBook/.html
SQL: SHOW COLUMNS FROM `user` [ RunTime:0.0006s ]
SQL: SELECT * FROM `user` WHERE `id` = 1 LIMIT 1   [ RunTime:0.0003s ]

[ 2018-01-24T10:34:09+08:00 ] 127.0.0.1 /Home/CreateBook/getTextBooks.html
SQL: SHOW COLUMNS FROM `user` [ RunTime:0.0005s ]
SQL: SELECT * FROM `user` WHERE `id` = 1 LIMIT 1   [ RunTime:0.0003s ]
SQL: SHOW COLUMNS FROM `book_res` [ RunTime:0.0007s ]
SQL: SHOW COLUMNS FROM `book` [ RunTime:0.0005s ]
SQL: SELECT `id`,`name` FROM `book` WHERE ( user_id = 1 ) ORDER BY id asc  [ RunTime:0.0003s ]
SQL: SHOW COLUMNS FROM `book_res` [ RunTime:0.0012s ]
SQL: SELECT * FROM `book_res` WHERE ( book_id = 1 ) ORDER BY id asc  [ RunTime:0.0003s ]
SQL: SELECT * FROM `book_res` WHERE ( book_id = 2 ) ORDER BY id asc  [ RunTime:0.0003s ]

[ 2018-01-24T10:34:18+08:00 ] 127.0.0.1 /Home/CreateBook/.html
SQL: SHOW COLUMNS FROM `user` [ RunTime:0.0006s ]
SQL: SELECT * FROM `user` WHERE `id` = 1 LIMIT 1   [ RunTime:0.0003s ]

[ 2018-01-24T10:34:18+08:00 ] 127.0.0.1 /Home/CreateBook/.html
SQL: SHOW COLUMNS FROM `user` [ RunTime:0.0005s ]
SQL: SELECT * FROM `user` WHERE `id` = 1 LIMIT 1   [ RunTime:0.0002s ]

[ 2018-01-24T10:34:19+08:00 ] 127.0.0.1 /Home/CreateBook/getTextBooks.html
SQL: SHOW COLUMNS FROM `user` [ RunTime:0.0006s ]
SQL: SELECT * FROM `user` WHERE `id` = 1 LIMIT 1   [ RunTime:0.0003s ]
SQL: SHOW COLUMNS FROM `book_res` [ RunTime:0.0004s ]
SQL: SHOW COLUMNS FROM `book` [ RunTime:0.0005s ]
SQL: SELECT `id`,`name` FROM `book` WHERE ( user_id = 1 ) ORDER BY id asc  [ RunTime:0.0008s ]
SQL: SHOW COLUMNS FROM `book_res` [ RunTime:0.0006s ]
SQL: SELECT * FROM `book_res` WHERE ( book_id = 1 ) ORDER BY id asc  [ RunTime:0.0003s ]
SQL: SELECT * FROM `book_res` WHERE ( book_id = 2 ) ORDER BY id asc  [ RunTime:0.0002s ]

[ 2018-01-24T10:34:48+08:00 ] 127.0.0.1 /Home/CreateBook/.html
SQL: SHOW COLUMNS FROM `user` [ RunTime:0.0005s ]
SQL: SELECT * FROM `user` WHERE `id` = 1 LIMIT 1   [ RunTime:0.0002s ]

[ 2018-01-24T10:35:04+08:00 ] 127.0.0.1 /Home/CreateBook/getTextBooks.html
SQL: SHOW COLUMNS FROM `user` [ RunTime:0.0004s ]
SQL: SELECT * FROM `user` WHERE `id` = 1 LIMIT 1   [ RunTime:0.0003s ]
SQL: SHOW COLUMNS FROM `book_res` [ RunTime:0.0005s ]
SQL: SHOW COLUMNS FROM `book` [ RunTime:0.0008s ]
SQL: SELECT `id`,`name` FROM `book` WHERE ( user_id = 1 ) ORDER BY id asc  [ RunTime:0.0003s ]
SQL: SHOW COLUMNS FROM `book_res` [ RunTime:0.0003s ]
SQL: SELECT * FROM `book_res` WHERE ( book_id = 1 ) ORDER BY id asc  [ RunTime:0.0003s ]
SQL: SELECT * FROM `book_res` WHERE ( book_id = 2 ) ORDER BY id asc  [ RunTime:0.0002s ]

[ 2018-01-24T19:47:43+08:00 ] 127.0.0.1 /
SQL: SHOW COLUMNS FROM `user` [ RunTime:0.0500s ]
SQL: SELECT * FROM `user` WHERE `id` = 1 LIMIT 1   [ RunTime:0.0094s ]
SQL: SHOW COLUMNS FROM `activity` [ RunTime:0.0043s ]
SQL: SELECT * FROM `activity` WHERE `status` = 1 AND `platform_id` = 1 LIMIT 3   [ RunTime:0.0019s ]

[ 2018-01-24T19:47:49+08:00 ] 127.0.0.1 /Home/CreateBook/
SQL: SHOW COLUMNS FROM `user` [ RunTime:0.0015s ]
SQL: SELECT * FROM `user` WHERE `id` = 1 LIMIT 1   [ RunTime:0.0003s ]

[ 2018-01-24T19:47:51+08:00 ] 127.0.0.1 /Home/CreateBook/getBooks.html
SQL: SHOW COLUMNS FROM `user` [ RunTime:0.0006s ]
SQL: SELECT * FROM `user` WHERE `id` = 1 LIMIT 1   [ RunTime:0.0002s ]
SQL: SHOW COLUMNS FROM `book` [ RunTime:0.0014s ]
SQL: SHOW COLUMNS FROM `book` [ RunTime:0.0005s ]
SQL: SELECT * FROM `book` WHERE ( user_id = 1 ) ORDER BY id asc  [ RunTime:0.0059s ]

[ 2018-01-24T19:47:52+08:00 ] 127.0.0.1 /Home/CreateBook/getTextBooks.html
SQL: SHOW COLUMNS FROM `user` [ RunTime:0.0007s ]
SQL: SELECT * FROM `user` WHERE `id` = 1 LIMIT 1   [ RunTime:0.0003s ]
SQL: SHOW COLUMNS FROM `book_res` [ RunTime:0.0014s ]
SQL: SHOW COLUMNS FROM `book` [ RunTime:0.0016s ]
SQL: SELECT `id`,`name` FROM `book` WHERE ( user_id = 1 ) ORDER BY id asc  [ RunTime:0.0006s ]
SQL: SHOW COLUMNS FROM `book_res` [ RunTime:0.0004s ]
SQL: SELECT * FROM `book_res` WHERE ( book_id = 1 ) ORDER BY id asc  [ RunTime:0.0006s ]
SQL: SELECT * FROM `book_res` WHERE ( book_id = 2 ) ORDER BY id asc  [ RunTime:0.0002s ]

[ 2018-01-24T19:47:54+08:00 ] 127.0.0.1 /Home/CreateBook/.html
SQL: SHOW COLUMNS FROM `user` [ RunTime:0.0005s ]
SQL: SELECT * FROM `user` WHERE `id` = 1 LIMIT 1   [ RunTime:0.0002s ]

[ 2018-01-24T19:47:58+08:00 ] 127.0.0.1 /Home/CreateBook/.html
SQL: SHOW COLUMNS FROM `user` [ RunTime:0.0005s ]
SQL: SELECT * FROM `user` WHERE `id` = 1 LIMIT 1   [ RunTime:0.0002s ]

[ 2018-01-24T19:47:58+08:00 ] 127.0.0.1 /Home/CreateBook/.html
SQL: SHOW COLUMNS FROM `user` [ RunTime:0.0011s ]
SQL: SELECT * FROM `user` WHERE `id` = 1 LIMIT 1   [ RunTime:0.0002s ]

[ 2018-01-24T19:48:01+08:00 ] 127.0.0.1 /Home/CreateBook/.html
SQL: SHOW COLUMNS FROM `user` [ RunTime:0.0005s ]
SQL: SELECT * FROM `user` WHERE `id` = 1 LIMIT 1   [ RunTime:0.0003s ]

[ 2018-01-24T19:48:02+08:00 ] 127.0.0.1 /Home/CreateBook/.html
SQL: SHOW COLUMNS FROM `user` [ RunTime:0.0020s ]
SQL: SELECT * FROM `user` WHERE `id` = 1 LIMIT 1   [ RunTime:0.0002s ]

[ 2018-01-24T19:48:02+08:00 ] 127.0.0.1 /Home/CreateBook/getBooks.html
SQL: SHOW COLUMNS FROM `user` [ RunTime:0.0025s ]
SQL: SELECT * FROM `user` WHERE `id` = 1 LIMIT 1   [ RunTime:0.0003s ]
SQL: SHOW COLUMNS FROM `book` [ RunTime:0.0013s ]
SQL: SHOW COLUMNS FROM `book` [ RunTime:0.0004s ]
SQL: SELECT * FROM `book` WHERE ( user_id = 1 ) ORDER BY id asc  [ RunTime:0.0012s ]

[ 2018-01-24T19:48:03+08:00 ] 127.0.0.1 /Home/CreateBook/.html
SQL: SHOW COLUMNS FROM `user` [ RunTime:0.0005s ]
SQL: SELECT * FROM `user` WHERE `id` = 1 LIMIT 1   [ RunTime:0.0003s ]

[ 2018-01-24T19:48:04+08:00 ] 127.0.0.1 /Home/CreateBook/.html
SQL: SHOW COLUMNS FROM `user` [ RunTime:0.0005s ]
SQL: SELECT * FROM `user` WHERE `id` = 1 LIMIT 1   [ RunTime:0.0003s ]

[ 2018-01-24T19:48:05+08:00 ] 127.0.0.1 /Home/CreateBook/.html
SQL: SHOW COLUMNS FROM `user` [ RunTime:0.0006s ]
SQL: SELECT * FROM `user` WHERE `id` = 1 LIMIT 1   [ RunTime:0.0003s ]

[ 2018-01-24T19:48:05+08:00 ] 127.0.0.1 /Home/CreateBook/.html
SQL: SHOW COLUMNS FROM `user` [ RunTime:0.0005s ]
SQL: SELECT * FROM `user` WHERE `id` = 1 LIMIT 1   [ RunTime:0.0002s ]

[ 2018-01-24T19:48:06+08:00 ] 127.0.0.1 /Home/CreateBook/.html
SQL: SHOW COLUMNS FROM `user` [ RunTime:0.0005s ]
SQL: SELECT * FROM `user` WHERE `id` = 1 LIMIT 1   [ RunTime:0.0002s ]

[ 2018-01-24T19:48:07+08:00 ] 127.0.0.1 /Home/CreateBook/getBooks.html
SQL: SHOW COLUMNS FROM `user` [ RunTime:0.0005s ]
SQL: SELECT * FROM `user` WHERE `id` = 1 LIMIT 1   [ RunTime:0.0003s ]
SQL: SHOW COLUMNS FROM `book` [ RunTime:0.0006s ]
SQL: SHOW COLUMNS FROM `book` [ RunTime:0.0029s ]
SQL: SELECT * FROM `book` WHERE ( user_id = 1 ) ORDER BY id asc  [ RunTime:0.0009s ]

[ 2018-01-24T19:48:08+08:00 ] 127.0.0.1 /Home/CreateBook/.html
SQL: SHOW COLUMNS FROM `user` [ RunTime:0.0012s ]
SQL: SELECT * FROM `user` WHERE `id` = 1 LIMIT 1   [ RunTime:0.0004s ]

[ 2018-01-24T19:48:22+08:00 ] 127.0.0.1 /Home/CreateBook/getBooks.html
SQL: SHOW COLUMNS FROM `user` [ RunTime:0.0005s ]
SQL: SELECT * FROM `user` WHERE `id` = 1 LIMIT 1   [ RunTime:0.0004s ]
SQL: SHOW COLUMNS FROM `book` [ RunTime:0.0005s ]
SQL: SHOW COLUMNS FROM `book` [ RunTime:0.0004s ]
SQL: SELECT * FROM `book` WHERE ( user_id = 1 ) ORDER BY id asc  [ RunTime:0.0003s ]

[ 2018-01-24T19:48:23+08:00 ] 127.0.0.1 /Home/CreateBook/getBooks.html
SQL: SHOW COLUMNS FROM `user` [ RunTime:0.0006s ]
SQL: SELECT * FROM `user` WHERE `id` = 1 LIMIT 1   [ RunTime:0.0003s ]
SQL: SHOW COLUMNS FROM `book` [ RunTime:0.0004s ]
SQL: SHOW COLUMNS FROM `book` [ RunTime:0.0003s ]
SQL: SELECT * FROM `book` WHERE ( user_id = 1 ) ORDER BY id asc  [ RunTime:0.0002s ]

[ 2018-01-24T19:48:23+08:00 ] 127.0.0.1 /Home/CreateBook/.html
SQL: SHOW COLUMNS FROM `user` [ RunTime:0.0026s ]
SQL: SELECT * FROM `user` WHERE `id` = 1 LIMIT 1   [ RunTime:0.0006s ]

[ 2018-01-24T19:49:50+08:00 ] 127.0.0.1 /Home/CreateBook/
SQL: SHOW COLUMNS FROM `user` [ RunTime:0.0005s ]
SQL: SELECT * FROM `user` WHERE `id` = 1 LIMIT 1   [ RunTime:0.0003s ]

[ 2018-01-24T19:50:14+08:00 ] 127.0.0.1 /Home/CreateBook/.html
SQL: SHOW COLUMNS FROM `user` [ RunTime:0.0005s ]
SQL: SELECT * FROM `user` WHERE `id` = 1 LIMIT 1   [ RunTime:0.0002s ]

[ 2018-01-24T19:50:17+08:00 ] 127.0.0.1 /Home/CreateBook/.html
SQL: SHOW COLUMNS FROM `user` [ RunTime:0.0009s ]
SQL: SELECT * FROM `user` WHERE `id` = 1 LIMIT 1   [ RunTime:0.0004s ]

[ 2018-01-24T19:50:24+08:00 ] 127.0.0.1 /Home/CreateBook/.html
SQL: SHOW COLUMNS FROM `user` [ RunTime:0.0016s ]
SQL: SELECT * FROM `user` WHERE `id` = 1 LIMIT 1   [ RunTime:0.0004s ]

[ 2018-01-24T19:50:24+08:00 ] 127.0.0.1 /Home/CreateBook/.html
SQL: SHOW COLUMNS FROM `user` [ RunTime:0.0009s ]
SQL: SELECT * FROM `user` WHERE `id` = 1 LIMIT 1   [ RunTime:0.0004s ]

[ 2018-01-24T19:50:25+08:00 ] 127.0.0.1 /Home/CreateBook/.html
SQL: SHOW COLUMNS FROM `user` [ RunTime:0.0005s ]
SQL: SELECT * FROM `user` WHERE `id` = 1 LIMIT 1   [ RunTime:0.0003s ]

[ 2018-01-24T19:50:28+08:00 ] 127.0.0.1 /Home/CreateBook/getBooks.html
SQL: SHOW COLUMNS FROM `user` [ RunTime:0.0004s ]
SQL: SELECT * FROM `user` WHERE `id` = 1 LIMIT 1   [ RunTime:0.0002s ]
SQL: SHOW COLUMNS FROM `book` [ RunTime:0.0007s ]
SQL: SHOW COLUMNS FROM `book` [ RunTime:0.0007s ]
SQL: SELECT * FROM `book` WHERE ( user_id = 1 ) ORDER BY id asc  [ RunTime:0.0011s ]

[ 2018-01-24T19:50:30+08:00 ] 127.0.0.1 /Home/CreateBook/.html
SQL: SHOW COLUMNS FROM `user` [ RunTime:0.0010s ]
SQL: SELECT * FROM `user` WHERE `id` = 1 LIMIT 1   [ RunTime:0.0003s ]

[ 2018-01-24T19:50:31+08:00 ] 127.0.0.1 /Home/CreateBook/.html
SQL: SHOW COLUMNS FROM `user` [ RunTime:0.0005s ]
SQL: SELECT * FROM `user` WHERE `id` = 1 LIMIT 1   [ RunTime:0.0003s ]

[ 2018-01-24T19:50:32+08:00 ] 127.0.0.1 /Home/CreateBook/.html
SQL: SHOW COLUMNS FROM `user` [ RunTime:0.0006s ]
SQL: SELECT * FROM `user` WHERE `id` = 1 LIMIT 1   [ RunTime:0.0003s ]

[ 2018-01-24T19:50:34+08:00 ] 127.0.0.1 /Home/CreateBook/.html
SQL: SHOW COLUMNS FROM `user` [ RunTime:0.0005s ]
SQL: SELECT * FROM `user` WHERE `id` = 1 LIMIT 1   [ RunTime:0.0002s ]

[ 2018-01-24T19:50:35+08:00 ] 127.0.0.1 /Home/CreateBook/.html
SQL: SHOW COLUMNS FROM `user` [ RunTime:0.0005s ]
SQL: SELECT * FROM `user` WHERE `id` = 1 LIMIT 1   [ RunTime:0.0002s ]

[ 2018-01-24T19:50:36+08:00 ] 127.0.0.1 /Home/CreateBook/.html
SQL: SHOW COLUMNS FROM `user` [ RunTime:0.0012s ]
SQL: SELECT * FROM `user` WHERE `id` = 1 LIMIT 1   [ RunTime:0.0003s ]

[ 2018-01-24T19:51:00+08:00 ] 127.0.0.1 /Home/CreateBook/getTextBooks.html
SQL: SHOW COLUMNS FROM `user` [ RunTime:0.0007s ]
SQL: SELECT * FROM `user` WHERE `id` = 1 LIMIT 1   [ RunTime:0.0004s ]
SQL: SHOW COLUMNS FROM `book_res` [ RunTime:0.0006s ]
SQL: SHOW COLUMNS FROM `book` [ RunTime:0.0007s ]
SQL: SELECT `id`,`name` FROM `book` WHERE ( user_id = 1 ) ORDER BY id asc  [ RunTime:0.0008s ]
SQL: SHOW COLUMNS FROM `book_res` [ RunTime:0.0005s ]
SQL: SELECT * FROM `book_res` WHERE ( book_id = 1 ) ORDER BY id asc  [ RunTime:0.0004s ]
SQL: SELECT * FROM `book_res` WHERE ( book_id = 2 ) ORDER BY id asc  [ RunTime:0.0003s ]

[ 2018-01-24T19:51:01+08:00 ] 127.0.0.1 /Home/CreateBook/.html
SQL: SHOW COLUMNS FROM `user` [ RunTime:0.0034s ]
SQL: SELECT * FROM `user` WHERE `id` = 1 LIMIT 1   [ RunTime:0.0005s ]

[ 2018-01-24T19:51:01+08:00 ] 127.0.0.1 /Home/CreateBook/getTextBooks.html
SQL: SHOW COLUMNS FROM `user` [ RunTime:0.0018s ]
SQL: SELECT * FROM `user` WHERE `id` = 1 LIMIT 1   [ RunTime:0.0005s ]
SQL: SHOW COLUMNS FROM `book_res` [ RunTime:0.0018s ]
SQL: SHOW COLUMNS FROM `book` [ RunTime:0.0010s ]
SQL: SELECT `id`,`name` FROM `book` WHERE ( user_id = 1 ) ORDER BY id asc  [ RunTime:0.0004s ]
SQL: SHOW COLUMNS FROM `book_res` [ RunTime:0.0008s ]
SQL: SELECT * FROM `book_res` WHERE ( book_id = 1 ) ORDER BY id asc  [ RunTime:0.0005s ]
SQL: SELECT * FROM `book_res` WHERE ( book_id = 2 ) ORDER BY id asc  [ RunTime:0.0003s ]

[ 2018-01-24T19:51:02+08:00 ] 127.0.0.1 /Home/CreateBook/.html
SQL: SHOW COLUMNS FROM `user` [ RunTime:0.0005s ]
SQL: SELECT * FROM `user` WHERE `id` = 1 LIMIT 1   [ RunTime:0.0002s ]

[ 2018-01-24T19:51:02+08:00 ] 127.0.0.1 /Home/CreateBook/getBooks.html
SQL: SHOW COLUMNS FROM `user` [ RunTime:0.0022s ]
SQL: SELECT * FROM `user` WHERE `id` = 1 LIMIT 1   [ RunTime:0.0004s ]
SQL: SHOW COLUMNS FROM `book` [ RunTime:0.0022s ]
SQL: SHOW COLUMNS FROM `book` [ RunTime:0.0005s ]
SQL: SELECT * FROM `book` WHERE ( user_id = 1 ) ORDER BY id asc  [ RunTime:0.0003s ]

[ 2018-01-24T19:51:03+08:00 ] 127.0.0.1 /Home/CreateBook/.html
SQL: SHOW COLUMNS FROM `user` [ RunTime:0.0017s ]
SQL: SELECT * FROM `user` WHERE `id` = 1 LIMIT 1   [ RunTime:0.0005s ]

[ 2018-01-24T19:51:04+08:00 ] 127.0.0.1 /Home/CreateBook/getBooks.html
SQL: SHOW COLUMNS FROM `user` [ RunTime:0.0005s ]
SQL: SELECT * FROM `user` WHERE `id` = 1 LIMIT 1   [ RunTime:0.0003s ]
SQL: SHOW COLUMNS FROM `book` [ RunTime:0.0006s ]
SQL: SHOW COLUMNS FROM `book` [ RunTime:0.0005s ]
SQL: SELECT * FROM `book` WHERE ( user_id = 1 ) ORDER BY id asc  [ RunTime:0.0024s ]

[ 2018-01-24T19:51:19+08:00 ] 127.0.0.1 /Home/CreateBook/.html
SQL: SHOW COLUMNS FROM `user` [ RunTime:0.0016s ]
SQL: SELECT * FROM `user` WHERE `id` = 1 LIMIT 1   [ RunTime:0.0002s ]

[ 2018-01-24T19:51:22+08:00 ] 127.0.0.1 /Home/CreateBook/.html
SQL: SHOW COLUMNS FROM `user` [ RunTime:0.0005s ]
SQL: SELECT * FROM `user` WHERE `id` = 1 LIMIT 1   [ RunTime:0.0002s ]

[ 2018-01-24T19:51:22+08:00 ] 127.0.0.1 /Home/CreateBook/getBooks.html
SQL: SHOW COLUMNS FROM `user` [ RunTime:0.0004s ]
SQL: SELECT * FROM `user` WHERE `id` = 1 LIMIT 1   [ RunTime:0.0002s ]
SQL: SHOW COLUMNS FROM `book` [ RunTime:0.0003s ]
SQL: SHOW COLUMNS FROM `book` [ RunTime:0.0003s ]
SQL: SELECT * FROM `book` WHERE ( user_id = 1 ) ORDER BY id asc  [ RunTime:0.0002s ]

[ 2018-01-24T19:51:23+08:00 ] 127.0.0.1 /Home/CreateBook/.html
SQL: SHOW COLUMNS FROM `user` [ RunTime:0.0006s ]
SQL: SELECT * FROM `user` WHERE `id` = 1 LIMIT 1   [ RunTime:0.0003s ]

[ 2018-01-24T19:51:24+08:00 ] 127.0.0.1 /Home/CreateBook/getBooks.html
SQL: SHOW COLUMNS FROM `user` [ RunTime:0.0004s ]
SQL: SELECT * FROM `user` WHERE `id` = 1 LIMIT 1   [ RunTime:0.0002s ]
SQL: SHOW COLUMNS FROM `book` [ RunTime:0.0004s ]
SQL: SHOW COLUMNS FROM `book` [ RunTime:0.0009s ]
SQL: SELECT * FROM `book` WHERE ( user_id = 1 ) ORDER BY id asc  [ RunTime:0.0021s ]

[ 2018-01-24T19:52:04+08:00 ] 127.0.0.1 /Home/CreateBook/getTextBooks
SQL: SHOW COLUMNS FROM `user` [ RunTime:0.0009s ]
SQL: SELECT * FROM `user` WHERE `id` = 1 LIMIT 1   [ RunTime:0.0003s ]
SQL: SHOW COLUMNS FROM `book_res` [ RunTime:0.0004s ]
SQL: SHOW COLUMNS FROM `book` [ RunTime:0.0003s ]
SQL: SELECT `id`,`name` FROM `book` WHERE ( user_id = 1 ) ORDER BY id asc  [ RunTime:0.0002s ]
SQL: SHOW COLUMNS FROM `book_res` [ RunTime:0.0003s ]
SQL: SELECT * FROM `book_res` WHERE ( book_id = 1 ) ORDER BY id asc  [ RunTime:0.0003s ]
SQL: SELECT * FROM `book_res` WHERE ( book_id = 2 ) ORDER BY id asc  [ RunTime:0.0002s ]

[ 2018-01-24T19:53:43+08:00 ] 127.0.0.1 /Home/CreateBook/.html
SQL: SHOW COLUMNS FROM `user` [ RunTime:0.0005s ]
SQL: SELECT * FROM `user` WHERE `id` = 1 LIMIT 1   [ RunTime:0.0002s ]

[ 2018-01-24T19:53:43+08:00 ] 127.0.0.1 /Home/CreateBook/.html
SQL: SHOW COLUMNS FROM `user` [ RunTime:0.0004s ]
SQL: SELECT * FROM `user` WHERE `id` = 1 LIMIT 1   [ RunTime:0.0002s ]

[ 2018-01-24T19:53:44+08:00 ] 127.0.0.1 /Home/CreateBook/.html
SQL: SHOW COLUMNS FROM `user` [ RunTime:0.0005s ]
SQL: SELECT * FROM `user` WHERE `id` = 1 LIMIT 1   [ RunTime:0.0003s ]

[ 2018-01-24T19:53:44+08:00 ] 127.0.0.1 /Home/CreateBook/.html
SQL: SHOW COLUMNS FROM `user` [ RunTime:0.0005s ]
SQL: SELECT * FROM `user` WHERE `id` = 1 LIMIT 1   [ RunTime:0.0002s ]

[ 2018-01-24T19:53:44+08:00 ] 127.0.0.1 /Home/CreateBook/.html
SQL: SHOW COLUMNS FROM `user` [ RunTime:0.0004s ]
SQL: SELECT * FROM `user` WHERE `id` = 1 LIMIT 1   [ RunTime:0.0002s ]

[ 2018-01-24T19:53:49+08:00 ] 127.0.0.1 /Home/CreateBook/.html
SQL: SHOW COLUMNS FROM `user` [ RunTime:0.0006s ]
SQL: SELECT * FROM `user` WHERE `id` = 1 LIMIT 1   [ RunTime:0.0003s ]

[ 2018-01-24T19:53:52+08:00 ] 127.0.0.1 /Home/CreateBook/.html
SQL: SHOW COLUMNS FROM `user` [ RunTime:0.0007s ]
SQL: SELECT * FROM `user` WHERE `id` = 1 LIMIT 1   [ RunTime:0.0005s ]

[ 2018-01-24T19:54:11+08:00 ] 127.0.0.1 /Home/CreateBook/.html
SQL: SHOW COLUMNS FROM `user` [ RunTime:0.0004s ]
SQL: SELECT * FROM `user` WHERE `id` = 1 LIMIT 1   [ RunTime:0.0002s ]

[ 2018-01-24T19:54:15+08:00 ] 127.0.0.1 /Home/CreateBook/.html
SQL: SHOW COLUMNS FROM `user` [ RunTime:0.0005s ]
SQL: SELECT * FROM `user` WHERE `id` = 1 LIMIT 1   [ RunTime:0.0003s ]

[ 2018-01-24T19:54:18+08:00 ] 127.0.0.1 /Home/CreateBook/.html
SQL: SHOW COLUMNS FROM `user` [ RunTime:0.0005s ]
SQL: SELECT * FROM `user` WHERE `id` = 1 LIMIT 1   [ RunTime:0.0003s ]

[ 2018-01-24T19:54:19+08:00 ] 127.0.0.1 /Home/CreateBook/.html
SQL: SHOW COLUMNS FROM `user` [ RunTime:0.0004s ]
SQL: SELECT * FROM `user` WHERE `id` = 1 LIMIT 1   [ RunTime:0.0002s ]

[ 2018-01-24T19:54:20+08:00 ] 127.0.0.1 /Home/CreateBook/.html
SQL: SHOW COLUMNS FROM `user` [ RunTime:0.0005s ]
SQL: SELECT * FROM `user` WHERE `id` = 1 LIMIT 1   [ RunTime:0.0002s ]

[ 2018-01-24T19:54:20+08:00 ] 127.0.0.1 /Home/CreateBook/.html
SQL: SHOW COLUMNS FROM `user` [ RunTime:0.0004s ]
SQL: SELECT * FROM `user` WHERE `id` = 1 LIMIT 1   [ RunTime:0.0002s ]

[ 2018-01-24T19:54:21+08:00 ] 127.0.0.1 /Home/CreateBook/.html
SQL: SHOW COLUMNS FROM `user` [ RunTime:0.0005s ]
SQL: SELECT * FROM `user` WHERE `id` = 1 LIMIT 1   [ RunTime:0.0002s ]

[ 2018-01-24T19:54:22+08:00 ] 127.0.0.1 /Home/CreateBook/.html
SQL: SHOW COLUMNS FROM `user` [ RunTime:0.0005s ]
SQL: SELECT * FROM `user` WHERE `id` = 1 LIMIT 1   [ RunTime:0.0002s ]

[ 2018-01-24T19:54:59+08:00 ] 127.0.0.1 /Home/CreateBook/.html
SQL: SHOW COLUMNS FROM `user` [ RunTime:0.0005s ]
SQL: SELECT * FROM `user` WHERE `id` = 1 LIMIT 1   [ RunTime:0.0002s ]

[ 2018-01-24T19:55:00+08:00 ] 127.0.0.1 /Home/CreateBook/.html
SQL: SHOW COLUMNS FROM `user` [ RunTime:0.0005s ]
SQL: SELECT * FROM `user` WHERE `id` = 1 LIMIT 1   [ RunTime:0.0003s ]

[ 2018-01-24T19:55:00+08:00 ] 127.0.0.1 /Home/CreateBook/.html
SQL: SHOW COLUMNS FROM `user` [ RunTime:0.0004s ]
SQL: SELECT * FROM `user` WHERE `id` = 1 LIMIT 1   [ RunTime:0.0003s ]

[ 2018-01-24T19:55:02+08:00 ] 127.0.0.1 /Home/CreateBook/.html
SQL: SHOW COLUMNS FROM `user` [ RunTime:0.0004s ]
SQL: SELECT * FROM `user` WHERE `id` = 1 LIMIT 1   [ RunTime:0.0002s ]

[ 2018-01-24T19:55:10+08:00 ] 127.0.0.1 /Home/CreateBook/.html
SQL: SHOW COLUMNS FROM `user` [ RunTime:0.0004s ]
SQL: SELECT * FROM `user` WHERE `id` = 1 LIMIT 1   [ RunTime:0.0002s ]

[ 2018-01-24T20:02:27+08:00 ] 127.0.0.1 /Home/CreateBook/.html
SQL: SHOW COLUMNS FROM `user` [ RunTime:0.0022s ]
SQL: SELECT * FROM `user` WHERE `id` = 1 LIMIT 1   [ RunTime:0.0007s ]

[ 2018-01-24T20:02:28+08:00 ] 127.0.0.1 /Home/CreateBook/.html
SQL: SHOW COLUMNS FROM `user` [ RunTime:0.0020s ]
SQL: SELECT * FROM `user` WHERE `id` = 1 LIMIT 1   [ RunTime:0.0003s ]

[ 2018-01-24T20:02:28+08:00 ] 127.0.0.1 /Home/CreateBook/.html
SQL: SHOW COLUMNS FROM `user` [ RunTime:0.0023s ]
SQL: SELECT * FROM `user` WHERE `id` = 1 LIMIT 1   [ RunTime:0.0003s ]

[ 2018-01-24T20:03:12+08:00 ] 127.0.0.1 /Home/CreateBook/
SQL: SHOW COLUMNS FROM `user` [ RunTime:0.0007s ]
SQL: SELECT * FROM `user` WHERE `id` = 1 LIMIT 1   [ RunTime:0.0002s ]

[ 2018-01-24T20:03:13+08:00 ] 127.0.0.1 /Home/CreateBook/.html
SQL: SHOW COLUMNS FROM `user` [ RunTime:0.0006s ]
SQL: SELECT * FROM `user` WHERE `id` = 1 LIMIT 1   [ RunTime:0.0003s ]

[ 2018-01-24T20:03:14+08:00 ] 127.0.0.1 /Home/CreateBook/.html
SQL: SHOW COLUMNS FROM `user` [ RunTime:0.0006s ]
SQL: SELECT * FROM `user` WHERE `id` = 1 LIMIT 1   [ RunTime:0.0002s ]

[ 2018-01-24T20:23:48+08:00 ] 127.0.0.1 /Home/CreateBook/getTextBooks
SQL: SHOW COLUMNS FROM `user` [ RunTime:0.0008s ]
SQL: SELECT * FROM `user` WHERE `id` = 1 LIMIT 1   [ RunTime:0.0003s ]
SQL: SHOW COLUMNS FROM `book_res` [ RunTime:0.0006s ]
SQL: SHOW COLUMNS FROM `book` [ RunTime:0.0005s ]
SQL: SELECT `id`,`name` FROM `book` WHERE ( user_id = 1 ) ORDER BY id asc  [ RunTime:0.0005s ]
SQL: SHOW COLUMNS FROM `book_res` [ RunTime:0.0004s ]
SQL: SELECT * FROM `book_res` WHERE ( book_id = 1 ) ORDER BY id asc  [ RunTime:0.0007s ]

[ 2018-01-24T20:24:04+08:00 ] 127.0.0.1 /Home/CreateBook/
SQL: SHOW COLUMNS FROM `user` [ RunTime:0.0006s ]
SQL: SELECT * FROM `user` WHERE `id` = 1 LIMIT 1   [ RunTime:0.0003s ]
NOTIC: [8] Use of undefined constant Home - assumed 'Home' /Library/WebServer/Documents/Study/Runtime/Cache/Home/9de75537d820712f41b7c93af9698975.php 第 58 行.
NOTIC: [8] Use of undefined constant CreateBook - assumed 'CreateBook' /Library/WebServer/Documents/Study/Runtime/Cache/Home/9de75537d820712f41b7c93af9698975.php 第 58 行.
NOTIC: [2] Division by zero /Library/WebServer/Documents/Study/Runtime/Cache/Home/9de75537d820712f41b7c93af9698975.php 第 58 行.
NOTIC: [8] Use of undefined constant createBook - assumed 'createBook' /Library/WebServer/Documents/Study/Runtime/Cache/Home/9de75537d820712f41b7c93af9698975.php 第 58 行.
NOTIC: [2] Division by zero /Library/WebServer/Documents/Study/Runtime/Cache/Home/9de75537d820712f41b7c93af9698975.php 第 58 行.

[ 2018-01-24T20:24:05+08:00 ] 127.0.0.1 /Home/CreateBook/getBooks.html
SQL: SHOW COLUMNS FROM `user` [ RunTime:0.0007s ]
SQL: SELECT * FROM `user` WHERE `id` = 1 LIMIT 1   [ RunTime:0.0003s ]
SQL: SHOW COLUMNS FROM `book` [ RunTime:0.0006s ]
SQL: SHOW COLUMNS FROM `book` [ RunTime:0.0005s ]
SQL: SELECT * FROM `book` WHERE ( user_id = 1 ) ORDER BY id asc  [ RunTime:0.0005s ]

[ 2018-01-24T20:24:07+08:00 ] 127.0.0.1 /Home/CreateBook/getTextBooks.html
SQL: SHOW COLUMNS FROM `user` [ RunTime:0.0006s ]
SQL: SELECT * FROM `user` WHERE `id` = 1 LIMIT 1   [ RunTime:0.0006s ]
SQL: SHOW COLUMNS FROM `book_res` [ RunTime:0.0006s ]
SQL: SHOW COLUMNS FROM `book` [ RunTime:0.0005s ]
SQL: SELECT `id`,`name` FROM `book` WHERE ( user_id = 1 ) ORDER BY id asc  [ RunTime:0.0002s ]
SQL: SHOW COLUMNS FROM `book_res` [ RunTime:0.0003s ]
SQL: SELECT * FROM `book_res` WHERE ( book_id = 1 ) ORDER BY id asc  [ RunTime:0.0003s ]

[ 2018-01-24T20:24:54+08:00 ] 127.0.0.1 /Home/CreateBook/getBooks
SQL: SHOW COLUMNS FROM `user` [ RunTime:0.0010s ]
SQL: SELECT * FROM `user` WHERE `id` = 1 LIMIT 1   [ RunTime:0.0010s ]
SQL: SHOW COLUMNS FROM `book` [ RunTime:0.0008s ]
SQL: SHOW COLUMNS FROM `book` [ RunTime:0.0005s ]
SQL: SELECT * FROM `book` WHERE ( user_id = 1 ) ORDER BY id asc  [ RunTime:0.0003s ]

[ 2018-01-24T20:25:01+08:00 ] 127.0.0.1 /Home/CreateBook/getTextBooks
SQL: SHOW COLUMNS FROM `user` [ RunTime:0.0005s ]
SQL: SELECT * FROM `user` WHERE `id` = 1 LIMIT 1   [ RunTime:0.0002s ]
SQL: SHOW COLUMNS FROM `book_res` [ RunTime:0.0007s ]
SQL: SHOW COLUMNS FROM `book` [ RunTime:0.0005s ]
SQL: SELECT `id`,`name` FROM `book` WHERE ( user_id = 1 ) ORDER BY id asc  [ RunTime:0.0003s ]
SQL: SHOW COLUMNS FROM `book_res` [ RunTime:0.0004s ]
SQL: SELECT * FROM `book_res` WHERE ( book_id = 1 ) ORDER BY id asc  [ RunTime:0.0004s ]

[ 2018-01-24T20:25:48+08:00 ] 127.0.0.1 /Home/CreateBook/
SQL: SHOW COLUMNS FROM `user` [ RunTime:0.0006s ]
SQL: SELECT * FROM `user` WHERE `id` = 1 LIMIT 1   [ RunTime:0.0003s ]
NOTIC: [8] Use of undefined constant Home - assumed 'Home' /Library/WebServer/Documents/Study/Runtime/Cache/Home/9de75537d820712f41b7c93af9698975.php 第 58 行.
NOTIC: [8] Use of undefined constant CreateBook - assumed 'CreateBook' /Library/WebServer/Documents/Study/Runtime/Cache/Home/9de75537d820712f41b7c93af9698975.php 第 58 行.
NOTIC: [2] Division by zero /Library/WebServer/Documents/Study/Runtime/Cache/Home/9de75537d820712f41b7c93af9698975.php 第 58 行.
NOTIC: [8] Use of undefined constant createBook - assumed 'createBook' /Library/WebServer/Documents/Study/Runtime/Cache/Home/9de75537d820712f41b7c93af9698975.php 第 58 行.
NOTIC: [2] Division by zero /Library/WebServer/Documents/Study/Runtime/Cache/Home/9de75537d820712f41b7c93af9698975.php 第 58 行.

[ 2018-01-24T20:25:50+08:00 ] 127.0.0.1 /Home/CreateBook/getTextBooks.html
SQL: SHOW COLUMNS FROM `user` [ RunTime:0.0006s ]
SQL: SELECT * FROM `user` WHERE `id` = 1 LIMIT 1   [ RunTime:0.0004s ]
SQL: SHOW COLUMNS FROM `book_res` [ RunTime:0.0005s ]
SQL: SHOW COLUMNS FROM `book` [ RunTime:0.0005s ]
SQL: SELECT `id`,`name` FROM `book` WHERE ( user_id = 1 ) ORDER BY id asc  [ RunTime:0.0002s ]
SQL: SHOW COLUMNS FROM `book_res` [ RunTime:0.0004s ]
SQL: SELECT * FROM `book_res` WHERE ( book_id = 1 ) ORDER BY id asc  [ RunTime:0.0003s ]

[ 2018-01-24T20:26:49+08:00 ] 127.0.0.1 /Home/CreateBook/
SQL: SHOW COLUMNS FROM `user` [ RunTime:0.0005s ]
SQL: SELECT * FROM `user` WHERE `id` = 1 LIMIT 1   [ RunTime:0.0003s ]
NOTIC: [8] Use of undefined constant Home - assumed 'Home' /Library/WebServer/Documents/Study/Runtime/Cache/Home/9de75537d820712f41b7c93af9698975.php 第 58 行.
NOTIC: [8] Use of undefined constant CreateBook - assumed 'CreateBook' /Library/WebServer/Documents/Study/Runtime/Cache/Home/9de75537d820712f41b7c93af9698975.php 第 58 行.
NOTIC: [2] Division by zero /Library/WebServer/Documents/Study/Runtime/Cache/Home/9de75537d820712f41b7c93af9698975.php 第 58 行.
NOTIC: [8] Use of undefined constant createBook - assumed 'createBook' /Library/WebServer/Documents/Study/Runtime/Cache/Home/9de75537d820712f41b7c93af9698975.php 第 58 行.
NOTIC: [2] Division by zero /Library/WebServer/Documents/Study/Runtime/Cache/Home/9de75537d820712f41b7c93af9698975.php 第 58 行.

[ 2018-01-24T20:29:35+08:00 ] 127.0.0.1 /Home/CreateBook/getTextBooks.html
SQL: SHOW COLUMNS FROM `user` [ RunTime:0.0005s ]
SQL: SELECT * FROM `user` WHERE `id` = 1 LIMIT 1   [ RunTime:0.0003s ]
SQL: SHOW COLUMNS FROM `book_res` [ RunTime:0.0006s ]
SQL: SHOW COLUMNS FROM `book` [ RunTime:0.0005s ]
SQL: SELECT `id`,`name` FROM `book` WHERE ( user_id = 1 ) ORDER BY id asc  [ RunTime:0.0002s ]
SQL: SHOW COLUMNS FROM `book_res` [ RunTime:0.0004s ]
SQL: SELECT * FROM `book_res` WHERE ( book_id = 1 ) ORDER BY id asc  [ RunTime:0.0004s ]

[ 2018-01-24T20:32:33+08:00 ] 127.0.0.1 /Home/CreateBook/.html
SQL: SHOW COLUMNS FROM `user` [ RunTime:0.0005s ]
SQL: SELECT * FROM `user` WHERE `id` = 1 LIMIT 1   [ RunTime:0.0003s ]
NOTIC: [8] Use of undefined constant Home - assumed 'Home' /Library/WebServer/Documents/Study/Runtime/Cache/Home/9de75537d820712f41b7c93af9698975.php 第 58 行.
NOTIC: [8] Use of undefined constant CreateBook - assumed 'CreateBook' /Library/WebServer/Documents/Study/Runtime/Cache/Home/9de75537d820712f41b7c93af9698975.php 第 58 行.
NOTIC: [2] Division by zero /Library/WebServer/Documents/Study/Runtime/Cache/Home/9de75537d820712f41b7c93af9698975.php 第 58 行.
NOTIC: [8] Use of undefined constant createBook - assumed 'createBook' /Library/WebServer/Documents/Study/Runtime/Cache/Home/9de75537d820712f41b7c93af9698975.php 第 58 行.
NOTIC: [2] Division by zero /Library/WebServer/Documents/Study/Runtime/Cache/Home/9de75537d820712f41b7c93af9698975.php 第 58 行.

[ 2018-01-24T20:32:44+08:00 ] 127.0.0.1 /Home/CreateBook/.html
SQL: SHOW COLUMNS FROM `user` [ RunTime:0.0005s ]
SQL: SELECT * FROM `user` WHERE `id` = 1 LIMIT 1   [ RunTime:0.0003s ]
NOTIC: [8] Use of undefined constant Home - assumed 'Home' /Library/WebServer/Documents/Study/Runtime/Cache/Home/9de75537d820712f41b7c93af9698975.php 第 58 行.
NOTIC: [8] Use of undefined constant CreateBook - assumed 'CreateBook' /Library/WebServer/Documents/Study/Runtime/Cache/Home/9de75537d820712f41b7c93af9698975.php 第 58 行.
NOTIC: [2] Division by zero /Library/WebServer/Documents/Study/Runtime/Cache/Home/9de75537d820712f41b7c93af9698975.php 第 58 行.
NOTIC: [8] Use of undefined constant createBook - assumed 'createBook' /Library/WebServer/Documents/Study/Runtime/Cache/Home/9de75537d820712f41b7c93af9698975.php 第 58 行.
NOTIC: [2] Division by zero /Library/WebServer/Documents/Study/Runtime/Cache/Home/9de75537d820712f41b7c93af9698975.php 第 58 行.

[ 2018-01-24T20:32:46+08:00 ] 127.0.0.1 /Home/CreateBook/getBooks.html
SQL: SHOW COLUMNS FROM `user` [ RunTime:0.0012s ]
SQL: SELECT * FROM `user` WHERE `id` = 1 LIMIT 1   [ RunTime:0.0003s ]
SQL: SHOW COLUMNS FROM `book` [ RunTime:0.0005s ]
SQL: SHOW COLUMNS FROM `book` [ RunTime:0.0004s ]
SQL: SELECT * FROM `book` WHERE ( user_id = 1 ) ORDER BY id asc  [ RunTime:0.0002s ]

[ 2018-01-24T20:32:47+08:00 ] 127.0.0.1 /Home/CreateBook/.html
SQL: SHOW COLUMNS FROM `user` [ RunTime:0.0004s ]
SQL: SELECT * FROM `user` WHERE `id` = 1 LIMIT 1   [ RunTime:0.0002s ]
NOTIC: [8] Use of undefined constant Home - assumed 'Home' /Library/WebServer/Documents/Study/Runtime/Cache/Home/9de75537d820712f41b7c93af9698975.php 第 58 行.
NOTIC: [8] Use of undefined constant CreateBook - assumed 'CreateBook' /Library/WebServer/Documents/Study/Runtime/Cache/Home/9de75537d820712f41b7c93af9698975.php 第 58 行.
NOTIC: [2] Division by zero /Library/WebServer/Documents/Study/Runtime/Cache/Home/9de75537d820712f41b7c93af9698975.php 第 58 行.
NOTIC: [8] Use of undefined constant createBook - assumed 'createBook' /Library/WebServer/Documents/Study/Runtime/Cache/Home/9de75537d820712f41b7c93af9698975.php 第 58 行.
NOTIC: [2] Division by zero /Library/WebServer/Documents/Study/Runtime/Cache/Home/9de75537d820712f41b7c93af9698975.php 第 58 行.

[ 2018-01-24T20:32:48+08:00 ] 127.0.0.1 /Home/CreateBook/getBooks.html
SQL: SHOW COLUMNS FROM `user` [ RunTime:0.0005s ]
SQL: SELECT * FROM `user` WHERE `id` = 1 LIMIT 1   [ RunTime:0.0002s ]
SQL: SHOW COLUMNS FROM `book` [ RunTime:0.0003s ]
SQL: SHOW COLUMNS FROM `book` [ RunTime:0.0004s ]
SQL: SELECT * FROM `book` WHERE ( user_id = 1 ) ORDER BY id asc  [ RunTime:0.0002s ]

[ 2018-01-24T20:32:48+08:00 ] 127.0.0.1 /Home/CreateBook/.html
SQL: SHOW COLUMNS FROM `user` [ RunTime:0.0004s ]
SQL: SELECT * FROM `user` WHERE `id` = 1 LIMIT 1   [ RunTime:0.0002s ]
NOTIC: [8] Use of undefined constant Home - assumed 'Home' /Library/WebServer/Documents/Study/Runtime/Cache/Home/9de75537d820712f41b7c93af9698975.php 第 58 行.
NOTIC: [8] Use of undefined constant CreateBook - assumed 'CreateBook' /Library/WebServer/Documents/Study/Runtime/Cache/Home/9de75537d820712f41b7c93af9698975.php 第 58 行.
NOTIC: [2] Division by zero /Library/WebServer/Documents/Study/Runtime/Cache/Home/9de75537d820712f41b7c93af9698975.php 第 58 行.
NOTIC: [8] Use of undefined constant createBook - assumed 'createBook' /Library/WebServer/Documents/Study/Runtime/Cache/Home/9de75537d820712f41b7c93af9698975.php 第 58 行.
NOTIC: [2] Division by zero /Library/WebServer/Documents/Study/Runtime/Cache/Home/9de75537d820712f41b7c93af9698975.php 第 58 行.

[ 2018-01-24T20:55:33+08:00 ] 127.0.0.1 /Home/CreateBook/
SQL: SHOW COLUMNS FROM `user` [ RunTime:0.0018s ]
SQL: SELECT * FROM `user` WHERE `id` = 1 LIMIT 1   [ RunTime:0.0005s ]
NOTIC: [8] Use of undefined constant Home - assumed 'Home' /Library/WebServer/Documents/Study/Runtime/Cache/Home/9de75537d820712f41b7c93af9698975.php 第 134 行.
NOTIC: [8] Use of undefined constant CreateBook - assumed 'CreateBook' /Library/WebServer/Documents/Study/Runtime/Cache/Home/9de75537d820712f41b7c93af9698975.php 第 134 行.
NOTIC: [2] Division by zero /Library/WebServer/Documents/Study/Runtime/Cache/Home/9de75537d820712f41b7c93af9698975.php 第 134 行.
NOTIC: [8] Use of undefined constant createBooktext - assumed 'createBooktext' /Library/WebServer/Documents/Study/Runtime/Cache/Home/9de75537d820712f41b7c93af9698975.php 第 134 行.
NOTIC: [2] Division by zero /Library/WebServer/Documents/Study/Runtime/Cache/Home/9de75537d820712f41b7c93af9698975.php 第 134 行.

[ 2018-01-24T20:55:53+08:00 ] 127.0.0.1 /Home/CreateBook/
SQL: SHOW COLUMNS FROM `user` [ RunTime:0.0013s ]
SQL: SELECT * FROM `user` WHERE `id` = 1 LIMIT 1   [ RunTime:0.0016s ]
NOTIC: [8] Use of undefined constant Home - assumed 'Home' /Library/WebServer/Documents/Study/Runtime/Cache/Home/9de75537d820712f41b7c93af9698975.php 第 134 行.
NOTIC: [8] Use of undefined constant CreateBook - assumed 'CreateBook' /Library/WebServer/Documents/Study/Runtime/Cache/Home/9de75537d820712f41b7c93af9698975.php 第 134 行.
NOTIC: [2] Division by zero /Library/WebServer/Documents/Study/Runtime/Cache/Home/9de75537d820712f41b7c93af9698975.php 第 134 行.
NOTIC: [8] Use of undefined constant createBooktext - assumed 'createBooktext' /Library/WebServer/Documents/Study/Runtime/Cache/Home/9de75537d820712f41b7c93af9698975.php 第 134 行.
NOTIC: [2] Division by zero /Library/WebServer/Documents/Study/Runtime/Cache/Home/9de75537d820712f41b7c93af9698975.php 第 134 行.

[ 2018-01-24T20:59:51+08:00 ] 127.0.0.1 /Home/CreateBook/
SQL: SHOW COLUMNS FROM `user` [ RunTime:0.0006s ]
SQL: SELECT * FROM `user` WHERE `id` = 1 LIMIT 1   [ RunTime:0.0003s ]
NOTIC: [8] Use of undefined constant Home - assumed 'Home' /Library/WebServer/Documents/Study/Runtime/Cache/Home/9de75537d820712f41b7c93af9698975.php 第 134 行.
NOTIC: [8] Use of undefined constant CreateBook - assumed 'CreateBook' /Library/WebServer/Documents/Study/Runtime/Cache/Home/9de75537d820712f41b7c93af9698975.php 第 134 行.
NOTIC: [2] Division by zero /Library/WebServer/Documents/Study/Runtime/Cache/Home/9de75537d820712f41b7c93af9698975.php 第 134 行.
NOTIC: [8] Use of undefined constant createBooktext - assumed 'createBooktext' /Library/WebServer/Documents/Study/Runtime/Cache/Home/9de75537d820712f41b7c93af9698975.php 第 134 行.
NOTIC: [2] Division by zero /Library/WebServer/Documents/Study/Runtime/Cache/Home/9de75537d820712f41b7c93af9698975.php 第 134 行.

[ 2018-01-24T21:09:57+08:00 ] 127.0.0.1 /Home/CreateBook/
SQL: SHOW COLUMNS FROM `user` [ RunTime:0.0006s ]
SQL: SELECT * FROM `user` WHERE `id` = 1 LIMIT 1   [ RunTime:0.0003s ]
NOTIC: [8] Use of undefined constant Home - assumed 'Home' /Library/WebServer/Documents/Study/Runtime/Cache/Home/9de75537d820712f41b7c93af9698975.php 第 134 行.
NOTIC: [8] Use of undefined constant CreateBook - assumed 'CreateBook' /Library/WebServer/Documents/Study/Runtime/Cache/Home/9de75537d820712f41b7c93af9698975.php 第 134 行.
NOTIC: [2] Division by zero /Library/WebServer/Documents/Study/Runtime/Cache/Home/9de75537d820712f41b7c93af9698975.php 第 134 行.
NOTIC: [8] Use of undefined constant createBooktext - assumed 'createBooktext' /Library/WebServer/Documents/Study/Runtime/Cache/Home/9de75537d820712f41b7c93af9698975.php 第 134 行.
NOTIC: [2] Division by zero /Library/WebServer/Documents/Study/Runtime/Cache/Home/9de75537d820712f41b7c93af9698975.php 第 134 行.

[ 2018-01-24T21:10:03+08:00 ] 127.0.0.1 /Home/CreateBook/index.html?bookName=&bookClassify=&unitCount=5&file=&file=&file=&file=&file=&file=&file=&file=&file=&file=
SQL: SHOW COLUMNS FROM `user` [ RunTime:0.0012s ]
SQL: SELECT * FROM `user` WHERE `id` = 1 LIMIT 1   [ RunTime:0.0003s ]
NOTIC: [8] Use of undefined constant Home - assumed 'Home' /Library/WebServer/Documents/Study/Runtime/Cache/Home/9de75537d820712f41b7c93af9698975.php 第 134 行.
NOTIC: [8] Use of undefined constant CreateBook - assumed 'CreateBook' /Library/WebServer/Documents/Study/Runtime/Cache/Home/9de75537d820712f41b7c93af9698975.php 第 134 行.
NOTIC: [2] Division by zero /Library/WebServer/Documents/Study/Runtime/Cache/Home/9de75537d820712f41b7c93af9698975.php 第 134 行.
NOTIC: [8] Use of undefined constant createBooktext - assumed 'createBooktext' /Library/WebServer/Documents/Study/Runtime/Cache/Home/9de75537d820712f41b7c93af9698975.php 第 134 行.
NOTIC: [2] Division by zero /Library/WebServer/Documents/Study/Runtime/Cache/Home/9de75537d820712f41b7c93af9698975.php 第 134 行.

[ 2018-01-24T21:10:34+08:00 ] 127.0.0.1 /Home/CreateBook/index.html?bookName=&bookClassify=&unitCount=5&file=&file=&file=&file=&file=&file=&file=&file=&file=&file=
SQL: SHOW COLUMNS FROM `user` [ RunTime:0.0007s ]
SQL: SELECT * FROM `user` WHERE `id` = 1 LIMIT 1   [ RunTime:0.0003s ]

[ 2018-01-24T21:10:37+08:00 ] 127.0.0.1 /Home/CreateBook/.html
SQL: SHOW COLUMNS FROM `user` [ RunTime:0.0005s ]
SQL: SELECT * FROM `user` WHERE `id` = 1 LIMIT 1   [ RunTime:0.0003s ]

[ 2018-01-24T21:10:38+08:00 ] 127.0.0.1 /Home/CreateBook/.html
SQL: SHOW COLUMNS FROM `user` [ RunTime:0.0008s ]
SQL: SELECT * FROM `user` WHERE `id` = 1 LIMIT 1   [ RunTime:0.0003s ]

[ 2018-01-24T21:11:14+08:00 ] 127.0.0.1 /Home/CreateBook/.html
SQL: SHOW COLUMNS FROM `user` [ RunTime:0.0007s ]
SQL: SELECT * FROM `user` WHERE `id` = 1 LIMIT 1   [ RunTime:0.0002s ]

[ 2018-01-24T21:11:43+08:00 ] 127.0.0.1 /Home/CreateBook/index.html?bookName=&bookClassify=&unitCount=5&file=&file=&file=&file=&file=&file=&file=&file=&file=&file=
SQL: SHOW COLUMNS FROM `user` [ RunTime:0.0005s ]
SQL: SELECT * FROM `user` WHERE `id` = 1 LIMIT 1   [ RunTime:0.0003s ]

[ 2018-01-24T21:13:24+08:00 ] 127.0.0.1 /Home/CreateBook/.html
SQL: SHOW COLUMNS FROM `user` [ RunTime:0.0005s ]
SQL: SELECT * FROM `user` WHERE `id` = 1 LIMIT 1   [ RunTime:0.0003s ]

[ 2018-01-24T21:13:33+08:00 ] 127.0.0.1 /Home/CreateBook/index.html
SQL: SHOW COLUMNS FROM `user` [ RunTime:0.0011s ]
SQL: SELECT * FROM `user` WHERE `id` = 1 LIMIT 1   [ RunTime:0.0003s ]

[ 2018-01-24T21:13:35+08:00 ] 127.0.0.1 /Home/CreateBook/createBooktext.html?bookName=&bookClassify=&unitCount=
SQL: SHOW COLUMNS FROM `user` [ RunTime:0.0007s ]
SQL: SELECT * FROM `user` WHERE `id` = 1 LIMIT 1   [ RunTime:0.0005s ]

[ 2018-01-24T21:13:44+08:00 ] 127.0.0.1 /Home/CreateBook/createBooktext.html?bookName=&bookClassify=&unitCount=5&file=&file=&file=&file=&file=&file=&file=&file=&file=&file=
SQL: SHOW COLUMNS FROM `user` [ RunTime:0.0005s ]
SQL: SELECT * FROM `user` WHERE `id` = 1 LIMIT 1   [ RunTime:0.0003s ]

[ 2018-01-24T21:13:53+08:00 ] 127.0.0.1 /Home/CreateBook/.html
SQL: SHOW COLUMNS FROM `user` [ RunTime:0.0006s ]
SQL: SELECT * FROM `user` WHERE `id` = 1 LIMIT 1   [ RunTime:0.0005s ]

[ 2018-01-24T21:13:54+08:00 ] 127.0.0.1 /Home/CreateBook/.html
SQL: SHOW COLUMNS FROM `user` [ RunTime:0.0005s ]
SQL: SELECT * FROM `user` WHERE `id` = 1 LIMIT 1   [ RunTime:0.0003s ]

[ 2018-01-24T21:13:56+08:00 ] 127.0.0.1 /Home/CreateBook/.html
SQL: SHOW COLUMNS FROM `user` [ RunTime:0.0005s ]
SQL: SELECT * FROM `user` WHERE `id` = 1 LIMIT 1   [ RunTime:0.0002s ]

[ 2018-01-24T21:13:56+08:00 ] 127.0.0.1 /Home/CreateBook/.html
SQL: SHOW COLUMNS FROM `user` [ RunTime:0.0004s ]
SQL: SELECT * FROM `user` WHERE `id` = 1 LIMIT 1   [ RunTime:0.0002s ]

[ 2018-01-24T21:13:57+08:00 ] 127.0.0.1 /Home/CreateBook/.html
SQL: SHOW COLUMNS FROM `user` [ RunTime:0.0005s ]
SQL: SELECT * FROM `user` WHERE `id` = 1 LIMIT 1   [ RunTime:0.0003s ]

[ 2018-01-24T21:13:57+08:00 ] 127.0.0.1 /Home/CreateBook/.html
SQL: SHOW COLUMNS FROM `user` [ RunTime:0.0006s ]
SQL: SELECT * FROM `user` WHERE `id` = 1 LIMIT 1   [ RunTime:0.0003s ]

[ 2018-01-24T21:13:57+08:00 ] 127.0.0.1 /Home/CreateBook/.html
SQL: SHOW COLUMNS FROM `user` [ RunTime:0.0004s ]
SQL: SELECT * FROM `user` WHERE `id` = 1 LIMIT 1   [ RunTime:0.0003s ]

[ 2018-01-24T21:13:57+08:00 ] 127.0.0.1 /Home/CreateBook/.html
SQL: SHOW COLUMNS FROM `user` [ RunTime:0.0004s ]
SQL: SELECT * FROM `user` WHERE `id` = 1 LIMIT 1   [ RunTime:0.0002s ]

[ 2018-01-24T21:13:58+08:00 ] 127.0.0.1 /Home/CreateBook/getBooks.html
SQL: SHOW COLUMNS FROM `user` [ RunTime:0.0004s ]
SQL: SELECT * FROM `user` WHERE `id` = 1 LIMIT 1   [ RunTime:0.0002s ]
SQL: SHOW COLUMNS FROM `book` [ RunTime:0.0020s ]
SQL: SHOW COLUMNS FROM `book` [ RunTime:0.0010s ]
SQL: SELECT * FROM `book` WHERE ( user_id = 1 ) ORDER BY id asc  [ RunTime:0.0007s ]

[ 2018-01-24T21:13:59+08:00 ] 127.0.0.1 /Home/CreateBook/.html
SQL: SHOW COLUMNS FROM `user` [ RunTime:0.0010s ]
SQL: SELECT * FROM `user` WHERE `id` = 1 LIMIT 1   [ RunTime:0.0006s ]

[ 2018-01-24T21:14:00+08:00 ] 127.0.0.1 /Home/CreateBook/.html
SQL: SHOW COLUMNS FROM `user` [ RunTime:0.0008s ]
SQL: SELECT * FROM `user` WHERE `id` = 1 LIMIT 1   [ RunTime:0.0004s ]

[ 2018-01-24T21:14:00+08:00 ] 127.0.0.1 /Home/CreateBook/.html
SQL: SHOW COLUMNS FROM `user` [ RunTime:0.0008s ]
SQL: SELECT * FROM `user` WHERE `id` = 1 LIMIT 1   [ RunTime:0.0004s ]

[ 2018-01-24T21:14:03+08:00 ] 127.0.0.1 /Home/CreateBook/.html
SQL: SHOW COLUMNS FROM `user` [ RunTime:0.0004s ]
SQL: SELECT * FROM `user` WHERE `id` = 1 LIMIT 1   [ RunTime:0.0002s ]

[ 2018-01-24T21:14:06+08:00 ] 127.0.0.1 /Home/CreateBook/.html
SQL: SHOW COLUMNS FROM `user` [ RunTime:0.0017s ]
SQL: SELECT * FROM `user` WHERE `id` = 1 LIMIT 1   [ RunTime:0.0005s ]

[ 2018-01-24T21:14:08+08:00 ] 127.0.0.1 /Home/CreateBook/createBooktext.html?bookName=&bookClassify=&unitCount=5&file=&file=&file=&file=&file=&file=&file=&file=&file=&file=
SQL: SHOW COLUMNS FROM `user` [ RunTime:0.0019s ]
SQL: SELECT * FROM `user` WHERE `id` = 1 LIMIT 1   [ RunTime:0.0002s ]

[ 2018-01-24T21:14:11+08:00 ] 127.0.0.1 /Home/CreateBook/.html
SQL: SHOW COLUMNS FROM `user` [ RunTime:0.0008s ]
SQL: SELECT * FROM `user` WHERE `id` = 1 LIMIT 1   [ RunTime:0.0003s ]

[ 2018-01-24T21:14:20+08:00 ] 127.0.0.1 /Home/CreateBook/index.html
SQL: SHOW COLUMNS FROM `user` [ RunTime:0.0017s ]
SQL: SELECT * FROM `user` WHERE `id` = 1 LIMIT 1   [ RunTime:0.0002s ]

[ 2018-01-24T21:14:22+08:00 ] 127.0.0.1 /Home/CreateBook/.html
SQL: SHOW COLUMNS FROM `user` [ RunTime:0.0013s ]
SQL: SELECT * FROM `user` WHERE `id` = 1 LIMIT 1   [ RunTime:0.0006s ]

[ 2018-01-24T21:14:23+08:00 ] 127.0.0.1 /Home/CreateBook/.html
SQL: SHOW COLUMNS FROM `user` [ RunTime:0.0020s ]
SQL: SELECT * FROM `user` WHERE `id` = 1 LIMIT 1   [ RunTime:0.0002s ]

[ 2018-01-24T21:14:23+08:00 ] 127.0.0.1 /Home/CreateBook/.html
SQL: SHOW COLUMNS FROM `user` [ RunTime:0.0005s ]
SQL: SELECT * FROM `user` WHERE `id` = 1 LIMIT 1   [ RunTime:0.0003s ]

[ 2018-01-24T21:14:37+08:00 ] 127.0.0.1 /Home/CreateBook/index.html
SQL: SHOW COLUMNS FROM `user` [ RunTime:0.0005s ]
SQL: SELECT * FROM `user` WHERE `id` = 1 LIMIT 1   [ RunTime:0.0002s ]

[ 2018-01-24T21:14:38+08:00 ] 127.0.0.1 /Home/CreateBook/.html
SQL: SHOW COLUMNS FROM `user` [ RunTime:0.0005s ]
SQL: SELECT * FROM `user` WHERE `id` = 1 LIMIT 1   [ RunTime:0.0002s ]

[ 2018-01-24T21:15:00+08:00 ] 127.0.0.1 /Home/CreateBook/index.html
SQL: SHOW COLUMNS FROM `user` [ RunTime:0.0005s ]
SQL: SELECT * FROM `user` WHERE `id` = 1 LIMIT 1   [ RunTime:0.0002s ]

[ 2018-01-24T21:15:01+08:00 ] 127.0.0.1 /Home/CreateBook/.html
SQL: SHOW COLUMNS FROM `user` [ RunTime:0.0005s ]
SQL: SELECT * FROM `user` WHERE `id` = 1 LIMIT 1   [ RunTime:0.0003s ]

[ 2018-01-24T21:27:07+08:00 ] 127.0.0.1 /Home/CreateBook/index.html
SQL: SHOW COLUMNS FROM `user` [ RunTime:0.0013s ]
SQL: SELECT * FROM `user` WHERE `id` = 1 LIMIT 1   [ RunTime:0.0004s ]

[ 2018-01-24T21:27:08+08:00 ] 127.0.0.1 /Home/CreateBook/.html
SQL: SHOW COLUMNS FROM `user` [ RunTime:0.0005s ]
SQL: SELECT * FROM `user` WHERE `id` = 1 LIMIT 1   [ RunTime:0.0003s ]

[ 2018-01-24T21:29:03+08:00 ] 127.0.0.1 /Home/CreateBook/index.html
SQL: SHOW COLUMNS FROM `user` [ RunTime:0.0005s ]
SQL: SELECT * FROM `user` WHERE `id` = 1 LIMIT 1   [ RunTime:0.0002s ]

[ 2018-01-24T21:29:12+08:00 ] 127.0.0.1 /Home/CreateBook/createBooktext.html?bookName=&bookClassify=&unitCount=5&file=&file=&file=&file=&file=&file=&file=&file=&file=&file=
SQL: SHOW COLUMNS FROM `user` [ RunTime:0.0005s ]
SQL: SELECT * FROM `user` WHERE `id` = 1 LIMIT 1   [ RunTime:0.0003s ]

[ 2018-01-24T21:29:51+08:00 ] 127.0.0.1 /Home/CreateBook/index.html
SQL: SHOW COLUMNS FROM `user` [ RunTime:0.0005s ]
SQL: SELECT * FROM `user` WHERE `id` = 1 LIMIT 1   [ RunTime:0.0003s ]

[ 2018-01-24T21:29:59+08:00 ] 127.0.0.1 /Home/CreateBook/createBooktext.html
SQL: SHOW COLUMNS FROM `user` [ RunTime:0.0004s ]
SQL: SELECT * FROM `user` WHERE `id` = 1 LIMIT 1   [ RunTime:0.0003s ]

[ 2018-01-24T21:30:29+08:00 ] 127.0.0.1 /Home/CreateBook/createBooktext.html
SQL: SHOW COLUMNS FROM `user` [ RunTime:0.0005s ]
SQL: SELECT * FROM `user` WHERE `id` = 1 LIMIT 1   [ RunTime:0.0003s ]

[ 2018-01-24T21:30:37+08:00 ] 127.0.0.1 /Home/CreateBook/createBooktext.html
SQL: SHOW COLUMNS FROM `user` [ RunTime:0.0009s ]
SQL: SELECT * FROM `user` WHERE `id` = 1 LIMIT 1   [ RunTime:0.0003s ]

[ 2018-01-24T21:31:41+08:00 ] 127.0.0.1 /Home/CreateBook/createBooktext.html
SQL: SHOW COLUMNS FROM `user` [ RunTime:0.0004s ]
SQL: SELECT * FROM `user` WHERE `id` = 1 LIMIT 1   [ RunTime:0.0003s ]

[ 2018-01-24T21:32:07+08:00 ] 127.0.0.1 /Home/CreateBook/createBooktext.html
SQL: SHOW COLUMNS FROM `user` [ RunTime:0.0006s ]
SQL: SELECT * FROM `user` WHERE `id` = 1 LIMIT 1   [ RunTime:0.0003s ]

[ 2018-01-24T21:33:18+08:00 ] 127.0.0.1 /Home/CreateBook/index.html
SQL: SHOW COLUMNS FROM `user` [ RunTime:0.0005s ]
SQL: SELECT * FROM `user` WHERE `id` = 1 LIMIT 1   [ RunTime:0.0003s ]

[ 2018-01-24T21:33:41+08:00 ] 127.0.0.1 /Home/CreateBook/createBooktext.html
SQL: SHOW COLUMNS FROM `user` [ RunTime:0.0007s ]
SQL: SELECT * FROM `user` WHERE `id` = 1 LIMIT 1   [ RunTime:0.0003s ]

[ 2018-01-24T21:53:58+08:00 ] 127.0.0.1 /Home/CreateBook/createBooktext.html
SQL: SHOW COLUMNS FROM `user` [ RunTime:0.0007s ]
SQL: SELECT * FROM `user` WHERE `id` = 1 LIMIT 1   [ RunTime:0.0003s ]

[ 2018-01-24T21:54:06+08:00 ] 127.0.0.1 /Home/CreateBook/createBooktext.html
SQL: SHOW COLUMNS FROM `user` [ RunTime:0.0005s ]
SQL: SELECT * FROM `user` WHERE `id` = 1 LIMIT 1   [ RunTime:0.0002s ]

[ 2018-01-24T21:56:07+08:00 ] 127.0.0.1 /Home/CreateBook/createBooktext.html
SQL: SHOW COLUMNS FROM `user` [ RunTime:0.0013s ]
SQL: SELECT * FROM `user` WHERE `id` = 1 LIMIT 1   [ RunTime:0.0003s ]
NOTIC: [8] Undefined index: file1 /Library/WebServer/Documents/Study/Application/Home/Controller/CreateBookController.class.php 第 66 行.

[ 2018-01-24T21:56:11+08:00 ] 127.0.0.1 /Home/CreateBook/createBooktext.html
SQL: SHOW COLUMNS FROM `user` [ RunTime:0.0005s ]
SQL: SELECT * FROM `user` WHERE `id` = 1 LIMIT 1   [ RunTime:0.0003s ]
NOTIC: [8] Undefined index: file1 /Library/WebServer/Documents/Study/Application/Home/Controller/CreateBookController.class.php 第 66 行.

[ 2018-01-24T21:56:15+08:00 ] 127.0.0.1 /Home/CreateBook/createBooktext.html
SQL: SHOW COLUMNS FROM `user` [ RunTime:0.0005s ]
SQL: SELECT * FROM `user` WHERE `id` = 1 LIMIT 1   [ RunTime:0.0003s ]
NOTIC: [8] Undefined index: file1 /Library/WebServer/Documents/Study/Application/Home/Controller/CreateBookController.class.php 第 66 行.

[ 2018-01-24T21:56:23+08:00 ] 127.0.0.1 /Home/CreateBook/createBooktext.html
SQL: SHOW COLUMNS FROM `user` [ RunTime:0.0006s ]
SQL: SELECT * FROM `user` WHERE `id` = 1 LIMIT 1   [ RunTime:0.0003s ]
NOTIC: [8] Undefined index: file1 /Library/WebServer/Documents/Study/Application/Home/Controller/CreateBookController.class.php 第 66 行.

[ 2018-01-24T21:58:17+08:00 ] 127.0.0.1 /Home/CreateBook/index.html
SQL: SHOW COLUMNS FROM `user` [ RunTime:0.0006s ]
SQL: SELECT * FROM `user` WHERE `id` = 1 LIMIT 1   [ RunTime:0.0003s ]

[ 2018-01-24T21:58:24+08:00 ] 127.0.0.1 /Home/CreateBook/createBooktext.html
SQL: SHOW COLUMNS FROM `user` [ RunTime:0.0005s ]
SQL: SELECT * FROM `user` WHERE `id` = 1 LIMIT 1   [ RunTime:0.0002s ]
NOTIC: [8] Undefined index: file1[0] /Library/WebServer/Documents/Study/Application/Home/Controller/CreateBookController.class.php 第 66 行.

[ 2018-01-24T21:58:36+08:00 ] 127.0.0.1 /Home/CreateBook/createBooktext.html
SQL: SHOW COLUMNS FROM `user` [ RunTime:0.0008s ]
SQL: SELECT * FROM `user` WHERE `id` = 1 LIMIT 1   [ RunTime:0.0003s ]
NOTIC: [8] Undefined index: file1 /Library/WebServer/Documents/Study/Application/Home/Controller/CreateBookController.class.php 第 66 行.

[ 2018-01-24T21:58:39+08:00 ] 127.0.0.1 /Home/CreateBook/createBooktext.html
SQL: SHOW COLUMNS FROM `user` [ RunTime:0.0005s ]
SQL: SELECT * FROM `user` WHERE `id` = 1 LIMIT 1   [ RunTime:0.0003s ]
NOTIC: [8] Undefined index: file1 /Library/WebServer/Documents/Study/Application/Home/Controller/CreateBookController.class.php 第 66 行.

[ 2018-01-24T21:58:50+08:00 ] 127.0.0.1 /Home/CreateBook/createBooktext.html
SQL: SHOW COLUMNS FROM `user` [ RunTime:0.0004s ]
SQL: SELECT * FROM `user` WHERE `id` = 1 LIMIT 1   [ RunTime:0.0003s ]
NOTIC: [8] Undefined index: file1 /Library/WebServer/Documents/Study/Application/Home/Controller/CreateBookController.class.php 第 66 行.

[ 2018-01-24T21:59:34+08:00 ] 127.0.0.1 /Home/CreateBook/createBooktext.html
SQL: SHOW COLUMNS FROM `user` [ RunTime:0.0005s ]
SQL: SELECT * FROM `user` WHERE `id` = 1 LIMIT 1   [ RunTime:0.0003s ]
NOTIC: [8] Undefined index: file1 /Library/WebServer/Documents/Study/Application/Home/Controller/CreateBookController.class.php 第 66 行.

[ 2018-01-24T22:00:22+08:00 ] 127.0.0.1 /Home/CreateBook/index.html
SQL: SHOW COLUMNS FROM `user` [ RunTime:0.0005s ]
SQL: SELECT * FROM `user` WHERE `id` = 1 LIMIT 1   [ RunTime:0.0003s ]

[ 2018-01-24T22:00:53+08:00 ] 127.0.0.1 /Home/CreateBook/createBooktext.html
SQL: SHOW COLUMNS FROM `user` [ RunTime:0.0004s ]
SQL: SELECT * FROM `user` WHERE `id` = 1 LIMIT 1   [ RunTime:0.0002s ]
NOTIC: [8] Undefined index: file1 /Library/WebServer/Documents/Study/Application/Home/Controller/CreateBookController.class.php 第 66 行.

[ 2018-01-24T22:47:46+08:00 ] 127.0.0.1 /Home/CreateBook/createBooktext.html
SQL: SHOW COLUMNS FROM `user` [ RunTime:0.0013s ]
SQL: SELECT * FROM `user` WHERE `id` = 1 LIMIT 1   [ RunTime:0.0004s ]
NOTIC: [8] Undefined index: file1 /Library/WebServer/Documents/Study/Application/Home/Controller/CreateBookController.class.php 第 66 行.

[ 2018-01-24T22:48:57+08:00 ] 127.0.0.1 /Home/CreateBook/index.html
SQL: SHOW COLUMNS FROM `user` [ RunTime:0.0006s ]
SQL: SELECT * FROM `user` WHERE `id` = 1 LIMIT 1   [ RunTime:0.0003s ]

[ 2018-01-24T22:49:07+08:00 ] 127.0.0.1 /Home/CreateBook/createBooktext.html
SQL: SHOW COLUMNS FROM `user` [ RunTime:0.0005s ]
SQL: SELECT * FROM `user` WHERE `id` = 1 LIMIT 1   [ RunTime:0.0003s ]

[ 2018-01-24T22:51:25+08:00 ] 127.0.0.1 /Home/CreateBook/createBooktext.html
SQL: SHOW COLUMNS FROM `user` [ RunTime:0.0006s ]
SQL: SELECT * FROM `user` WHERE `id` = 1 LIMIT 1   [ RunTime:0.0005s ]

[ 2018-01-24T22:51:39+08:00 ] 127.0.0.1 /Home/CreateBook/createBooktext.html
SQL: SHOW COLUMNS FROM `user` [ RunTime:0.0005s ]
SQL: SELECT * FROM `user` WHERE `id` = 1 LIMIT 1   [ RunTime:0.0002s ]
NOTIC: [8] Undefined index: file1 /Library/WebServer/Documents/Study/Application/Home/Controller/CreateBookController.class.php 第 66 行.

[ 2018-01-24T22:51:50+08:00 ] 127.0.0.1 /Home/CreateBook/createBooktext.html
SQL: SHOW COLUMNS FROM `user` [ RunTime:0.0006s ]
SQL: SELECT * FROM `user` WHERE `id` = 1 LIMIT 1   [ RunTime:0.0003s ]

[ 2018-01-24T22:52:05+08:00 ] 127.0.0.1 /Home/CreateBook/createBooktext.html
SQL: SHOW COLUMNS FROM `user` [ RunTime:0.0007s ]
SQL: SELECT * FROM `user` WHERE `id` = 1 LIMIT 1   [ RunTime:0.0003s ]

[ 2018-01-24T22:53:48+08:00 ] 127.0.0.1 /Home/CreateBook/createBooktext.html
SQL: SHOW COLUMNS FROM `user` [ RunTime:0.0009s ]
SQL: SELECT * FROM `user` WHERE `id` = 1 LIMIT 1   [ RunTime:0.0002s ]

[ 2018-01-24T22:55:01+08:00 ] 127.0.0.1 /Home/CreateBook/createBooktext.html
SQL: SHOW COLUMNS FROM `user` [ RunTime:0.0006s ]
SQL: SELECT * FROM `user` WHERE `id` = 1 LIMIT 1   [ RunTime:0.0003s ]
NOTIC: [2048] Only variables should be passed by reference /Library/WebServer/Documents/Study/Application/Home/Controller/CreateBookController.class.php 第 68 行.

[ 2018-01-24T22:55:03+08:00 ] 127.0.0.1 /Home/CreateBook/createBooktext.html
SQL: SHOW COLUMNS FROM `user` [ RunTime:0.0005s ]
SQL: SELECT * FROM `user` WHERE `id` = 1 LIMIT 1   [ RunTime:0.0002s ]
NOTIC: [2048] Only variables should be passed by reference /Library/WebServer/Documents/Study/Application/Home/Controller/CreateBookController.class.php 第 68 行.

[ 2018-01-24T22:55:08+08:00 ] 127.0.0.1 /Home/CreateBook/index.html?bookName=&bookClassify=&unitCount=5&file=&file=&file=&file=&file=&file=&file=&file=&file=&file=
SQL: SHOW COLUMNS FROM `user` [ RunTime:0.0031s ]
SQL: SELECT * FROM `user` WHERE `id` = 1 LIMIT 1   [ RunTime:0.0008s ]

[ 2018-01-24T22:55:26+08:00 ] 127.0.0.1 /Home/CreateBook/createBooktext.html
SQL: SHOW COLUMNS FROM `user` [ RunTime:0.0005s ]
SQL: SELECT * FROM `user` WHERE `id` = 1 LIMIT 1   [ RunTime:0.0003s ]
NOTIC: [2048] Only variables should be passed by reference /Library/WebServer/Documents/Study/Application/Home/Controller/CreateBookController.class.php 第 68 行.

