[ 2018-02-11T11:32:56+08:00 ] 140.207.54.74 /weixin/callback/caution
SQL: SHOW COLUMNS FROM `order` [ RunTime:0.0006s ]
SQL: SELECT * FROM `order` WHERE `trade_no` = 'T2018021111324990041' LIMIT 1   [ RunTime:0.0002s ]
SQL: UPDATE `order` SET `out_trade_no`='4200000055201802110860529238',`pay_time`='1518319976',`status`='1' WHERE `trade_no` = 'T2018021111324990041' [ RunTime:0.0003s ]
SQL: SHOW COLUMNS FROM `curriculum` [ RunTime:0.0004s ]
SQL: INSERT INTO `curriculum` (`platform_id`,`user_id`,`grade_id`) VALUES ('1','12','6') [ RunTime:0.0159s ]

[ 2018-02-11T11:55:15+08:00 ] 140.207.54.75 /weixin/callback/caution
SQL: SHOW COLUMNS FROM `order` [ RunTime:0.0006s ]
SQL: SELECT * FROM `order` WHERE `trade_no` = 'T2018021111210329630' LIMIT 1   [ RunTime:0.0002s ]

[ 2018-02-11T12:02:06+08:00 ] 140.207.54.75 /weixin/callback/caution
SQL: SHOW COLUMNS FROM `order` [ RunTime:0.0006s ]
SQL: SELECT * FROM `order` WHERE `trade_no` = 'T2018021110273676484' LIMIT 1   [ RunTime:0.0002s ]
SQL: UPDATE `order` SET `out_trade_no`='4200000073201802110849934971',`pay_time`='1518321726',`status`='1' WHERE `trade_no` = 'T2018021110273676484' [ RunTime:0.0002s ]
SQL: SHOW COLUMNS FROM `curriculum` [ RunTime:0.0004s ]
SQL: INSERT INTO `curriculum` (`platform_id`,`user_id`,`grade_id`) VALUES ('1','12','6') [ RunTime:0.0001s ]

[ 2018-02-11T12:25:17+08:00 ] 103.7.30.106 /weixin/callback/caution
SQL: SHOW COLUMNS FROM `order` [ RunTime:0.0006s ]
SQL: SELECT * FROM `order` WHERE `trade_no` = 'T2018021111210329630' LIMIT 1   [ RunTime:0.0002s ]

[ 2018-02-11T12:55:19+08:00 ] 140.207.54.75 /weixin/callback/caution
SQL: SHOW COLUMNS FROM `order` [ RunTime:0.0006s ]
SQL: SELECT * FROM `order` WHERE `trade_no` = 'T2018021111210329630' LIMIT 1   [ RunTime:0.0003s ]

[ 2018-02-11T13:25:22+08:00 ] 140.207.54.75 /weixin/callback/caution
SQL: SHOW COLUMNS FROM `order` [ RunTime:0.0006s ]
SQL: SELECT * FROM `order` WHERE `trade_no` = 'T2018021111210329630' LIMIT 1   [ RunTime:0.0002s ]

[ 2018-02-11T14:25:25+08:00 ] 103.7.30.69 /weixin/callback/caution
SQL: SHOW COLUMNS FROM `order` [ RunTime:0.0007s ]
SQL: SELECT * FROM `order` WHERE `trade_no` = 'T2018021111210329630' LIMIT 1   [ RunTime:0.0003s ]

[ 2018-02-11T16:56:46+08:00 ] 103.7.30.106 /weixin/callback/caution
SQL: SHOW COLUMNS FROM `order` [ RunTime:0.0006s ]
SQL: SELECT * FROM `order` WHERE `trade_no` = 'T2018021116564024729' LIMIT 1   [ RunTime:0.0002s ]
SQL: UPDATE `order` SET `out_trade_no`='4200000052201802111056387169',`pay_time`='1518339406',`status`='1' WHERE `trade_no` = 'T2018021116564024729' [ RunTime:0.0002s ]
SQL: SHOW COLUMNS FROM `curriculum` [ RunTime:0.0004s ]
SQL: INSERT INTO `curriculum` (`platform_id`,`user_id`,`grade_id`) VALUES ('1','12','6') [ RunTime:0.0002s ]
SQL: SHOW COLUMNS FROM `enlists` [ RunTime:0.0004s ]
SQL: INSERT INTO `enlists` (`status`,`platform_id`,`user_id`,`type`,`time`) VALUES ('1','1','12','0','1518339406') [ RunTime:0.0136s ]

